2019-01-18 10:05:11,928 - INFO - sql语句错误---->select * from case
2019-01-18 10:05:27,410 - INFO - sql语句错误---->select * from cases where caseId'2'
2019-01-18 10:05:27,410 - INFO - sql语句错误---->select * from case
2019-01-18 10:06:55,123 - INFO - 用例路径：E:\project\ApiTest\cases\exmple.xlsx
2019-01-18 10:06:55,123 - INFO - 用例路径：E:\project\ApiTest\cases\exmple.xlsx
2019-01-18 10:06:55,123 - INFO - 用例路径：E:\project\ApiTest\cases\exmple.xlsx
2019-01-18 10:06:55,124 - INFO - 获取用例完毕，共获取用例3条
2019-01-18 10:06:55,124 - INFO - 获取用例完毕，共获取用例3条
2019-01-18 10:06:55,124 - INFO - 获取用例完毕，共获取用例3条
2019-01-18 10:06:55,461 - INFO - 正在写入用例执行情况
2019-01-18 10:06:55,461 - INFO - 正在写入用例执行情况
2019-01-18 10:06:55,461 - INFO - 正在写入用例执行情况
2019-01-18 10:06:55,461 - INFO - 正在写入用例执行情况
2019-01-18 10:51:58,524 - INFO - 用例路径：E:\project\ApiTest\cases\exmple.xlsx
2019-01-18 10:51:58,524 - INFO - 用例路径：E:\project\ApiTest\cases\exmple.xlsx
2019-01-18 10:51:58,524 - INFO - 用例路径：E:\project\ApiTest\cases\exmple.xlsx
2019-01-18 10:51:58,525 - INFO - 获取用例完毕，共获取用例3条
2019-01-18 10:51:58,525 - INFO - 获取用例完毕，共获取用例3条
2019-01-18 10:51:58,525 - INFO - 获取用例完毕，共获取用例3条
2019-01-18 10:51:59,028 - INFO - 正在写入用例执行情况
2019-01-18 10:51:59,028 - INFO - 正在写入用例执行情况
2019-01-18 10:51:59,028 - INFO - 正在写入用例执行情况
2019-01-18 10:51:59,028 - INFO - 正在写入用例执行情况
2019-01-18 11:13:01,494 - INFO - 用例路径：E:\project\ApiTest\cases\exmple.xlsx
2019-01-18 11:13:01,494 - INFO - 用例路径：E:\project\ApiTest\cases\exmple.xlsx
2019-01-18 11:13:01,495 - INFO - 获取用例完毕，共获取用例3条
2019-01-18 11:13:01,495 - INFO - 获取用例完毕，共获取用例3条
2019-01-18 11:15:01,374 - INFO - 用例路径：E:\project\ApiTest\cases\exmple.xlsx
2019-01-18 11:15:01,374 - INFO - 用例路径：E:\project\ApiTest\cases\exmple.xlsx
2019-01-18 11:15:01,374 - INFO - 用例路径：E:\project\ApiTest\cases\exmple.xlsx
2019-01-18 11:15:18,347 - INFO - 用例路径：E:\project\ApiTest\cases\exmple.xlsx
2019-01-18 11:15:18,347 - INFO - 用例路径：E:\project\ApiTest\cases\exmple.xlsx
2019-01-18 11:15:18,347 - INFO - 用例路径：E:\project\ApiTest\cases\exmple.xlsx
2019-01-18 11:15:38,094 - INFO - 用例路径：E:\project\ApiTest\cases\exmple.xlsx
2019-01-18 11:15:38,094 - INFO - 用例路径：E:\project\ApiTest\cases\exmple.xlsx
2019-01-18 11:15:38,094 - INFO - 用例路径：E:\project\ApiTest\cases\exmple.xlsx
2019-01-18 11:15:38,094 - INFO - 获取用例完毕，共获取用例3条
2019-01-18 11:15:38,094 - INFO - 获取用例完毕，共获取用例3条
2019-01-18 11:15:38,094 - INFO - 获取用例完毕，共获取用例3条
2019-01-18 11:15:38,495 - INFO - 正在写入用例执行情况
2019-01-18 11:15:38,495 - INFO - 正在写入用例执行情况
2019-01-18 11:15:38,495 - INFO - 正在写入用例执行情况
2019-01-18 11:15:38,495 - INFO - 正在写入用例执行情况
2019-01-18 11:17:02,511 - INFO - 用例路径：E:\project\ApiTest\cases\exmple.xlsx
2019-01-18 11:17:02,511 - INFO - 用例路径：E:\project\ApiTest\cases\exmple.xlsx
2019-01-18 11:17:02,511 - INFO - 用例路径：E:\project\ApiTest\cases\exmple.xlsx
2019-01-18 11:17:02,511 - INFO - 获取用例完毕，共获取用例3条
2019-01-18 11:17:02,511 - INFO - 获取用例完毕，共获取用例3条
2019-01-18 11:17:02,511 - INFO - 获取用例完毕，共获取用例3条
2019-01-18 11:17:02,896 - INFO - 正在写入用例执行情况
2019-01-18 11:17:02,896 - INFO - 正在写入用例执行情况
2019-01-18 11:17:02,896 - INFO - 正在写入用例执行情况
2019-01-18 11:17:02,896 - INFO - 正在写入用例执行情况
2019-01-18 11:18:12,052 - INFO - 用例路径：E:\project\ApiTest\cases\exmple.xlsx
2019-01-18 11:18:12,052 - INFO - 用例路径：E:\project\ApiTest\cases\exmple.xlsx
2019-01-18 11:18:12,052 - INFO - 获取用例完毕，共获取用例3条
2019-01-18 11:18:12,052 - INFO - 获取用例完毕，共获取用例3条
2019-01-18 11:18:21,370 - INFO - 用例路径：E:\project\ApiTest\cases\exmple.xlsx
2019-01-18 11:18:21,370 - INFO - 用例路径：E:\project\ApiTest\cases\exmple.xlsx
2019-01-18 11:18:21,370 - INFO - 获取用例完毕，共获取用例3条
2019-01-18 11:18:21,370 - INFO - 获取用例完毕，共获取用例3条
2019-01-18 11:21:07,729 - INFO - 用例路径：E:\project\ApiTest\cases\exmple.xlsx
2019-01-18 11:21:07,729 - INFO - 用例路径：E:\project\ApiTest\cases\exmple.xlsx
2019-01-18 11:21:07,730 - INFO - 获取用例完毕，共获取用例3条
2019-01-18 11:21:07,730 - INFO - 获取用例完毕，共获取用例3条
2019-01-18 11:21:31,951 - INFO - 用例路径：E:\project\ApiTest\cases\exmple.xlsx
2019-01-18 11:21:31,951 - INFO - 用例路径：E:\project\ApiTest\cases\exmple.xlsx
2019-01-18 11:21:31,952 - INFO - 获取用例完毕，共获取用例3条
2019-01-18 11:21:31,952 - INFO - 获取用例完毕，共获取用例3条
2019-01-18 11:21:31,956 - INFO - sql语句错误---->INSERT INTO testCase SET caseId=3,describe=测试,host=/s5/login.mobile,params={"phone":"17711794059","code":"123456"},method=post,relateApi=,relateParams=,expect={'err_msg': '您的手机号'}
2019-01-18 11:21:31,956 - INFO - sql语句错误---->INSERT INTO testCase SET caseId=3,describe=测试,host=/s5/login.mobile,params={"phone":"17711794059","code":"123456"},method=post,relateApi=,relateParams=,expect={'err_msg': '您的手机号'}
2019-01-18 11:21:31,956 - INFO - sql语句错误---->INSERT INTO testCase SET caseId=3,describe=测试,host=/s5/login.mobile,params={"phone":"17711794059","code":"123456"},method=post,relateApi=,relateParams=,expect={'err_msg': '您的手机号'}
2019-01-18 11:22:25,476 - INFO - 用例路径：E:\project\ApiTest\cases\exmple.xlsx
2019-01-18 11:22:25,476 - INFO - 用例路径：E:\project\ApiTest\cases\exmple.xlsx
2019-01-18 11:22:25,477 - INFO - 获取用例完毕，共获取用例3条
2019-01-18 11:22:25,477 - INFO - 获取用例完毕，共获取用例3条
2019-01-18 11:22:25,481 - INFO - sql语句错误---->INSERT INTO testCase SET caseId='3',describe='测试',host='/s5/login.mobile',params='{"phone":"17711794059","code":"123456"}',method='post',relateApi='',relateParams='',expect='{'err_msg': '您的手机号'}'
2019-01-18 11:22:25,481 - INFO - sql语句错误---->INSERT INTO testCase SET caseId='3',describe='测试',host='/s5/login.mobile',params='{"phone":"17711794059","code":"123456"}',method='post',relateApi='',relateParams='',expect='{'err_msg': '您的手机号'}'
2019-01-18 11:22:25,481 - INFO - sql语句错误---->INSERT INTO testCase SET caseId='3',describe='测试',host='/s5/login.mobile',params='{"phone":"17711794059","code":"123456"}',method='post',relateApi='',relateParams='',expect='{'err_msg': '您的手机号'}'
2019-01-18 11:27:52,709 - INFO - 用例路径：E:\project\ApiTest\cases\exmple.xlsx
2019-01-18 11:27:52,709 - INFO - 用例路径：E:\project\ApiTest\cases\exmple.xlsx
2019-01-18 11:28:15,765 - INFO - 用例路径：E:\project\ApiTest\cases\exmple.xlsx
2019-01-18 11:28:15,765 - INFO - 用例路径：E:\project\ApiTest\cases\exmple.xlsx
2019-01-18 11:28:15,766 - INFO - 获取用例完毕，共获取用例3条
2019-01-18 11:28:15,766 - INFO - 获取用例完毕，共获取用例3条
2019-01-18 11:28:20,126 - INFO - 用例路径：E:\project\ApiTest\cases\exmple.xlsx
2019-01-18 11:28:20,126 - INFO - 用例路径：E:\project\ApiTest\cases\exmple.xlsx
2019-01-18 11:28:20,126 - INFO - 用例路径：E:\project\ApiTest\cases\exmple.xlsx
2019-01-18 11:28:20,126 - INFO - 获取用例完毕，共获取用例3条
2019-01-18 11:28:20,126 - INFO - 获取用例完毕，共获取用例3条
2019-01-18 11:28:20,126 - INFO - 获取用例完毕，共获取用例3条
2019-01-18 11:29:07,693 - INFO - 用例路径：E:\project\ApiTest\cases\exmple.xlsx
2019-01-18 11:29:07,693 - INFO - 用例路径：E:\project\ApiTest\cases\exmple.xlsx
2019-01-18 11:29:07,693 - INFO - 用例路径：E:\project\ApiTest\cases\exmple.xlsx
2019-01-18 11:29:07,693 - INFO - 获取用例完毕，共获取用例3条
2019-01-18 11:29:07,693 - INFO - 获取用例完毕，共获取用例3条
2019-01-18 11:29:07,693 - INFO - 获取用例完毕，共获取用例3条
2019-01-18 11:29:13,927 - INFO - 用例路径：E:\project\ApiTest\cases\exmple.xlsx
2019-01-18 11:29:13,927 - INFO - 用例路径：E:\project\ApiTest\cases\exmple.xlsx
2019-01-18 11:29:13,927 - INFO - 用例路径：E:\project\ApiTest\cases\exmple.xlsx
2019-01-18 11:29:13,927 - INFO - 获取用例完毕，共获取用例3条
2019-01-18 11:29:13,927 - INFO - 获取用例完毕，共获取用例3条
2019-01-18 11:29:13,927 - INFO - 获取用例完毕，共获取用例3条
2019-01-18 11:29:14,405 - INFO - 正在写入用例执行情况
2019-01-18 11:29:14,405 - INFO - 正在写入用例执行情况
2019-01-18 11:29:14,405 - INFO - 正在写入用例执行情况
2019-01-18 11:29:14,405 - INFO - 正在写入用例执行情况
2019-01-18 11:30:36,983 - INFO - 用例路径：E:\project\ApiTest\cases\exmple.xlsx
2019-01-18 11:30:36,983 - INFO - 用例路径：E:\project\ApiTest\cases\exmple.xlsx
2019-01-18 11:30:36,983 - INFO - 获取用例完毕，共获取用例3条
2019-01-18 11:30:36,983 - INFO - 获取用例完毕，共获取用例3条
2019-01-18 11:30:36,987 - INFO - sql语句错误---->INSERT INTO testCase SET caseId='3',caseDescribe='测试',apiHost='/s5/login.mobile',params='{"phone":"17711794059","code":"123456"}',method='post',relateApi='',relateParams='',expect='{'err_msg': '您的手机号'}'
2019-01-18 11:30:36,987 - INFO - sql语句错误---->INSERT INTO testCase SET caseId='3',caseDescribe='测试',apiHost='/s5/login.mobile',params='{"phone":"17711794059","code":"123456"}',method='post',relateApi='',relateParams='',expect='{'err_msg': '您的手机号'}'
2019-01-18 11:30:36,987 - INFO - sql语句错误---->INSERT INTO testCase SET caseId='3',caseDescribe='测试',apiHost='/s5/login.mobile',params='{"phone":"17711794059","code":"123456"}',method='post',relateApi='',relateParams='',expect='{'err_msg': '您的手机号'}'
2019-01-18 11:38:29,223 - INFO - 用例路径：E:\project\ApiTest\cases\exmple.xlsx
2019-01-18 11:38:29,223 - INFO - 用例路径：E:\project\ApiTest\cases\exmple.xlsx
2019-01-18 11:38:29,223 - INFO - 获取用例完毕，共获取用例3条
2019-01-18 11:38:29,223 - INFO - 获取用例完毕，共获取用例3条
2019-01-18 11:38:40,720 - INFO - 用例路径：E:\project\ApiTest\cases\exmple.xlsx
2019-01-18 11:38:40,720 - INFO - 用例路径：E:\project\ApiTest\cases\exmple.xlsx
2019-01-18 11:38:40,721 - INFO - 获取用例完毕，共获取用例3条
2019-01-18 11:38:40,721 - INFO - 获取用例完毕，共获取用例3条
2019-01-18 11:38:40,726 - INFO - sql语句错误---->INSERT INTO testCase SET caseId='3',caseDescribe='测试',apiHost='/s5/login.mobile',params='{"phone":"17711794059","code":"123456"}',method='post',relateApi='',relateParams='',expect='{"err_msg": "\u60a8\u7684\u624b\u673a\u53f7"}'
2019-01-18 11:38:40,726 - INFO - sql语句错误---->INSERT INTO testCase SET caseId='3',caseDescribe='测试',apiHost='/s5/login.mobile',params='{"phone":"17711794059","code":"123456"}',method='post',relateApi='',relateParams='',expect='{"err_msg": "\u60a8\u7684\u624b\u673a\u53f7"}'
2019-01-18 11:38:40,726 - INFO - sql语句错误---->INSERT INTO testCase SET caseId='3',caseDescribe='测试',apiHost='/s5/login.mobile',params='{"phone":"17711794059","code":"123456"}',method='post',relateApi='',relateParams='',expect='{"err_msg": "\u60a8\u7684\u624b\u673a\u53f7"}'
2019-01-18 11:41:56,943 - INFO - 用例路径：E:\project\ApiTest\cases\exmple.xlsx
2019-01-18 11:41:56,943 - INFO - 用例路径：E:\project\ApiTest\cases\exmple.xlsx
2019-01-18 11:41:56,943 - INFO - 用例路径：E:\project\ApiTest\cases\exmple.xlsx
2019-01-18 11:41:56,943 - INFO - 获取用例完毕，共获取用例3条
2019-01-18 11:41:56,943 - INFO - 获取用例完毕，共获取用例3条
2019-01-18 11:41:56,943 - INFO - 获取用例完毕，共获取用例3条
2019-01-18 11:41:57,336 - INFO - 正在写入用例执行情况
2019-01-18 11:41:57,336 - INFO - 正在写入用例执行情况
2019-01-18 11:41:57,336 - INFO - 正在写入用例执行情况
2019-01-18 11:41:57,336 - INFO - 正在写入用例执行情况
2019-01-18 11:43:03,509 - INFO - 用例路径：E:\project\ApiTest\cases\exmple.xlsx
2019-01-18 11:43:03,509 - INFO - 用例路径：E:\project\ApiTest\cases\exmple.xlsx
2019-01-18 11:43:03,509 - INFO - 获取用例完毕，共获取用例3条
2019-01-18 11:43:03,509 - INFO - 获取用例完毕，共获取用例3条
2019-01-18 11:46:44,637 - INFO - 用例路径：E:\project\ApiTest\cases\exmple.xlsx
2019-01-18 11:46:44,637 - INFO - 用例路径：E:\project\ApiTest\cases\exmple.xlsx
2019-01-18 11:46:44,637 - INFO - 获取用例完毕，共获取用例3条
2019-01-18 11:46:44,637 - INFO - 获取用例完毕，共获取用例3条
2019-01-18 11:46:44,642 - INFO - sql语句错误---->INSERT INTO testCase SET caseId='3',caseDescribe='测试',apiHost='/s5/login.mobile',params='{"phone":"17711794059","code":"123456"}',method='post',relatedApi='',relatedParams='',expect='{"err_msg": "\u60a8\u7684\u624b\u673a\u53f7"}'
2019-01-18 11:46:44,642 - INFO - sql语句错误---->INSERT INTO testCase SET caseId='3',caseDescribe='测试',apiHost='/s5/login.mobile',params='{"phone":"17711794059","code":"123456"}',method='post',relatedApi='',relatedParams='',expect='{"err_msg": "\u60a8\u7684\u624b\u673a\u53f7"}'
2019-01-18 11:46:44,642 - INFO - sql语句错误---->INSERT INTO testCase SET caseId='3',caseDescribe='测试',apiHost='/s5/login.mobile',params='{"phone":"17711794059","code":"123456"}',method='post',relatedApi='',relatedParams='',expect='{"err_msg": "\u60a8\u7684\u624b\u673a\u53f7"}'
2019-01-18 11:48:02,640 - INFO - 用例路径：E:\project\ApiTest\cases\exmple.xlsx
2019-01-18 11:48:02,640 - INFO - 用例路径：E:\project\ApiTest\cases\exmple.xlsx
2019-01-18 11:48:02,641 - INFO - 获取用例完毕，共获取用例3条
2019-01-18 11:48:02,641 - INFO - 获取用例完毕，共获取用例3条
2019-01-18 11:48:59,775 - INFO - 用例路径：E:\project\ApiTest\cases\exmple.xlsx
2019-01-18 11:48:59,775 - INFO - 用例路径：E:\project\ApiTest\cases\exmple.xlsx
2019-01-18 11:48:59,775 - INFO - 获取用例完毕，共获取用例3条
2019-01-18 11:48:59,775 - INFO - 获取用例完毕，共获取用例3条
2019-01-18 11:48:59,781 - INFO - sql语句错误---->INSERT INTO testCase SET caseId='3',caseDescribe='测试',apiHost='/s5/login.mobile',params='{"phone":"17711794059","code":"123456"}',method='post',relatedApi='',relatedParams='',expect='{"err_msg": "\u60a8\u7684\u624b\u673a\u53f7"}'
2019-01-18 11:48:59,781 - INFO - sql语句错误---->INSERT INTO testCase SET caseId='3',caseDescribe='测试',apiHost='/s5/login.mobile',params='{"phone":"17711794059","code":"123456"}',method='post',relatedApi='',relatedParams='',expect='{"err_msg": "\u60a8\u7684\u624b\u673a\u53f7"}'
2019-01-18 11:48:59,781 - INFO - sql语句错误---->INSERT INTO testCase SET caseId='3',caseDescribe='测试',apiHost='/s5/login.mobile',params='{"phone":"17711794059","code":"123456"}',method='post',relatedApi='',relatedParams='',expect='{"err_msg": "\u60a8\u7684\u624b\u673a\u53f7"}'
2019-01-18 11:49:25,184 - INFO - 用例路径：E:\project\ApiTest\cases\exmple.xlsx
2019-01-18 11:49:25,184 - INFO - 用例路径：E:\project\ApiTest\cases\exmple.xlsx
2019-01-18 11:49:25,184 - INFO - 获取用例完毕，共获取用例3条
2019-01-18 11:49:25,184 - INFO - 获取用例完毕，共获取用例3条
2019-01-18 11:49:26,769 - INFO - 用例路径：E:\project\ApiTest\cases\exmple.xlsx
2019-01-18 11:49:26,769 - INFO - 用例路径：E:\project\ApiTest\cases\exmple.xlsx
2019-01-18 11:49:26,769 - INFO - 获取用例完毕，共获取用例3条
2019-01-18 11:49:26,769 - INFO - 获取用例完毕，共获取用例3条
2019-01-18 11:57:08,446 - INFO - 用例路径：E:\project\ApiTest\cases\exmple.xlsx
2019-01-18 11:57:08,446 - INFO - 用例路径：E:\project\ApiTest\cases\exmple.xlsx
2019-01-18 11:57:08,446 - INFO - 用例路径：E:\project\ApiTest\cases\exmple.xlsx
2019-01-18 11:57:08,446 - INFO - 获取用例完毕，共获取用例3条
2019-01-18 11:57:08,446 - INFO - 获取用例完毕，共获取用例3条
2019-01-18 11:57:08,446 - INFO - 获取用例完毕，共获取用例3条
2019-01-18 11:58:27,736 - INFO - 用例路径：E:\project\ApiTest\cases\exmple.xlsx
2019-01-18 11:58:27,736 - INFO - 用例路径：E:\project\ApiTest\cases\exmple.xlsx
2019-01-18 11:58:27,736 - INFO - 用例路径：E:\project\ApiTest\cases\exmple.xlsx
2019-01-18 11:58:27,736 - INFO - 获取用例完毕，共获取用例3条
2019-01-18 11:58:27,736 - INFO - 获取用例完毕，共获取用例3条
2019-01-18 11:58:27,736 - INFO - 获取用例完毕，共获取用例3条
2019-01-18 11:59:03,454 - INFO - 用例路径：E:\project\ApiTest\cases\exmple.xlsx
2019-01-18 11:59:03,454 - INFO - 用例路径：E:\project\ApiTest\cases\exmple.xlsx
2019-01-18 11:59:03,454 - INFO - 用例路径：E:\project\ApiTest\cases\exmple.xlsx
2019-01-18 11:59:03,454 - INFO - 获取用例完毕，共获取用例3条
2019-01-18 11:59:03,454 - INFO - 获取用例完毕，共获取用例3条
2019-01-18 11:59:03,454 - INFO - 获取用例完毕，共获取用例3条
2019-01-18 11:59:44,828 - INFO - 用例路径：E:\project\ApiTest\cases\exmple.xlsx
2019-01-18 11:59:44,828 - INFO - 用例路径：E:\project\ApiTest\cases\exmple.xlsx
2019-01-18 11:59:44,828 - INFO - 用例路径：E:\project\ApiTest\cases\exmple.xlsx
2019-01-18 11:59:44,829 - INFO - 获取用例完毕，共获取用例3条
2019-01-18 11:59:44,829 - INFO - 获取用例完毕，共获取用例3条
2019-01-18 11:59:44,829 - INFO - 获取用例完毕，共获取用例3条
2019-01-18 11:59:44,834 - INFO - 获取数据长度不正确
2019-01-18 11:59:44,834 - INFO - 获取数据长度不正确
2019-01-18 11:59:44,834 - INFO - 获取数据长度不正确
2019-01-18 11:59:44,834 - INFO - 获取数据长度不正确
2019-01-18 12:00:16,467 - INFO - 用例路径：E:\project\ApiTest\cases\exmple.xlsx
2019-01-18 12:00:16,467 - INFO - 用例路径：E:\project\ApiTest\cases\exmple.xlsx
2019-01-18 12:00:16,467 - INFO - 用例路径：E:\project\ApiTest\cases\exmple.xlsx
2019-01-18 12:00:16,468 - INFO - 获取用例完毕，共获取用例3条
2019-01-18 12:00:16,468 - INFO - 获取用例完毕，共获取用例3条
2019-01-18 12:00:16,468 - INFO - 获取用例完毕，共获取用例3条
2019-01-18 12:00:39,784 - INFO - 用例路径：E:\project\ApiTest\cases\exmple.xlsx
2019-01-18 12:00:39,784 - INFO - 用例路径：E:\project\ApiTest\cases\exmple.xlsx
2019-01-18 12:00:39,784 - INFO - 用例路径：E:\project\ApiTest\cases\exmple.xlsx
2019-01-18 12:00:39,784 - INFO - 获取用例完毕，共获取用例3条
2019-01-18 12:00:39,784 - INFO - 获取用例完毕，共获取用例3条
2019-01-18 12:00:39,784 - INFO - 获取用例完毕，共获取用例3条
2019-01-18 12:35:36,585 - INFO - 用例路径：E:\project\ApiTest\cases\exmple.xlsx
2019-01-18 12:35:36,585 - INFO - 用例路径：E:\project\ApiTest\cases\exmple.xlsx
2019-01-18 12:35:36,585 - INFO - 用例路径：E:\project\ApiTest\cases\exmple.xlsx
2019-01-18 12:35:36,585 - INFO - 获取用例完毕，共获取用例3条
2019-01-18 12:35:36,585 - INFO - 获取用例完毕，共获取用例3条
2019-01-18 12:35:36,585 - INFO - 获取用例完毕，共获取用例3条
2019-01-18 12:36:01,591 - INFO - 用例路径：E:\project\ApiTest\cases\exmple.xlsx
2019-01-18 12:36:01,591 - INFO - 用例路径：E:\project\ApiTest\cases\exmple.xlsx
2019-01-18 12:36:01,591 - INFO - 用例路径：E:\project\ApiTest\cases\exmple.xlsx
2019-01-18 12:36:01,591 - INFO - 获取用例完毕，共获取用例3条
2019-01-18 12:36:01,591 - INFO - 获取用例完毕，共获取用例3条
2019-01-18 12:36:01,591 - INFO - 获取用例完毕，共获取用例3条
2019-01-18 12:38:29,733 - INFO - 用例路径：E:\project\ApiTest\cases\exmple.xlsx
2019-01-18 12:38:29,733 - INFO - 用例路径：E:\project\ApiTest\cases\exmple.xlsx
2019-01-18 12:38:29,733 - INFO - 用例路径：E:\project\ApiTest\cases\exmple.xlsx
2019-01-18 12:38:29,733 - INFO - 获取用例完毕，共获取用例3条
2019-01-18 12:38:29,733 - INFO - 获取用例完毕，共获取用例3条
2019-01-18 12:38:29,733 - INFO - 获取用例完毕，共获取用例3条
2019-01-18 12:38:41,444 - INFO - 用例路径：E:\project\ApiTest\cases\exmple.xlsx
2019-01-18 12:38:41,444 - INFO - 用例路径：E:\project\ApiTest\cases\exmple.xlsx
2019-01-18 12:38:41,444 - INFO - 用例路径：E:\project\ApiTest\cases\exmple.xlsx
2019-01-18 12:38:41,444 - INFO - 获取用例完毕，共获取用例3条
2019-01-18 12:38:41,444 - INFO - 获取用例完毕，共获取用例3条
2019-01-18 12:38:41,444 - INFO - 获取用例完毕，共获取用例3条
2019-01-18 12:40:34,601 - INFO - 用例路径：E:\project\ApiTest\cases\exmple.xlsx
2019-01-18 12:40:34,601 - INFO - 用例路径：E:\project\ApiTest\cases\exmple.xlsx
2019-01-18 12:40:34,601 - INFO - 用例路径：E:\project\ApiTest\cases\exmple.xlsx
2019-01-18 12:40:34,601 - INFO - 获取用例完毕，共获取用例3条
2019-01-18 12:40:34,601 - INFO - 获取用例完毕，共获取用例3条
2019-01-18 12:40:34,601 - INFO - 获取用例完毕，共获取用例3条
2019-01-18 12:40:54,806 - INFO - 用例路径：E:\project\ApiTest\cases\exmple.xlsx
2019-01-18 12:40:54,806 - INFO - 用例路径：E:\project\ApiTest\cases\exmple.xlsx
2019-01-18 12:40:54,806 - INFO - 用例路径：E:\project\ApiTest\cases\exmple.xlsx
2019-01-18 12:40:54,806 - INFO - 获取用例完毕，共获取用例3条
2019-01-18 12:40:54,806 - INFO - 获取用例完毕，共获取用例3条
2019-01-18 12:40:54,806 - INFO - 获取用例完毕，共获取用例3条
2019-01-18 12:41:29,074 - INFO - 用例路径：E:\project\ApiTest\cases\exmple.xlsx
2019-01-18 12:41:29,074 - INFO - 用例路径：E:\project\ApiTest\cases\exmple.xlsx
2019-01-18 12:41:29,074 - INFO - 用例路径：E:\project\ApiTest\cases\exmple.xlsx
2019-01-18 12:41:29,074 - INFO - 获取用例完毕，共获取用例3条
2019-01-18 12:41:29,074 - INFO - 获取用例完毕，共获取用例3条
2019-01-18 12:41:29,074 - INFO - 获取用例完毕，共获取用例3条
2019-01-18 13:35:14,896 - INFO - 用例路径：E:\project\ApiTest\cases\exmple.xlsx
2019-01-18 13:35:14,896 - INFO - 用例路径：E:\project\ApiTest\cases\exmple.xlsx
2019-01-18 13:35:14,896 - INFO - 用例路径：E:\project\ApiTest\cases\exmple.xlsx
2019-01-18 13:35:14,896 - INFO - 获取用例完毕，共获取用例3条
2019-01-18 13:35:14,896 - INFO - 获取用例完毕，共获取用例3条
2019-01-18 13:35:14,896 - INFO - 获取用例完毕，共获取用例3条
2019-01-18 13:35:50,458 - INFO - 用例路径：E:\project\ApiTest\cases\exmple.xlsx
2019-01-18 13:35:50,458 - INFO - 用例路径：E:\project\ApiTest\cases\exmple.xlsx
2019-01-18 13:35:50,458 - INFO - 用例路径：E:\project\ApiTest\cases\exmple.xlsx
2019-01-18 13:35:50,458 - INFO - 获取用例完毕，共获取用例3条
2019-01-18 13:35:50,458 - INFO - 获取用例完毕，共获取用例3条
2019-01-18 13:35:50,458 - INFO - 获取用例完毕，共获取用例3条
2019-01-18 13:35:50,464 - INFO - sql语句错误---->select * from testCase where
2019-01-18 13:35:50,464 - INFO - sql语句错误---->select * from testCase where
2019-01-18 13:35:50,464 - INFO - sql语句错误---->select * from testCase where
2019-01-18 13:35:50,464 - INFO - sql语句错误---->select * from testCase where
2019-01-18 13:35:58,355 - INFO - 用例路径：E:\project\ApiTest\cases\exmple.xlsx
2019-01-18 13:35:58,355 - INFO - 用例路径：E:\project\ApiTest\cases\exmple.xlsx
2019-01-18 13:35:58,355 - INFO - 用例路径：E:\project\ApiTest\cases\exmple.xlsx
2019-01-18 13:35:58,356 - INFO - 获取用例完毕，共获取用例3条
2019-01-18 13:35:58,356 - INFO - 获取用例完毕，共获取用例3条
2019-01-18 13:35:58,356 - INFO - 获取用例完毕，共获取用例3条
2019-01-18 13:39:04,958 - INFO - 用例路径：E:\project\ApiTest\cases\exmple.xlsx
2019-01-18 13:39:04,958 - INFO - 用例路径：E:\project\ApiTest\cases\exmple.xlsx
2019-01-18 13:39:04,958 - INFO - 用例路径：E:\project\ApiTest\cases\exmple.xlsx
2019-01-18 13:39:04,958 - INFO - 用例路径：E:\project\ApiTest\cases\exmple.xlsx
2019-01-18 13:39:04,958 - INFO - 获取用例完毕，共获取用例3条
2019-01-18 13:39:04,958 - INFO - 获取用例完毕，共获取用例3条
2019-01-18 13:39:04,958 - INFO - 获取用例完毕，共获取用例3条
2019-01-18 13:39:04,958 - INFO - 获取用例完毕，共获取用例3条
2019-01-18 13:39:05,383 - INFO - 正在写入用例执行情况
2019-01-18 13:39:05,383 - INFO - 正在写入用例执行情况
2019-01-18 13:39:05,383 - INFO - 正在写入用例执行情况
2019-01-18 13:39:05,383 - INFO - 正在写入用例执行情况
2019-01-18 13:39:05,383 - INFO - 正在写入用例执行情况
2019-01-18 13:42:33,009 - INFO - 用例路径：E:\project\ApiTest\cases\exmple.xlsx
2019-01-18 13:42:33,009 - INFO - 用例路径：E:\project\ApiTest\cases\exmple.xlsx
2019-01-18 13:42:33,009 - INFO - 用例路径：E:\project\ApiTest\cases\exmple.xlsx
2019-01-18 13:42:33,009 - INFO - 用例路径：E:\project\ApiTest\cases\exmple.xlsx
2019-01-18 13:42:33,009 - INFO - 用例路径：E:\project\ApiTest\cases\exmple.xlsx
2019-01-18 13:42:33,009 - INFO - 获取用例完毕，共获取用例3条
2019-01-18 13:42:33,009 - INFO - 获取用例完毕，共获取用例3条
2019-01-18 13:42:33,009 - INFO - 获取用例完毕，共获取用例3条
2019-01-18 13:42:33,009 - INFO - 获取用例完毕，共获取用例3条
2019-01-18 13:42:33,009 - INFO - 获取用例完毕，共获取用例3条
2019-01-18 13:42:33,711 - INFO - 正在写入用例执行情况
2019-01-18 13:42:33,711 - INFO - 正在写入用例执行情况
2019-01-18 13:42:33,711 - INFO - 正在写入用例执行情况
2019-01-18 13:42:33,711 - INFO - 正在写入用例执行情况
2019-01-18 13:42:33,711 - INFO - 正在写入用例执行情况
2019-01-18 13:42:33,711 - INFO - 正在写入用例执行情况
2019-01-18 13:43:03,337 - INFO - 用例路径：E:\project\ApiTest\cases\exmple.xlsx
2019-01-18 13:43:03,337 - INFO - 用例路径：E:\project\ApiTest\cases\exmple.xlsx
2019-01-18 13:43:03,337 - INFO - 用例路径：E:\project\ApiTest\cases\exmple.xlsx
2019-01-18 13:43:03,337 - INFO - 用例路径：E:\project\ApiTest\cases\exmple.xlsx
2019-01-18 13:43:03,337 - INFO - 用例路径：E:\project\ApiTest\cases\exmple.xlsx
2019-01-18 13:43:03,337 - INFO - 获取用例完毕，共获取用例3条
2019-01-18 13:43:03,337 - INFO - 获取用例完毕，共获取用例3条
2019-01-18 13:43:03,337 - INFO - 获取用例完毕，共获取用例3条
2019-01-18 13:43:03,337 - INFO - 获取用例完毕，共获取用例3条
2019-01-18 13:43:03,337 - INFO - 获取用例完毕，共获取用例3条
2019-01-18 13:43:04,156 - INFO - 正在写入用例执行情况
2019-01-18 13:43:04,156 - INFO - 正在写入用例执行情况
2019-01-18 13:43:04,156 - INFO - 正在写入用例执行情况
2019-01-18 13:43:04,156 - INFO - 正在写入用例执行情况
2019-01-18 13:43:04,156 - INFO - 正在写入用例执行情况
2019-01-18 13:43:04,156 - INFO - 正在写入用例执行情况
2019-01-18 13:43:30,939 - INFO - 用例路径：E:\project\ApiTest\cases\exmple.xlsx
2019-01-18 13:43:30,939 - INFO - 用例路径：E:\project\ApiTest\cases\exmple.xlsx
2019-01-18 13:43:30,939 - INFO - 用例路径：E:\project\ApiTest\cases\exmple.xlsx
2019-01-18 13:43:30,939 - INFO - 用例路径：E:\project\ApiTest\cases\exmple.xlsx
2019-01-18 13:43:30,939 - INFO - 用例路径：E:\project\ApiTest\cases\exmple.xlsx
2019-01-18 13:43:30,939 - INFO - 获取用例完毕，共获取用例3条
2019-01-18 13:43:30,939 - INFO - 获取用例完毕，共获取用例3条
2019-01-18 13:43:30,939 - INFO - 获取用例完毕，共获取用例3条
2019-01-18 13:43:30,939 - INFO - 获取用例完毕，共获取用例3条
2019-01-18 13:43:30,939 - INFO - 获取用例完毕，共获取用例3条
2019-01-18 13:43:31,262 - INFO - 正在写入用例执行情况
2019-01-18 13:43:31,262 - INFO - 正在写入用例执行情况
2019-01-18 13:43:31,262 - INFO - 正在写入用例执行情况
2019-01-18 13:43:31,262 - INFO - 正在写入用例执行情况
2019-01-18 13:43:31,262 - INFO - 正在写入用例执行情况
2019-01-18 13:43:31,262 - INFO - 正在写入用例执行情况
2019-01-18 13:48:04,550 - INFO - 用例路径：E:\project\ApiTest\cases\exmple.xlsx
2019-01-18 13:48:04,550 - INFO - 用例路径：E:\project\ApiTest\cases\exmple.xlsx
2019-01-18 13:48:04,550 - INFO - 用例路径：E:\project\ApiTest\cases\exmple.xlsx
2019-01-18 13:48:04,550 - INFO - 用例路径：E:\project\ApiTest\cases\exmple.xlsx
2019-01-18 13:48:04,550 - INFO - 用例路径：E:\project\ApiTest\cases\exmple.xlsx
2019-01-18 13:48:04,550 - INFO - 获取用例完毕，共获取用例3条
2019-01-18 13:48:04,550 - INFO - 获取用例完毕，共获取用例3条
2019-01-18 13:48:04,550 - INFO - 获取用例完毕，共获取用例3条
2019-01-18 13:48:04,550 - INFO - 获取用例完毕，共获取用例3条
2019-01-18 13:48:04,550 - INFO - 获取用例完毕，共获取用例3条
2019-01-18 13:48:05,018 - INFO - 正在写入用例执行情况
2019-01-18 13:48:05,018 - INFO - 正在写入用例执行情况
2019-01-18 13:48:05,018 - INFO - 正在写入用例执行情况
2019-01-18 13:48:05,018 - INFO - 正在写入用例执行情况
2019-01-18 13:48:05,018 - INFO - 正在写入用例执行情况
2019-01-18 13:48:05,018 - INFO - 正在写入用例执行情况
2019-01-18 13:53:35,289 - INFO - 用例路径：E:\project\ApiTest\cases\exmple.xlsx
2019-01-18 13:53:35,289 - INFO - 用例路径：E:\project\ApiTest\cases\exmple.xlsx
2019-01-18 13:53:35,289 - INFO - 用例路径：E:\project\ApiTest\cases\exmple.xlsx
2019-01-18 13:53:35,289 - INFO - 用例路径：E:\project\ApiTest\cases\exmple.xlsx
2019-01-18 13:53:35,289 - INFO - 用例路径：E:\project\ApiTest\cases\exmple.xlsx
2019-01-18 13:53:35,289 - INFO - 获取用例完毕，共获取用例3条
2019-01-18 13:53:35,289 - INFO - 获取用例完毕，共获取用例3条
2019-01-18 13:53:35,289 - INFO - 获取用例完毕，共获取用例3条
2019-01-18 13:53:35,289 - INFO - 获取用例完毕，共获取用例3条
2019-01-18 13:53:35,289 - INFO - 获取用例完毕，共获取用例3条
2019-01-18 13:53:35,638 - INFO - 正在写入用例执行情况
2019-01-18 13:53:35,638 - INFO - 正在写入用例执行情况
2019-01-18 13:53:35,638 - INFO - 正在写入用例执行情况
2019-01-18 13:53:35,638 - INFO - 正在写入用例执行情况
2019-01-18 13:53:35,638 - INFO - 正在写入用例执行情况
2019-01-18 13:53:35,638 - INFO - 正在写入用例执行情况
2019-01-18 13:56:45,566 - INFO - 用例路径：E:\project\ApiTest\cases\exmple.xlsx
2019-01-18 13:56:45,566 - INFO - 用例路径：E:\project\ApiTest\cases\exmple.xlsx
2019-01-18 13:56:45,566 - INFO - 用例路径：E:\project\ApiTest\cases\exmple.xlsx
2019-01-18 13:56:45,566 - INFO - 用例路径：E:\project\ApiTest\cases\exmple.xlsx
2019-01-18 13:56:45,566 - INFO - 用例路径：E:\project\ApiTest\cases\exmple.xlsx
2019-01-18 13:56:45,567 - INFO - 获取用例完毕，共获取用例3条
2019-01-18 13:56:45,567 - INFO - 获取用例完毕，共获取用例3条
2019-01-18 13:56:45,567 - INFO - 获取用例完毕，共获取用例3条
2019-01-18 13:56:45,567 - INFO - 获取用例完毕，共获取用例3条
2019-01-18 13:56:45,567 - INFO - 获取用例完毕，共获取用例3条
2019-01-18 13:56:45,917 - INFO - 正在写入用例执行情况
2019-01-18 13:56:45,917 - INFO - 正在写入用例执行情况
2019-01-18 13:56:45,917 - INFO - 正在写入用例执行情况
2019-01-18 13:56:45,917 - INFO - 正在写入用例执行情况
2019-01-18 13:56:45,917 - INFO - 正在写入用例执行情况
2019-01-18 13:56:45,917 - INFO - 正在写入用例执行情况
2019-01-18 13:58:39,207 - INFO - 用例路径：E:\project\ApiTest\cases\exmple.xlsx
2019-01-18 13:58:39,207 - INFO - 用例路径：E:\project\ApiTest\cases\exmple.xlsx
2019-01-18 13:58:39,207 - INFO - 用例路径：E:\project\ApiTest\cases\exmple.xlsx
2019-01-18 13:58:39,208 - INFO - 获取用例完毕，共获取用例3条
2019-01-18 13:58:39,208 - INFO - 获取用例完毕，共获取用例3条
2019-01-18 13:58:39,208 - INFO - 获取用例完毕，共获取用例3条
2019-01-18 14:36:25,750 - INFO - 用例路径：E:\project\ApiTest\cases\exmple.xlsx
2019-01-18 14:36:25,750 - INFO - 用例路径：E:\project\ApiTest\cases\exmple.xlsx
2019-01-18 14:36:25,750 - INFO - 用例路径：E:\project\ApiTest\cases\exmple.xlsx
2019-01-18 14:36:25,750 - INFO - 用例路径：E:\project\ApiTest\cases\exmple.xlsx
2019-01-18 14:36:25,750 - INFO - 用例路径：E:\project\ApiTest\cases\exmple.xlsx
2019-01-18 14:36:25,751 - INFO - 获取用例完毕，共获取用例3条
2019-01-18 14:36:25,751 - INFO - 获取用例完毕，共获取用例3条
2019-01-18 14:36:25,751 - INFO - 获取用例完毕，共获取用例3条
2019-01-18 14:36:25,751 - INFO - 获取用例完毕，共获取用例3条
2019-01-18 14:36:25,751 - INFO - 获取用例完毕，共获取用例3条
2019-01-18 14:36:32,745 - INFO - 用例路径：E:\project\ApiTest\cases\exmple.xlsx
2019-01-18 14:36:32,745 - INFO - 用例路径：E:\project\ApiTest\cases\exmple.xlsx
2019-01-18 14:36:32,745 - INFO - 用例路径：E:\project\ApiTest\cases\exmple.xlsx
2019-01-18 14:36:32,745 - INFO - 用例路径：E:\project\ApiTest\cases\exmple.xlsx
2019-01-18 14:36:32,745 - INFO - 用例路径：E:\project\ApiTest\cases\exmple.xlsx
2019-01-18 14:36:32,746 - INFO - 获取用例完毕，共获取用例3条
2019-01-18 14:36:32,746 - INFO - 获取用例完毕，共获取用例3条
2019-01-18 14:36:32,746 - INFO - 获取用例完毕，共获取用例3条
2019-01-18 14:36:32,746 - INFO - 获取用例完毕，共获取用例3条
2019-01-18 14:36:32,746 - INFO - 获取用例完毕，共获取用例3条
2019-01-18 14:36:32,875 - INFO - sql语句错误---->INSERT INTO testResult SET caseDescribe='测试',apiHost='/s5/login.mobile',except='{'err_msg': '您的手机号'}',fact='{
  "err_code": 10001,
  "err_msg": "您的手机号未绑定钱咖帐号",
  "messages": [],
  "payload": {}
}',ispass='fail',time='2019/01/18 14:36:32',reason='err_msg的值预期为：您的手机号，实际为：您的手机号未绑定钱咖帐号
'
2019-01-18 14:36:32,875 - INFO - sql语句错误---->INSERT INTO testResult SET caseDescribe='测试',apiHost='/s5/login.mobile',except='{'err_msg': '您的手机号'}',fact='{
  "err_code": 10001,
  "err_msg": "您的手机号未绑定钱咖帐号",
  "messages": [],
  "payload": {}
}',ispass='fail',time='2019/01/18 14:36:32',reason='err_msg的值预期为：您的手机号，实际为：您的手机号未绑定钱咖帐号
'
2019-01-18 14:36:32,875 - INFO - sql语句错误---->INSERT INTO testResult SET caseDescribe='测试',apiHost='/s5/login.mobile',except='{'err_msg': '您的手机号'}',fact='{
  "err_code": 10001,
  "err_msg": "您的手机号未绑定钱咖帐号",
  "messages": [],
  "payload": {}
}',ispass='fail',time='2019/01/18 14:36:32',reason='err_msg的值预期为：您的手机号，实际为：您的手机号未绑定钱咖帐号
'
2019-01-18 14:36:32,875 - INFO - sql语句错误---->INSERT INTO testResult SET caseDescribe='测试',apiHost='/s5/login.mobile',except='{'err_msg': '您的手机号'}',fact='{
  "err_code": 10001,
  "err_msg": "您的手机号未绑定钱咖帐号",
  "messages": [],
  "payload": {}
}',ispass='fail',time='2019/01/18 14:36:32',reason='err_msg的值预期为：您的手机号，实际为：您的手机号未绑定钱咖帐号
'
2019-01-18 14:36:32,875 - INFO - sql语句错误---->INSERT INTO testResult SET caseDescribe='测试',apiHost='/s5/login.mobile',except='{'err_msg': '您的手机号'}',fact='{
  "err_code": 10001,
  "err_msg": "您的手机号未绑定钱咖帐号",
  "messages": [],
  "payload": {}
}',ispass='fail',time='2019/01/18 14:36:32',reason='err_msg的值预期为：您的手机号，实际为：您的手机号未绑定钱咖帐号
'
2019-01-18 14:36:33,074 - INFO - sql语句错误---->INSERT INTO testResult SET caseDescribe='测试',apiHost='/s5/login.mobile',except='{'err_msg': '您的手机号未绑定钱咖帐号'}',fact='<!DOCTYPE HTML PUBLIC "-//W3C//DTD HTML 3.2 Final//EN">
<title>405 Method Not Allowed</title>
<h1>Method Not Allowed</h1>
<p>The method is not allowed for the requested URL.</p>
',ispass='fail',time='2019/01/18 14:36:33',reason='接口请求错误，状态码为：405'
2019-01-18 14:36:33,074 - INFO - sql语句错误---->INSERT INTO testResult SET caseDescribe='测试',apiHost='/s5/login.mobile',except='{'err_msg': '您的手机号未绑定钱咖帐号'}',fact='<!DOCTYPE HTML PUBLIC "-//W3C//DTD HTML 3.2 Final//EN">
<title>405 Method Not Allowed</title>
<h1>Method Not Allowed</h1>
<p>The method is not allowed for the requested URL.</p>
',ispass='fail',time='2019/01/18 14:36:33',reason='接口请求错误，状态码为：405'
2019-01-18 14:36:33,074 - INFO - sql语句错误---->INSERT INTO testResult SET caseDescribe='测试',apiHost='/s5/login.mobile',except='{'err_msg': '您的手机号未绑定钱咖帐号'}',fact='<!DOCTYPE HTML PUBLIC "-//W3C//DTD HTML 3.2 Final//EN">
<title>405 Method Not Allowed</title>
<h1>Method Not Allowed</h1>
<p>The method is not allowed for the requested URL.</p>
',ispass='fail',time='2019/01/18 14:36:33',reason='接口请求错误，状态码为：405'
2019-01-18 14:36:33,074 - INFO - sql语句错误---->INSERT INTO testResult SET caseDescribe='测试',apiHost='/s5/login.mobile',except='{'err_msg': '您的手机号未绑定钱咖帐号'}',fact='<!DOCTYPE HTML PUBLIC "-//W3C//DTD HTML 3.2 Final//EN">
<title>405 Method Not Allowed</title>
<h1>Method Not Allowed</h1>
<p>The method is not allowed for the requested URL.</p>
',ispass='fail',time='2019/01/18 14:36:33',reason='接口请求错误，状态码为：405'
2019-01-18 14:36:33,074 - INFO - sql语句错误---->INSERT INTO testResult SET caseDescribe='测试',apiHost='/s5/login.mobile',except='{'err_msg': '您的手机号未绑定钱咖帐号'}',fact='<!DOCTYPE HTML PUBLIC "-//W3C//DTD HTML 3.2 Final//EN">
<title>405 Method Not Allowed</title>
<h1>Method Not Allowed</h1>
<p>The method is not allowed for the requested URL.</p>
',ispass='fail',time='2019/01/18 14:36:33',reason='接口请求错误，状态码为：405'
2019-01-18 14:36:33,197 - INFO - sql语句错误---->INSERT INTO testResult SET caseDescribe='ces',apiHost='/s4/dashboard',except='{'err_code': '40101'}',fact='{
  "err_code": 40101,
  "err_msg": "未登录",
  "payload": {}
}',ispass='pass',time='2019/01/18 14:36:33'
2019-01-18 14:36:33,197 - INFO - sql语句错误---->INSERT INTO testResult SET caseDescribe='ces',apiHost='/s4/dashboard',except='{'err_code': '40101'}',fact='{
  "err_code": 40101,
  "err_msg": "未登录",
  "payload": {}
}',ispass='pass',time='2019/01/18 14:36:33'
2019-01-18 14:36:33,197 - INFO - sql语句错误---->INSERT INTO testResult SET caseDescribe='ces',apiHost='/s4/dashboard',except='{'err_code': '40101'}',fact='{
  "err_code": 40101,
  "err_msg": "未登录",
  "payload": {}
}',ispass='pass',time='2019/01/18 14:36:33'
2019-01-18 14:36:33,197 - INFO - sql语句错误---->INSERT INTO testResult SET caseDescribe='ces',apiHost='/s4/dashboard',except='{'err_code': '40101'}',fact='{
  "err_code": 40101,
  "err_msg": "未登录",
  "payload": {}
}',ispass='pass',time='2019/01/18 14:36:33'
2019-01-18 14:36:33,197 - INFO - sql语句错误---->INSERT INTO testResult SET caseDescribe='ces',apiHost='/s4/dashboard',except='{'err_code': '40101'}',fact='{
  "err_code": 40101,
  "err_msg": "未登录",
  "payload": {}
}',ispass='pass',time='2019/01/18 14:36:33'
2019-01-18 14:36:33,201 - INFO - 正在写入用例执行情况
2019-01-18 14:36:33,201 - INFO - 正在写入用例执行情况
2019-01-18 14:36:33,201 - INFO - 正在写入用例执行情况
2019-01-18 14:36:33,201 - INFO - 正在写入用例执行情况
2019-01-18 14:36:33,201 - INFO - 正在写入用例执行情况
2019-01-18 14:36:33,201 - INFO - 正在写入用例执行情况
2019-01-18 16:02:47,652 - INFO - 用例路径：E:\project\ApiTest\cases\exmple.xlsx
2019-01-18 16:02:47,652 - INFO - 用例路径：E:\project\ApiTest\cases\exmple.xlsx
2019-01-18 16:02:47,652 - INFO - 用例路径：E:\project\ApiTest\cases\exmple.xlsx
2019-01-18 16:02:47,652 - INFO - 用例路径：E:\project\ApiTest\cases\exmple.xlsx
2019-01-18 16:02:47,652 - INFO - 用例路径：E:\project\ApiTest\cases\exmple.xlsx
2019-01-18 16:02:47,652 - INFO - 获取用例完毕，共获取用例3条
2019-01-18 16:02:47,652 - INFO - 获取用例完毕，共获取用例3条
2019-01-18 16:02:47,652 - INFO - 获取用例完毕，共获取用例3条
2019-01-18 16:02:47,652 - INFO - 获取用例完毕，共获取用例3条
2019-01-18 16:02:47,652 - INFO - 获取用例完毕，共获取用例3条
2019-01-18 16:03:00,381 - INFO - 用例路径：E:\project\ApiTest\cases\exmple.xlsx
2019-01-18 16:03:00,381 - INFO - 用例路径：E:\project\ApiTest\cases\exmple.xlsx
2019-01-18 16:03:00,381 - INFO - 用例路径：E:\project\ApiTest\cases\exmple.xlsx
2019-01-18 16:03:00,381 - INFO - 用例路径：E:\project\ApiTest\cases\exmple.xlsx
2019-01-18 16:03:00,381 - INFO - 用例路径：E:\project\ApiTest\cases\exmple.xlsx
2019-01-18 16:03:00,382 - INFO - 获取用例完毕，共获取用例3条
2019-01-18 16:03:00,382 - INFO - 获取用例完毕，共获取用例3条
2019-01-18 16:03:00,382 - INFO - 获取用例完毕，共获取用例3条
2019-01-18 16:03:00,382 - INFO - 获取用例完毕，共获取用例3条
2019-01-18 16:03:00,382 - INFO - 获取用例完毕，共获取用例3条
2019-01-18 16:03:00,484 - INFO - sql语句错误---->INSERT INTO testResult SET caseDescribe='测试',apiHost='/s5/login.mobile',except='{'err_msg': '您的手机号'}',fact='{
  "err_code": 10001,
  "err_msg": "您的手机号未绑定钱咖帐号",
  "messages": [],
  "payload": {}
}',ispass='fail',time='2019/01/18 16:03:00',reason='err_msg的值预期为：您的手机号，实际为：您的手机号未绑定钱咖帐号
'
2019-01-18 16:03:00,484 - INFO - sql语句错误---->INSERT INTO testResult SET caseDescribe='测试',apiHost='/s5/login.mobile',except='{'err_msg': '您的手机号'}',fact='{
  "err_code": 10001,
  "err_msg": "您的手机号未绑定钱咖帐号",
  "messages": [],
  "payload": {}
}',ispass='fail',time='2019/01/18 16:03:00',reason='err_msg的值预期为：您的手机号，实际为：您的手机号未绑定钱咖帐号
'
2019-01-18 16:03:00,484 - INFO - sql语句错误---->INSERT INTO testResult SET caseDescribe='测试',apiHost='/s5/login.mobile',except='{'err_msg': '您的手机号'}',fact='{
  "err_code": 10001,
  "err_msg": "您的手机号未绑定钱咖帐号",
  "messages": [],
  "payload": {}
}',ispass='fail',time='2019/01/18 16:03:00',reason='err_msg的值预期为：您的手机号，实际为：您的手机号未绑定钱咖帐号
'
2019-01-18 16:03:00,484 - INFO - sql语句错误---->INSERT INTO testResult SET caseDescribe='测试',apiHost='/s5/login.mobile',except='{'err_msg': '您的手机号'}',fact='{
  "err_code": 10001,
  "err_msg": "您的手机号未绑定钱咖帐号",
  "messages": [],
  "payload": {}
}',ispass='fail',time='2019/01/18 16:03:00',reason='err_msg的值预期为：您的手机号，实际为：您的手机号未绑定钱咖帐号
'
2019-01-18 16:03:00,484 - INFO - sql语句错误---->INSERT INTO testResult SET caseDescribe='测试',apiHost='/s5/login.mobile',except='{'err_msg': '您的手机号'}',fact='{
  "err_code": 10001,
  "err_msg": "您的手机号未绑定钱咖帐号",
  "messages": [],
  "payload": {}
}',ispass='fail',time='2019/01/18 16:03:00',reason='err_msg的值预期为：您的手机号，实际为：您的手机号未绑定钱咖帐号
'
2019-01-18 16:03:00,584 - INFO - sql语句错误---->INSERT INTO testResult SET caseDescribe='测试',apiHost='/s5/login.mobile',except='{'err_msg': '您的手机号未绑定钱咖帐号'}',fact='<!DOCTYPE HTML PUBLIC "-//W3C//DTD HTML 3.2 Final//EN">
<title>405 Method Not Allowed</title>
<h1>Method Not Allowed</h1>
<p>The method is not allowed for the requested URL.</p>
',ispass='fail',time='2019/01/18 16:03:00',reason='接口请求错误，状态码为：405'
2019-01-18 16:03:00,584 - INFO - sql语句错误---->INSERT INTO testResult SET caseDescribe='测试',apiHost='/s5/login.mobile',except='{'err_msg': '您的手机号未绑定钱咖帐号'}',fact='<!DOCTYPE HTML PUBLIC "-//W3C//DTD HTML 3.2 Final//EN">
<title>405 Method Not Allowed</title>
<h1>Method Not Allowed</h1>
<p>The method is not allowed for the requested URL.</p>
',ispass='fail',time='2019/01/18 16:03:00',reason='接口请求错误，状态码为：405'
2019-01-18 16:03:00,584 - INFO - sql语句错误---->INSERT INTO testResult SET caseDescribe='测试',apiHost='/s5/login.mobile',except='{'err_msg': '您的手机号未绑定钱咖帐号'}',fact='<!DOCTYPE HTML PUBLIC "-//W3C//DTD HTML 3.2 Final//EN">
<title>405 Method Not Allowed</title>
<h1>Method Not Allowed</h1>
<p>The method is not allowed for the requested URL.</p>
',ispass='fail',time='2019/01/18 16:03:00',reason='接口请求错误，状态码为：405'
2019-01-18 16:03:00,584 - INFO - sql语句错误---->INSERT INTO testResult SET caseDescribe='测试',apiHost='/s5/login.mobile',except='{'err_msg': '您的手机号未绑定钱咖帐号'}',fact='<!DOCTYPE HTML PUBLIC "-//W3C//DTD HTML 3.2 Final//EN">
<title>405 Method Not Allowed</title>
<h1>Method Not Allowed</h1>
<p>The method is not allowed for the requested URL.</p>
',ispass='fail',time='2019/01/18 16:03:00',reason='接口请求错误，状态码为：405'
2019-01-18 16:03:00,584 - INFO - sql语句错误---->INSERT INTO testResult SET caseDescribe='测试',apiHost='/s5/login.mobile',except='{'err_msg': '您的手机号未绑定钱咖帐号'}',fact='<!DOCTYPE HTML PUBLIC "-//W3C//DTD HTML 3.2 Final//EN">
<title>405 Method Not Allowed</title>
<h1>Method Not Allowed</h1>
<p>The method is not allowed for the requested URL.</p>
',ispass='fail',time='2019/01/18 16:03:00',reason='接口请求错误，状态码为：405'
2019-01-18 16:03:00,953 - INFO - sql语句错误---->INSERT INTO testResult SET caseDescribe='ces',apiHost='/s4/dashboard',except='{'err_code': '40101'}',fact='{
  "err_code": 40101,
  "err_msg": "未登录",
  "payload": {}
}',ispass='pass',time='2019/01/18 16:03:00'
2019-01-18 16:03:00,953 - INFO - sql语句错误---->INSERT INTO testResult SET caseDescribe='ces',apiHost='/s4/dashboard',except='{'err_code': '40101'}',fact='{
  "err_code": 40101,
  "err_msg": "未登录",
  "payload": {}
}',ispass='pass',time='2019/01/18 16:03:00'
2019-01-18 16:03:00,953 - INFO - sql语句错误---->INSERT INTO testResult SET caseDescribe='ces',apiHost='/s4/dashboard',except='{'err_code': '40101'}',fact='{
  "err_code": 40101,
  "err_msg": "未登录",
  "payload": {}
}',ispass='pass',time='2019/01/18 16:03:00'
2019-01-18 16:03:00,953 - INFO - sql语句错误---->INSERT INTO testResult SET caseDescribe='ces',apiHost='/s4/dashboard',except='{'err_code': '40101'}',fact='{
  "err_code": 40101,
  "err_msg": "未登录",
  "payload": {}
}',ispass='pass',time='2019/01/18 16:03:00'
2019-01-18 16:03:00,953 - INFO - sql语句错误---->INSERT INTO testResult SET caseDescribe='ces',apiHost='/s4/dashboard',except='{'err_code': '40101'}',fact='{
  "err_code": 40101,
  "err_msg": "未登录",
  "payload": {}
}',ispass='pass',time='2019/01/18 16:03:00'
2019-01-18 16:03:00,956 - INFO - 正在写入用例执行情况
2019-01-18 16:03:00,956 - INFO - 正在写入用例执行情况
2019-01-18 16:03:00,956 - INFO - 正在写入用例执行情况
2019-01-18 16:03:00,956 - INFO - 正在写入用例执行情况
2019-01-18 16:03:00,956 - INFO - 正在写入用例执行情况
2019-01-18 16:03:00,956 - INFO - 正在写入用例执行情况
2019-01-18 16:05:04,327 - INFO - 用例路径：E:\project\ApiTest\cases\exmple.xlsx
2019-01-18 16:05:04,327 - INFO - 用例路径：E:\project\ApiTest\cases\exmple.xlsx
2019-01-18 16:05:04,327 - INFO - 用例路径：E:\project\ApiTest\cases\exmple.xlsx
2019-01-18 16:05:04,327 - INFO - 用例路径：E:\project\ApiTest\cases\exmple.xlsx
2019-01-18 16:05:04,327 - INFO - 用例路径：E:\project\ApiTest\cases\exmple.xlsx
2019-01-18 16:05:04,328 - INFO - 获取用例完毕，共获取用例3条
2019-01-18 16:05:04,328 - INFO - 获取用例完毕，共获取用例3条
2019-01-18 16:05:04,328 - INFO - 获取用例完毕，共获取用例3条
2019-01-18 16:05:04,328 - INFO - 获取用例完毕，共获取用例3条
2019-01-18 16:05:04,328 - INFO - 获取用例完毕，共获取用例3条
2019-01-18 16:05:05,019 - INFO - 正在写入用例执行情况
2019-01-18 16:05:05,019 - INFO - 正在写入用例执行情况
2019-01-18 16:05:05,019 - INFO - 正在写入用例执行情况
2019-01-18 16:05:05,019 - INFO - 正在写入用例执行情况
2019-01-18 16:05:05,019 - INFO - 正在写入用例执行情况
2019-01-18 16:05:05,019 - INFO - 正在写入用例执行情况
2019-01-18 16:07:31,924 - INFO - 用例路径：E:\project\ApiTest\cases\exmple.xlsx
2019-01-18 16:07:31,924 - INFO - 用例路径：E:\project\ApiTest\cases\exmple.xlsx
2019-01-18 16:07:31,924 - INFO - 用例路径：E:\project\ApiTest\cases\exmple.xlsx
2019-01-18 16:07:31,924 - INFO - 用例路径：E:\project\ApiTest\cases\exmple.xlsx
2019-01-18 16:07:31,924 - INFO - 用例路径：E:\project\ApiTest\cases\exmple.xlsx
2019-01-18 16:07:31,924 - INFO - 获取用例完毕，共获取用例3条
2019-01-18 16:07:31,924 - INFO - 获取用例完毕，共获取用例3条
2019-01-18 16:07:31,924 - INFO - 获取用例完毕，共获取用例3条
2019-01-18 16:07:31,924 - INFO - 获取用例完毕，共获取用例3条
2019-01-18 16:07:31,924 - INFO - 获取用例完毕，共获取用例3条
2019-01-18 16:07:32,387 - INFO - 正在写入用例执行情况
2019-01-18 16:07:32,387 - INFO - 正在写入用例执行情况
2019-01-18 16:07:32,387 - INFO - 正在写入用例执行情况
2019-01-18 16:07:32,387 - INFO - 正在写入用例执行情况
2019-01-18 16:07:32,387 - INFO - 正在写入用例执行情况
2019-01-18 16:07:32,387 - INFO - 正在写入用例执行情况
2019-01-18 16:08:45,376 - INFO - 用例路径：E:\project\ApiTest\cases\exmple.xlsx
2019-01-18 16:08:45,376 - INFO - 用例路径：E:\project\ApiTest\cases\exmple.xlsx
2019-01-18 16:08:45,376 - INFO - 用例路径：E:\project\ApiTest\cases\exmple.xlsx
2019-01-18 16:08:45,376 - INFO - 用例路径：E:\project\ApiTest\cases\exmple.xlsx
2019-01-18 16:08:45,376 - INFO - 用例路径：E:\project\ApiTest\cases\exmple.xlsx
2019-01-18 16:08:45,376 - INFO - 获取用例完毕，共获取用例3条
2019-01-18 16:08:45,376 - INFO - 获取用例完毕，共获取用例3条
2019-01-18 16:08:45,376 - INFO - 获取用例完毕，共获取用例3条
2019-01-18 16:08:45,376 - INFO - 获取用例完毕，共获取用例3条
2019-01-18 16:08:45,376 - INFO - 获取用例完毕，共获取用例3条
2019-01-18 16:08:45,829 - INFO - 正在写入用例执行情况
2019-01-18 16:08:45,829 - INFO - 正在写入用例执行情况
2019-01-18 16:08:45,829 - INFO - 正在写入用例执行情况
2019-01-18 16:08:45,829 - INFO - 正在写入用例执行情况
2019-01-18 16:08:45,829 - INFO - 正在写入用例执行情况
2019-01-18 16:08:45,829 - INFO - 正在写入用例执行情况
2019-01-18 17:52:14,152 - INFO - 用例路径：E:\project\ApiTest\cases\exmple.xlsx
2019-01-18 17:52:14,152 - INFO - 用例路径：E:\project\ApiTest\cases\exmple.xlsx
2019-01-18 17:52:14,153 - INFO - 获取用例完毕，共获取用例0条
2019-01-18 17:52:14,153 - INFO - 获取用例完毕，共获取用例0条
2019-01-18 17:52:32,917 - INFO - 用例路径：E:\project\ApiTest\cases\exmple.xlsx
2019-01-18 17:52:32,917 - INFO - 用例路径：E:\project\ApiTest\cases\exmple.xlsx
2019-01-18 17:52:32,917 - INFO - 获取用例完毕，共获取用例2条
2019-01-18 17:52:32,917 - INFO - 获取用例完毕，共获取用例2条
2019-01-18 17:52:59,393 - INFO - 正在写入用例执行情况
2019-01-18 18:08:11,297 - INFO - 用例路径：E:\project\ApiTest\cases\exmple.xlsx
2019-01-18 18:08:11,297 - INFO - 用例路径：E:\project\ApiTest\cases\exmple.xlsx
2019-01-18 18:08:11,297 - INFO - 用例路径：E:\project\ApiTest\cases\exmple.xlsx
2019-01-18 18:08:11,297 - INFO - 用例路径：E:\project\ApiTest\cases\exmple.xlsx
2019-01-18 18:08:11,297 - INFO - 用例路径：E:\project\ApiTest\cases\exmple.xlsx
2019-01-18 18:08:11,298 - INFO - 获取用例完毕，共获取用例2条
2019-01-18 18:08:11,298 - INFO - 获取用例完毕，共获取用例2条
2019-01-18 18:08:11,298 - INFO - 获取用例完毕，共获取用例2条
2019-01-18 18:08:11,298 - INFO - 获取用例完毕，共获取用例2条
2019-01-18 18:08:11,298 - INFO - 获取用例完毕，共获取用例2条
2019-01-18 18:12:09,034 - INFO - 用例路径：E:\project\ApiTest\cases\exmple.xlsx
2019-01-18 18:12:09,034 - INFO - 用例路径：E:\project\ApiTest\cases\exmple.xlsx
2019-01-18 18:12:09,034 - INFO - 用例路径：E:\project\ApiTest\cases\exmple.xlsx
2019-01-18 18:12:09,034 - INFO - 用例路径：E:\project\ApiTest\cases\exmple.xlsx
2019-01-18 18:12:09,034 - INFO - 用例路径：E:\project\ApiTest\cases\exmple.xlsx
2019-01-18 18:12:09,035 - INFO - 获取用例完毕，共获取用例2条
2019-01-18 18:12:09,035 - INFO - 获取用例完毕，共获取用例2条
2019-01-18 18:12:09,035 - INFO - 获取用例完毕，共获取用例2条
2019-01-18 18:12:09,035 - INFO - 获取用例完毕，共获取用例2条
2019-01-18 18:12:09,035 - INFO - 获取用例完毕，共获取用例2条
2019-01-18 18:12:29,748 - INFO - 用例路径：E:\project\ApiTest\cases\exmple.xlsx
2019-01-18 18:12:29,748 - INFO - 用例路径：E:\project\ApiTest\cases\exmple.xlsx
2019-01-18 18:12:29,748 - INFO - 用例路径：E:\project\ApiTest\cases\exmple.xlsx
2019-01-18 18:12:29,748 - INFO - 用例路径：E:\project\ApiTest\cases\exmple.xlsx
2019-01-18 18:12:29,748 - INFO - 用例路径：E:\project\ApiTest\cases\exmple.xlsx
2019-01-18 18:12:29,748 - INFO - 获取用例完毕，共获取用例2条
2019-01-18 18:12:29,748 - INFO - 获取用例完毕，共获取用例2条
2019-01-18 18:12:29,748 - INFO - 获取用例完毕，共获取用例2条
2019-01-18 18:12:29,748 - INFO - 获取用例完毕，共获取用例2条
2019-01-18 18:12:29,748 - INFO - 获取用例完毕，共获取用例2条
2019-01-18 18:12:29,986 - INFO - 正在写入用例执行情况
2019-01-18 18:12:29,986 - INFO - 正在写入用例执行情况
2019-01-18 18:12:29,986 - INFO - 正在写入用例执行情况
2019-01-18 18:12:29,986 - INFO - 正在写入用例执行情况
2019-01-18 18:12:29,986 - INFO - 正在写入用例执行情况
2019-01-18 18:12:29,986 - INFO - 正在写入用例执行情况
2019-01-18 18:13:08,800 - INFO - 用例路径：E:\project\ApiTest\cases\exmple.xlsx
2019-01-18 18:13:08,800 - INFO - 用例路径：E:\project\ApiTest\cases\exmple.xlsx
2019-01-18 18:13:08,800 - INFO - 用例路径：E:\project\ApiTest\cases\exmple.xlsx
2019-01-18 18:13:08,800 - INFO - 用例路径：E:\project\ApiTest\cases\exmple.xlsx
2019-01-18 18:13:08,800 - INFO - 用例路径：E:\project\ApiTest\cases\exmple.xlsx
2019-01-18 18:13:08,801 - INFO - 获取用例完毕，共获取用例3条
2019-01-18 18:13:08,801 - INFO - 获取用例完毕，共获取用例3条
2019-01-18 18:13:08,801 - INFO - 获取用例完毕，共获取用例3条
2019-01-18 18:13:08,801 - INFO - 获取用例完毕，共获取用例3条
2019-01-18 18:13:08,801 - INFO - 获取用例完毕，共获取用例3条
2019-01-18 18:13:09,175 - INFO - 正在写入用例执行情况
2019-01-18 18:13:09,175 - INFO - 正在写入用例执行情况
2019-01-18 18:13:09,175 - INFO - 正在写入用例执行情况
2019-01-18 18:13:09,175 - INFO - 正在写入用例执行情况
2019-01-18 18:13:09,175 - INFO - 正在写入用例执行情况
2019-01-18 18:13:09,175 - INFO - 正在写入用例执行情况
2019-01-18 18:13:31,843 - INFO - 用例路径：E:\project\ApiTest\cases\exmple.xlsx
2019-01-18 18:13:31,843 - INFO - 用例路径：E:\project\ApiTest\cases\exmple.xlsx
2019-01-18 18:13:31,843 - INFO - 用例路径：E:\project\ApiTest\cases\exmple.xlsx
2019-01-18 18:13:31,843 - INFO - 用例路径：E:\project\ApiTest\cases\exmple.xlsx
2019-01-18 18:13:31,843 - INFO - 用例路径：E:\project\ApiTest\cases\exmple.xlsx
2019-01-18 18:13:31,843 - INFO - 获取用例完毕，共获取用例3条
2019-01-18 18:13:31,843 - INFO - 获取用例完毕，共获取用例3条
2019-01-18 18:13:31,843 - INFO - 获取用例完毕，共获取用例3条
2019-01-18 18:13:31,843 - INFO - 获取用例完毕，共获取用例3条
2019-01-18 18:13:31,843 - INFO - 获取用例完毕，共获取用例3条
2019-01-18 18:13:32,389 - INFO - 正在写入用例执行情况
2019-01-18 18:13:32,389 - INFO - 正在写入用例执行情况
2019-01-18 18:13:32,389 - INFO - 正在写入用例执行情况
2019-01-18 18:13:32,389 - INFO - 正在写入用例执行情况
2019-01-18 18:13:32,389 - INFO - 正在写入用例执行情况
2019-01-18 18:13:32,389 - INFO - 正在写入用例执行情况
2019-01-18 18:23:58,229 - INFO - 用例路径：E:\project\ApiTest\cases\exmple.xlsx
2019-01-18 18:23:58,229 - INFO - 用例路径：E:\project\ApiTest\cases\exmple.xlsx
2019-01-18 18:23:58,229 - INFO - 用例路径：E:\project\ApiTest\cases\exmple.xlsx
2019-01-18 18:23:58,229 - INFO - 用例路径：E:\project\ApiTest\cases\exmple.xlsx
2019-01-18 18:23:58,229 - INFO - 用例路径：E:\project\ApiTest\cases\exmple.xlsx
2019-01-18 18:23:58,229 - INFO - 获取用例完毕，共获取用例3条
2019-01-18 18:23:58,229 - INFO - 获取用例完毕，共获取用例3条
2019-01-18 18:23:58,229 - INFO - 获取用例完毕，共获取用例3条
2019-01-18 18:23:58,229 - INFO - 获取用例完毕，共获取用例3条
2019-01-18 18:23:58,229 - INFO - 获取用例完毕，共获取用例3条
2019-01-18 18:23:58,230 - INFO - sql语句错误---->INSERT INTO testCase SET caseDescribe='测试',apiHost='/s5/login.mobile',params='{"phone":"17711794059","code":"123456"}',apiHeaders='{"Server": "nginx", "Date": "Fri, 18 Jan 2019 10:13:31 GMT", "Content-Type": "application/json; charset=utf8", "Transfer-Encoding": "chunked", "Connection": "keep-alive", "Vary": "Accept-Encoding", "Access-Control-Allow-Origin": "*", "Access-Control-Allow-Credentials": "true", "Set-Cookie": "DIS4=8fa3ff82d99342e5b0d266b575251a25; Expires=Sat, 18-Jan-2020 10:13:31 GMT; Max-Age=31536000; Path=/", "X-Diablo-Revision": "1514b76", "X-Hebe-Host": "h1570", "X-Qk-Lb-Overloading-Level": "0", "Content-Encoding": "gzip"}',method='post',relatedApi='',relatedParams='',expect='{"err_msg": "您的手机号未绑定钱咖帐号"}'
2019-01-18 18:23:58,230 - INFO - sql语句错误---->INSERT INTO testCase SET caseDescribe='测试',apiHost='/s5/login.mobile',params='{"phone":"17711794059","code":"123456"}',apiHeaders='{"Server": "nginx", "Date": "Fri, 18 Jan 2019 10:13:31 GMT", "Content-Type": "application/json; charset=utf8", "Transfer-Encoding": "chunked", "Connection": "keep-alive", "Vary": "Accept-Encoding", "Access-Control-Allow-Origin": "*", "Access-Control-Allow-Credentials": "true", "Set-Cookie": "DIS4=8fa3ff82d99342e5b0d266b575251a25; Expires=Sat, 18-Jan-2020 10:13:31 GMT; Max-Age=31536000; Path=/", "X-Diablo-Revision": "1514b76", "X-Hebe-Host": "h1570", "X-Qk-Lb-Overloading-Level": "0", "Content-Encoding": "gzip"}',method='post',relatedApi='',relatedParams='',expect='{"err_msg": "您的手机号未绑定钱咖帐号"}'
2019-01-18 18:23:58,230 - INFO - sql语句错误---->INSERT INTO testCase SET caseDescribe='测试',apiHost='/s5/login.mobile',params='{"phone":"17711794059","code":"123456"}',apiHeaders='{"Server": "nginx", "Date": "Fri, 18 Jan 2019 10:13:31 GMT", "Content-Type": "application/json; charset=utf8", "Transfer-Encoding": "chunked", "Connection": "keep-alive", "Vary": "Accept-Encoding", "Access-Control-Allow-Origin": "*", "Access-Control-Allow-Credentials": "true", "Set-Cookie": "DIS4=8fa3ff82d99342e5b0d266b575251a25; Expires=Sat, 18-Jan-2020 10:13:31 GMT; Max-Age=31536000; Path=/", "X-Diablo-Revision": "1514b76", "X-Hebe-Host": "h1570", "X-Qk-Lb-Overloading-Level": "0", "Content-Encoding": "gzip"}',method='post',relatedApi='',relatedParams='',expect='{"err_msg": "您的手机号未绑定钱咖帐号"}'
2019-01-18 18:23:58,230 - INFO - sql语句错误---->INSERT INTO testCase SET caseDescribe='测试',apiHost='/s5/login.mobile',params='{"phone":"17711794059","code":"123456"}',apiHeaders='{"Server": "nginx", "Date": "Fri, 18 Jan 2019 10:13:31 GMT", "Content-Type": "application/json; charset=utf8", "Transfer-Encoding": "chunked", "Connection": "keep-alive", "Vary": "Accept-Encoding", "Access-Control-Allow-Origin": "*", "Access-Control-Allow-Credentials": "true", "Set-Cookie": "DIS4=8fa3ff82d99342e5b0d266b575251a25; Expires=Sat, 18-Jan-2020 10:13:31 GMT; Max-Age=31536000; Path=/", "X-Diablo-Revision": "1514b76", "X-Hebe-Host": "h1570", "X-Qk-Lb-Overloading-Level": "0", "Content-Encoding": "gzip"}',method='post',relatedApi='',relatedParams='',expect='{"err_msg": "您的手机号未绑定钱咖帐号"}'
2019-01-18 18:23:58,230 - INFO - sql语句错误---->INSERT INTO testCase SET caseDescribe='测试',apiHost='/s5/login.mobile',params='{"phone":"17711794059","code":"123456"}',apiHeaders='{"Server": "nginx", "Date": "Fri, 18 Jan 2019 10:13:31 GMT", "Content-Type": "application/json; charset=utf8", "Transfer-Encoding": "chunked", "Connection": "keep-alive", "Vary": "Accept-Encoding", "Access-Control-Allow-Origin": "*", "Access-Control-Allow-Credentials": "true", "Set-Cookie": "DIS4=8fa3ff82d99342e5b0d266b575251a25; Expires=Sat, 18-Jan-2020 10:13:31 GMT; Max-Age=31536000; Path=/", "X-Diablo-Revision": "1514b76", "X-Hebe-Host": "h1570", "X-Qk-Lb-Overloading-Level": "0", "Content-Encoding": "gzip"}',method='post',relatedApi='',relatedParams='',expect='{"err_msg": "您的手机号未绑定钱咖帐号"}'
2019-01-18 18:23:59,049 - INFO - 正在写入用例执行情况
2019-01-18 18:23:59,049 - INFO - 正在写入用例执行情况
2019-01-18 18:23:59,049 - INFO - 正在写入用例执行情况
2019-01-18 18:23:59,049 - INFO - 正在写入用例执行情况
2019-01-18 18:23:59,049 - INFO - 正在写入用例执行情况
2019-01-18 18:23:59,049 - INFO - 正在写入用例执行情况
2019-01-18 18:27:39,953 - INFO - 用例路径：E:\project\ApiTest\cases\exmple.xlsx
2019-01-18 18:27:39,953 - INFO - 用例路径：E:\project\ApiTest\cases\exmple.xlsx
2019-01-18 18:27:39,953 - INFO - 用例路径：E:\project\ApiTest\cases\exmple.xlsx
2019-01-18 18:27:39,953 - INFO - 用例路径：E:\project\ApiTest\cases\exmple.xlsx
2019-01-18 18:27:39,953 - INFO - 用例路径：E:\project\ApiTest\cases\exmple.xlsx
2019-01-18 18:27:39,953 - INFO - 获取用例完毕，共获取用例3条
2019-01-18 18:27:39,953 - INFO - 获取用例完毕，共获取用例3条
2019-01-18 18:27:39,953 - INFO - 获取用例完毕，共获取用例3条
2019-01-18 18:27:39,953 - INFO - 获取用例完毕，共获取用例3条
2019-01-18 18:27:39,953 - INFO - 获取用例完毕，共获取用例3条
2019-01-18 18:27:39,954 - INFO - sql语句错误---->INSERT INTO testCase SET caseDescribe='测试',apiHost='/s5/login.mobile',params='{"phone":"17711794059","code":"123456"}',apiHeaders='{"Server": "nginx", "Date": "Fri, 18 Jan 2019 10:13:31 GMT", "Content-Type": "application/json; charset=utf8", "Transfer-Encoding": "chunked", "Connection": "keep-alive", "Vary": "Accept-Encoding", "Access-Control-Allow-Origin": "*", "Access-Control-Allow-Credentials": "true", "Set-Cookie": "DIS4=8fa3ff82d99342e5b0d266b575251a25; Expires=Sat, 18-Jan-2020 10:13:31 GMT; Max-Age=31536000; Path=/", "X-Diablo-Revision": "1514b76", "X-Hebe-Host": "h1570", "X-Qk-Lb-Overloading-Level": "0", "Content-Encoding": "gzip"}',method='post',relatedApi='',relatedParams='',expect='{"err_msg": "您的手机号未绑定钱咖帐号"}'
2019-01-18 18:27:39,954 - INFO - sql语句错误---->INSERT INTO testCase SET caseDescribe='测试',apiHost='/s5/login.mobile',params='{"phone":"17711794059","code":"123456"}',apiHeaders='{"Server": "nginx", "Date": "Fri, 18 Jan 2019 10:13:31 GMT", "Content-Type": "application/json; charset=utf8", "Transfer-Encoding": "chunked", "Connection": "keep-alive", "Vary": "Accept-Encoding", "Access-Control-Allow-Origin": "*", "Access-Control-Allow-Credentials": "true", "Set-Cookie": "DIS4=8fa3ff82d99342e5b0d266b575251a25; Expires=Sat, 18-Jan-2020 10:13:31 GMT; Max-Age=31536000; Path=/", "X-Diablo-Revision": "1514b76", "X-Hebe-Host": "h1570", "X-Qk-Lb-Overloading-Level": "0", "Content-Encoding": "gzip"}',method='post',relatedApi='',relatedParams='',expect='{"err_msg": "您的手机号未绑定钱咖帐号"}'
2019-01-18 18:27:39,954 - INFO - sql语句错误---->INSERT INTO testCase SET caseDescribe='测试',apiHost='/s5/login.mobile',params='{"phone":"17711794059","code":"123456"}',apiHeaders='{"Server": "nginx", "Date": "Fri, 18 Jan 2019 10:13:31 GMT", "Content-Type": "application/json; charset=utf8", "Transfer-Encoding": "chunked", "Connection": "keep-alive", "Vary": "Accept-Encoding", "Access-Control-Allow-Origin": "*", "Access-Control-Allow-Credentials": "true", "Set-Cookie": "DIS4=8fa3ff82d99342e5b0d266b575251a25; Expires=Sat, 18-Jan-2020 10:13:31 GMT; Max-Age=31536000; Path=/", "X-Diablo-Revision": "1514b76", "X-Hebe-Host": "h1570", "X-Qk-Lb-Overloading-Level": "0", "Content-Encoding": "gzip"}',method='post',relatedApi='',relatedParams='',expect='{"err_msg": "您的手机号未绑定钱咖帐号"}'
2019-01-18 18:27:39,954 - INFO - sql语句错误---->INSERT INTO testCase SET caseDescribe='测试',apiHost='/s5/login.mobile',params='{"phone":"17711794059","code":"123456"}',apiHeaders='{"Server": "nginx", "Date": "Fri, 18 Jan 2019 10:13:31 GMT", "Content-Type": "application/json; charset=utf8", "Transfer-Encoding": "chunked", "Connection": "keep-alive", "Vary": "Accept-Encoding", "Access-Control-Allow-Origin": "*", "Access-Control-Allow-Credentials": "true", "Set-Cookie": "DIS4=8fa3ff82d99342e5b0d266b575251a25; Expires=Sat, 18-Jan-2020 10:13:31 GMT; Max-Age=31536000; Path=/", "X-Diablo-Revision": "1514b76", "X-Hebe-Host": "h1570", "X-Qk-Lb-Overloading-Level": "0", "Content-Encoding": "gzip"}',method='post',relatedApi='',relatedParams='',expect='{"err_msg": "您的手机号未绑定钱咖帐号"}'
2019-01-18 18:27:39,954 - INFO - sql语句错误---->INSERT INTO testCase SET caseDescribe='测试',apiHost='/s5/login.mobile',params='{"phone":"17711794059","code":"123456"}',apiHeaders='{"Server": "nginx", "Date": "Fri, 18 Jan 2019 10:13:31 GMT", "Content-Type": "application/json; charset=utf8", "Transfer-Encoding": "chunked", "Connection": "keep-alive", "Vary": "Accept-Encoding", "Access-Control-Allow-Origin": "*", "Access-Control-Allow-Credentials": "true", "Set-Cookie": "DIS4=8fa3ff82d99342e5b0d266b575251a25; Expires=Sat, 18-Jan-2020 10:13:31 GMT; Max-Age=31536000; Path=/", "X-Diablo-Revision": "1514b76", "X-Hebe-Host": "h1570", "X-Qk-Lb-Overloading-Level": "0", "Content-Encoding": "gzip"}',method='post',relatedApi='',relatedParams='',expect='{"err_msg": "您的手机号未绑定钱咖帐号"}'
2019-01-18 18:27:40,301 - INFO - 正在写入用例执行情况
2019-01-18 18:27:40,301 - INFO - 正在写入用例执行情况
2019-01-18 18:27:40,301 - INFO - 正在写入用例执行情况
2019-01-18 18:27:40,301 - INFO - 正在写入用例执行情况
2019-01-18 18:27:40,301 - INFO - 正在写入用例执行情况
2019-01-18 18:27:40,301 - INFO - 正在写入用例执行情况
2019-01-18 18:28:45,398 - INFO - 用例路径：E:\project\ApiTest\cases\exmple.xlsx
2019-01-18 18:28:45,398 - INFO - 用例路径：E:\project\ApiTest\cases\exmple.xlsx
2019-01-18 18:28:45,398 - INFO - 用例路径：E:\project\ApiTest\cases\exmple.xlsx
2019-01-18 18:28:45,398 - INFO - 用例路径：E:\project\ApiTest\cases\exmple.xlsx
2019-01-18 18:28:45,398 - INFO - 用例路径：E:\project\ApiTest\cases\exmple.xlsx
2019-01-18 18:28:45,398 - INFO - 获取用例完毕，共获取用例3条
2019-01-18 18:28:45,398 - INFO - 获取用例完毕，共获取用例3条
2019-01-18 18:28:45,398 - INFO - 获取用例完毕，共获取用例3条
2019-01-18 18:28:45,398 - INFO - 获取用例完毕，共获取用例3条
2019-01-18 18:28:45,398 - INFO - 获取用例完毕，共获取用例3条
2019-01-18 18:28:45,399 - INFO - sql语句错误---->INSERT INTO testCase SET caseDescribe='测试',apiHost='/s5/login.mobile',params='{"phone":"17711794059","code":"123456"}',apiHeaders='{"Server": "nginx", "Date": "Fri, 18 Jan 2019 10:13:31 GMT", "Content-Type": "application/json; charset=utf8", "Transfer-Encoding": "chunked", "Connection": "keep-alive", "Vary": "Accept-Encoding", "Access-Control-Allow-Origin": "*", "Access-Control-Allow-Credentials": "true", "Set-Cookie": "DIS4=8fa3ff82d99342e5b0d266b575251a25; Expires=Sat, 18-Jan-2020 10:13:31 GMT; Max-Age=31536000; Path=/", "X-Diablo-Revision": "1514b76", "X-Hebe-Host": "h1570", "X-Qk-Lb-Overloading-Level": "0", "Content-Encoding": "gzip"}',method='post',relatedApi='',relatedParams='',expect='{"err_msg": "您的手机号未绑定钱咖帐号"}'
2019-01-18 18:28:45,399 - INFO - sql语句错误---->INSERT INTO testCase SET caseDescribe='测试',apiHost='/s5/login.mobile',params='{"phone":"17711794059","code":"123456"}',apiHeaders='{"Server": "nginx", "Date": "Fri, 18 Jan 2019 10:13:31 GMT", "Content-Type": "application/json; charset=utf8", "Transfer-Encoding": "chunked", "Connection": "keep-alive", "Vary": "Accept-Encoding", "Access-Control-Allow-Origin": "*", "Access-Control-Allow-Credentials": "true", "Set-Cookie": "DIS4=8fa3ff82d99342e5b0d266b575251a25; Expires=Sat, 18-Jan-2020 10:13:31 GMT; Max-Age=31536000; Path=/", "X-Diablo-Revision": "1514b76", "X-Hebe-Host": "h1570", "X-Qk-Lb-Overloading-Level": "0", "Content-Encoding": "gzip"}',method='post',relatedApi='',relatedParams='',expect='{"err_msg": "您的手机号未绑定钱咖帐号"}'
2019-01-18 18:28:45,399 - INFO - sql语句错误---->INSERT INTO testCase SET caseDescribe='测试',apiHost='/s5/login.mobile',params='{"phone":"17711794059","code":"123456"}',apiHeaders='{"Server": "nginx", "Date": "Fri, 18 Jan 2019 10:13:31 GMT", "Content-Type": "application/json; charset=utf8", "Transfer-Encoding": "chunked", "Connection": "keep-alive", "Vary": "Accept-Encoding", "Access-Control-Allow-Origin": "*", "Access-Control-Allow-Credentials": "true", "Set-Cookie": "DIS4=8fa3ff82d99342e5b0d266b575251a25; Expires=Sat, 18-Jan-2020 10:13:31 GMT; Max-Age=31536000; Path=/", "X-Diablo-Revision": "1514b76", "X-Hebe-Host": "h1570", "X-Qk-Lb-Overloading-Level": "0", "Content-Encoding": "gzip"}',method='post',relatedApi='',relatedParams='',expect='{"err_msg": "您的手机号未绑定钱咖帐号"}'
2019-01-18 18:28:45,399 - INFO - sql语句错误---->INSERT INTO testCase SET caseDescribe='测试',apiHost='/s5/login.mobile',params='{"phone":"17711794059","code":"123456"}',apiHeaders='{"Server": "nginx", "Date": "Fri, 18 Jan 2019 10:13:31 GMT", "Content-Type": "application/json; charset=utf8", "Transfer-Encoding": "chunked", "Connection": "keep-alive", "Vary": "Accept-Encoding", "Access-Control-Allow-Origin": "*", "Access-Control-Allow-Credentials": "true", "Set-Cookie": "DIS4=8fa3ff82d99342e5b0d266b575251a25; Expires=Sat, 18-Jan-2020 10:13:31 GMT; Max-Age=31536000; Path=/", "X-Diablo-Revision": "1514b76", "X-Hebe-Host": "h1570", "X-Qk-Lb-Overloading-Level": "0", "Content-Encoding": "gzip"}',method='post',relatedApi='',relatedParams='',expect='{"err_msg": "您的手机号未绑定钱咖帐号"}'
2019-01-18 18:28:45,399 - INFO - sql语句错误---->INSERT INTO testCase SET caseDescribe='测试',apiHost='/s5/login.mobile',params='{"phone":"17711794059","code":"123456"}',apiHeaders='{"Server": "nginx", "Date": "Fri, 18 Jan 2019 10:13:31 GMT", "Content-Type": "application/json; charset=utf8", "Transfer-Encoding": "chunked", "Connection": "keep-alive", "Vary": "Accept-Encoding", "Access-Control-Allow-Origin": "*", "Access-Control-Allow-Credentials": "true", "Set-Cookie": "DIS4=8fa3ff82d99342e5b0d266b575251a25; Expires=Sat, 18-Jan-2020 10:13:31 GMT; Max-Age=31536000; Path=/", "X-Diablo-Revision": "1514b76", "X-Hebe-Host": "h1570", "X-Qk-Lb-Overloading-Level": "0", "Content-Encoding": "gzip"}',method='post',relatedApi='',relatedParams='',expect='{"err_msg": "您的手机号未绑定钱咖帐号"}'
2019-01-18 18:28:45,795 - INFO - 正在写入用例执行情况
2019-01-18 18:28:45,795 - INFO - 正在写入用例执行情况
2019-01-18 18:28:45,795 - INFO - 正在写入用例执行情况
2019-01-18 18:28:45,795 - INFO - 正在写入用例执行情况
2019-01-18 18:28:45,795 - INFO - 正在写入用例执行情况
2019-01-18 18:28:45,795 - INFO - 正在写入用例执行情况
2019-01-18 18:29:59,704 - INFO - 用例路径：E:\project\ApiTest\cases\exmple.xlsx
2019-01-18 18:29:59,704 - INFO - 用例路径：E:\project\ApiTest\cases\exmple.xlsx
2019-01-18 18:29:59,704 - INFO - 用例路径：E:\project\ApiTest\cases\exmple.xlsx
2019-01-18 18:29:59,704 - INFO - 用例路径：E:\project\ApiTest\cases\exmple.xlsx
2019-01-18 18:29:59,704 - INFO - 用例路径：E:\project\ApiTest\cases\exmple.xlsx
2019-01-18 18:29:59,705 - INFO - 获取用例完毕，共获取用例3条
2019-01-18 18:29:59,705 - INFO - 获取用例完毕，共获取用例3条
2019-01-18 18:29:59,705 - INFO - 获取用例完毕，共获取用例3条
2019-01-18 18:29:59,705 - INFO - 获取用例完毕，共获取用例3条
2019-01-18 18:29:59,705 - INFO - 获取用例完毕，共获取用例3条
2019-01-18 18:29:59,705 - INFO - sql语句错误---->INSERT INTO testCase SET caseDescribe='测试',apiHost='/s5/login.mobile',params='{"phone":"17711794059","code":"123456"}',apiHeaders='{"Server": "nginx", "Date": "Fri, 18 Jan 2019 10:13:31 GMT", "Content-Type": "application/json; charset=utf8", "Transfer-Encoding": "chunked", "Connection": "keep-alive", "Vary": "Accept-Encoding", "Access-Control-Allow-Origin": "*", "Access-Control-Allow-Credentials": "true", "Set-Cookie": "DIS4=8fa3ff82d99342e5b0d266b575251a25; Expires=Sat, 18-Jan-2020 10:13:31 GMT; Max-Age=31536000; Path=/", "X-Diablo-Revision": "1514b76", "X-Hebe-Host": "h1570", "X-Qk-Lb-Overloading-Level": "0", "Content-Encoding": "gzip"}',method='post',relatedApi='',relatedParams='',expect='{"err_msg": "您的手机号未绑定钱咖帐号"}'
2019-01-18 18:29:59,705 - INFO - sql语句错误---->INSERT INTO testCase SET caseDescribe='测试',apiHost='/s5/login.mobile',params='{"phone":"17711794059","code":"123456"}',apiHeaders='{"Server": "nginx", "Date": "Fri, 18 Jan 2019 10:13:31 GMT", "Content-Type": "application/json; charset=utf8", "Transfer-Encoding": "chunked", "Connection": "keep-alive", "Vary": "Accept-Encoding", "Access-Control-Allow-Origin": "*", "Access-Control-Allow-Credentials": "true", "Set-Cookie": "DIS4=8fa3ff82d99342e5b0d266b575251a25; Expires=Sat, 18-Jan-2020 10:13:31 GMT; Max-Age=31536000; Path=/", "X-Diablo-Revision": "1514b76", "X-Hebe-Host": "h1570", "X-Qk-Lb-Overloading-Level": "0", "Content-Encoding": "gzip"}',method='post',relatedApi='',relatedParams='',expect='{"err_msg": "您的手机号未绑定钱咖帐号"}'
2019-01-18 18:29:59,705 - INFO - sql语句错误---->INSERT INTO testCase SET caseDescribe='测试',apiHost='/s5/login.mobile',params='{"phone":"17711794059","code":"123456"}',apiHeaders='{"Server": "nginx", "Date": "Fri, 18 Jan 2019 10:13:31 GMT", "Content-Type": "application/json; charset=utf8", "Transfer-Encoding": "chunked", "Connection": "keep-alive", "Vary": "Accept-Encoding", "Access-Control-Allow-Origin": "*", "Access-Control-Allow-Credentials": "true", "Set-Cookie": "DIS4=8fa3ff82d99342e5b0d266b575251a25; Expires=Sat, 18-Jan-2020 10:13:31 GMT; Max-Age=31536000; Path=/", "X-Diablo-Revision": "1514b76", "X-Hebe-Host": "h1570", "X-Qk-Lb-Overloading-Level": "0", "Content-Encoding": "gzip"}',method='post',relatedApi='',relatedParams='',expect='{"err_msg": "您的手机号未绑定钱咖帐号"}'
2019-01-18 18:29:59,705 - INFO - sql语句错误---->INSERT INTO testCase SET caseDescribe='测试',apiHost='/s5/login.mobile',params='{"phone":"17711794059","code":"123456"}',apiHeaders='{"Server": "nginx", "Date": "Fri, 18 Jan 2019 10:13:31 GMT", "Content-Type": "application/json; charset=utf8", "Transfer-Encoding": "chunked", "Connection": "keep-alive", "Vary": "Accept-Encoding", "Access-Control-Allow-Origin": "*", "Access-Control-Allow-Credentials": "true", "Set-Cookie": "DIS4=8fa3ff82d99342e5b0d266b575251a25; Expires=Sat, 18-Jan-2020 10:13:31 GMT; Max-Age=31536000; Path=/", "X-Diablo-Revision": "1514b76", "X-Hebe-Host": "h1570", "X-Qk-Lb-Overloading-Level": "0", "Content-Encoding": "gzip"}',method='post',relatedApi='',relatedParams='',expect='{"err_msg": "您的手机号未绑定钱咖帐号"}'
2019-01-18 18:29:59,705 - INFO - sql语句错误---->INSERT INTO testCase SET caseDescribe='测试',apiHost='/s5/login.mobile',params='{"phone":"17711794059","code":"123456"}',apiHeaders='{"Server": "nginx", "Date": "Fri, 18 Jan 2019 10:13:31 GMT", "Content-Type": "application/json; charset=utf8", "Transfer-Encoding": "chunked", "Connection": "keep-alive", "Vary": "Accept-Encoding", "Access-Control-Allow-Origin": "*", "Access-Control-Allow-Credentials": "true", "Set-Cookie": "DIS4=8fa3ff82d99342e5b0d266b575251a25; Expires=Sat, 18-Jan-2020 10:13:31 GMT; Max-Age=31536000; Path=/", "X-Diablo-Revision": "1514b76", "X-Hebe-Host": "h1570", "X-Qk-Lb-Overloading-Level": "0", "Content-Encoding": "gzip"}',method='post',relatedApi='',relatedParams='',expect='{"err_msg": "您的手机号未绑定钱咖帐号"}'
2019-01-18 18:30:00,093 - INFO - 正在写入用例执行情况
2019-01-18 18:30:00,093 - INFO - 正在写入用例执行情况
2019-01-18 18:30:00,093 - INFO - 正在写入用例执行情况
2019-01-18 18:30:00,093 - INFO - 正在写入用例执行情况
2019-01-18 18:30:00,093 - INFO - 正在写入用例执行情况
2019-01-18 18:30:00,093 - INFO - 正在写入用例执行情况
2019-01-18 18:30:39,886 - INFO - 用例路径：E:\project\ApiTest\cases\exmple.xlsx
2019-01-18 18:30:39,886 - INFO - 用例路径：E:\project\ApiTest\cases\exmple.xlsx
2019-01-18 18:30:39,886 - INFO - 用例路径：E:\project\ApiTest\cases\exmple.xlsx
2019-01-18 18:30:39,886 - INFO - 用例路径：E:\project\ApiTest\cases\exmple.xlsx
2019-01-18 18:30:39,886 - INFO - 用例路径：E:\project\ApiTest\cases\exmple.xlsx
2019-01-18 18:30:39,886 - INFO - 获取用例完毕，共获取用例3条
2019-01-18 18:30:39,886 - INFO - 获取用例完毕，共获取用例3条
2019-01-18 18:30:39,886 - INFO - 获取用例完毕，共获取用例3条
2019-01-18 18:30:39,886 - INFO - 获取用例完毕，共获取用例3条
2019-01-18 18:30:39,886 - INFO - 获取用例完毕，共获取用例3条
2019-01-18 18:30:39,886 - INFO - sql语句错误---->INSERT INTO testCase SET caseDescribe='测试',apiHost='/s5/login.mobile',params='{"phone":"17711794059","code":"123456"}',apiHeaders='{"Server": "nginx", "Date": "Fri, 18 Jan 2019 10:13:31 GMT", "Content-Type": "application/json; charset=utf8", "Transfer-Encoding": "chunked", "Connection": "keep-alive", "Vary": "Accept-Encoding", "Access-Control-Allow-Origin": "*", "Access-Control-Allow-Credentials": "true", "Set-Cookie": "DIS4=8fa3ff82d99342e5b0d266b575251a25; Expires=Sat, 18-Jan-2020 10:13:31 GMT; Max-Age=31536000; Path=/", "X-Diablo-Revision": "1514b76", "X-Hebe-Host": "h1570", "X-Qk-Lb-Overloading-Level": "0", "Content-Encoding": "gzip"}',method='post',relatedApi='',relatedParams='',expect='{"err_msg": "您的手机号未绑定钱咖帐号"}'
2019-01-18 18:30:39,886 - INFO - sql语句错误---->INSERT INTO testCase SET caseDescribe='测试',apiHost='/s5/login.mobile',params='{"phone":"17711794059","code":"123456"}',apiHeaders='{"Server": "nginx", "Date": "Fri, 18 Jan 2019 10:13:31 GMT", "Content-Type": "application/json; charset=utf8", "Transfer-Encoding": "chunked", "Connection": "keep-alive", "Vary": "Accept-Encoding", "Access-Control-Allow-Origin": "*", "Access-Control-Allow-Credentials": "true", "Set-Cookie": "DIS4=8fa3ff82d99342e5b0d266b575251a25; Expires=Sat, 18-Jan-2020 10:13:31 GMT; Max-Age=31536000; Path=/", "X-Diablo-Revision": "1514b76", "X-Hebe-Host": "h1570", "X-Qk-Lb-Overloading-Level": "0", "Content-Encoding": "gzip"}',method='post',relatedApi='',relatedParams='',expect='{"err_msg": "您的手机号未绑定钱咖帐号"}'
2019-01-18 18:30:39,886 - INFO - sql语句错误---->INSERT INTO testCase SET caseDescribe='测试',apiHost='/s5/login.mobile',params='{"phone":"17711794059","code":"123456"}',apiHeaders='{"Server": "nginx", "Date": "Fri, 18 Jan 2019 10:13:31 GMT", "Content-Type": "application/json; charset=utf8", "Transfer-Encoding": "chunked", "Connection": "keep-alive", "Vary": "Accept-Encoding", "Access-Control-Allow-Origin": "*", "Access-Control-Allow-Credentials": "true", "Set-Cookie": "DIS4=8fa3ff82d99342e5b0d266b575251a25; Expires=Sat, 18-Jan-2020 10:13:31 GMT; Max-Age=31536000; Path=/", "X-Diablo-Revision": "1514b76", "X-Hebe-Host": "h1570", "X-Qk-Lb-Overloading-Level": "0", "Content-Encoding": "gzip"}',method='post',relatedApi='',relatedParams='',expect='{"err_msg": "您的手机号未绑定钱咖帐号"}'
2019-01-18 18:30:39,886 - INFO - sql语句错误---->INSERT INTO testCase SET caseDescribe='测试',apiHost='/s5/login.mobile',params='{"phone":"17711794059","code":"123456"}',apiHeaders='{"Server": "nginx", "Date": "Fri, 18 Jan 2019 10:13:31 GMT", "Content-Type": "application/json; charset=utf8", "Transfer-Encoding": "chunked", "Connection": "keep-alive", "Vary": "Accept-Encoding", "Access-Control-Allow-Origin": "*", "Access-Control-Allow-Credentials": "true", "Set-Cookie": "DIS4=8fa3ff82d99342e5b0d266b575251a25; Expires=Sat, 18-Jan-2020 10:13:31 GMT; Max-Age=31536000; Path=/", "X-Diablo-Revision": "1514b76", "X-Hebe-Host": "h1570", "X-Qk-Lb-Overloading-Level": "0", "Content-Encoding": "gzip"}',method='post',relatedApi='',relatedParams='',expect='{"err_msg": "您的手机号未绑定钱咖帐号"}'
2019-01-18 18:30:39,886 - INFO - sql语句错误---->INSERT INTO testCase SET caseDescribe='测试',apiHost='/s5/login.mobile',params='{"phone":"17711794059","code":"123456"}',apiHeaders='{"Server": "nginx", "Date": "Fri, 18 Jan 2019 10:13:31 GMT", "Content-Type": "application/json; charset=utf8", "Transfer-Encoding": "chunked", "Connection": "keep-alive", "Vary": "Accept-Encoding", "Access-Control-Allow-Origin": "*", "Access-Control-Allow-Credentials": "true", "Set-Cookie": "DIS4=8fa3ff82d99342e5b0d266b575251a25; Expires=Sat, 18-Jan-2020 10:13:31 GMT; Max-Age=31536000; Path=/", "X-Diablo-Revision": "1514b76", "X-Hebe-Host": "h1570", "X-Qk-Lb-Overloading-Level": "0", "Content-Encoding": "gzip"}',method='post',relatedApi='',relatedParams='',expect='{"err_msg": "您的手机号未绑定钱咖帐号"}'
2019-01-18 18:30:40,293 - INFO - 正在写入用例执行情况
2019-01-18 18:30:40,293 - INFO - 正在写入用例执行情况
2019-01-18 18:30:40,293 - INFO - 正在写入用例执行情况
2019-01-18 18:30:40,293 - INFO - 正在写入用例执行情况
2019-01-18 18:30:40,293 - INFO - 正在写入用例执行情况
2019-01-18 18:30:40,293 - INFO - 正在写入用例执行情况
2019-01-18 18:32:32,595 - INFO - 用例路径：E:\project\ApiTest\cases\exmple.xlsx
2019-01-18 18:32:32,595 - INFO - 用例路径：E:\project\ApiTest\cases\exmple.xlsx
2019-01-18 18:32:32,595 - INFO - 用例路径：E:\project\ApiTest\cases\exmple.xlsx
2019-01-18 18:32:32,595 - INFO - 用例路径：E:\project\ApiTest\cases\exmple.xlsx
2019-01-18 18:32:32,595 - INFO - 用例路径：E:\project\ApiTest\cases\exmple.xlsx
2019-01-18 18:32:32,596 - INFO - 获取用例完毕，共获取用例3条
2019-01-18 18:32:32,596 - INFO - 获取用例完毕，共获取用例3条
2019-01-18 18:32:32,596 - INFO - 获取用例完毕，共获取用例3条
2019-01-18 18:32:32,596 - INFO - 获取用例完毕，共获取用例3条
2019-01-18 18:32:32,596 - INFO - 获取用例完毕，共获取用例3条
2019-01-18 18:32:32,597 - INFO - sql语句错误---->INSERT INTO testCase SET caseDescribe='测试',apiHost='/s5/login.mobile',params='{"phone":"17711794059","code":"123456"}',apiHeaders='{"Server": "nginx", "Date": "Fri, 18 Jan 2019 10:13:31 GMT", "Content-Type": "application/json; charset=utf8", "Transfer-Encoding": "chunked", "Connection": "keep-alive", "Vary": "Accept-Encoding", "Access-Control-Allow-Origin": "*", "Access-Control-Allow-Credentials": "true", "Set-Cookie": "DIS4=8fa3ff82d99342e5b0d266b575251a25; Expires=Sat, 18-Jan-2020 10:13:31 GMT; Max-Age=31536000; Path=/", "X-Diablo-Revision": "1514b76", "X-Hebe-Host": "h1570", "X-Qk-Lb-Overloading-Level": "0", "Content-Encoding": "gzip"}',method='post',relatedApi='',relatedParams='',expect='{"err_msg": "您的手机号未绑定钱咖帐号"}'
2019-01-18 18:32:32,597 - INFO - sql语句错误---->INSERT INTO testCase SET caseDescribe='测试',apiHost='/s5/login.mobile',params='{"phone":"17711794059","code":"123456"}',apiHeaders='{"Server": "nginx", "Date": "Fri, 18 Jan 2019 10:13:31 GMT", "Content-Type": "application/json; charset=utf8", "Transfer-Encoding": "chunked", "Connection": "keep-alive", "Vary": "Accept-Encoding", "Access-Control-Allow-Origin": "*", "Access-Control-Allow-Credentials": "true", "Set-Cookie": "DIS4=8fa3ff82d99342e5b0d266b575251a25; Expires=Sat, 18-Jan-2020 10:13:31 GMT; Max-Age=31536000; Path=/", "X-Diablo-Revision": "1514b76", "X-Hebe-Host": "h1570", "X-Qk-Lb-Overloading-Level": "0", "Content-Encoding": "gzip"}',method='post',relatedApi='',relatedParams='',expect='{"err_msg": "您的手机号未绑定钱咖帐号"}'
2019-01-18 18:32:32,597 - INFO - sql语句错误---->INSERT INTO testCase SET caseDescribe='测试',apiHost='/s5/login.mobile',params='{"phone":"17711794059","code":"123456"}',apiHeaders='{"Server": "nginx", "Date": "Fri, 18 Jan 2019 10:13:31 GMT", "Content-Type": "application/json; charset=utf8", "Transfer-Encoding": "chunked", "Connection": "keep-alive", "Vary": "Accept-Encoding", "Access-Control-Allow-Origin": "*", "Access-Control-Allow-Credentials": "true", "Set-Cookie": "DIS4=8fa3ff82d99342e5b0d266b575251a25; Expires=Sat, 18-Jan-2020 10:13:31 GMT; Max-Age=31536000; Path=/", "X-Diablo-Revision": "1514b76", "X-Hebe-Host": "h1570", "X-Qk-Lb-Overloading-Level": "0", "Content-Encoding": "gzip"}',method='post',relatedApi='',relatedParams='',expect='{"err_msg": "您的手机号未绑定钱咖帐号"}'
2019-01-18 18:32:32,597 - INFO - sql语句错误---->INSERT INTO testCase SET caseDescribe='测试',apiHost='/s5/login.mobile',params='{"phone":"17711794059","code":"123456"}',apiHeaders='{"Server": "nginx", "Date": "Fri, 18 Jan 2019 10:13:31 GMT", "Content-Type": "application/json; charset=utf8", "Transfer-Encoding": "chunked", "Connection": "keep-alive", "Vary": "Accept-Encoding", "Access-Control-Allow-Origin": "*", "Access-Control-Allow-Credentials": "true", "Set-Cookie": "DIS4=8fa3ff82d99342e5b0d266b575251a25; Expires=Sat, 18-Jan-2020 10:13:31 GMT; Max-Age=31536000; Path=/", "X-Diablo-Revision": "1514b76", "X-Hebe-Host": "h1570", "X-Qk-Lb-Overloading-Level": "0", "Content-Encoding": "gzip"}',method='post',relatedApi='',relatedParams='',expect='{"err_msg": "您的手机号未绑定钱咖帐号"}'
2019-01-18 18:32:32,597 - INFO - sql语句错误---->INSERT INTO testCase SET caseDescribe='测试',apiHost='/s5/login.mobile',params='{"phone":"17711794059","code":"123456"}',apiHeaders='{"Server": "nginx", "Date": "Fri, 18 Jan 2019 10:13:31 GMT", "Content-Type": "application/json; charset=utf8", "Transfer-Encoding": "chunked", "Connection": "keep-alive", "Vary": "Accept-Encoding", "Access-Control-Allow-Origin": "*", "Access-Control-Allow-Credentials": "true", "Set-Cookie": "DIS4=8fa3ff82d99342e5b0d266b575251a25; Expires=Sat, 18-Jan-2020 10:13:31 GMT; Max-Age=31536000; Path=/", "X-Diablo-Revision": "1514b76", "X-Hebe-Host": "h1570", "X-Qk-Lb-Overloading-Level": "0", "Content-Encoding": "gzip"}',method='post',relatedApi='',relatedParams='',expect='{"err_msg": "您的手机号未绑定钱咖帐号"}'
2019-01-18 18:32:33,062 - INFO - 正在写入用例执行情况
2019-01-18 18:32:33,062 - INFO - 正在写入用例执行情况
2019-01-18 18:32:33,062 - INFO - 正在写入用例执行情况
2019-01-18 18:32:33,062 - INFO - 正在写入用例执行情况
2019-01-18 18:32:33,062 - INFO - 正在写入用例执行情况
2019-01-18 18:32:33,062 - INFO - 正在写入用例执行情况
