2019-01-21 09:41:24,889 - INFO - 用例路径：E:\project\ApiTest\cases\exmple.xlsx
2019-01-21 09:41:24,889 - INFO - 用例路径：E:\project\ApiTest\cases\exmple.xlsx
2019-01-21 09:41:24,890 - INFO - 获取用例完毕，共获取用例3条
2019-01-21 09:41:24,890 - INFO - 获取用例完毕，共获取用例3条
2019-01-21 09:47:11,027 - INFO - 用例路径：E:\project\ApiTest\cases\exmple.xlsx
2019-01-21 09:47:11,027 - INFO - 用例路径：E:\project\ApiTest\cases\exmple.xlsx
2019-01-21 09:47:11,027 - INFO - 用例路径：E:\project\ApiTest\cases\exmple.xlsx
2019-01-21 09:47:11,027 - INFO - 用例路径：E:\project\ApiTest\cases\exmple.xlsx
2019-01-21 09:47:11,027 - INFO - 用例路径：E:\project\ApiTest\cases\exmple.xlsx
2019-01-21 09:47:11,028 - INFO - 获取用例完毕，共获取用例3条
2019-01-21 09:47:11,028 - INFO - 获取用例完毕，共获取用例3条
2019-01-21 09:47:11,028 - INFO - 获取用例完毕，共获取用例3条
2019-01-21 09:47:11,028 - INFO - 获取用例完毕，共获取用例3条
2019-01-21 09:47:11,028 - INFO - 获取用例完毕，共获取用例3条
2019-01-21 09:47:11,029 - INFO - sql语句错误---->INSERT INTO testCase SET caseDescribe='测试',apiHost='/s5/login.mobile',params='{"phone":"17711794059","code":"123456"}',apiHeaders='{"Server": "nginx", "Date": "Fri, 18 Jan 2019 10:13:31 GMT", "Content-Type": "application/json; charset=utf8", "Transfer-Encoding": "chunked", "Connection": "keep-alive", "Vary": "Accept-Encoding", "Access-Control-Allow-Origin": "*", "Access-Control-Allow-Credentials": "true", "Set-Cookie": "DIS4=8fa3ff82d99342e5b0d266b575251a25; Expires=Sat, 18-Jan-2020 10:13:31 GMT; Max-Age=31536000; Path=/", "X-Diablo-Revision": "1514b76", "X-Hebe-Host": "h1570", "X-Qk-Lb-Overloading-Level": "0", "Content-Encoding": "gzip"}',method='post',relatedApi='',relatedParams='',expect='{"err_msg": "您的手机号未绑定钱咖帐号"}'
2019-01-21 09:47:11,029 - INFO - sql语句错误---->INSERT INTO testCase SET caseDescribe='测试',apiHost='/s5/login.mobile',params='{"phone":"17711794059","code":"123456"}',apiHeaders='{"Server": "nginx", "Date": "Fri, 18 Jan 2019 10:13:31 GMT", "Content-Type": "application/json; charset=utf8", "Transfer-Encoding": "chunked", "Connection": "keep-alive", "Vary": "Accept-Encoding", "Access-Control-Allow-Origin": "*", "Access-Control-Allow-Credentials": "true", "Set-Cookie": "DIS4=8fa3ff82d99342e5b0d266b575251a25; Expires=Sat, 18-Jan-2020 10:13:31 GMT; Max-Age=31536000; Path=/", "X-Diablo-Revision": "1514b76", "X-Hebe-Host": "h1570", "X-Qk-Lb-Overloading-Level": "0", "Content-Encoding": "gzip"}',method='post',relatedApi='',relatedParams='',expect='{"err_msg": "您的手机号未绑定钱咖帐号"}'
2019-01-21 09:47:11,029 - INFO - sql语句错误---->INSERT INTO testCase SET caseDescribe='测试',apiHost='/s5/login.mobile',params='{"phone":"17711794059","code":"123456"}',apiHeaders='{"Server": "nginx", "Date": "Fri, 18 Jan 2019 10:13:31 GMT", "Content-Type": "application/json; charset=utf8", "Transfer-Encoding": "chunked", "Connection": "keep-alive", "Vary": "Accept-Encoding", "Access-Control-Allow-Origin": "*", "Access-Control-Allow-Credentials": "true", "Set-Cookie": "DIS4=8fa3ff82d99342e5b0d266b575251a25; Expires=Sat, 18-Jan-2020 10:13:31 GMT; Max-Age=31536000; Path=/", "X-Diablo-Revision": "1514b76", "X-Hebe-Host": "h1570", "X-Qk-Lb-Overloading-Level": "0", "Content-Encoding": "gzip"}',method='post',relatedApi='',relatedParams='',expect='{"err_msg": "您的手机号未绑定钱咖帐号"}'
2019-01-21 09:47:11,029 - INFO - sql语句错误---->INSERT INTO testCase SET caseDescribe='测试',apiHost='/s5/login.mobile',params='{"phone":"17711794059","code":"123456"}',apiHeaders='{"Server": "nginx", "Date": "Fri, 18 Jan 2019 10:13:31 GMT", "Content-Type": "application/json; charset=utf8", "Transfer-Encoding": "chunked", "Connection": "keep-alive", "Vary": "Accept-Encoding", "Access-Control-Allow-Origin": "*", "Access-Control-Allow-Credentials": "true", "Set-Cookie": "DIS4=8fa3ff82d99342e5b0d266b575251a25; Expires=Sat, 18-Jan-2020 10:13:31 GMT; Max-Age=31536000; Path=/", "X-Diablo-Revision": "1514b76", "X-Hebe-Host": "h1570", "X-Qk-Lb-Overloading-Level": "0", "Content-Encoding": "gzip"}',method='post',relatedApi='',relatedParams='',expect='{"err_msg": "您的手机号未绑定钱咖帐号"}'
2019-01-21 09:47:11,029 - INFO - sql语句错误---->INSERT INTO testCase SET caseDescribe='测试',apiHost='/s5/login.mobile',params='{"phone":"17711794059","code":"123456"}',apiHeaders='{"Server": "nginx", "Date": "Fri, 18 Jan 2019 10:13:31 GMT", "Content-Type": "application/json; charset=utf8", "Transfer-Encoding": "chunked", "Connection": "keep-alive", "Vary": "Accept-Encoding", "Access-Control-Allow-Origin": "*", "Access-Control-Allow-Credentials": "true", "Set-Cookie": "DIS4=8fa3ff82d99342e5b0d266b575251a25; Expires=Sat, 18-Jan-2020 10:13:31 GMT; Max-Age=31536000; Path=/", "X-Diablo-Revision": "1514b76", "X-Hebe-Host": "h1570", "X-Qk-Lb-Overloading-Level": "0", "Content-Encoding": "gzip"}',method='post',relatedApi='',relatedParams='',expect='{"err_msg": "您的手机号未绑定钱咖帐号"}'
2019-01-21 09:49:57,478 - INFO - 用例路径：E:\project\ApiTest\cases\exmple.xlsx
2019-01-21 09:49:57,478 - INFO - 用例路径：E:\project\ApiTest\cases\exmple.xlsx
2019-01-21 09:49:57,478 - INFO - 用例路径：E:\project\ApiTest\cases\exmple.xlsx
2019-01-21 09:49:57,478 - INFO - 用例路径：E:\project\ApiTest\cases\exmple.xlsx
2019-01-21 09:49:57,478 - INFO - 用例路径：E:\project\ApiTest\cases\exmple.xlsx
2019-01-21 09:49:57,479 - INFO - 获取用例完毕，共获取用例3条
2019-01-21 09:49:57,479 - INFO - 获取用例完毕，共获取用例3条
2019-01-21 09:49:57,479 - INFO - 获取用例完毕，共获取用例3条
2019-01-21 09:49:57,479 - INFO - 获取用例完毕，共获取用例3条
2019-01-21 09:49:57,479 - INFO - 获取用例完毕，共获取用例3条
2019-01-21 09:49:57,479 - INFO - sql语句错误---->INSERT INTO testCase SET caseDescribe='测试',apiHost='/s5/login.mobile',params='{"phone":"17711794059","code":"123456"}',apiHeaders='{"Server": "nginx", "Date": "Fri, 18 Jan 2019 10:13:31 GMT", "Content-Type": "application/json; charset=utf8", "Transfer-Encoding": "chunked", "Connection": "keep-alive", "Vary": "Accept-Encoding", "Access-Control-Allow-Origin": "*", "Access-Control-Allow-Credentials": "true", "Set-Cookie": "DIS4=8fa3ff82d99342e5b0d266b575251a25; Expires=Sat, 18-Jan-2020 10:13:31 GMT; Max-Age=31536000; Path=/", "X-Diablo-Revision": "1514b76", "X-Hebe-Host": "h1570", "X-Qk-Lb-Overloading-Level": "0", "Content-Encoding": "gzip"}',method='post',relatedApi='',relatedParams='',expect='{"err_msg": "您的手机号未绑定钱咖帐号"}'
2019-01-21 09:49:57,479 - INFO - sql语句错误---->INSERT INTO testCase SET caseDescribe='测试',apiHost='/s5/login.mobile',params='{"phone":"17711794059","code":"123456"}',apiHeaders='{"Server": "nginx", "Date": "Fri, 18 Jan 2019 10:13:31 GMT", "Content-Type": "application/json; charset=utf8", "Transfer-Encoding": "chunked", "Connection": "keep-alive", "Vary": "Accept-Encoding", "Access-Control-Allow-Origin": "*", "Access-Control-Allow-Credentials": "true", "Set-Cookie": "DIS4=8fa3ff82d99342e5b0d266b575251a25; Expires=Sat, 18-Jan-2020 10:13:31 GMT; Max-Age=31536000; Path=/", "X-Diablo-Revision": "1514b76", "X-Hebe-Host": "h1570", "X-Qk-Lb-Overloading-Level": "0", "Content-Encoding": "gzip"}',method='post',relatedApi='',relatedParams='',expect='{"err_msg": "您的手机号未绑定钱咖帐号"}'
2019-01-21 09:49:57,479 - INFO - sql语句错误---->INSERT INTO testCase SET caseDescribe='测试',apiHost='/s5/login.mobile',params='{"phone":"17711794059","code":"123456"}',apiHeaders='{"Server": "nginx", "Date": "Fri, 18 Jan 2019 10:13:31 GMT", "Content-Type": "application/json; charset=utf8", "Transfer-Encoding": "chunked", "Connection": "keep-alive", "Vary": "Accept-Encoding", "Access-Control-Allow-Origin": "*", "Access-Control-Allow-Credentials": "true", "Set-Cookie": "DIS4=8fa3ff82d99342e5b0d266b575251a25; Expires=Sat, 18-Jan-2020 10:13:31 GMT; Max-Age=31536000; Path=/", "X-Diablo-Revision": "1514b76", "X-Hebe-Host": "h1570", "X-Qk-Lb-Overloading-Level": "0", "Content-Encoding": "gzip"}',method='post',relatedApi='',relatedParams='',expect='{"err_msg": "您的手机号未绑定钱咖帐号"}'
2019-01-21 09:49:57,479 - INFO - sql语句错误---->INSERT INTO testCase SET caseDescribe='测试',apiHost='/s5/login.mobile',params='{"phone":"17711794059","code":"123456"}',apiHeaders='{"Server": "nginx", "Date": "Fri, 18 Jan 2019 10:13:31 GMT", "Content-Type": "application/json; charset=utf8", "Transfer-Encoding": "chunked", "Connection": "keep-alive", "Vary": "Accept-Encoding", "Access-Control-Allow-Origin": "*", "Access-Control-Allow-Credentials": "true", "Set-Cookie": "DIS4=8fa3ff82d99342e5b0d266b575251a25; Expires=Sat, 18-Jan-2020 10:13:31 GMT; Max-Age=31536000; Path=/", "X-Diablo-Revision": "1514b76", "X-Hebe-Host": "h1570", "X-Qk-Lb-Overloading-Level": "0", "Content-Encoding": "gzip"}',method='post',relatedApi='',relatedParams='',expect='{"err_msg": "您的手机号未绑定钱咖帐号"}'
2019-01-21 09:49:57,479 - INFO - sql语句错误---->INSERT INTO testCase SET caseDescribe='测试',apiHost='/s5/login.mobile',params='{"phone":"17711794059","code":"123456"}',apiHeaders='{"Server": "nginx", "Date": "Fri, 18 Jan 2019 10:13:31 GMT", "Content-Type": "application/json; charset=utf8", "Transfer-Encoding": "chunked", "Connection": "keep-alive", "Vary": "Accept-Encoding", "Access-Control-Allow-Origin": "*", "Access-Control-Allow-Credentials": "true", "Set-Cookie": "DIS4=8fa3ff82d99342e5b0d266b575251a25; Expires=Sat, 18-Jan-2020 10:13:31 GMT; Max-Age=31536000; Path=/", "X-Diablo-Revision": "1514b76", "X-Hebe-Host": "h1570", "X-Qk-Lb-Overloading-Level": "0", "Content-Encoding": "gzip"}',method='post',relatedApi='',relatedParams='',expect='{"err_msg": "您的手机号未绑定钱咖帐号"}'
2019-01-21 09:49:57,894 - INFO - 正在写入用例执行情况
2019-01-21 09:49:57,894 - INFO - 正在写入用例执行情况
2019-01-21 09:49:57,894 - INFO - 正在写入用例执行情况
2019-01-21 09:49:57,894 - INFO - 正在写入用例执行情况
2019-01-21 09:49:57,894 - INFO - 正在写入用例执行情况
2019-01-21 09:49:57,894 - INFO - 正在写入用例执行情况
2019-01-21 09:53:40,731 - INFO - 用例路径：E:\project\ApiTest\cases\exmple.xlsx
2019-01-21 09:53:40,731 - INFO - 用例路径：E:\project\ApiTest\cases\exmple.xlsx
2019-01-21 09:53:40,731 - INFO - 用例路径：E:\project\ApiTest\cases\exmple.xlsx
2019-01-21 09:53:40,731 - INFO - 用例路径：E:\project\ApiTest\cases\exmple.xlsx
2019-01-21 09:53:40,731 - INFO - 用例路径：E:\project\ApiTest\cases\exmple.xlsx
2019-01-21 09:53:40,732 - INFO - 获取用例完毕，共获取用例3条
2019-01-21 09:53:40,732 - INFO - 获取用例完毕，共获取用例3条
2019-01-21 09:53:40,732 - INFO - 获取用例完毕，共获取用例3条
2019-01-21 09:53:40,732 - INFO - 获取用例完毕，共获取用例3条
2019-01-21 09:53:40,732 - INFO - 获取用例完毕，共获取用例3条
2019-01-21 09:53:40,732 - INFO - sql语句错误---->INSERT INTO testCase SET caseDescribe='测试',apiHost='/s5/login.mobile',params='{"phone":"17711794059","code":"123456"}',apiHeaders='{"Server": "nginx", "Date": "Fri, 18 Jan 2019 10:13:31 GMT", "Content-Type": "application/json; charset=utf8", "Transfer-Encoding": "chunked", "Connection": "keep-alive", "Vary": "Accept-Encoding", "Access-Control-Allow-Origin": "*", "Access-Control-Allow-Credentials": "true", "Set-Cookie": "DIS4=8fa3ff82d99342e5b0d266b575251a25; Expires=Sat, 18-Jan-2020 10:13:31 GMT; Max-Age=31536000; Path=/", "X-Diablo-Revision": "1514b76", "X-Hebe-Host": "h1570", "X-Qk-Lb-Overloading-Level": "0", "Content-Encoding": "gzip"}',method='post',relatedApi='',relatedParams='',expect='{"err_msg": "您的手机号未绑定钱咖帐号"}'
2019-01-21 09:53:40,732 - INFO - sql语句错误---->INSERT INTO testCase SET caseDescribe='测试',apiHost='/s5/login.mobile',params='{"phone":"17711794059","code":"123456"}',apiHeaders='{"Server": "nginx", "Date": "Fri, 18 Jan 2019 10:13:31 GMT", "Content-Type": "application/json; charset=utf8", "Transfer-Encoding": "chunked", "Connection": "keep-alive", "Vary": "Accept-Encoding", "Access-Control-Allow-Origin": "*", "Access-Control-Allow-Credentials": "true", "Set-Cookie": "DIS4=8fa3ff82d99342e5b0d266b575251a25; Expires=Sat, 18-Jan-2020 10:13:31 GMT; Max-Age=31536000; Path=/", "X-Diablo-Revision": "1514b76", "X-Hebe-Host": "h1570", "X-Qk-Lb-Overloading-Level": "0", "Content-Encoding": "gzip"}',method='post',relatedApi='',relatedParams='',expect='{"err_msg": "您的手机号未绑定钱咖帐号"}'
2019-01-21 09:53:40,732 - INFO - sql语句错误---->INSERT INTO testCase SET caseDescribe='测试',apiHost='/s5/login.mobile',params='{"phone":"17711794059","code":"123456"}',apiHeaders='{"Server": "nginx", "Date": "Fri, 18 Jan 2019 10:13:31 GMT", "Content-Type": "application/json; charset=utf8", "Transfer-Encoding": "chunked", "Connection": "keep-alive", "Vary": "Accept-Encoding", "Access-Control-Allow-Origin": "*", "Access-Control-Allow-Credentials": "true", "Set-Cookie": "DIS4=8fa3ff82d99342e5b0d266b575251a25; Expires=Sat, 18-Jan-2020 10:13:31 GMT; Max-Age=31536000; Path=/", "X-Diablo-Revision": "1514b76", "X-Hebe-Host": "h1570", "X-Qk-Lb-Overloading-Level": "0", "Content-Encoding": "gzip"}',method='post',relatedApi='',relatedParams='',expect='{"err_msg": "您的手机号未绑定钱咖帐号"}'
2019-01-21 09:53:40,732 - INFO - sql语句错误---->INSERT INTO testCase SET caseDescribe='测试',apiHost='/s5/login.mobile',params='{"phone":"17711794059","code":"123456"}',apiHeaders='{"Server": "nginx", "Date": "Fri, 18 Jan 2019 10:13:31 GMT", "Content-Type": "application/json; charset=utf8", "Transfer-Encoding": "chunked", "Connection": "keep-alive", "Vary": "Accept-Encoding", "Access-Control-Allow-Origin": "*", "Access-Control-Allow-Credentials": "true", "Set-Cookie": "DIS4=8fa3ff82d99342e5b0d266b575251a25; Expires=Sat, 18-Jan-2020 10:13:31 GMT; Max-Age=31536000; Path=/", "X-Diablo-Revision": "1514b76", "X-Hebe-Host": "h1570", "X-Qk-Lb-Overloading-Level": "0", "Content-Encoding": "gzip"}',method='post',relatedApi='',relatedParams='',expect='{"err_msg": "您的手机号未绑定钱咖帐号"}'
2019-01-21 09:53:40,732 - INFO - sql语句错误---->INSERT INTO testCase SET caseDescribe='测试',apiHost='/s5/login.mobile',params='{"phone":"17711794059","code":"123456"}',apiHeaders='{"Server": "nginx", "Date": "Fri, 18 Jan 2019 10:13:31 GMT", "Content-Type": "application/json; charset=utf8", "Transfer-Encoding": "chunked", "Connection": "keep-alive", "Vary": "Accept-Encoding", "Access-Control-Allow-Origin": "*", "Access-Control-Allow-Credentials": "true", "Set-Cookie": "DIS4=8fa3ff82d99342e5b0d266b575251a25; Expires=Sat, 18-Jan-2020 10:13:31 GMT; Max-Age=31536000; Path=/", "X-Diablo-Revision": "1514b76", "X-Hebe-Host": "h1570", "X-Qk-Lb-Overloading-Level": "0", "Content-Encoding": "gzip"}',method='post',relatedApi='',relatedParams='',expect='{"err_msg": "您的手机号未绑定钱咖帐号"}'
2019-01-21 09:53:41,454 - INFO - 正在写入用例执行情况
2019-01-21 09:53:41,454 - INFO - 正在写入用例执行情况
2019-01-21 09:53:41,454 - INFO - 正在写入用例执行情况
2019-01-21 09:53:41,454 - INFO - 正在写入用例执行情况
2019-01-21 09:53:41,454 - INFO - 正在写入用例执行情况
2019-01-21 09:53:41,454 - INFO - 正在写入用例执行情况
2019-01-21 09:55:28,053 - INFO - 用例路径：E:\project\ApiTest\cases\exmple.xlsx
2019-01-21 09:55:28,053 - INFO - 用例路径：E:\project\ApiTest\cases\exmple.xlsx
2019-01-21 09:55:28,053 - INFO - 获取用例完毕，共获取用例3条
2019-01-21 09:55:28,053 - INFO - 获取用例完毕，共获取用例3条
2019-01-21 09:57:04,394 - INFO - 用例路径：E:\project\ApiTest\cases\exmple.xlsx
2019-01-21 09:57:04,394 - INFO - 用例路径：E:\project\ApiTest\cases\exmple.xlsx
2019-01-21 09:57:04,395 - INFO - 获取用例完毕，共获取用例3条
2019-01-21 09:57:04,395 - INFO - 获取用例完毕，共获取用例3条
2019-01-21 09:58:13,719 - INFO - 用例路径：E:\project\ApiTest\cases\exmple.xlsx
2019-01-21 09:58:13,719 - INFO - 用例路径：E:\project\ApiTest\cases\exmple.xlsx
2019-01-21 10:04:30,607 - INFO - 用例路径：E:\project\ApiTest\cases\exmple.xlsx
2019-01-21 10:04:30,607 - INFO - 用例路径：E:\project\ApiTest\cases\exmple.xlsx
2019-01-21 10:06:02,227 - INFO - 用例路径：E:\project\ApiTest\cases\exmple.xlsx
2019-01-21 10:06:02,227 - INFO - 用例路径：E:\project\ApiTest\cases\exmple.xlsx
2019-01-21 10:06:02,227 - INFO - 获取用例完毕，共获取用例3条
2019-01-21 10:06:02,227 - INFO - 获取用例完毕，共获取用例3条
2019-01-21 10:06:45,455 - INFO - 用例路径：E:\project\ApiTest\cases\exmple.xlsx
2019-01-21 10:06:45,455 - INFO - 用例路径：E:\project\ApiTest\cases\exmple.xlsx
2019-01-21 10:06:45,456 - INFO - 获取用例完毕，共获取用例4条
2019-01-21 10:06:45,456 - INFO - 获取用例完毕，共获取用例4条
2019-01-21 10:06:53,898 - INFO - 用例路径：E:\project\ApiTest\cases\exmple.xlsx
2019-01-21 10:06:53,898 - INFO - 用例路径：E:\project\ApiTest\cases\exmple.xlsx
2019-01-21 10:06:53,898 - INFO - 用例路径：E:\project\ApiTest\cases\exmple.xlsx
2019-01-21 10:06:53,898 - INFO - 用例路径：E:\project\ApiTest\cases\exmple.xlsx
2019-01-21 10:06:53,898 - INFO - 用例路径：E:\project\ApiTest\cases\exmple.xlsx
2019-01-21 10:06:53,898 - INFO - 获取用例完毕，共获取用例4条
2019-01-21 10:06:53,898 - INFO - 获取用例完毕，共获取用例4条
2019-01-21 10:06:53,898 - INFO - 获取用例完毕，共获取用例4条
2019-01-21 10:06:53,898 - INFO - 获取用例完毕，共获取用例4条
2019-01-21 10:06:53,898 - INFO - 获取用例完毕，共获取用例4条
2019-01-21 10:06:53,899 - INFO - sql语句错误---->INSERT INTO testCase SET caseDescribe='测试',apiHost='/s5/login.mobile',params='{"phone":"17711794059","code":"123456"}',apiHeaders='{"Server": "nginx", "Date": "Fri, 18 Jan 2019 10:13:31 GMT", "Content-Type": "application/json; charset=utf8", "Transfer-Encoding": "chunked", "Connection": "keep-alive", "Vary": "Accept-Encoding", "Access-Control-Allow-Origin": "*", "Access-Control-Allow-Credentials": "true", "Set-Cookie": "DIS4=8fa3ff82d99342e5b0d266b575251a25; Expires=Sat, 18-Jan-2020 10:13:31 GMT; Max-Age=31536000; Path=/", "X-Diablo-Revision": "1514b76", "X-Hebe-Host": "h1570", "X-Qk-Lb-Overloading-Level": "0", "Content-Encoding": "gzip"}',method='post',relatedApi='',relatedParams='',expect='{"err_code": "10001", "err_msg": "您的手机号未绑定钱咖帐号"}'
2019-01-21 10:06:53,899 - INFO - sql语句错误---->INSERT INTO testCase SET caseDescribe='测试',apiHost='/s5/login.mobile',params='{"phone":"17711794059","code":"123456"}',apiHeaders='{"Server": "nginx", "Date": "Fri, 18 Jan 2019 10:13:31 GMT", "Content-Type": "application/json; charset=utf8", "Transfer-Encoding": "chunked", "Connection": "keep-alive", "Vary": "Accept-Encoding", "Access-Control-Allow-Origin": "*", "Access-Control-Allow-Credentials": "true", "Set-Cookie": "DIS4=8fa3ff82d99342e5b0d266b575251a25; Expires=Sat, 18-Jan-2020 10:13:31 GMT; Max-Age=31536000; Path=/", "X-Diablo-Revision": "1514b76", "X-Hebe-Host": "h1570", "X-Qk-Lb-Overloading-Level": "0", "Content-Encoding": "gzip"}',method='post',relatedApi='',relatedParams='',expect='{"err_code": "10001", "err_msg": "您的手机号未绑定钱咖帐号"}'
2019-01-21 10:06:53,899 - INFO - sql语句错误---->INSERT INTO testCase SET caseDescribe='测试',apiHost='/s5/login.mobile',params='{"phone":"17711794059","code":"123456"}',apiHeaders='{"Server": "nginx", "Date": "Fri, 18 Jan 2019 10:13:31 GMT", "Content-Type": "application/json; charset=utf8", "Transfer-Encoding": "chunked", "Connection": "keep-alive", "Vary": "Accept-Encoding", "Access-Control-Allow-Origin": "*", "Access-Control-Allow-Credentials": "true", "Set-Cookie": "DIS4=8fa3ff82d99342e5b0d266b575251a25; Expires=Sat, 18-Jan-2020 10:13:31 GMT; Max-Age=31536000; Path=/", "X-Diablo-Revision": "1514b76", "X-Hebe-Host": "h1570", "X-Qk-Lb-Overloading-Level": "0", "Content-Encoding": "gzip"}',method='post',relatedApi='',relatedParams='',expect='{"err_code": "10001", "err_msg": "您的手机号未绑定钱咖帐号"}'
2019-01-21 10:06:53,899 - INFO - sql语句错误---->INSERT INTO testCase SET caseDescribe='测试',apiHost='/s5/login.mobile',params='{"phone":"17711794059","code":"123456"}',apiHeaders='{"Server": "nginx", "Date": "Fri, 18 Jan 2019 10:13:31 GMT", "Content-Type": "application/json; charset=utf8", "Transfer-Encoding": "chunked", "Connection": "keep-alive", "Vary": "Accept-Encoding", "Access-Control-Allow-Origin": "*", "Access-Control-Allow-Credentials": "true", "Set-Cookie": "DIS4=8fa3ff82d99342e5b0d266b575251a25; Expires=Sat, 18-Jan-2020 10:13:31 GMT; Max-Age=31536000; Path=/", "X-Diablo-Revision": "1514b76", "X-Hebe-Host": "h1570", "X-Qk-Lb-Overloading-Level": "0", "Content-Encoding": "gzip"}',method='post',relatedApi='',relatedParams='',expect='{"err_code": "10001", "err_msg": "您的手机号未绑定钱咖帐号"}'
2019-01-21 10:06:53,899 - INFO - sql语句错误---->INSERT INTO testCase SET caseDescribe='测试',apiHost='/s5/login.mobile',params='{"phone":"17711794059","code":"123456"}',apiHeaders='{"Server": "nginx", "Date": "Fri, 18 Jan 2019 10:13:31 GMT", "Content-Type": "application/json; charset=utf8", "Transfer-Encoding": "chunked", "Connection": "keep-alive", "Vary": "Accept-Encoding", "Access-Control-Allow-Origin": "*", "Access-Control-Allow-Credentials": "true", "Set-Cookie": "DIS4=8fa3ff82d99342e5b0d266b575251a25; Expires=Sat, 18-Jan-2020 10:13:31 GMT; Max-Age=31536000; Path=/", "X-Diablo-Revision": "1514b76", "X-Hebe-Host": "h1570", "X-Qk-Lb-Overloading-Level": "0", "Content-Encoding": "gzip"}',method='post',relatedApi='',relatedParams='',expect='{"err_code": "10001", "err_msg": "您的手机号未绑定钱咖帐号"}'
2019-01-21 10:06:54,307 - INFO - 正在写入用例执行情况
2019-01-21 10:06:54,307 - INFO - 正在写入用例执行情况
2019-01-21 10:06:54,307 - INFO - 正在写入用例执行情况
2019-01-21 10:06:54,307 - INFO - 正在写入用例执行情况
2019-01-21 10:06:54,307 - INFO - 正在写入用例执行情况
2019-01-21 10:06:54,307 - INFO - 正在写入用例执行情况
2019-01-21 10:12:34,036 - INFO - 用例路径：E:\project\ApiTest\cases\exmple.xlsx
2019-01-21 10:12:34,036 - INFO - 用例路径：E:\project\ApiTest\cases\exmple.xlsx
2019-01-21 10:12:34,036 - INFO - 用例路径：E:\project\ApiTest\cases\exmple.xlsx
2019-01-21 10:12:34,036 - INFO - 用例路径：E:\project\ApiTest\cases\exmple.xlsx
2019-01-21 10:12:34,036 - INFO - 用例路径：E:\project\ApiTest\cases\exmple.xlsx
2019-01-21 10:12:34,037 - INFO - 获取用例完毕，共获取用例4条
2019-01-21 10:12:34,037 - INFO - 获取用例完毕，共获取用例4条
2019-01-21 10:12:34,037 - INFO - 获取用例完毕，共获取用例4条
2019-01-21 10:12:34,037 - INFO - 获取用例完毕，共获取用例4条
2019-01-21 10:12:34,037 - INFO - 获取用例完毕，共获取用例4条
2019-01-21 10:12:34,037 - INFO - sql语句错误---->INSERT INTO testCase SET caseDescribe='测试',apiHost='/s5/login.mobile',params='{"phone":"17711794059","code":"123456"}',apiHeaders='{"Server": "nginx", "Date": "Fri, 18 Jan 2019 10:13:31 GMT", "Content-Type": "application/json; charset=utf8", "Transfer-Encoding": "chunked", "Connection": "keep-alive", "Vary": "Accept-Encoding", "Access-Control-Allow-Origin": "*", "Access-Control-Allow-Credentials": "true", "Set-Cookie": "DIS4=8fa3ff82d99342e5b0d266b575251a25; Expires=Sat, 18-Jan-2020 10:13:31 GMT; Max-Age=31536000; Path=/", "X-Diablo-Revision": "1514b76", "X-Hebe-Host": "h1570", "X-Qk-Lb-Overloading-Level": "0", "Content-Encoding": "gzip"}',method='post',relatedApi='',relatedParams='',expect='{"err_code": "10001", "err_msg": "您的手机号未绑定钱咖帐号"}'
2019-01-21 10:12:34,037 - INFO - sql语句错误---->INSERT INTO testCase SET caseDescribe='测试',apiHost='/s5/login.mobile',params='{"phone":"17711794059","code":"123456"}',apiHeaders='{"Server": "nginx", "Date": "Fri, 18 Jan 2019 10:13:31 GMT", "Content-Type": "application/json; charset=utf8", "Transfer-Encoding": "chunked", "Connection": "keep-alive", "Vary": "Accept-Encoding", "Access-Control-Allow-Origin": "*", "Access-Control-Allow-Credentials": "true", "Set-Cookie": "DIS4=8fa3ff82d99342e5b0d266b575251a25; Expires=Sat, 18-Jan-2020 10:13:31 GMT; Max-Age=31536000; Path=/", "X-Diablo-Revision": "1514b76", "X-Hebe-Host": "h1570", "X-Qk-Lb-Overloading-Level": "0", "Content-Encoding": "gzip"}',method='post',relatedApi='',relatedParams='',expect='{"err_code": "10001", "err_msg": "您的手机号未绑定钱咖帐号"}'
2019-01-21 10:12:34,037 - INFO - sql语句错误---->INSERT INTO testCase SET caseDescribe='测试',apiHost='/s5/login.mobile',params='{"phone":"17711794059","code":"123456"}',apiHeaders='{"Server": "nginx", "Date": "Fri, 18 Jan 2019 10:13:31 GMT", "Content-Type": "application/json; charset=utf8", "Transfer-Encoding": "chunked", "Connection": "keep-alive", "Vary": "Accept-Encoding", "Access-Control-Allow-Origin": "*", "Access-Control-Allow-Credentials": "true", "Set-Cookie": "DIS4=8fa3ff82d99342e5b0d266b575251a25; Expires=Sat, 18-Jan-2020 10:13:31 GMT; Max-Age=31536000; Path=/", "X-Diablo-Revision": "1514b76", "X-Hebe-Host": "h1570", "X-Qk-Lb-Overloading-Level": "0", "Content-Encoding": "gzip"}',method='post',relatedApi='',relatedParams='',expect='{"err_code": "10001", "err_msg": "您的手机号未绑定钱咖帐号"}'
2019-01-21 10:12:34,037 - INFO - sql语句错误---->INSERT INTO testCase SET caseDescribe='测试',apiHost='/s5/login.mobile',params='{"phone":"17711794059","code":"123456"}',apiHeaders='{"Server": "nginx", "Date": "Fri, 18 Jan 2019 10:13:31 GMT", "Content-Type": "application/json; charset=utf8", "Transfer-Encoding": "chunked", "Connection": "keep-alive", "Vary": "Accept-Encoding", "Access-Control-Allow-Origin": "*", "Access-Control-Allow-Credentials": "true", "Set-Cookie": "DIS4=8fa3ff82d99342e5b0d266b575251a25; Expires=Sat, 18-Jan-2020 10:13:31 GMT; Max-Age=31536000; Path=/", "X-Diablo-Revision": "1514b76", "X-Hebe-Host": "h1570", "X-Qk-Lb-Overloading-Level": "0", "Content-Encoding": "gzip"}',method='post',relatedApi='',relatedParams='',expect='{"err_code": "10001", "err_msg": "您的手机号未绑定钱咖帐号"}'
2019-01-21 10:12:34,037 - INFO - sql语句错误---->INSERT INTO testCase SET caseDescribe='测试',apiHost='/s5/login.mobile',params='{"phone":"17711794059","code":"123456"}',apiHeaders='{"Server": "nginx", "Date": "Fri, 18 Jan 2019 10:13:31 GMT", "Content-Type": "application/json; charset=utf8", "Transfer-Encoding": "chunked", "Connection": "keep-alive", "Vary": "Accept-Encoding", "Access-Control-Allow-Origin": "*", "Access-Control-Allow-Credentials": "true", "Set-Cookie": "DIS4=8fa3ff82d99342e5b0d266b575251a25; Expires=Sat, 18-Jan-2020 10:13:31 GMT; Max-Age=31536000; Path=/", "X-Diablo-Revision": "1514b76", "X-Hebe-Host": "h1570", "X-Qk-Lb-Overloading-Level": "0", "Content-Encoding": "gzip"}',method='post',relatedApi='',relatedParams='',expect='{"err_code": "10001", "err_msg": "您的手机号未绑定钱咖帐号"}'
2019-01-21 10:12:34,699 - INFO - 正在写入用例执行情况
2019-01-21 10:12:34,699 - INFO - 正在写入用例执行情况
2019-01-21 10:12:34,699 - INFO - 正在写入用例执行情况
2019-01-21 10:12:34,699 - INFO - 正在写入用例执行情况
2019-01-21 10:12:34,699 - INFO - 正在写入用例执行情况
2019-01-21 10:12:34,699 - INFO - 正在写入用例执行情况
2019-01-21 10:14:10,483 - INFO - 用例路径：E:\project\ApiTest\cases\exmple.xlsx
2019-01-21 10:14:10,483 - INFO - 用例路径：E:\project\ApiTest\cases\exmple.xlsx
2019-01-21 10:14:10,483 - INFO - 用例路径：E:\project\ApiTest\cases\exmple.xlsx
2019-01-21 10:14:10,483 - INFO - 用例路径：E:\project\ApiTest\cases\exmple.xlsx
2019-01-21 10:14:10,483 - INFO - 用例路径：E:\project\ApiTest\cases\exmple.xlsx
2019-01-21 10:14:10,484 - INFO - 获取用例完毕，共获取用例4条
2019-01-21 10:14:10,484 - INFO - 获取用例完毕，共获取用例4条
2019-01-21 10:14:10,484 - INFO - 获取用例完毕，共获取用例4条
2019-01-21 10:14:10,484 - INFO - 获取用例完毕，共获取用例4条
2019-01-21 10:14:10,484 - INFO - 获取用例完毕，共获取用例4条
2019-01-21 10:14:10,484 - INFO - sql语句错误---->INSERT INTO testCase SET caseDescribe='测试',apiHost='/s5/login.mobile',params='{"phone":"17711794059","code":"123456"}',apiHeaders='{"Server": "nginx", "Date": "Fri, 18 Jan 2019 10:13:31 GMT", "Content-Type": "application/json; charset=utf8", "Transfer-Encoding": "chunked", "Connection": "keep-alive", "Vary": "Accept-Encoding", "Access-Control-Allow-Origin": "*", "Access-Control-Allow-Credentials": "true", "Set-Cookie": "DIS4=8fa3ff82d99342e5b0d266b575251a25; Expires=Sat, 18-Jan-2020 10:13:31 GMT; Max-Age=31536000; Path=/", "X-Diablo-Revision": "1514b76", "X-Hebe-Host": "h1570", "X-Qk-Lb-Overloading-Level": "0", "Content-Encoding": "gzip"}',method='post',relatedApi='',relatedParams='',expect='{"err_code": "10001", "err_msg": "您的手机号未绑定钱咖帐号"}'
2019-01-21 10:14:10,484 - INFO - sql语句错误---->INSERT INTO testCase SET caseDescribe='测试',apiHost='/s5/login.mobile',params='{"phone":"17711794059","code":"123456"}',apiHeaders='{"Server": "nginx", "Date": "Fri, 18 Jan 2019 10:13:31 GMT", "Content-Type": "application/json; charset=utf8", "Transfer-Encoding": "chunked", "Connection": "keep-alive", "Vary": "Accept-Encoding", "Access-Control-Allow-Origin": "*", "Access-Control-Allow-Credentials": "true", "Set-Cookie": "DIS4=8fa3ff82d99342e5b0d266b575251a25; Expires=Sat, 18-Jan-2020 10:13:31 GMT; Max-Age=31536000; Path=/", "X-Diablo-Revision": "1514b76", "X-Hebe-Host": "h1570", "X-Qk-Lb-Overloading-Level": "0", "Content-Encoding": "gzip"}',method='post',relatedApi='',relatedParams='',expect='{"err_code": "10001", "err_msg": "您的手机号未绑定钱咖帐号"}'
2019-01-21 10:14:10,484 - INFO - sql语句错误---->INSERT INTO testCase SET caseDescribe='测试',apiHost='/s5/login.mobile',params='{"phone":"17711794059","code":"123456"}',apiHeaders='{"Server": "nginx", "Date": "Fri, 18 Jan 2019 10:13:31 GMT", "Content-Type": "application/json; charset=utf8", "Transfer-Encoding": "chunked", "Connection": "keep-alive", "Vary": "Accept-Encoding", "Access-Control-Allow-Origin": "*", "Access-Control-Allow-Credentials": "true", "Set-Cookie": "DIS4=8fa3ff82d99342e5b0d266b575251a25; Expires=Sat, 18-Jan-2020 10:13:31 GMT; Max-Age=31536000; Path=/", "X-Diablo-Revision": "1514b76", "X-Hebe-Host": "h1570", "X-Qk-Lb-Overloading-Level": "0", "Content-Encoding": "gzip"}',method='post',relatedApi='',relatedParams='',expect='{"err_code": "10001", "err_msg": "您的手机号未绑定钱咖帐号"}'
2019-01-21 10:14:10,484 - INFO - sql语句错误---->INSERT INTO testCase SET caseDescribe='测试',apiHost='/s5/login.mobile',params='{"phone":"17711794059","code":"123456"}',apiHeaders='{"Server": "nginx", "Date": "Fri, 18 Jan 2019 10:13:31 GMT", "Content-Type": "application/json; charset=utf8", "Transfer-Encoding": "chunked", "Connection": "keep-alive", "Vary": "Accept-Encoding", "Access-Control-Allow-Origin": "*", "Access-Control-Allow-Credentials": "true", "Set-Cookie": "DIS4=8fa3ff82d99342e5b0d266b575251a25; Expires=Sat, 18-Jan-2020 10:13:31 GMT; Max-Age=31536000; Path=/", "X-Diablo-Revision": "1514b76", "X-Hebe-Host": "h1570", "X-Qk-Lb-Overloading-Level": "0", "Content-Encoding": "gzip"}',method='post',relatedApi='',relatedParams='',expect='{"err_code": "10001", "err_msg": "您的手机号未绑定钱咖帐号"}'
2019-01-21 10:14:10,484 - INFO - sql语句错误---->INSERT INTO testCase SET caseDescribe='测试',apiHost='/s5/login.mobile',params='{"phone":"17711794059","code":"123456"}',apiHeaders='{"Server": "nginx", "Date": "Fri, 18 Jan 2019 10:13:31 GMT", "Content-Type": "application/json; charset=utf8", "Transfer-Encoding": "chunked", "Connection": "keep-alive", "Vary": "Accept-Encoding", "Access-Control-Allow-Origin": "*", "Access-Control-Allow-Credentials": "true", "Set-Cookie": "DIS4=8fa3ff82d99342e5b0d266b575251a25; Expires=Sat, 18-Jan-2020 10:13:31 GMT; Max-Age=31536000; Path=/", "X-Diablo-Revision": "1514b76", "X-Hebe-Host": "h1570", "X-Qk-Lb-Overloading-Level": "0", "Content-Encoding": "gzip"}',method='post',relatedApi='',relatedParams='',expect='{"err_code": "10001", "err_msg": "您的手机号未绑定钱咖帐号"}'
2019-01-21 10:14:11,015 - INFO - 正在写入用例执行情况
2019-01-21 10:14:11,015 - INFO - 正在写入用例执行情况
2019-01-21 10:14:11,015 - INFO - 正在写入用例执行情况
2019-01-21 10:14:11,015 - INFO - 正在写入用例执行情况
2019-01-21 10:14:11,015 - INFO - 正在写入用例执行情况
2019-01-21 10:14:11,015 - INFO - 正在写入用例执行情况
2019-01-21 10:29:25,470 - INFO - 用例路径：E:\project\ApiTest\cases\exmple.xlsx
2019-01-21 10:29:25,470 - INFO - 用例路径：E:\project\ApiTest\cases\exmple.xlsx
2019-01-21 10:29:25,470 - INFO - 用例路径：E:\project\ApiTest\cases\exmple.xlsx
2019-01-21 10:29:25,470 - INFO - 用例路径：E:\project\ApiTest\cases\exmple.xlsx
2019-01-21 10:29:25,470 - INFO - 用例路径：E:\project\ApiTest\cases\exmple.xlsx
2019-01-21 10:29:25,471 - INFO - 获取用例完毕，共获取用例4条
2019-01-21 10:29:25,471 - INFO - 获取用例完毕，共获取用例4条
2019-01-21 10:29:25,471 - INFO - 获取用例完毕，共获取用例4条
2019-01-21 10:29:25,471 - INFO - 获取用例完毕，共获取用例4条
2019-01-21 10:29:25,471 - INFO - 获取用例完毕，共获取用例4条
2019-01-21 10:29:25,471 - INFO - sql语句错误---->INSERT INTO testCase SET caseDescribe='测试',apiHost='/s5/login.mobile',params='{"phone":"17711794059","code":"123456"}',apiHeaders='{"Server": "nginx", "Date": "Fri, 18 Jan 2019 10:13:31 GMT", "Content-Type": "application/json; charset=utf8", "Transfer-Encoding": "chunked", "Connection": "keep-alive", "Vary": "Accept-Encoding", "Access-Control-Allow-Origin": "*", "Access-Control-Allow-Credentials": "true", "Set-Cookie": "DIS4=8fa3ff82d99342e5b0d266b575251a25; Expires=Sat, 18-Jan-2020 10:13:31 GMT; Max-Age=31536000; Path=/", "X-Diablo-Revision": "1514b76", "X-Hebe-Host": "h1570", "X-Qk-Lb-Overloading-Level": "0", "Content-Encoding": "gzip"}',method='post',relatedApi='',relatedParams='',expect='{"err_code": "10001", "err_msg": "您的手机号未绑定钱咖帐号"}'
2019-01-21 10:29:25,471 - INFO - sql语句错误---->INSERT INTO testCase SET caseDescribe='测试',apiHost='/s5/login.mobile',params='{"phone":"17711794059","code":"123456"}',apiHeaders='{"Server": "nginx", "Date": "Fri, 18 Jan 2019 10:13:31 GMT", "Content-Type": "application/json; charset=utf8", "Transfer-Encoding": "chunked", "Connection": "keep-alive", "Vary": "Accept-Encoding", "Access-Control-Allow-Origin": "*", "Access-Control-Allow-Credentials": "true", "Set-Cookie": "DIS4=8fa3ff82d99342e5b0d266b575251a25; Expires=Sat, 18-Jan-2020 10:13:31 GMT; Max-Age=31536000; Path=/", "X-Diablo-Revision": "1514b76", "X-Hebe-Host": "h1570", "X-Qk-Lb-Overloading-Level": "0", "Content-Encoding": "gzip"}',method='post',relatedApi='',relatedParams='',expect='{"err_code": "10001", "err_msg": "您的手机号未绑定钱咖帐号"}'
2019-01-21 10:29:25,471 - INFO - sql语句错误---->INSERT INTO testCase SET caseDescribe='测试',apiHost='/s5/login.mobile',params='{"phone":"17711794059","code":"123456"}',apiHeaders='{"Server": "nginx", "Date": "Fri, 18 Jan 2019 10:13:31 GMT", "Content-Type": "application/json; charset=utf8", "Transfer-Encoding": "chunked", "Connection": "keep-alive", "Vary": "Accept-Encoding", "Access-Control-Allow-Origin": "*", "Access-Control-Allow-Credentials": "true", "Set-Cookie": "DIS4=8fa3ff82d99342e5b0d266b575251a25; Expires=Sat, 18-Jan-2020 10:13:31 GMT; Max-Age=31536000; Path=/", "X-Diablo-Revision": "1514b76", "X-Hebe-Host": "h1570", "X-Qk-Lb-Overloading-Level": "0", "Content-Encoding": "gzip"}',method='post',relatedApi='',relatedParams='',expect='{"err_code": "10001", "err_msg": "您的手机号未绑定钱咖帐号"}'
2019-01-21 10:29:25,471 - INFO - sql语句错误---->INSERT INTO testCase SET caseDescribe='测试',apiHost='/s5/login.mobile',params='{"phone":"17711794059","code":"123456"}',apiHeaders='{"Server": "nginx", "Date": "Fri, 18 Jan 2019 10:13:31 GMT", "Content-Type": "application/json; charset=utf8", "Transfer-Encoding": "chunked", "Connection": "keep-alive", "Vary": "Accept-Encoding", "Access-Control-Allow-Origin": "*", "Access-Control-Allow-Credentials": "true", "Set-Cookie": "DIS4=8fa3ff82d99342e5b0d266b575251a25; Expires=Sat, 18-Jan-2020 10:13:31 GMT; Max-Age=31536000; Path=/", "X-Diablo-Revision": "1514b76", "X-Hebe-Host": "h1570", "X-Qk-Lb-Overloading-Level": "0", "Content-Encoding": "gzip"}',method='post',relatedApi='',relatedParams='',expect='{"err_code": "10001", "err_msg": "您的手机号未绑定钱咖帐号"}'
2019-01-21 10:29:25,471 - INFO - sql语句错误---->INSERT INTO testCase SET caseDescribe='测试',apiHost='/s5/login.mobile',params='{"phone":"17711794059","code":"123456"}',apiHeaders='{"Server": "nginx", "Date": "Fri, 18 Jan 2019 10:13:31 GMT", "Content-Type": "application/json; charset=utf8", "Transfer-Encoding": "chunked", "Connection": "keep-alive", "Vary": "Accept-Encoding", "Access-Control-Allow-Origin": "*", "Access-Control-Allow-Credentials": "true", "Set-Cookie": "DIS4=8fa3ff82d99342e5b0d266b575251a25; Expires=Sat, 18-Jan-2020 10:13:31 GMT; Max-Age=31536000; Path=/", "X-Diablo-Revision": "1514b76", "X-Hebe-Host": "h1570", "X-Qk-Lb-Overloading-Level": "0", "Content-Encoding": "gzip"}',method='post',relatedApi='',relatedParams='',expect='{"err_code": "10001", "err_msg": "您的手机号未绑定钱咖帐号"}'
2019-01-21 10:29:26,022 - INFO - 正在写入用例执行情况
2019-01-21 10:29:26,022 - INFO - 正在写入用例执行情况
2019-01-21 10:29:26,022 - INFO - 正在写入用例执行情况
2019-01-21 10:29:26,022 - INFO - 正在写入用例执行情况
2019-01-21 10:29:26,022 - INFO - 正在写入用例执行情况
2019-01-21 10:29:26,022 - INFO - 正在写入用例执行情况
2019-01-21 10:30:33,109 - INFO - 用例路径：E:\project\ApiTest\cases\exmple.xlsx
2019-01-21 10:30:33,109 - INFO - 用例路径：E:\project\ApiTest\cases\exmple.xlsx
2019-01-21 10:30:33,109 - INFO - 用例路径：E:\project\ApiTest\cases\exmple.xlsx
2019-01-21 10:30:33,109 - INFO - 用例路径：E:\project\ApiTest\cases\exmple.xlsx
2019-01-21 10:30:33,109 - INFO - 用例路径：E:\project\ApiTest\cases\exmple.xlsx
2019-01-21 10:30:33,109 - INFO - 获取用例完毕，共获取用例4条
2019-01-21 10:30:33,109 - INFO - 获取用例完毕，共获取用例4条
2019-01-21 10:30:33,109 - INFO - 获取用例完毕，共获取用例4条
2019-01-21 10:30:33,109 - INFO - 获取用例完毕，共获取用例4条
2019-01-21 10:30:33,109 - INFO - 获取用例完毕，共获取用例4条
2019-01-21 10:30:33,110 - INFO - sql语句错误---->INSERT INTO testCase SET caseDescribe='测试',apiHost='/s5/login.mobile',params='{"phone":"17711794059","code":"123456"}',apiHeaders='{"Server": "nginx", "Date": "Fri, 18 Jan 2019 10:13:31 GMT", "Content-Type": "application/json; charset=utf8", "Transfer-Encoding": "chunked", "Connection": "keep-alive", "Vary": "Accept-Encoding", "Access-Control-Allow-Origin": "*", "Access-Control-Allow-Credentials": "true", "Set-Cookie": "DIS4=8fa3ff82d99342e5b0d266b575251a25; Expires=Sat, 18-Jan-2020 10:13:31 GMT; Max-Age=31536000; Path=/", "X-Diablo-Revision": "1514b76", "X-Hebe-Host": "h1570", "X-Qk-Lb-Overloading-Level": "0", "Content-Encoding": "gzip"}',method='post',relatedApi='',relatedParams='',expect='{"err_code": "10001", "err_msg": "您的手机号未绑定钱咖帐号"}'
2019-01-21 10:30:33,110 - INFO - sql语句错误---->INSERT INTO testCase SET caseDescribe='测试',apiHost='/s5/login.mobile',params='{"phone":"17711794059","code":"123456"}',apiHeaders='{"Server": "nginx", "Date": "Fri, 18 Jan 2019 10:13:31 GMT", "Content-Type": "application/json; charset=utf8", "Transfer-Encoding": "chunked", "Connection": "keep-alive", "Vary": "Accept-Encoding", "Access-Control-Allow-Origin": "*", "Access-Control-Allow-Credentials": "true", "Set-Cookie": "DIS4=8fa3ff82d99342e5b0d266b575251a25; Expires=Sat, 18-Jan-2020 10:13:31 GMT; Max-Age=31536000; Path=/", "X-Diablo-Revision": "1514b76", "X-Hebe-Host": "h1570", "X-Qk-Lb-Overloading-Level": "0", "Content-Encoding": "gzip"}',method='post',relatedApi='',relatedParams='',expect='{"err_code": "10001", "err_msg": "您的手机号未绑定钱咖帐号"}'
2019-01-21 10:30:33,110 - INFO - sql语句错误---->INSERT INTO testCase SET caseDescribe='测试',apiHost='/s5/login.mobile',params='{"phone":"17711794059","code":"123456"}',apiHeaders='{"Server": "nginx", "Date": "Fri, 18 Jan 2019 10:13:31 GMT", "Content-Type": "application/json; charset=utf8", "Transfer-Encoding": "chunked", "Connection": "keep-alive", "Vary": "Accept-Encoding", "Access-Control-Allow-Origin": "*", "Access-Control-Allow-Credentials": "true", "Set-Cookie": "DIS4=8fa3ff82d99342e5b0d266b575251a25; Expires=Sat, 18-Jan-2020 10:13:31 GMT; Max-Age=31536000; Path=/", "X-Diablo-Revision": "1514b76", "X-Hebe-Host": "h1570", "X-Qk-Lb-Overloading-Level": "0", "Content-Encoding": "gzip"}',method='post',relatedApi='',relatedParams='',expect='{"err_code": "10001", "err_msg": "您的手机号未绑定钱咖帐号"}'
2019-01-21 10:30:33,110 - INFO - sql语句错误---->INSERT INTO testCase SET caseDescribe='测试',apiHost='/s5/login.mobile',params='{"phone":"17711794059","code":"123456"}',apiHeaders='{"Server": "nginx", "Date": "Fri, 18 Jan 2019 10:13:31 GMT", "Content-Type": "application/json; charset=utf8", "Transfer-Encoding": "chunked", "Connection": "keep-alive", "Vary": "Accept-Encoding", "Access-Control-Allow-Origin": "*", "Access-Control-Allow-Credentials": "true", "Set-Cookie": "DIS4=8fa3ff82d99342e5b0d266b575251a25; Expires=Sat, 18-Jan-2020 10:13:31 GMT; Max-Age=31536000; Path=/", "X-Diablo-Revision": "1514b76", "X-Hebe-Host": "h1570", "X-Qk-Lb-Overloading-Level": "0", "Content-Encoding": "gzip"}',method='post',relatedApi='',relatedParams='',expect='{"err_code": "10001", "err_msg": "您的手机号未绑定钱咖帐号"}'
2019-01-21 10:30:33,110 - INFO - sql语句错误---->INSERT INTO testCase SET caseDescribe='测试',apiHost='/s5/login.mobile',params='{"phone":"17711794059","code":"123456"}',apiHeaders='{"Server": "nginx", "Date": "Fri, 18 Jan 2019 10:13:31 GMT", "Content-Type": "application/json; charset=utf8", "Transfer-Encoding": "chunked", "Connection": "keep-alive", "Vary": "Accept-Encoding", "Access-Control-Allow-Origin": "*", "Access-Control-Allow-Credentials": "true", "Set-Cookie": "DIS4=8fa3ff82d99342e5b0d266b575251a25; Expires=Sat, 18-Jan-2020 10:13:31 GMT; Max-Age=31536000; Path=/", "X-Diablo-Revision": "1514b76", "X-Hebe-Host": "h1570", "X-Qk-Lb-Overloading-Level": "0", "Content-Encoding": "gzip"}',method='post',relatedApi='',relatedParams='',expect='{"err_code": "10001", "err_msg": "您的手机号未绑定钱咖帐号"}'
2019-01-21 10:30:33,625 - INFO - 正在写入用例执行情况
2019-01-21 10:30:33,625 - INFO - 正在写入用例执行情况
2019-01-21 10:30:33,625 - INFO - 正在写入用例执行情况
2019-01-21 10:30:33,625 - INFO - 正在写入用例执行情况
2019-01-21 10:30:33,625 - INFO - 正在写入用例执行情况
2019-01-21 10:30:33,625 - INFO - 正在写入用例执行情况
2019-01-21 10:31:37,536 - INFO - 用例路径：E:\project\ApiTest\cases\exmple.xlsx
2019-01-21 10:31:37,536 - INFO - 用例路径：E:\project\ApiTest\cases\exmple.xlsx
2019-01-21 10:31:37,536 - INFO - 用例路径：E:\project\ApiTest\cases\exmple.xlsx
2019-01-21 10:31:37,536 - INFO - 用例路径：E:\project\ApiTest\cases\exmple.xlsx
2019-01-21 10:31:37,536 - INFO - 用例路径：E:\project\ApiTest\cases\exmple.xlsx
2019-01-21 10:31:37,536 - INFO - 获取用例完毕，共获取用例4条
2019-01-21 10:31:37,536 - INFO - 获取用例完毕，共获取用例4条
2019-01-21 10:31:37,536 - INFO - 获取用例完毕，共获取用例4条
2019-01-21 10:31:37,536 - INFO - 获取用例完毕，共获取用例4条
2019-01-21 10:31:37,536 - INFO - 获取用例完毕，共获取用例4条
2019-01-21 10:31:37,537 - INFO - sql语句错误---->INSERT INTO testCase SET caseDescribe='测试',apiHost='/s5/login.mobile',params='{"phone":"17711794059","code":"123456"}',apiHeaders='{"Server": "nginx", "Date": "Fri, 18 Jan 2019 10:13:31 GMT", "Content-Type": "application/json; charset=utf8", "Transfer-Encoding": "chunked", "Connection": "keep-alive", "Vary": "Accept-Encoding", "Access-Control-Allow-Origin": "*", "Access-Control-Allow-Credentials": "true", "Set-Cookie": "DIS4=8fa3ff82d99342e5b0d266b575251a25; Expires=Sat, 18-Jan-2020 10:13:31 GMT; Max-Age=31536000; Path=/", "X-Diablo-Revision": "1514b76", "X-Hebe-Host": "h1570", "X-Qk-Lb-Overloading-Level": "0", "Content-Encoding": "gzip"}',method='post',relatedApi='',relatedParams='',expect='{"err_code": "10001", "err_msg": "您的手机号未绑定钱咖帐号"}'
2019-01-21 10:31:37,537 - INFO - sql语句错误---->INSERT INTO testCase SET caseDescribe='测试',apiHost='/s5/login.mobile',params='{"phone":"17711794059","code":"123456"}',apiHeaders='{"Server": "nginx", "Date": "Fri, 18 Jan 2019 10:13:31 GMT", "Content-Type": "application/json; charset=utf8", "Transfer-Encoding": "chunked", "Connection": "keep-alive", "Vary": "Accept-Encoding", "Access-Control-Allow-Origin": "*", "Access-Control-Allow-Credentials": "true", "Set-Cookie": "DIS4=8fa3ff82d99342e5b0d266b575251a25; Expires=Sat, 18-Jan-2020 10:13:31 GMT; Max-Age=31536000; Path=/", "X-Diablo-Revision": "1514b76", "X-Hebe-Host": "h1570", "X-Qk-Lb-Overloading-Level": "0", "Content-Encoding": "gzip"}',method='post',relatedApi='',relatedParams='',expect='{"err_code": "10001", "err_msg": "您的手机号未绑定钱咖帐号"}'
2019-01-21 10:31:37,537 - INFO - sql语句错误---->INSERT INTO testCase SET caseDescribe='测试',apiHost='/s5/login.mobile',params='{"phone":"17711794059","code":"123456"}',apiHeaders='{"Server": "nginx", "Date": "Fri, 18 Jan 2019 10:13:31 GMT", "Content-Type": "application/json; charset=utf8", "Transfer-Encoding": "chunked", "Connection": "keep-alive", "Vary": "Accept-Encoding", "Access-Control-Allow-Origin": "*", "Access-Control-Allow-Credentials": "true", "Set-Cookie": "DIS4=8fa3ff82d99342e5b0d266b575251a25; Expires=Sat, 18-Jan-2020 10:13:31 GMT; Max-Age=31536000; Path=/", "X-Diablo-Revision": "1514b76", "X-Hebe-Host": "h1570", "X-Qk-Lb-Overloading-Level": "0", "Content-Encoding": "gzip"}',method='post',relatedApi='',relatedParams='',expect='{"err_code": "10001", "err_msg": "您的手机号未绑定钱咖帐号"}'
2019-01-21 10:31:37,537 - INFO - sql语句错误---->INSERT INTO testCase SET caseDescribe='测试',apiHost='/s5/login.mobile',params='{"phone":"17711794059","code":"123456"}',apiHeaders='{"Server": "nginx", "Date": "Fri, 18 Jan 2019 10:13:31 GMT", "Content-Type": "application/json; charset=utf8", "Transfer-Encoding": "chunked", "Connection": "keep-alive", "Vary": "Accept-Encoding", "Access-Control-Allow-Origin": "*", "Access-Control-Allow-Credentials": "true", "Set-Cookie": "DIS4=8fa3ff82d99342e5b0d266b575251a25; Expires=Sat, 18-Jan-2020 10:13:31 GMT; Max-Age=31536000; Path=/", "X-Diablo-Revision": "1514b76", "X-Hebe-Host": "h1570", "X-Qk-Lb-Overloading-Level": "0", "Content-Encoding": "gzip"}',method='post',relatedApi='',relatedParams='',expect='{"err_code": "10001", "err_msg": "您的手机号未绑定钱咖帐号"}'
2019-01-21 10:31:37,537 - INFO - sql语句错误---->INSERT INTO testCase SET caseDescribe='测试',apiHost='/s5/login.mobile',params='{"phone":"17711794059","code":"123456"}',apiHeaders='{"Server": "nginx", "Date": "Fri, 18 Jan 2019 10:13:31 GMT", "Content-Type": "application/json; charset=utf8", "Transfer-Encoding": "chunked", "Connection": "keep-alive", "Vary": "Accept-Encoding", "Access-Control-Allow-Origin": "*", "Access-Control-Allow-Credentials": "true", "Set-Cookie": "DIS4=8fa3ff82d99342e5b0d266b575251a25; Expires=Sat, 18-Jan-2020 10:13:31 GMT; Max-Age=31536000; Path=/", "X-Diablo-Revision": "1514b76", "X-Hebe-Host": "h1570", "X-Qk-Lb-Overloading-Level": "0", "Content-Encoding": "gzip"}',method='post',relatedApi='',relatedParams='',expect='{"err_code": "10001", "err_msg": "您的手机号未绑定钱咖帐号"}'
2019-01-21 10:31:38,092 - INFO - 正在写入用例执行情况
2019-01-21 10:31:38,092 - INFO - 正在写入用例执行情况
2019-01-21 10:31:38,092 - INFO - 正在写入用例执行情况
2019-01-21 10:31:38,092 - INFO - 正在写入用例执行情况
2019-01-21 10:31:38,092 - INFO - 正在写入用例执行情况
2019-01-21 10:31:38,092 - INFO - 正在写入用例执行情况
2019-01-21 10:31:56,822 - INFO - 用例路径：E:\project\ApiTest\cases\exmple.xlsx
2019-01-21 10:31:56,822 - INFO - 用例路径：E:\project\ApiTest\cases\exmple.xlsx
2019-01-21 10:31:56,822 - INFO - 用例路径：E:\project\ApiTest\cases\exmple.xlsx
2019-01-21 10:31:56,822 - INFO - 用例路径：E:\project\ApiTest\cases\exmple.xlsx
2019-01-21 10:31:56,822 - INFO - 用例路径：E:\project\ApiTest\cases\exmple.xlsx
2019-01-21 10:31:56,823 - INFO - 获取用例完毕，共获取用例4条
2019-01-21 10:31:56,823 - INFO - 获取用例完毕，共获取用例4条
2019-01-21 10:31:56,823 - INFO - 获取用例完毕，共获取用例4条
2019-01-21 10:31:56,823 - INFO - 获取用例完毕，共获取用例4条
2019-01-21 10:31:56,823 - INFO - 获取用例完毕，共获取用例4条
2019-01-21 10:31:56,823 - INFO - sql语句错误---->INSERT INTO testCase SET caseDescribe='测试',apiHost='/s5/login.mobile',params='{"phone":"17711794059","code":"123456"}',apiHeaders='{"Server": "nginx", "Date": "Fri, 18 Jan 2019 10:13:31 GMT", "Content-Type": "application/json; charset=utf8", "Transfer-Encoding": "chunked", "Connection": "keep-alive", "Vary": "Accept-Encoding", "Access-Control-Allow-Origin": "*", "Access-Control-Allow-Credentials": "true", "Set-Cookie": "DIS4=8fa3ff82d99342e5b0d266b575251a25; Expires=Sat, 18-Jan-2020 10:13:31 GMT; Max-Age=31536000; Path=/", "X-Diablo-Revision": "1514b76", "X-Hebe-Host": "h1570", "X-Qk-Lb-Overloading-Level": "0", "Content-Encoding": "gzip"}',method='post',relatedApi='',relatedParams='',expect='{"err_code": "10001", "err_msg": "您的手机号未绑定钱咖帐号"}'
2019-01-21 10:31:56,823 - INFO - sql语句错误---->INSERT INTO testCase SET caseDescribe='测试',apiHost='/s5/login.mobile',params='{"phone":"17711794059","code":"123456"}',apiHeaders='{"Server": "nginx", "Date": "Fri, 18 Jan 2019 10:13:31 GMT", "Content-Type": "application/json; charset=utf8", "Transfer-Encoding": "chunked", "Connection": "keep-alive", "Vary": "Accept-Encoding", "Access-Control-Allow-Origin": "*", "Access-Control-Allow-Credentials": "true", "Set-Cookie": "DIS4=8fa3ff82d99342e5b0d266b575251a25; Expires=Sat, 18-Jan-2020 10:13:31 GMT; Max-Age=31536000; Path=/", "X-Diablo-Revision": "1514b76", "X-Hebe-Host": "h1570", "X-Qk-Lb-Overloading-Level": "0", "Content-Encoding": "gzip"}',method='post',relatedApi='',relatedParams='',expect='{"err_code": "10001", "err_msg": "您的手机号未绑定钱咖帐号"}'
2019-01-21 10:31:56,823 - INFO - sql语句错误---->INSERT INTO testCase SET caseDescribe='测试',apiHost='/s5/login.mobile',params='{"phone":"17711794059","code":"123456"}',apiHeaders='{"Server": "nginx", "Date": "Fri, 18 Jan 2019 10:13:31 GMT", "Content-Type": "application/json; charset=utf8", "Transfer-Encoding": "chunked", "Connection": "keep-alive", "Vary": "Accept-Encoding", "Access-Control-Allow-Origin": "*", "Access-Control-Allow-Credentials": "true", "Set-Cookie": "DIS4=8fa3ff82d99342e5b0d266b575251a25; Expires=Sat, 18-Jan-2020 10:13:31 GMT; Max-Age=31536000; Path=/", "X-Diablo-Revision": "1514b76", "X-Hebe-Host": "h1570", "X-Qk-Lb-Overloading-Level": "0", "Content-Encoding": "gzip"}',method='post',relatedApi='',relatedParams='',expect='{"err_code": "10001", "err_msg": "您的手机号未绑定钱咖帐号"}'
2019-01-21 10:31:56,823 - INFO - sql语句错误---->INSERT INTO testCase SET caseDescribe='测试',apiHost='/s5/login.mobile',params='{"phone":"17711794059","code":"123456"}',apiHeaders='{"Server": "nginx", "Date": "Fri, 18 Jan 2019 10:13:31 GMT", "Content-Type": "application/json; charset=utf8", "Transfer-Encoding": "chunked", "Connection": "keep-alive", "Vary": "Accept-Encoding", "Access-Control-Allow-Origin": "*", "Access-Control-Allow-Credentials": "true", "Set-Cookie": "DIS4=8fa3ff82d99342e5b0d266b575251a25; Expires=Sat, 18-Jan-2020 10:13:31 GMT; Max-Age=31536000; Path=/", "X-Diablo-Revision": "1514b76", "X-Hebe-Host": "h1570", "X-Qk-Lb-Overloading-Level": "0", "Content-Encoding": "gzip"}',method='post',relatedApi='',relatedParams='',expect='{"err_code": "10001", "err_msg": "您的手机号未绑定钱咖帐号"}'
2019-01-21 10:31:56,823 - INFO - sql语句错误---->INSERT INTO testCase SET caseDescribe='测试',apiHost='/s5/login.mobile',params='{"phone":"17711794059","code":"123456"}',apiHeaders='{"Server": "nginx", "Date": "Fri, 18 Jan 2019 10:13:31 GMT", "Content-Type": "application/json; charset=utf8", "Transfer-Encoding": "chunked", "Connection": "keep-alive", "Vary": "Accept-Encoding", "Access-Control-Allow-Origin": "*", "Access-Control-Allow-Credentials": "true", "Set-Cookie": "DIS4=8fa3ff82d99342e5b0d266b575251a25; Expires=Sat, 18-Jan-2020 10:13:31 GMT; Max-Age=31536000; Path=/", "X-Diablo-Revision": "1514b76", "X-Hebe-Host": "h1570", "X-Qk-Lb-Overloading-Level": "0", "Content-Encoding": "gzip"}',method='post',relatedApi='',relatedParams='',expect='{"err_code": "10001", "err_msg": "您的手机号未绑定钱咖帐号"}'
2019-01-21 10:31:57,499 - INFO - 正在写入用例执行情况
2019-01-21 10:31:57,499 - INFO - 正在写入用例执行情况
2019-01-21 10:31:57,499 - INFO - 正在写入用例执行情况
2019-01-21 10:31:57,499 - INFO - 正在写入用例执行情况
2019-01-21 10:31:57,499 - INFO - 正在写入用例执行情况
2019-01-21 10:31:57,499 - INFO - 正在写入用例执行情况
2019-01-21 10:34:17,955 - INFO - 用例路径：E:\project\ApiTest\cases\exmple.xlsx
2019-01-21 10:34:17,955 - INFO - 用例路径：E:\project\ApiTest\cases\exmple.xlsx
2019-01-21 10:34:17,955 - INFO - 用例路径：E:\project\ApiTest\cases\exmple.xlsx
2019-01-21 10:34:17,955 - INFO - 用例路径：E:\project\ApiTest\cases\exmple.xlsx
2019-01-21 10:34:17,955 - INFO - 用例路径：E:\project\ApiTest\cases\exmple.xlsx
2019-01-21 10:34:17,955 - INFO - 获取用例完毕，共获取用例4条
2019-01-21 10:34:17,955 - INFO - 获取用例完毕，共获取用例4条
2019-01-21 10:34:17,955 - INFO - 获取用例完毕，共获取用例4条
2019-01-21 10:34:17,955 - INFO - 获取用例完毕，共获取用例4条
2019-01-21 10:34:17,955 - INFO - 获取用例完毕，共获取用例4条
2019-01-21 10:34:18,787 - INFO - 正在写入用例执行情况
2019-01-21 10:34:18,787 - INFO - 正在写入用例执行情况
2019-01-21 10:34:18,787 - INFO - 正在写入用例执行情况
2019-01-21 10:34:18,787 - INFO - 正在写入用例执行情况
2019-01-21 10:34:18,787 - INFO - 正在写入用例执行情况
2019-01-21 10:34:18,787 - INFO - 正在写入用例执行情况
2019-01-21 10:37:33,154 - INFO - 用例路径：E:\project\ApiTest\cases\exmple.xlsx
2019-01-21 10:37:33,154 - INFO - 用例路径：E:\project\ApiTest\cases\exmple.xlsx
2019-01-21 10:37:33,154 - INFO - 用例路径：E:\project\ApiTest\cases\exmple.xlsx
2019-01-21 10:37:33,154 - INFO - 用例路径：E:\project\ApiTest\cases\exmple.xlsx
2019-01-21 10:37:33,154 - INFO - 用例路径：E:\project\ApiTest\cases\exmple.xlsx
2019-01-21 10:37:33,155 - INFO - 获取用例完毕，共获取用例4条
2019-01-21 10:37:33,155 - INFO - 获取用例完毕，共获取用例4条
2019-01-21 10:37:33,155 - INFO - 获取用例完毕，共获取用例4条
2019-01-21 10:37:33,155 - INFO - 获取用例完毕，共获取用例4条
2019-01-21 10:37:33,155 - INFO - 获取用例完毕，共获取用例4条
2019-01-21 10:37:33,688 - INFO - 正在写入用例执行情况
2019-01-21 10:37:33,688 - INFO - 正在写入用例执行情况
2019-01-21 10:37:33,688 - INFO - 正在写入用例执行情况
2019-01-21 10:37:33,688 - INFO - 正在写入用例执行情况
2019-01-21 10:37:33,688 - INFO - 正在写入用例执行情况
2019-01-21 10:37:33,688 - INFO - 正在写入用例执行情况
2019-01-21 10:42:19,790 - INFO - 用例路径：E:\project\ApiTest\cases\exmple.xlsx
2019-01-21 10:42:19,790 - INFO - 用例路径：E:\project\ApiTest\cases\exmple.xlsx
2019-01-21 10:42:19,790 - INFO - 用例路径：E:\project\ApiTest\cases\exmple.xlsx
2019-01-21 10:42:19,790 - INFO - 用例路径：E:\project\ApiTest\cases\exmple.xlsx
2019-01-21 10:42:19,790 - INFO - 用例路径：E:\project\ApiTest\cases\exmple.xlsx
2019-01-21 10:42:19,790 - INFO - 获取用例完毕，共获取用例4条
2019-01-21 10:42:19,790 - INFO - 获取用例完毕，共获取用例4条
2019-01-21 10:42:19,790 - INFO - 获取用例完毕，共获取用例4条
2019-01-21 10:42:19,790 - INFO - 获取用例完毕，共获取用例4条
2019-01-21 10:42:19,790 - INFO - 获取用例完毕，共获取用例4条
2019-01-21 10:42:20,364 - INFO - 正在写入用例执行情况
2019-01-21 10:42:20,364 - INFO - 正在写入用例执行情况
2019-01-21 10:42:20,364 - INFO - 正在写入用例执行情况
2019-01-21 10:42:20,364 - INFO - 正在写入用例执行情况
2019-01-21 10:42:20,364 - INFO - 正在写入用例执行情况
2019-01-21 10:42:20,364 - INFO - 正在写入用例执行情况
2019-01-21 10:42:39,906 - INFO - 用例路径：E:\project\ApiTest\cases\exmple.xlsx
2019-01-21 10:42:39,906 - INFO - 用例路径：E:\project\ApiTest\cases\exmple.xlsx
2019-01-21 10:42:39,906 - INFO - 用例路径：E:\project\ApiTest\cases\exmple.xlsx
2019-01-21 10:42:39,906 - INFO - 用例路径：E:\project\ApiTest\cases\exmple.xlsx
2019-01-21 10:42:39,906 - INFO - 用例路径：E:\project\ApiTest\cases\exmple.xlsx
2019-01-21 10:42:39,906 - INFO - 获取用例完毕，共获取用例4条
2019-01-21 10:42:39,906 - INFO - 获取用例完毕，共获取用例4条
2019-01-21 10:42:39,906 - INFO - 获取用例完毕，共获取用例4条
2019-01-21 10:42:39,906 - INFO - 获取用例完毕，共获取用例4条
2019-01-21 10:42:39,906 - INFO - 获取用例完毕，共获取用例4条
2019-01-21 10:42:40,316 - INFO - 正在写入用例执行情况
2019-01-21 10:42:40,316 - INFO - 正在写入用例执行情况
2019-01-21 10:42:40,316 - INFO - 正在写入用例执行情况
2019-01-21 10:42:40,316 - INFO - 正在写入用例执行情况
2019-01-21 10:42:40,316 - INFO - 正在写入用例执行情况
2019-01-21 10:42:40,316 - INFO - 正在写入用例执行情况
2019-01-21 11:04:33,994 - INFO - 用例路径：E:\project\ApiTest\cases\exmple.xlsx
2019-01-21 11:04:33,994 - INFO - 用例路径：E:\project\ApiTest\cases\exmple.xlsx
2019-01-21 11:04:33,994 - INFO - 用例路径：E:\project\ApiTest\cases\exmple.xlsx
2019-01-21 11:04:33,994 - INFO - 用例路径：E:\project\ApiTest\cases\exmple.xlsx
2019-01-21 11:04:33,994 - INFO - 用例路径：E:\project\ApiTest\cases\exmple.xlsx
2019-01-21 11:06:41,908 - INFO - 用例路径：E:\project\ApiTest\cases\exmple.xlsx
2019-01-21 11:06:41,908 - INFO - 用例路径：E:\project\ApiTest\cases\exmple.xlsx
2019-01-21 11:06:41,908 - INFO - 用例路径：E:\project\ApiTest\cases\exmple.xlsx
2019-01-21 11:06:41,908 - INFO - 用例路径：E:\project\ApiTest\cases\exmple.xlsx
2019-01-21 11:06:41,908 - INFO - 用例路径：E:\project\ApiTest\cases\exmple.xlsx
2019-01-21 11:07:12,329 - INFO - 用例路径：E:\project\ApiTest\cases\exmple.xlsx
2019-01-21 11:07:12,329 - INFO - 用例路径：E:\project\ApiTest\cases\exmple.xlsx
2019-01-21 11:07:12,329 - INFO - 用例路径：E:\project\ApiTest\cases\exmple.xlsx
2019-01-21 11:07:12,329 - INFO - 用例路径：E:\project\ApiTest\cases\exmple.xlsx
2019-01-21 11:07:12,329 - INFO - 用例路径：E:\project\ApiTest\cases\exmple.xlsx
2019-01-21 11:08:32,079 - INFO - 用例路径：E:\project\ApiTest\cases\exmple.xlsx
2019-01-21 11:08:32,079 - INFO - 用例路径：E:\project\ApiTest\cases\exmple.xlsx
2019-01-21 11:08:32,079 - INFO - 用例路径：E:\project\ApiTest\cases\exmple.xlsx
2019-01-21 11:08:32,079 - INFO - 用例路径：E:\project\ApiTest\cases\exmple.xlsx
2019-01-21 11:08:32,079 - INFO - 用例路径：E:\project\ApiTest\cases\exmple.xlsx
2019-01-21 11:08:32,079 - INFO - 获取用例完毕，共获取用例4条
2019-01-21 11:08:32,079 - INFO - 获取用例完毕，共获取用例4条
2019-01-21 11:08:32,079 - INFO - 获取用例完毕，共获取用例4条
2019-01-21 11:08:32,079 - INFO - 获取用例完毕，共获取用例4条
2019-01-21 11:08:32,079 - INFO - 获取用例完毕，共获取用例4条
2019-01-21 11:08:32,482 - INFO - 正在写入用例执行情况
2019-01-21 11:08:32,482 - INFO - 正在写入用例执行情况
2019-01-21 11:08:32,482 - INFO - 正在写入用例执行情况
2019-01-21 11:08:32,482 - INFO - 正在写入用例执行情况
2019-01-21 11:08:32,482 - INFO - 正在写入用例执行情况
2019-01-21 11:08:32,482 - INFO - 正在写入用例执行情况
2019-01-21 11:13:59,037 - INFO - 用例路径：E:\project\ApiTest\cases\exmple.xlsx
2019-01-21 11:13:59,037 - INFO - 用例路径：E:\project\ApiTest\cases\exmple.xlsx
2019-01-21 11:13:59,037 - INFO - 用例路径：E:\project\ApiTest\cases\exmple.xlsx
2019-01-21 11:13:59,037 - INFO - 用例路径：E:\project\ApiTest\cases\exmple.xlsx
2019-01-21 11:13:59,037 - INFO - 用例路径：E:\project\ApiTest\cases\exmple.xlsx
2019-01-21 11:13:59,038 - INFO - 获取用例完毕，共获取用例4条
2019-01-21 11:13:59,038 - INFO - 获取用例完毕，共获取用例4条
2019-01-21 11:13:59,038 - INFO - 获取用例完毕，共获取用例4条
2019-01-21 11:13:59,038 - INFO - 获取用例完毕，共获取用例4条
2019-01-21 11:13:59,038 - INFO - 获取用例完毕，共获取用例4条
2019-01-21 11:13:59,553 - INFO - 正在写入用例执行情况
2019-01-21 11:13:59,553 - INFO - 正在写入用例执行情况
2019-01-21 11:13:59,553 - INFO - 正在写入用例执行情况
2019-01-21 11:13:59,553 - INFO - 正在写入用例执行情况
2019-01-21 11:13:59,553 - INFO - 正在写入用例执行情况
2019-01-21 11:13:59,553 - INFO - 正在写入用例执行情况
2019-01-21 11:14:43,822 - INFO - 用例路径：E:\project\ApiTest\cases\exmple.xlsx
2019-01-21 11:14:43,822 - INFO - 用例路径：E:\project\ApiTest\cases\exmple.xlsx
2019-01-21 11:14:43,822 - INFO - 用例路径：E:\project\ApiTest\cases\exmple.xlsx
2019-01-21 11:14:43,822 - INFO - 用例路径：E:\project\ApiTest\cases\exmple.xlsx
2019-01-21 11:14:43,822 - INFO - 用例路径：E:\project\ApiTest\cases\exmple.xlsx
2019-01-21 11:14:43,822 - INFO - 获取用例完毕，共获取用例4条
2019-01-21 11:14:43,822 - INFO - 获取用例完毕，共获取用例4条
2019-01-21 11:14:43,822 - INFO - 获取用例完毕，共获取用例4条
2019-01-21 11:14:43,822 - INFO - 获取用例完毕，共获取用例4条
2019-01-21 11:14:43,822 - INFO - 获取用例完毕，共获取用例4条
2019-01-21 11:14:44,354 - INFO - 正在写入用例执行情况
2019-01-21 11:14:44,354 - INFO - 正在写入用例执行情况
2019-01-21 11:14:44,354 - INFO - 正在写入用例执行情况
2019-01-21 11:14:44,354 - INFO - 正在写入用例执行情况
2019-01-21 11:14:44,354 - INFO - 正在写入用例执行情况
2019-01-21 11:14:44,354 - INFO - 正在写入用例执行情况
2019-01-21 11:15:15,644 - INFO - 用例路径：E:\project\ApiTest\cases\exmple.xlsx
2019-01-21 11:15:15,644 - INFO - 用例路径：E:\project\ApiTest\cases\exmple.xlsx
2019-01-21 11:15:15,644 - INFO - 用例路径：E:\project\ApiTest\cases\exmple.xlsx
2019-01-21 11:15:15,644 - INFO - 用例路径：E:\project\ApiTest\cases\exmple.xlsx
2019-01-21 11:15:15,644 - INFO - 用例路径：E:\project\ApiTest\cases\exmple.xlsx
2019-01-21 11:15:15,644 - INFO - 获取用例完毕，共获取用例4条
2019-01-21 11:15:15,644 - INFO - 获取用例完毕，共获取用例4条
2019-01-21 11:15:15,644 - INFO - 获取用例完毕，共获取用例4条
2019-01-21 11:15:15,644 - INFO - 获取用例完毕，共获取用例4条
2019-01-21 11:15:15,644 - INFO - 获取用例完毕，共获取用例4条
2019-01-21 11:15:16,246 - INFO - 正在写入用例执行情况
2019-01-21 11:15:16,246 - INFO - 正在写入用例执行情况
2019-01-21 11:15:16,246 - INFO - 正在写入用例执行情况
2019-01-21 11:15:16,246 - INFO - 正在写入用例执行情况
2019-01-21 11:15:16,246 - INFO - 正在写入用例执行情况
2019-01-21 11:15:16,246 - INFO - 正在写入用例执行情况
2019-01-21 11:16:55,545 - INFO - 用例路径：E:\project\ApiTest\cases\exmple.xlsx
2019-01-21 11:16:55,545 - INFO - 用例路径：E:\project\ApiTest\cases\exmple.xlsx
2019-01-21 11:16:55,545 - INFO - 用例路径：E:\project\ApiTest\cases\exmple.xlsx
2019-01-21 11:16:55,545 - INFO - 用例路径：E:\project\ApiTest\cases\exmple.xlsx
2019-01-21 11:16:55,545 - INFO - 用例路径：E:\project\ApiTest\cases\exmple.xlsx
2019-01-21 11:16:55,545 - INFO - 获取用例完毕，共获取用例4条
2019-01-21 11:16:55,545 - INFO - 获取用例完毕，共获取用例4条
2019-01-21 11:16:55,545 - INFO - 获取用例完毕，共获取用例4条
2019-01-21 11:16:55,545 - INFO - 获取用例完毕，共获取用例4条
2019-01-21 11:16:55,545 - INFO - 获取用例完毕，共获取用例4条
2019-01-21 11:16:55,985 - INFO - 正在写入用例执行情况
2019-01-21 11:16:55,985 - INFO - 正在写入用例执行情况
2019-01-21 11:16:55,985 - INFO - 正在写入用例执行情况
2019-01-21 11:16:55,985 - INFO - 正在写入用例执行情况
2019-01-21 11:16:55,985 - INFO - 正在写入用例执行情况
2019-01-21 11:16:55,985 - INFO - 正在写入用例执行情况
2019-01-21 11:17:01,805 - INFO - 用例路径：E:\project\ApiTest\cases\exmple.xlsx
2019-01-21 11:17:01,805 - INFO - 用例路径：E:\project\ApiTest\cases\exmple.xlsx
2019-01-21 11:17:01,805 - INFO - 用例路径：E:\project\ApiTest\cases\exmple.xlsx
2019-01-21 11:17:01,805 - INFO - 用例路径：E:\project\ApiTest\cases\exmple.xlsx
2019-01-21 11:17:01,805 - INFO - 用例路径：E:\project\ApiTest\cases\exmple.xlsx
2019-01-21 11:17:01,805 - INFO - 获取用例完毕，共获取用例4条
2019-01-21 11:17:01,805 - INFO - 获取用例完毕，共获取用例4条
2019-01-21 11:17:01,805 - INFO - 获取用例完毕，共获取用例4条
2019-01-21 11:17:01,805 - INFO - 获取用例完毕，共获取用例4条
2019-01-21 11:17:01,805 - INFO - 获取用例完毕，共获取用例4条
2019-01-21 11:17:02,243 - INFO - 正在写入用例执行情况
2019-01-21 11:17:02,243 - INFO - 正在写入用例执行情况
2019-01-21 11:17:02,243 - INFO - 正在写入用例执行情况
2019-01-21 11:17:02,243 - INFO - 正在写入用例执行情况
2019-01-21 11:17:02,243 - INFO - 正在写入用例执行情况
2019-01-21 11:17:02,243 - INFO - 正在写入用例执行情况
2019-01-21 11:17:32,293 - INFO - 用例路径：E:\project\ApiTest\cases\exmple.xlsx
2019-01-21 11:17:32,293 - INFO - 用例路径：E:\project\ApiTest\cases\exmple.xlsx
2019-01-21 11:17:32,293 - INFO - 用例路径：E:\project\ApiTest\cases\exmple.xlsx
2019-01-21 11:17:32,293 - INFO - 用例路径：E:\project\ApiTest\cases\exmple.xlsx
2019-01-21 11:17:32,293 - INFO - 用例路径：E:\project\ApiTest\cases\exmple.xlsx
2019-01-21 11:17:32,293 - INFO - 获取用例完毕，共获取用例4条
2019-01-21 11:17:32,293 - INFO - 获取用例完毕，共获取用例4条
2019-01-21 11:17:32,293 - INFO - 获取用例完毕，共获取用例4条
2019-01-21 11:17:32,293 - INFO - 获取用例完毕，共获取用例4条
2019-01-21 11:17:32,293 - INFO - 获取用例完毕，共获取用例4条
2019-01-21 11:17:32,704 - INFO - 正在写入用例执行情况
2019-01-21 11:17:32,704 - INFO - 正在写入用例执行情况
2019-01-21 11:17:32,704 - INFO - 正在写入用例执行情况
2019-01-21 11:17:32,704 - INFO - 正在写入用例执行情况
2019-01-21 11:17:32,704 - INFO - 正在写入用例执行情况
2019-01-21 11:17:32,704 - INFO - 正在写入用例执行情况
2019-01-21 11:18:38,420 - INFO - 用例路径：E:\project\ApiTest\cases\exmple.xlsx
2019-01-21 11:18:38,420 - INFO - 用例路径：E:\project\ApiTest\cases\exmple.xlsx
2019-01-21 11:18:38,420 - INFO - 用例路径：E:\project\ApiTest\cases\exmple.xlsx
2019-01-21 11:18:38,420 - INFO - 用例路径：E:\project\ApiTest\cases\exmple.xlsx
2019-01-21 11:18:38,420 - INFO - 用例路径：E:\project\ApiTest\cases\exmple.xlsx
2019-01-21 11:18:38,420 - INFO - 获取用例完毕，共获取用例4条
2019-01-21 11:18:38,420 - INFO - 获取用例完毕，共获取用例4条
2019-01-21 11:18:38,420 - INFO - 获取用例完毕，共获取用例4条
2019-01-21 11:18:38,420 - INFO - 获取用例完毕，共获取用例4条
2019-01-21 11:18:38,420 - INFO - 获取用例完毕，共获取用例4条
2019-01-21 11:18:38,818 - INFO - 正在写入用例执行情况
2019-01-21 11:18:38,818 - INFO - 正在写入用例执行情况
2019-01-21 11:18:38,818 - INFO - 正在写入用例执行情况
2019-01-21 11:18:38,818 - INFO - 正在写入用例执行情况
2019-01-21 11:18:38,818 - INFO - 正在写入用例执行情况
2019-01-21 11:18:38,818 - INFO - 正在写入用例执行情况
2019-01-21 11:19:20,511 - INFO - 用例路径：E:\project\ApiTest\cases\exmple.xlsx
2019-01-21 11:19:20,511 - INFO - 用例路径：E:\project\ApiTest\cases\exmple.xlsx
2019-01-21 11:19:20,511 - INFO - 用例路径：E:\project\ApiTest\cases\exmple.xlsx
2019-01-21 11:19:20,511 - INFO - 用例路径：E:\project\ApiTest\cases\exmple.xlsx
2019-01-21 11:19:20,511 - INFO - 用例路径：E:\project\ApiTest\cases\exmple.xlsx
2019-01-21 11:19:20,511 - INFO - 获取用例完毕，共获取用例4条
2019-01-21 11:19:20,511 - INFO - 获取用例完毕，共获取用例4条
2019-01-21 11:19:20,511 - INFO - 获取用例完毕，共获取用例4条
2019-01-21 11:19:20,511 - INFO - 获取用例完毕，共获取用例4条
2019-01-21 11:19:20,511 - INFO - 获取用例完毕，共获取用例4条
2019-01-21 11:19:21,158 - INFO - 正在写入用例执行情况
2019-01-21 11:19:21,158 - INFO - 正在写入用例执行情况
2019-01-21 11:19:21,158 - INFO - 正在写入用例执行情况
2019-01-21 11:19:21,158 - INFO - 正在写入用例执行情况
2019-01-21 11:19:21,158 - INFO - 正在写入用例执行情况
2019-01-21 11:19:21,158 - INFO - 正在写入用例执行情况
2019-01-21 11:19:32,994 - INFO - 用例路径：E:\project\ApiTest\cases\exmple.xlsx
2019-01-21 11:19:32,994 - INFO - 用例路径：E:\project\ApiTest\cases\exmple.xlsx
2019-01-21 11:19:32,994 - INFO - 用例路径：E:\project\ApiTest\cases\exmple.xlsx
2019-01-21 11:19:32,994 - INFO - 用例路径：E:\project\ApiTest\cases\exmple.xlsx
2019-01-21 11:19:32,994 - INFO - 用例路径：E:\project\ApiTest\cases\exmple.xlsx
2019-01-21 11:19:32,994 - INFO - 获取用例完毕，共获取用例4条
2019-01-21 11:19:32,994 - INFO - 获取用例完毕，共获取用例4条
2019-01-21 11:19:32,994 - INFO - 获取用例完毕，共获取用例4条
2019-01-21 11:19:32,994 - INFO - 获取用例完毕，共获取用例4条
2019-01-21 11:19:32,994 - INFO - 获取用例完毕，共获取用例4条
2019-01-21 11:19:33,435 - INFO - 正在写入用例执行情况
2019-01-21 11:19:33,435 - INFO - 正在写入用例执行情况
2019-01-21 11:19:33,435 - INFO - 正在写入用例执行情况
2019-01-21 11:19:33,435 - INFO - 正在写入用例执行情况
2019-01-21 11:19:33,435 - INFO - 正在写入用例执行情况
2019-01-21 11:19:33,435 - INFO - 正在写入用例执行情况
2019-01-21 11:40:08,249 - INFO - 用例路径：E:\project\ApiTest\cases\exmple.xlsx
2019-01-21 11:40:08,249 - INFO - 用例路径：E:\project\ApiTest\cases\exmple.xlsx
2019-01-21 11:40:08,249 - INFO - 用例路径：E:\project\ApiTest\cases\exmple.xlsx
2019-01-21 11:40:08,249 - INFO - 用例路径：E:\project\ApiTest\cases\exmple.xlsx
2019-01-21 11:40:08,249 - INFO - 用例路径：E:\project\ApiTest\cases\exmple.xlsx
2019-01-21 11:40:08,250 - INFO - 获取用例完毕，共获取用例4条
2019-01-21 11:40:08,250 - INFO - 获取用例完毕，共获取用例4条
2019-01-21 11:40:08,250 - INFO - 获取用例完毕，共获取用例4条
2019-01-21 11:40:08,250 - INFO - 获取用例完毕，共获取用例4条
2019-01-21 11:40:08,250 - INFO - 获取用例完毕，共获取用例4条
2019-01-21 11:40:08,775 - INFO - 正在写入用例执行情况
2019-01-21 11:40:08,775 - INFO - 正在写入用例执行情况
2019-01-21 11:40:08,775 - INFO - 正在写入用例执行情况
2019-01-21 11:40:08,775 - INFO - 正在写入用例执行情况
2019-01-21 11:40:08,775 - INFO - 正在写入用例执行情况
2019-01-21 11:40:08,775 - INFO - 正在写入用例执行情况
2019-01-21 11:40:14,893 - INFO - 用例路径：E:\project\ApiTest\cases\exmple.xlsx
2019-01-21 11:40:14,893 - INFO - 用例路径：E:\project\ApiTest\cases\exmple.xlsx
2019-01-21 11:40:14,893 - INFO - 用例路径：E:\project\ApiTest\cases\exmple.xlsx
2019-01-21 11:40:14,893 - INFO - 用例路径：E:\project\ApiTest\cases\exmple.xlsx
2019-01-21 11:40:14,893 - INFO - 用例路径：E:\project\ApiTest\cases\exmple.xlsx
2019-01-21 11:40:14,894 - INFO - 获取用例完毕，共获取用例4条
2019-01-21 11:40:14,894 - INFO - 获取用例完毕，共获取用例4条
2019-01-21 11:40:14,894 - INFO - 获取用例完毕，共获取用例4条
2019-01-21 11:40:14,894 - INFO - 获取用例完毕，共获取用例4条
2019-01-21 11:40:14,894 - INFO - 获取用例完毕，共获取用例4条
2019-01-21 11:40:15,522 - INFO - 正在写入用例执行情况
2019-01-21 11:40:15,522 - INFO - 正在写入用例执行情况
2019-01-21 11:40:15,522 - INFO - 正在写入用例执行情况
2019-01-21 11:40:15,522 - INFO - 正在写入用例执行情况
2019-01-21 11:40:15,522 - INFO - 正在写入用例执行情况
2019-01-21 11:40:15,522 - INFO - 正在写入用例执行情况
2019-01-21 11:41:19,933 - INFO - 用例路径：E:\project\ApiTest\cases\exmple.xlsx
2019-01-21 11:41:19,933 - INFO - 用例路径：E:\project\ApiTest\cases\exmple.xlsx
2019-01-21 11:41:19,933 - INFO - 用例路径：E:\project\ApiTest\cases\exmple.xlsx
2019-01-21 11:41:19,933 - INFO - 用例路径：E:\project\ApiTest\cases\exmple.xlsx
2019-01-21 11:41:19,933 - INFO - 用例路径：E:\project\ApiTest\cases\exmple.xlsx
2019-01-21 11:41:19,934 - INFO - 获取用例完毕，共获取用例4条
2019-01-21 11:41:19,934 - INFO - 获取用例完毕，共获取用例4条
2019-01-21 11:41:19,934 - INFO - 获取用例完毕，共获取用例4条
2019-01-21 11:41:19,934 - INFO - 获取用例完毕，共获取用例4条
2019-01-21 11:41:19,934 - INFO - 获取用例完毕，共获取用例4条
2019-01-21 11:41:20,431 - INFO - 正在写入用例执行情况
2019-01-21 11:41:20,431 - INFO - 正在写入用例执行情况
2019-01-21 11:41:20,431 - INFO - 正在写入用例执行情况
2019-01-21 11:41:20,431 - INFO - 正在写入用例执行情况
2019-01-21 11:41:20,431 - INFO - 正在写入用例执行情况
2019-01-21 11:41:20,431 - INFO - 正在写入用例执行情况
