2019-01-17 09:37:32,125 - INFO - 获取用例完毕，共获取用例2条
2019-01-17 09:37:43,682 - INFO - 获取用例完毕，共获取用例3条
2019-01-17 09:37:56,974 - INFO - 获取用例完毕，共获取用例0条
2019-01-17 09:38:06,160 - INFO - 获取用例完毕，共获取用例1条
2019-01-17 09:38:21,521 - INFO - 获取用例完毕，共获取用例1条
2019-01-17 09:54:55,352 - INFO - 获取用例完毕，共获取用例1条
2019-01-17 10:12:56,571 - INFO - 获取用例完毕，共获取用例1条
2019-01-17 10:23:08,498 - INFO - 获取用例完毕，共获取用例1条
2019-01-17 10:23:58,105 - INFO - 获取用例完毕，共获取用例1条
2019-01-17 10:25:07,347 - INFO - 获取用例完毕，共获取用例1条
2019-01-17 10:33:02,373 - INFO - 获取用例完毕，共获取用例1条
2019-01-17 10:52:47,928 - INFO - 获取用例完毕，共获取用例2条
2019-01-17 10:55:40,251 - INFO - 获取用例完毕，共获取用例2条
2019-01-17 10:56:20,589 - INFO - 获取用例完毕，共获取用例2条
2019-01-17 10:59:14,477 - INFO - 获取用例完毕，共获取用例2条
2019-01-17 11:14:03,724 - INFO - 获取用例完毕，共获取用例2条
2019-01-17 11:14:03,724 - INFO - 获取用例完毕，共获取用例2条
2019-01-17 11:14:20,729 - INFO - 获取用例完毕，共获取用例2条
2019-01-17 11:14:35,799 - INFO - 获取用例完毕，共获取用例2条
2019-01-17 11:14:35,799 - INFO - 获取用例完毕，共获取用例2条
2019-01-17 11:15:20,121 - INFO - 获取用例完毕，共获取用例2条
2019-01-17 11:15:20,121 - INFO - 获取用例完毕，共获取用例2条
2019-01-17 11:16:28,812 - INFO - 获取用例完毕，共获取用例2条
2019-01-17 11:16:28,812 - INFO - 获取用例完毕，共获取用例2条
2019-01-17 11:16:29,613 - INFO - ['用例编号', '接口名称', '接口路径', '预期结果', '实际结果', '测试判定', '测试时间', '失败原因']
2019-01-17 11:16:29,613 - INFO - ['用例编号', '接口名称', '接口路径', '预期结果', '实际结果', '测试判定', '测试时间', '失败原因']
2019-01-17 11:16:29,613 - INFO - ['用例编号', '接口名称', '接口路径', '预期结果', '实际结果', '测试判定', '测试时间', '失败原因']
2019-01-17 11:16:29,616 - INFO - 正在写入用例执行情况
2019-01-17 11:16:29,616 - INFO - 正在写入用例执行情况
2019-01-17 11:16:29,616 - INFO - 正在写入用例执行情况
2019-01-17 11:18:56,734 - INFO - 获取用例完毕，共获取用例4条
2019-01-17 11:18:56,734 - INFO - 获取用例完毕，共获取用例4条
2019-01-17 11:18:56,734 - INFO - 没有put这种请求方式,请修改用例
2019-01-17 11:18:56,734 - INFO - 没有put这种请求方式,请修改用例
2019-01-17 11:18:57,115 - INFO - ['用例编号', '接口名称', '接口路径', '预期结果', '实际结果', '测试判定', '测试时间', '失败原因']
2019-01-17 11:18:57,115 - INFO - ['用例编号', '接口名称', '接口路径', '预期结果', '实际结果', '测试判定', '测试时间', '失败原因']
2019-01-17 11:18:57,115 - INFO - ['用例编号', '接口名称', '接口路径', '预期结果', '实际结果', '测试判定', '测试时间', '失败原因']
2019-01-17 11:18:57,119 - INFO - 正在写入用例执行情况
2019-01-17 11:18:57,119 - INFO - 正在写入用例执行情况
2019-01-17 11:18:57,119 - INFO - 正在写入用例执行情况
2019-01-17 11:22:16,882 - INFO - 获取用例完毕，共获取用例4条
2019-01-17 11:22:16,882 - INFO - 获取用例完毕，共获取用例4条
2019-01-17 11:22:16,882 - INFO - 没有put这种请求方式,请修改用例
2019-01-17 11:22:16,882 - INFO - 没有put这种请求方式,请修改用例
2019-01-17 11:22:17,232 - INFO - ['用例编号', '接口名称', '接口路径', '预期结果', '实际结果', '测试判定', '测试时间', '失败原因']
2019-01-17 11:22:17,232 - INFO - ['用例编号', '接口名称', '接口路径', '预期结果', '实际结果', '测试判定', '测试时间', '失败原因']
2019-01-17 11:22:17,232 - INFO - ['用例编号', '接口名称', '接口路径', '预期结果', '实际结果', '测试判定', '测试时间', '失败原因']
2019-01-17 11:22:17,236 - INFO - 正在写入用例执行情况
2019-01-17 11:22:17,236 - INFO - 正在写入用例执行情况
2019-01-17 11:22:17,236 - INFO - 正在写入用例执行情况
2019-01-17 11:24:15,999 - INFO - 获取用例完毕，共获取用例4条
2019-01-17 11:24:15,999 - INFO - 获取用例完毕，共获取用例4条
2019-01-17 11:24:15,999 - INFO - 没有put这种请求方式,请修改用例
2019-01-17 11:24:15,999 - INFO - 没有put这种请求方式,请修改用例
2019-01-17 11:24:16,277 - INFO - ['用例编号', '接口名称', '接口路径', '预期结果', '实际结果', '测试判定', '测试时间', '失败原因']
2019-01-17 11:24:16,277 - INFO - ['用例编号', '接口名称', '接口路径', '预期结果', '实际结果', '测试判定', '测试时间', '失败原因']
2019-01-17 11:24:16,277 - INFO - ['用例编号', '接口名称', '接口路径', '预期结果', '实际结果', '测试判定', '测试时间', '失败原因']
2019-01-17 11:24:16,279 - INFO - 正在写入用例执行情况
2019-01-17 11:24:16,279 - INFO - 正在写入用例执行情况
2019-01-17 11:24:16,279 - INFO - 正在写入用例执行情况
2019-01-17 11:24:50,964 - INFO - 获取用例完毕，共获取用例4条
2019-01-17 11:24:50,964 - INFO - 获取用例完毕，共获取用例4条
2019-01-17 11:24:50,964 - INFO - 没有put这种请求方式,请修改用例
2019-01-17 11:24:50,964 - INFO - 没有put这种请求方式,请修改用例
2019-01-17 11:24:51,341 - INFO - ['用例编号', '接口名称', '接口路径', '预期结果', '实际结果', '测试判定', '测试时间', '失败原因']
2019-01-17 11:24:51,341 - INFO - ['用例编号', '接口名称', '接口路径', '预期结果', '实际结果', '测试判定', '测试时间', '失败原因']
2019-01-17 11:24:51,341 - INFO - ['用例编号', '接口名称', '接口路径', '预期结果', '实际结果', '测试判定', '测试时间', '失败原因']
2019-01-17 11:24:51,343 - INFO - 正在写入用例执行情况
2019-01-17 11:24:51,343 - INFO - 正在写入用例执行情况
2019-01-17 11:24:51,343 - INFO - 正在写入用例执行情况
2019-01-17 11:26:02,471 - INFO - 获取用例完毕，共获取用例4条
2019-01-17 11:26:02,471 - INFO - 获取用例完毕，共获取用例4条
2019-01-17 11:26:02,472 - INFO - 没有put这种请求方式,请修改用例
2019-01-17 11:26:02,472 - INFO - 没有put这种请求方式,请修改用例
2019-01-17 11:26:02,731 - INFO - ['用例编号', '接口名称', '接口路径', '预期结果', '实际结果', '测试判定', '测试时间', '失败原因']
2019-01-17 11:26:02,731 - INFO - ['用例编号', '接口名称', '接口路径', '预期结果', '实际结果', '测试判定', '测试时间', '失败原因']
2019-01-17 11:26:02,731 - INFO - ['用例编号', '接口名称', '接口路径', '预期结果', '实际结果', '测试判定', '测试时间', '失败原因']
2019-01-17 11:26:02,735 - INFO - 正在写入用例执行情况
2019-01-17 11:26:02,735 - INFO - 正在写入用例执行情况
2019-01-17 11:26:02,735 - INFO - 正在写入用例执行情况
2019-01-17 11:27:21,501 - INFO - 获取用例完毕，共获取用例4条
2019-01-17 11:27:21,501 - INFO - 获取用例完毕，共获取用例4条
2019-01-17 11:27:21,501 - INFO - 没有put这种请求方式,请修改用例
2019-01-17 11:27:21,501 - INFO - 没有put这种请求方式,请修改用例
2019-01-17 11:27:21,869 - INFO - ['用例编号', '接口名称', '接口路径', '预期结果', '实际结果', '测试判定', '测试时间', '失败原因']
2019-01-17 11:27:21,869 - INFO - ['用例编号', '接口名称', '接口路径', '预期结果', '实际结果', '测试判定', '测试时间', '失败原因']
2019-01-17 11:27:21,869 - INFO - ['用例编号', '接口名称', '接口路径', '预期结果', '实际结果', '测试判定', '测试时间', '失败原因']
2019-01-17 11:27:21,872 - INFO - 正在写入用例执行情况
2019-01-17 11:27:21,872 - INFO - 正在写入用例执行情况
2019-01-17 11:27:21,872 - INFO - 正在写入用例执行情况
2019-01-17 11:28:27,189 - INFO - 获取用例完毕，共获取用例4条
2019-01-17 11:28:27,189 - INFO - 获取用例完毕，共获取用例4条
2019-01-17 11:28:27,189 - INFO - 没有put这种请求方式,请修改用例
2019-01-17 11:28:27,189 - INFO - 没有put这种请求方式,请修改用例
2019-01-17 11:28:27,560 - INFO - ['用例编号', '接口名称', '接口路径', '预期结果', '实际结果', '测试判定', '测试时间', '失败原因']
2019-01-17 11:28:27,560 - INFO - ['用例编号', '接口名称', '接口路径', '预期结果', '实际结果', '测试判定', '测试时间', '失败原因']
2019-01-17 11:28:27,560 - INFO - ['用例编号', '接口名称', '接口路径', '预期结果', '实际结果', '测试判定', '测试时间', '失败原因']
2019-01-17 11:28:27,563 - INFO - 正在写入用例执行情况
2019-01-17 11:28:27,563 - INFO - 正在写入用例执行情况
2019-01-17 11:28:27,563 - INFO - 正在写入用例执行情况
2019-01-17 11:29:18,901 - INFO - 获取用例完毕，共获取用例4条
2019-01-17 11:29:18,901 - INFO - 获取用例完毕，共获取用例4条
2019-01-17 11:29:18,901 - INFO - 没有put这种请求方式,请修改用例
2019-01-17 11:29:18,901 - INFO - 没有put这种请求方式,请修改用例
2019-01-17 11:29:27,291 - INFO - ['用例编号', '接口名称', '接口路径', '预期结果', '实际结果', '测试判定', '测试时间', '失败原因']
2019-01-17 11:29:27,291 - INFO - ['用例编号', '接口名称', '接口路径', '预期结果', '实际结果', '测试判定', '测试时间', '失败原因']
2019-01-17 11:29:27,291 - INFO - ['用例编号', '接口名称', '接口路径', '预期结果', '实际结果', '测试判定', '测试时间', '失败原因']
2019-01-17 11:29:27,295 - INFO - 正在写入用例执行情况
2019-01-17 11:29:27,295 - INFO - 正在写入用例执行情况
2019-01-17 11:29:27,295 - INFO - 正在写入用例执行情况
2019-01-17 11:30:33,296 - INFO - 获取用例完毕，共获取用例4条
2019-01-17 11:30:33,296 - INFO - 获取用例完毕，共获取用例4条
2019-01-17 11:30:33,296 - INFO - 没有put这种请求方式,请修改用例
2019-01-17 11:30:33,296 - INFO - 没有put这种请求方式,请修改用例
2019-01-17 11:30:41,637 - INFO - ['用例编号', '接口名称', '接口路径', '预期结果', '实际结果', '测试判定', '测试时间', '失败原因']
2019-01-17 11:30:41,637 - INFO - ['用例编号', '接口名称', '接口路径', '预期结果', '实际结果', '测试判定', '测试时间', '失败原因']
2019-01-17 11:30:41,637 - INFO - ['用例编号', '接口名称', '接口路径', '预期结果', '实际结果', '测试判定', '测试时间', '失败原因']
2019-01-17 11:30:41,640 - INFO - 正在写入用例执行情况
2019-01-17 11:30:41,640 - INFO - 正在写入用例执行情况
2019-01-17 11:30:41,640 - INFO - 正在写入用例执行情况
2019-01-17 11:46:45,960 - INFO - 获取用例完毕，共获取用例4条
2019-01-17 11:55:48,808 - INFO - 获取用例完毕，共获取用例4条
2019-01-17 11:57:05,960 - INFO - 获取用例完毕，共获取用例4条
2019-01-17 11:57:12,537 - INFO - 获取用例完毕，共获取用例4条
2019-01-17 11:58:15,203 - INFO - 获取用例完毕，共获取用例4条
2019-01-17 11:58:38,156 - INFO - 获取用例完毕，共获取用例4条
2019-01-17 11:58:53,349 - INFO - 获取用例完毕，共获取用例4条
2019-01-17 11:59:12,419 - INFO - 获取用例完毕，共获取用例4条
2019-01-17 11:59:36,452 - INFO - 获取用例完毕，共获取用例4条
2019-01-17 11:59:55,330 - INFO - 获取用例完毕，共获取用例4条
2019-01-17 12:00:03,277 - INFO - 获取用例完毕，共获取用例4条
2019-01-17 12:00:09,900 - INFO - 获取用例完毕，共获取用例4条
2019-01-17 12:00:21,561 - INFO - 获取用例完毕，共获取用例4条
2019-01-17 12:37:27,234 - INFO - 获取用例完毕，共获取用例4条
2019-01-17 12:37:40,443 - INFO - 获取用例完毕，共获取用例4条
2019-01-17 12:39:28,244 - INFO - 获取用例完毕，共获取用例4条
2019-01-17 13:01:07,382 - INFO - 获取用例完毕，共获取用例4条
2019-01-17 13:01:23,744 - INFO - 获取用例完毕，共获取用例4条
2019-01-17 13:01:39,653 - INFO - 获取用例完毕，共获取用例4条
2019-01-17 13:01:59,023 - INFO - 获取用例完毕，共获取用例4条
2019-01-17 13:02:10,651 - INFO - 获取用例完毕，共获取用例4条
2019-01-17 13:02:22,643 - INFO - 获取用例完毕，共获取用例4条
2019-01-17 13:02:36,568 - INFO - 获取用例完毕，共获取用例4条
2019-01-17 13:03:11,534 - INFO - 获取用例完毕，共获取用例4条
2019-01-17 14:00:24,665 - INFO - 获取用例完毕，共获取用例4条
2019-01-17 14:10:09,488 - INFO - 获取用例完毕，共获取用例4条
2019-01-17 14:10:09,488 - INFO - 获取用例完毕，共获取用例4条
2019-01-17 14:10:09,488 - INFO - 没有put这种请求方式,请修改用例
2019-01-17 14:10:09,488 - INFO - 没有put这种请求方式,请修改用例
2019-01-17 14:10:10,008 - INFO - ['用例编号', '接口名称', '接口路径', '预期结果', '实际结果', '测试判定', '测试时间', '失败原因']
2019-01-17 14:10:10,008 - INFO - ['用例编号', '接口名称', '接口路径', '预期结果', '实际结果', '测试判定', '测试时间', '失败原因']
2019-01-17 14:10:10,008 - INFO - ['用例编号', '接口名称', '接口路径', '预期结果', '实际结果', '测试判定', '测试时间', '失败原因']
2019-01-17 14:10:10,010 - INFO - 正在写入用例执行情况
2019-01-17 14:10:10,010 - INFO - 正在写入用例执行情况
2019-01-17 14:10:10,010 - INFO - 正在写入用例执行情况
2019-01-17 14:14:19,236 - INFO - 获取用例完毕，共获取用例4条
2019-01-17 14:14:19,236 - INFO - 获取用例完毕，共获取用例4条
2019-01-17 14:14:19,236 - INFO - 没有put这种请求方式,请修改用例
2019-01-17 14:14:19,236 - INFO - 没有put这种请求方式,请修改用例
2019-01-17 14:14:19,612 - INFO - ['用例编号', '接口名称', '接口路径', '预期结果', '实际结果', '测试判定', '测试时间', '失败原因']
2019-01-17 14:14:19,612 - INFO - ['用例编号', '接口名称', '接口路径', '预期结果', '实际结果', '测试判定', '测试时间', '失败原因']
2019-01-17 14:14:19,612 - INFO - ['用例编号', '接口名称', '接口路径', '预期结果', '实际结果', '测试判定', '测试时间', '失败原因']
2019-01-17 14:14:19,616 - INFO - 正在写入用例执行情况
2019-01-17 14:14:19,616 - INFO - 正在写入用例执行情况
2019-01-17 14:14:19,616 - INFO - 正在写入用例执行情况
2019-01-17 14:14:29,077 - INFO - 获取用例完毕，共获取用例4条
2019-01-17 14:14:29,077 - INFO - 获取用例完毕，共获取用例4条
2019-01-17 14:14:29,078 - INFO - 没有put这种请求方式,请修改用例
2019-01-17 14:14:29,078 - INFO - 没有put这种请求方式,请修改用例
2019-01-17 14:14:29,415 - INFO - ['用例编号', '接口名称', '接口路径', '预期结果', '实际结果', '测试判定', '测试时间', '失败原因']
2019-01-17 14:14:29,415 - INFO - ['用例编号', '接口名称', '接口路径', '预期结果', '实际结果', '测试判定', '测试时间', '失败原因']
2019-01-17 14:14:29,415 - INFO - ['用例编号', '接口名称', '接口路径', '预期结果', '实际结果', '测试判定', '测试时间', '失败原因']
2019-01-17 14:14:29,419 - INFO - 正在写入用例执行情况
2019-01-17 14:14:29,419 - INFO - 正在写入用例执行情况
2019-01-17 14:14:29,419 - INFO - 正在写入用例执行情况
2019-01-17 14:15:06,664 - INFO - 获取用例完毕，共获取用例4条
2019-01-17 14:15:06,664 - INFO - 获取用例完毕，共获取用例4条
2019-01-17 14:15:06,665 - INFO - 没有put这种请求方式,请修改用例
2019-01-17 14:15:06,665 - INFO - 没有put这种请求方式,请修改用例
2019-01-17 14:15:07,079 - INFO - ['用例编号', '接口名称', '接口路径', '预期结果', '实际结果', '测试判定', '测试时间', '失败原因']
2019-01-17 14:15:07,079 - INFO - ['用例编号', '接口名称', '接口路径', '预期结果', '实际结果', '测试判定', '测试时间', '失败原因']
2019-01-17 14:15:07,079 - INFO - ['用例编号', '接口名称', '接口路径', '预期结果', '实际结果', '测试判定', '测试时间', '失败原因']
2019-01-17 14:15:07,080 - INFO - 正在写入用例执行情况
2019-01-17 14:15:07,080 - INFO - 正在写入用例执行情况
2019-01-17 14:15:07,080 - INFO - 正在写入用例执行情况
2019-01-17 14:19:24,984 - INFO - 获取用例完毕，共获取用例4条
2019-01-17 14:19:24,984 - INFO - 获取用例完毕，共获取用例4条
2019-01-17 14:19:24,984 - INFO - 没有put这种请求方式,请修改用例
2019-01-17 14:19:24,984 - INFO - 没有put这种请求方式,请修改用例
2019-01-17 14:19:56,345 - INFO - 获取用例完毕，共获取用例4条
2019-01-17 14:19:56,345 - INFO - 获取用例完毕，共获取用例4条
2019-01-17 14:19:56,346 - INFO - 没有put这种请求方式,请修改用例
2019-01-17 14:19:56,346 - INFO - 没有put这种请求方式,请修改用例
2019-01-17 14:19:56,807 - INFO - ['用例编号', '接口名称', '接口路径', '预期结果', '实际结果', '测试判定', '测试时间', '失败原因']
2019-01-17 14:19:56,807 - INFO - ['用例编号', '接口名称', '接口路径', '预期结果', '实际结果', '测试判定', '测试时间', '失败原因']
2019-01-17 14:19:56,807 - INFO - ['用例编号', '接口名称', '接口路径', '预期结果', '实际结果', '测试判定', '测试时间', '失败原因']
2019-01-17 14:19:56,809 - INFO - 正在写入用例执行情况
2019-01-17 14:19:56,809 - INFO - 正在写入用例执行情况
2019-01-17 14:19:56,809 - INFO - 正在写入用例执行情况
2019-01-17 14:21:40,926 - INFO - 获取用例完毕，共获取用例4条
2019-01-17 14:21:40,926 - INFO - 获取用例完毕，共获取用例4条
2019-01-17 14:21:40,926 - INFO - 没有put这种请求方式,请修改用例
2019-01-17 14:21:40,926 - INFO - 没有put这种请求方式,请修改用例
2019-01-17 14:21:41,343 - INFO - ['用例编号', '接口名称', '接口路径', '预期结果', '实际结果', '测试判定', '测试时间', '失败原因']
2019-01-17 14:21:41,343 - INFO - ['用例编号', '接口名称', '接口路径', '预期结果', '实际结果', '测试判定', '测试时间', '失败原因']
2019-01-17 14:21:41,343 - INFO - ['用例编号', '接口名称', '接口路径', '预期结果', '实际结果', '测试判定', '测试时间', '失败原因']
2019-01-17 14:21:41,346 - INFO - 正在写入用例执行情况
2019-01-17 14:21:41,346 - INFO - 正在写入用例执行情况
2019-01-17 14:21:41,346 - INFO - 正在写入用例执行情况
2019-01-17 14:24:46,012 - INFO - 获取用例完毕，共获取用例4条
2019-01-17 14:24:46,012 - INFO - 获取用例完毕，共获取用例4条
2019-01-17 14:25:45,317 - INFO - 获取用例完毕，共获取用例4条
2019-01-17 14:25:45,317 - INFO - 获取用例完毕，共获取用例4条
2019-01-17 14:25:45,317 - INFO - 没有put这种请求方式,请修改用例
2019-01-17 14:25:45,317 - INFO - 没有put这种请求方式,请修改用例
2019-01-17 14:25:45,723 - INFO - ['用例编号', '接口名称', '接口路径', '预期结果', '实际结果', '测试判定', '测试时间', '失败原因']
2019-01-17 14:25:45,723 - INFO - ['用例编号', '接口名称', '接口路径', '预期结果', '实际结果', '测试判定', '测试时间', '失败原因']
2019-01-17 14:25:45,723 - INFO - ['用例编号', '接口名称', '接口路径', '预期结果', '实际结果', '测试判定', '测试时间', '失败原因']
2019-01-17 14:25:45,726 - INFO - 正在写入用例执行情况
2019-01-17 14:25:45,726 - INFO - 正在写入用例执行情况
2019-01-17 14:25:45,726 - INFO - 正在写入用例执行情况
2019-01-17 14:26:09,948 - INFO - 获取用例完毕，共获取用例4条
2019-01-17 14:26:09,948 - INFO - 获取用例完毕，共获取用例4条
2019-01-17 14:26:39,782 - INFO - 获取用例完毕，共获取用例4条
2019-01-17 14:26:39,782 - INFO - 获取用例完毕，共获取用例4条
2019-01-17 14:26:39,782 - INFO - 没有put这种请求方式,请修改用例
2019-01-17 14:26:39,782 - INFO - 没有put这种请求方式,请修改用例
2019-01-17 14:26:40,241 - INFO - ['用例编号', '接口名称', '接口路径', '预期结果', '实际结果', '测试判定', '测试时间', '失败原因']
2019-01-17 14:26:40,241 - INFO - ['用例编号', '接口名称', '接口路径', '预期结果', '实际结果', '测试判定', '测试时间', '失败原因']
2019-01-17 14:26:40,241 - INFO - ['用例编号', '接口名称', '接口路径', '预期结果', '实际结果', '测试判定', '测试时间', '失败原因']
2019-01-17 14:26:40,245 - INFO - 正在写入用例执行情况
2019-01-17 14:26:40,245 - INFO - 正在写入用例执行情况
2019-01-17 14:26:40,245 - INFO - 正在写入用例执行情况
2019-01-17 14:29:54,752 - INFO - 获取用例完毕，共获取用例4条
2019-01-17 14:29:54,752 - INFO - 获取用例完毕，共获取用例4条
2019-01-17 14:29:54,753 - INFO - 没有put这种请求方式,请修改用例
2019-01-17 14:29:54,753 - INFO - 没有put这种请求方式,请修改用例
2019-01-17 14:32:05,571 - INFO - 获取用例完毕，共获取用例3条
2019-01-17 14:32:05,571 - INFO - 获取用例完毕，共获取用例3条
2019-01-17 14:32:05,571 - INFO - 没有put这种请求方式,请修改用例
2019-01-17 14:32:05,571 - INFO - 没有put这种请求方式,请修改用例
2019-01-17 14:34:02,093 - INFO - 获取用例完毕，共获取用例2条
2019-01-17 14:34:20,066 - INFO - 获取用例完毕，共获取用例2条
2019-01-17 14:35:36,822 - INFO - 获取用例完毕，共获取用例2条
2019-01-17 14:36:28,647 - INFO - 获取用例完毕，共获取用例2条
2019-01-17 14:47:39,529 - INFO - 获取用例完毕，共获取用例2条
2019-01-17 15:00:36,005 - INFO - 获取用例完毕，共获取用例2条
2019-01-17 15:01:09,139 - INFO - 获取用例完毕，共获取用例3条
2019-01-17 15:01:24,863 - INFO - 获取用例完毕，共获取用例3条
2019-01-17 15:01:50,124 - INFO - 获取用例完毕，共获取用例3条
2019-01-17 15:02:49,126 - INFO - 获取用例完毕，共获取用例3条
2019-01-17 15:05:16,448 - INFO - 获取用例完毕，共获取用例3条
2019-01-17 15:06:39,965 - INFO - 获取用例完毕，共获取用例3条
2019-01-17 15:07:05,477 - INFO - 获取用例完毕，共获取用例3条
2019-01-17 15:08:43,783 - INFO - 获取用例完毕，共获取用例3条
2019-01-17 15:09:06,152 - INFO - 获取用例完毕，共获取用例3条
2019-01-17 15:09:48,346 - INFO - 获取用例完毕，共获取用例3条
2019-01-17 15:09:48,346 - INFO - 获取用例完毕，共获取用例3条
2019-01-17 15:09:48,347 - INFO - 没有put这种请求方式,请修改用例
2019-01-17 15:09:48,347 - INFO - 没有put这种请求方式,请修改用例
2019-01-17 15:10:36,798 - INFO - 获取用例完毕，共获取用例3条
2019-01-17 15:10:36,798 - INFO - 获取用例完毕，共获取用例3条
2019-01-17 15:10:36,798 - INFO - 没有put这种请求方式,请修改用例
2019-01-17 15:10:36,798 - INFO - 没有put这种请求方式,请修改用例
2019-01-17 15:10:49,954 - INFO - 获取用例完毕，共获取用例3条
2019-01-17 15:10:49,954 - INFO - 获取用例完毕，共获取用例3条
2019-01-17 15:10:49,954 - INFO - 没有put这种请求方式,请修改用例
2019-01-17 15:10:49,954 - INFO - 没有put这种请求方式,请修改用例
2019-01-17 15:11:16,328 - INFO - 获取用例完毕，共获取用例3条
2019-01-17 15:11:16,328 - INFO - 获取用例完毕，共获取用例3条
2019-01-17 15:11:16,328 - INFO - 没有put这种请求方式,请修改用例
2019-01-17 15:11:16,328 - INFO - 没有put这种请求方式,请修改用例
2019-01-17 15:11:16,507 - INFO - ['用例编号', '接口名称', '接口路径', '预期结果', '实际结果', '测试判定', '测试时间', '失败原因']
2019-01-17 15:11:16,507 - INFO - ['用例编号', '接口名称', '接口路径', '预期结果', '实际结果', '测试判定', '测试时间', '失败原因']
2019-01-17 15:11:16,507 - INFO - ['用例编号', '接口名称', '接口路径', '预期结果', '实际结果', '测试判定', '测试时间', '失败原因']
2019-01-17 15:11:16,510 - INFO - 正在写入用例执行情况
2019-01-17 15:11:16,510 - INFO - 正在写入用例执行情况
2019-01-17 15:11:16,510 - INFO - 正在写入用例执行情况
2019-01-17 15:12:36,658 - INFO - 获取用例完毕，共获取用例3条
2019-01-17 15:12:36,658 - INFO - 获取用例完毕，共获取用例3条
2019-01-17 15:12:36,659 - INFO - 没有put这种请求方式,请修改用例
2019-01-17 15:12:36,659 - INFO - 没有put这种请求方式,请修改用例
2019-01-17 15:12:36,869 - INFO - ['用例编号', '接口名称', '接口路径', '预期结果', '实际结果', '测试判定', '测试时间', '失败原因']
2019-01-17 15:12:36,869 - INFO - ['用例编号', '接口名称', '接口路径', '预期结果', '实际结果', '测试判定', '测试时间', '失败原因']
2019-01-17 15:12:36,869 - INFO - ['用例编号', '接口名称', '接口路径', '预期结果', '实际结果', '测试判定', '测试时间', '失败原因']
2019-01-17 15:12:36,872 - INFO - 正在写入用例执行情况
2019-01-17 15:12:36,872 - INFO - 正在写入用例执行情况
2019-01-17 15:12:36,872 - INFO - 正在写入用例执行情况
2019-01-17 15:13:22,916 - INFO - 获取用例完毕，共获取用例3条
2019-01-17 15:13:22,916 - INFO - 获取用例完毕，共获取用例3条
2019-01-17 15:13:22,918 - INFO - 没有put这种请求方式,请修改用例
2019-01-17 15:13:22,918 - INFO - 没有put这种请求方式,请修改用例
2019-01-17 15:13:23,129 - INFO - ['用例编号', '接口名称', '接口路径', '预期结果', '实际结果', '测试判定', '测试时间', '失败原因']
2019-01-17 15:13:23,129 - INFO - ['用例编号', '接口名称', '接口路径', '预期结果', '实际结果', '测试判定', '测试时间', '失败原因']
2019-01-17 15:13:23,129 - INFO - ['用例编号', '接口名称', '接口路径', '预期结果', '实际结果', '测试判定', '测试时间', '失败原因']
2019-01-17 15:13:23,132 - INFO - 正在写入用例执行情况
2019-01-17 15:13:23,132 - INFO - 正在写入用例执行情况
2019-01-17 15:13:23,132 - INFO - 正在写入用例执行情况
2019-01-17 15:14:34,609 - INFO - 获取用例完毕，共获取用例3条
2019-01-17 15:14:34,609 - INFO - 获取用例完毕，共获取用例3条
2019-01-17 15:14:34,610 - INFO - 没有put这种请求方式,请修改用例
2019-01-17 15:14:34,610 - INFO - 没有put这种请求方式,请修改用例
2019-01-17 15:14:35,106 - INFO - ['用例编号', '接口名称', '接口路径', '预期结果', '实际结果', '测试判定', '测试时间', '失败原因']
2019-01-17 15:14:35,106 - INFO - ['用例编号', '接口名称', '接口路径', '预期结果', '实际结果', '测试判定', '测试时间', '失败原因']
2019-01-17 15:14:35,106 - INFO - ['用例编号', '接口名称', '接口路径', '预期结果', '实际结果', '测试判定', '测试时间', '失败原因']
2019-01-17 15:14:35,107 - INFO - [{'id': 1, 'name': '测试', 'host': '/s5/login.mobile', 'except': {'err_code': '1000', 'err_msg': '您的手机号未绑定钱咖帐号'}, 'fact': '用例请求方法错误', 'ispass': 'fail', 'time': '2019/01/17 15:14:34', 'reason': '用例错误，无法执行，没有put请求方法'}, {'id': 2, 'name': '测试', 'host': '/s5/login.mobile', 'except': {'err_code': '1000', 'err_msg': '您的手机号未绑定钱咖帐号'}, 'fact': '{\n  "err_code": 10001,\n  "err_msg": "您的手机号未绑定钱咖帐号",\n  "messages": [],\n  "payload": {}\n}', 'ispass': 'pass', 'time': '2019/01/17 15:14:34', 'reason': '预期结果与实际结果不匹配\nerr_code的值预期为：1000，实际为：10001'}, {'id': 3, 'name': '测试', 'host': '/s5/login.mobile', 'except': {'err_code': '1000', 'err_msg': '您的手机号'}, 'fact': '<!DOCTYPE HTML PUBLIC "-//W3C//DTD HTML 3.2 Final//EN">\n<title>405 Method Not Allowed</title>\n<h1>Method Not Allowed</h1>\n<p>The method is not allowed for the requested URL.</p>\n', 'ispass': 'pass', 'time': '2019/01/17 15:14:35'}]
2019-01-17 15:14:35,107 - INFO - [{'id': 1, 'name': '测试', 'host': '/s5/login.mobile', 'except': {'err_code': '1000', 'err_msg': '您的手机号未绑定钱咖帐号'}, 'fact': '用例请求方法错误', 'ispass': 'fail', 'time': '2019/01/17 15:14:34', 'reason': '用例错误，无法执行，没有put请求方法'}, {'id': 2, 'name': '测试', 'host': '/s5/login.mobile', 'except': {'err_code': '1000', 'err_msg': '您的手机号未绑定钱咖帐号'}, 'fact': '{\n  "err_code": 10001,\n  "err_msg": "您的手机号未绑定钱咖帐号",\n  "messages": [],\n  "payload": {}\n}', 'ispass': 'pass', 'time': '2019/01/17 15:14:34', 'reason': '预期结果与实际结果不匹配\nerr_code的值预期为：1000，实际为：10001'}, {'id': 3, 'name': '测试', 'host': '/s5/login.mobile', 'except': {'err_code': '1000', 'err_msg': '您的手机号'}, 'fact': '<!DOCTYPE HTML PUBLIC "-//W3C//DTD HTML 3.2 Final//EN">\n<title>405 Method Not Allowed</title>\n<h1>Method Not Allowed</h1>\n<p>The method is not allowed for the requested URL.</p>\n', 'ispass': 'pass', 'time': '2019/01/17 15:14:35'}]
2019-01-17 15:14:35,107 - INFO - [{'id': 1, 'name': '测试', 'host': '/s5/login.mobile', 'except': {'err_code': '1000', 'err_msg': '您的手机号未绑定钱咖帐号'}, 'fact': '用例请求方法错误', 'ispass': 'fail', 'time': '2019/01/17 15:14:34', 'reason': '用例错误，无法执行，没有put请求方法'}, {'id': 2, 'name': '测试', 'host': '/s5/login.mobile', 'except': {'err_code': '1000', 'err_msg': '您的手机号未绑定钱咖帐号'}, 'fact': '{\n  "err_code": 10001,\n  "err_msg": "您的手机号未绑定钱咖帐号",\n  "messages": [],\n  "payload": {}\n}', 'ispass': 'pass', 'time': '2019/01/17 15:14:34', 'reason': '预期结果与实际结果不匹配\nerr_code的值预期为：1000，实际为：10001'}, {'id': 3, 'name': '测试', 'host': '/s5/login.mobile', 'except': {'err_code': '1000', 'err_msg': '您的手机号'}, 'fact': '<!DOCTYPE HTML PUBLIC "-//W3C//DTD HTML 3.2 Final//EN">\n<title>405 Method Not Allowed</title>\n<h1>Method Not Allowed</h1>\n<p>The method is not allowed for the requested URL.</p>\n', 'ispass': 'pass', 'time': '2019/01/17 15:14:35'}]
2019-01-17 15:14:35,112 - INFO - 正在写入用例执行情况
2019-01-17 15:14:35,112 - INFO - 正在写入用例执行情况
2019-01-17 15:14:35,112 - INFO - 正在写入用例执行情况
2019-01-17 15:16:15,986 - INFO - 获取用例完毕，共获取用例3条
2019-01-17 15:16:15,986 - INFO - 获取用例完毕，共获取用例3条
2019-01-17 15:16:15,987 - INFO - 没有put这种请求方式,请修改用例
2019-01-17 15:16:15,987 - INFO - 没有put这种请求方式,请修改用例
2019-01-17 15:16:16,209 - INFO - ['用例编号', '接口名称', '接口路径', '预期结果', '实际结果', '测试判定', '测试时间', '失败原因']
2019-01-17 15:16:16,209 - INFO - ['用例编号', '接口名称', '接口路径', '预期结果', '实际结果', '测试判定', '测试时间', '失败原因']
2019-01-17 15:16:16,209 - INFO - ['用例编号', '接口名称', '接口路径', '预期结果', '实际结果', '测试判定', '测试时间', '失败原因']
2019-01-17 15:16:16,210 - INFO - [{'id': 1, 'name': '测试', 'host': '/s5/login.mobile', 'except': {'err_code': '1000', 'err_msg': '您的手机号未绑定钱咖帐号'}, 'fact': '用例请求方法错误', 'ispass': 'fail', 'time': '2019/01/17 15:16:15', 'reason': '用例错误，无法执行，没有put请求方法'}, {'id': 2, 'name': '测试', 'host': '/s5/login.mobile', 'except': {'err_code': '1000', 'err_msg': '您的手机号未绑定钱咖帐号'}, 'fact': '{\n  "err_code": 10001,\n  "err_msg": "您的手机号未绑定钱咖帐号",\n  "messages": [],\n  "payload": {}\n}', 'ispass': 'pass', 'time': '2019/01/17 15:16:16', 'reason': '预期结果与实际结果不匹配\nerr_code的值预期为：1000，实际为：10001'}, {'id': 3, 'name': '测试', 'host': '/s5/login.mobile', 'except': {'err_code': '1000', 'err_msg': '您的手机号'}, 'fact': '<!DOCTYPE HTML PUBLIC "-//W3C//DTD HTML 3.2 Final//EN">\n<title>405 Method Not Allowed</title>\n<h1>Method Not Allowed</h1>\n<p>The method is not allowed for the requested URL.</p>\n', 'ispass': 'pass', 'time': '2019/01/17 15:16:16'}]
2019-01-17 15:16:16,210 - INFO - [{'id': 1, 'name': '测试', 'host': '/s5/login.mobile', 'except': {'err_code': '1000', 'err_msg': '您的手机号未绑定钱咖帐号'}, 'fact': '用例请求方法错误', 'ispass': 'fail', 'time': '2019/01/17 15:16:15', 'reason': '用例错误，无法执行，没有put请求方法'}, {'id': 2, 'name': '测试', 'host': '/s5/login.mobile', 'except': {'err_code': '1000', 'err_msg': '您的手机号未绑定钱咖帐号'}, 'fact': '{\n  "err_code": 10001,\n  "err_msg": "您的手机号未绑定钱咖帐号",\n  "messages": [],\n  "payload": {}\n}', 'ispass': 'pass', 'time': '2019/01/17 15:16:16', 'reason': '预期结果与实际结果不匹配\nerr_code的值预期为：1000，实际为：10001'}, {'id': 3, 'name': '测试', 'host': '/s5/login.mobile', 'except': {'err_code': '1000', 'err_msg': '您的手机号'}, 'fact': '<!DOCTYPE HTML PUBLIC "-//W3C//DTD HTML 3.2 Final//EN">\n<title>405 Method Not Allowed</title>\n<h1>Method Not Allowed</h1>\n<p>The method is not allowed for the requested URL.</p>\n', 'ispass': 'pass', 'time': '2019/01/17 15:16:16'}]
2019-01-17 15:16:16,210 - INFO - [{'id': 1, 'name': '测试', 'host': '/s5/login.mobile', 'except': {'err_code': '1000', 'err_msg': '您的手机号未绑定钱咖帐号'}, 'fact': '用例请求方法错误', 'ispass': 'fail', 'time': '2019/01/17 15:16:15', 'reason': '用例错误，无法执行，没有put请求方法'}, {'id': 2, 'name': '测试', 'host': '/s5/login.mobile', 'except': {'err_code': '1000', 'err_msg': '您的手机号未绑定钱咖帐号'}, 'fact': '{\n  "err_code": 10001,\n  "err_msg": "您的手机号未绑定钱咖帐号",\n  "messages": [],\n  "payload": {}\n}', 'ispass': 'pass', 'time': '2019/01/17 15:16:16', 'reason': '预期结果与实际结果不匹配\nerr_code的值预期为：1000，实际为：10001'}, {'id': 3, 'name': '测试', 'host': '/s5/login.mobile', 'except': {'err_code': '1000', 'err_msg': '您的手机号'}, 'fact': '<!DOCTYPE HTML PUBLIC "-//W3C//DTD HTML 3.2 Final//EN">\n<title>405 Method Not Allowed</title>\n<h1>Method Not Allowed</h1>\n<p>The method is not allowed for the requested URL.</p>\n', 'ispass': 'pass', 'time': '2019/01/17 15:16:16'}]
2019-01-17 15:16:16,214 - INFO - 正在写入用例执行情况
2019-01-17 15:16:16,214 - INFO - 正在写入用例执行情况
2019-01-17 15:16:16,214 - INFO - 正在写入用例执行情况
2019-01-17 15:17:46,020 - INFO - 获取用例完毕，共获取用例3条
2019-01-17 15:17:46,020 - INFO - 获取用例完毕，共获取用例3条
2019-01-17 15:17:46,020 - INFO - 没有put这种请求方式,请修改用例
2019-01-17 15:17:46,020 - INFO - 没有put这种请求方式,请修改用例
2019-01-17 15:17:46,334 - INFO - ['用例编号', '接口名称', '接口路径', '预期结果', '实际结果', '测试判定', '测试时间', '失败原因']
2019-01-17 15:17:46,334 - INFO - ['用例编号', '接口名称', '接口路径', '预期结果', '实际结果', '测试判定', '测试时间', '失败原因']
2019-01-17 15:17:46,334 - INFO - ['用例编号', '接口名称', '接口路径', '预期结果', '实际结果', '测试判定', '测试时间', '失败原因']
2019-01-17 15:17:46,335 - INFO - [{'id': 1, 'name': '测试', 'host': '/s5/login.mobile', 'except': {'err_code': '1000', 'err_msg': '您的手机号未绑定钱咖帐号'}, 'fact': '用例请求方法错误', 'ispass': 'fail', 'time': '2019/01/17 15:17:46', 'reason': '用例错误，无法执行，没有put请求方法'}, {'id': 2, 'name': '测试', 'host': '/s5/login.mobile', 'except': {'err_code': '1000', 'err_msg': '您的手机号未绑定钱咖帐号'}, 'fact': '{\n  "err_code": 10001,\n  "err_msg": "您的手机号未绑定钱咖帐号",\n  "messages": [],\n  "payload": {}\n}', 'ispass': 'pass', 'time': '2019/01/17 15:17:46', 'reason': '预期结果与实际结果不匹配\nerr_code的值预期为：1000，实际为：10001'}, {'id': 3, 'name': '测试', 'host': '/s5/login.mobile', 'except': {'err_code': '1000', 'err_msg': '您的手机号'}, 'fact': '<!DOCTYPE HTML PUBLIC "-//W3C//DTD HTML 3.2 Final//EN">\n<title>405 Method Not Allowed</title>\n<h1>Method Not Allowed</h1>\n<p>The method is not allowed for the requested URL.</p>\n', 'ispass': 'pass', 'time': '2019/01/17 15:17:46'}]
2019-01-17 15:17:46,335 - INFO - [{'id': 1, 'name': '测试', 'host': '/s5/login.mobile', 'except': {'err_code': '1000', 'err_msg': '您的手机号未绑定钱咖帐号'}, 'fact': '用例请求方法错误', 'ispass': 'fail', 'time': '2019/01/17 15:17:46', 'reason': '用例错误，无法执行，没有put请求方法'}, {'id': 2, 'name': '测试', 'host': '/s5/login.mobile', 'except': {'err_code': '1000', 'err_msg': '您的手机号未绑定钱咖帐号'}, 'fact': '{\n  "err_code": 10001,\n  "err_msg": "您的手机号未绑定钱咖帐号",\n  "messages": [],\n  "payload": {}\n}', 'ispass': 'pass', 'time': '2019/01/17 15:17:46', 'reason': '预期结果与实际结果不匹配\nerr_code的值预期为：1000，实际为：10001'}, {'id': 3, 'name': '测试', 'host': '/s5/login.mobile', 'except': {'err_code': '1000', 'err_msg': '您的手机号'}, 'fact': '<!DOCTYPE HTML PUBLIC "-//W3C//DTD HTML 3.2 Final//EN">\n<title>405 Method Not Allowed</title>\n<h1>Method Not Allowed</h1>\n<p>The method is not allowed for the requested URL.</p>\n', 'ispass': 'pass', 'time': '2019/01/17 15:17:46'}]
2019-01-17 15:17:46,335 - INFO - [{'id': 1, 'name': '测试', 'host': '/s5/login.mobile', 'except': {'err_code': '1000', 'err_msg': '您的手机号未绑定钱咖帐号'}, 'fact': '用例请求方法错误', 'ispass': 'fail', 'time': '2019/01/17 15:17:46', 'reason': '用例错误，无法执行，没有put请求方法'}, {'id': 2, 'name': '测试', 'host': '/s5/login.mobile', 'except': {'err_code': '1000', 'err_msg': '您的手机号未绑定钱咖帐号'}, 'fact': '{\n  "err_code": 10001,\n  "err_msg": "您的手机号未绑定钱咖帐号",\n  "messages": [],\n  "payload": {}\n}', 'ispass': 'pass', 'time': '2019/01/17 15:17:46', 'reason': '预期结果与实际结果不匹配\nerr_code的值预期为：1000，实际为：10001'}, {'id': 3, 'name': '测试', 'host': '/s5/login.mobile', 'except': {'err_code': '1000', 'err_msg': '您的手机号'}, 'fact': '<!DOCTYPE HTML PUBLIC "-//W3C//DTD HTML 3.2 Final//EN">\n<title>405 Method Not Allowed</title>\n<h1>Method Not Allowed</h1>\n<p>The method is not allowed for the requested URL.</p>\n', 'ispass': 'pass', 'time': '2019/01/17 15:17:46'}]
2019-01-17 15:17:46,339 - INFO - 正在写入用例执行情况
2019-01-17 15:17:46,339 - INFO - 正在写入用例执行情况
2019-01-17 15:17:46,339 - INFO - 正在写入用例执行情况
2019-01-17 15:18:54,333 - INFO - 获取用例完毕，共获取用例1条
2019-01-17 15:18:54,333 - INFO - 获取用例完毕，共获取用例1条
2019-01-17 15:18:54,334 - INFO - 没有put这种请求方式,请修改用例
2019-01-17 15:18:54,334 - INFO - 没有put这种请求方式,请修改用例
2019-01-17 15:18:54,334 - INFO - ['用例编号', '接口名称', '接口路径', '预期结果', '实际结果', '测试判定', '测试时间', '失败原因']
2019-01-17 15:18:54,334 - INFO - ['用例编号', '接口名称', '接口路径', '预期结果', '实际结果', '测试判定', '测试时间', '失败原因']
2019-01-17 15:18:54,334 - INFO - ['用例编号', '接口名称', '接口路径', '预期结果', '实际结果', '测试判定', '测试时间', '失败原因']
2019-01-17 15:18:54,335 - INFO - [{'id': 1, 'name': '测试', 'host': '/s5/login.mobile', 'except': {'err_code': '1000', 'err_msg': '您的手机号未绑定钱咖帐号'}, 'fact': '用例请求方法错误', 'ispass': 'fail', 'time': '2019/01/17 15:18:54', 'reason': '用例错误，无法执行，没有put请求方法'}]
2019-01-17 15:18:54,335 - INFO - [{'id': 1, 'name': '测试', 'host': '/s5/login.mobile', 'except': {'err_code': '1000', 'err_msg': '您的手机号未绑定钱咖帐号'}, 'fact': '用例请求方法错误', 'ispass': 'fail', 'time': '2019/01/17 15:18:54', 'reason': '用例错误，无法执行，没有put请求方法'}]
2019-01-17 15:18:54,335 - INFO - [{'id': 1, 'name': '测试', 'host': '/s5/login.mobile', 'except': {'err_code': '1000', 'err_msg': '您的手机号未绑定钱咖帐号'}, 'fact': '用例请求方法错误', 'ispass': 'fail', 'time': '2019/01/17 15:18:54', 'reason': '用例错误，无法执行，没有put请求方法'}]
2019-01-17 15:18:54,335 - INFO - 正在写入用例执行情况
2019-01-17 15:18:54,335 - INFO - 正在写入用例执行情况
2019-01-17 15:18:54,335 - INFO - 正在写入用例执行情况
2019-01-17 15:19:12,181 - INFO - 获取用例完毕，共获取用例1条
2019-01-17 15:19:12,181 - INFO - 获取用例完毕，共获取用例1条
2019-01-17 15:19:12,317 - INFO - ['用例编号', '接口名称', '接口路径', '预期结果', '实际结果', '测试判定', '测试时间', '失败原因']
2019-01-17 15:19:12,317 - INFO - ['用例编号', '接口名称', '接口路径', '预期结果', '实际结果', '测试判定', '测试时间', '失败原因']
2019-01-17 15:19:12,317 - INFO - ['用例编号', '接口名称', '接口路径', '预期结果', '实际结果', '测试判定', '测试时间', '失败原因']
2019-01-17 15:19:12,318 - INFO - [{'id': 1, 'name': '测试', 'host': '/s5/login.mobile', 'except': {'err_code': '1000', 'err_msg': '您的手机号未绑定钱咖帐号'}, 'fact': '{\n  "err_code": 10001,\n  "err_msg": "您的手机号未绑定钱咖帐号",\n  "messages": [],\n  "payload": {}\n}', 'ispass': 'pass', 'time': '2019/01/17 15:19:12', 'reason': '预期结果与实际结果不匹配\nerr_code的值预期为：1000，实际为：10001'}]
2019-01-17 15:19:12,318 - INFO - [{'id': 1, 'name': '测试', 'host': '/s5/login.mobile', 'except': {'err_code': '1000', 'err_msg': '您的手机号未绑定钱咖帐号'}, 'fact': '{\n  "err_code": 10001,\n  "err_msg": "您的手机号未绑定钱咖帐号",\n  "messages": [],\n  "payload": {}\n}', 'ispass': 'pass', 'time': '2019/01/17 15:19:12', 'reason': '预期结果与实际结果不匹配\nerr_code的值预期为：1000，实际为：10001'}]
2019-01-17 15:19:12,318 - INFO - [{'id': 1, 'name': '测试', 'host': '/s5/login.mobile', 'except': {'err_code': '1000', 'err_msg': '您的手机号未绑定钱咖帐号'}, 'fact': '{\n  "err_code": 10001,\n  "err_msg": "您的手机号未绑定钱咖帐号",\n  "messages": [],\n  "payload": {}\n}', 'ispass': 'pass', 'time': '2019/01/17 15:19:12', 'reason': '预期结果与实际结果不匹配\nerr_code的值预期为：1000，实际为：10001'}]
2019-01-17 15:19:12,319 - INFO - 正在写入用例执行情况
2019-01-17 15:19:12,319 - INFO - 正在写入用例执行情况
2019-01-17 15:19:12,319 - INFO - 正在写入用例执行情况
2019-01-17 15:21:12,801 - INFO - 获取用例完毕，共获取用例1条
2019-01-17 15:21:12,801 - INFO - 获取用例完毕，共获取用例1条
2019-01-17 15:21:12,929 - INFO - ['用例编号', '接口名称', '接口路径', '预期结果', '实际结果', '测试判定', '测试时间', '失败原因']
2019-01-17 15:21:12,929 - INFO - ['用例编号', '接口名称', '接口路径', '预期结果', '实际结果', '测试判定', '测试时间', '失败原因']
2019-01-17 15:21:12,929 - INFO - ['用例编号', '接口名称', '接口路径', '预期结果', '实际结果', '测试判定', '测试时间', '失败原因']
2019-01-17 15:21:12,930 - INFO - [{'id': 1, 'name': '测试', 'host': '/s5/login.mobile', 'except': {'err_code': '10001', 'err_msg': '您的手机号未绑定钱咖帐号'}, 'fact': '{\n  "err_code": 10001,\n  "err_msg": "您的手机号未绑定钱咖帐号",\n  "messages": [],\n  "payload": {}\n}', 'ispass': 'pass', 'time': '2019/01/17 15:21:12', 'reason': '预期结果与实际结果不匹配\nerr_code的值预期为：10001，实际为：10001'}]
2019-01-17 15:21:12,930 - INFO - [{'id': 1, 'name': '测试', 'host': '/s5/login.mobile', 'except': {'err_code': '10001', 'err_msg': '您的手机号未绑定钱咖帐号'}, 'fact': '{\n  "err_code": 10001,\n  "err_msg": "您的手机号未绑定钱咖帐号",\n  "messages": [],\n  "payload": {}\n}', 'ispass': 'pass', 'time': '2019/01/17 15:21:12', 'reason': '预期结果与实际结果不匹配\nerr_code的值预期为：10001，实际为：10001'}]
2019-01-17 15:21:12,930 - INFO - [{'id': 1, 'name': '测试', 'host': '/s5/login.mobile', 'except': {'err_code': '10001', 'err_msg': '您的手机号未绑定钱咖帐号'}, 'fact': '{\n  "err_code": 10001,\n  "err_msg": "您的手机号未绑定钱咖帐号",\n  "messages": [],\n  "payload": {}\n}', 'ispass': 'pass', 'time': '2019/01/17 15:21:12', 'reason': '预期结果与实际结果不匹配\nerr_code的值预期为：10001，实际为：10001'}]
2019-01-17 15:21:12,933 - INFO - 正在写入用例执行情况
2019-01-17 15:21:12,933 - INFO - 正在写入用例执行情况
2019-01-17 15:21:12,933 - INFO - 正在写入用例执行情况
2019-01-17 15:22:32,683 - INFO - 获取用例完毕，共获取用例1条
2019-01-17 15:22:32,683 - INFO - 获取用例完毕，共获取用例1条
2019-01-17 15:22:32,783 - INFO - ['用例编号', '接口名称', '接口路径', '预期结果', '实际结果', '测试判定', '测试时间', '失败原因']
2019-01-17 15:22:32,783 - INFO - ['用例编号', '接口名称', '接口路径', '预期结果', '实际结果', '测试判定', '测试时间', '失败原因']
2019-01-17 15:22:32,783 - INFO - ['用例编号', '接口名称', '接口路径', '预期结果', '实际结果', '测试判定', '测试时间', '失败原因']
2019-01-17 15:22:32,784 - INFO - [{'id': 1, 'name': '测试', 'host': '/s5/login.mobile', 'except': {'err_code': '10001', 'err_msg': '您的手机号未绑定钱咖帐号'}, 'fact': '{\n  "err_code": 10001,\n  "err_msg": "您的手机号未绑定钱咖帐号",\n  "messages": [],\n  "payload": {}\n}', 'ispass': 'pass', 'time': '2019/01/17 15:22:32'}]
2019-01-17 15:22:32,784 - INFO - [{'id': 1, 'name': '测试', 'host': '/s5/login.mobile', 'except': {'err_code': '10001', 'err_msg': '您的手机号未绑定钱咖帐号'}, 'fact': '{\n  "err_code": 10001,\n  "err_msg": "您的手机号未绑定钱咖帐号",\n  "messages": [],\n  "payload": {}\n}', 'ispass': 'pass', 'time': '2019/01/17 15:22:32'}]
2019-01-17 15:22:32,784 - INFO - [{'id': 1, 'name': '测试', 'host': '/s5/login.mobile', 'except': {'err_code': '10001', 'err_msg': '您的手机号未绑定钱咖帐号'}, 'fact': '{\n  "err_code": 10001,\n  "err_msg": "您的手机号未绑定钱咖帐号",\n  "messages": [],\n  "payload": {}\n}', 'ispass': 'pass', 'time': '2019/01/17 15:22:32'}]
2019-01-17 15:22:32,786 - INFO - 正在写入用例执行情况
2019-01-17 15:22:32,786 - INFO - 正在写入用例执行情况
2019-01-17 15:22:32,786 - INFO - 正在写入用例执行情况
2019-01-17 15:23:00,928 - INFO - 获取用例完毕，共获取用例1条
2019-01-17 15:23:00,928 - INFO - 获取用例完毕，共获取用例1条
2019-01-17 15:23:01,040 - INFO - ['用例编号', '接口名称', '接口路径', '预期结果', '实际结果', '测试判定', '测试时间', '失败原因']
2019-01-17 15:23:01,040 - INFO - ['用例编号', '接口名称', '接口路径', '预期结果', '实际结果', '测试判定', '测试时间', '失败原因']
2019-01-17 15:23:01,040 - INFO - ['用例编号', '接口名称', '接口路径', '预期结果', '实际结果', '测试判定', '测试时间', '失败原因']
2019-01-17 15:23:01,040 - INFO - [{'id': 1, 'name': '测试', 'host': '/s5/login.mobile', 'except': {'err_code': '10001', 'err_msg': '您的手机号未绑定钱咖帐号'}, 'fact': '{\n  "err_code": 10001,\n  "err_msg": "您的手机号未绑定钱咖帐号",\n  "messages": [],\n  "payload": {}\n}', 'ispass': 'pass', 'time': '2019/01/17 15:23:01', 'reason': '预期结果与实际结果不匹配\nerr_code的值预期为：10001，实际为：10001'}]
2019-01-17 15:23:01,040 - INFO - [{'id': 1, 'name': '测试', 'host': '/s5/login.mobile', 'except': {'err_code': '10001', 'err_msg': '您的手机号未绑定钱咖帐号'}, 'fact': '{\n  "err_code": 10001,\n  "err_msg": "您的手机号未绑定钱咖帐号",\n  "messages": [],\n  "payload": {}\n}', 'ispass': 'pass', 'time': '2019/01/17 15:23:01', 'reason': '预期结果与实际结果不匹配\nerr_code的值预期为：10001，实际为：10001'}]
2019-01-17 15:23:01,040 - INFO - [{'id': 1, 'name': '测试', 'host': '/s5/login.mobile', 'except': {'err_code': '10001', 'err_msg': '您的手机号未绑定钱咖帐号'}, 'fact': '{\n  "err_code": 10001,\n  "err_msg": "您的手机号未绑定钱咖帐号",\n  "messages": [],\n  "payload": {}\n}', 'ispass': 'pass', 'time': '2019/01/17 15:23:01', 'reason': '预期结果与实际结果不匹配\nerr_code的值预期为：10001，实际为：10001'}]
2019-01-17 15:23:01,041 - INFO - 正在写入用例执行情况
2019-01-17 15:23:01,041 - INFO - 正在写入用例执行情况
2019-01-17 15:23:01,041 - INFO - 正在写入用例执行情况
2019-01-17 15:23:41,959 - INFO - 获取用例完毕，共获取用例1条
2019-01-17 15:23:41,959 - INFO - 获取用例完毕，共获取用例1条
2019-01-17 15:23:42,056 - INFO - ['用例编号', '接口名称', '接口路径', '预期结果', '实际结果', '测试判定', '测试时间', '失败原因']
2019-01-17 15:23:42,056 - INFO - ['用例编号', '接口名称', '接口路径', '预期结果', '实际结果', '测试判定', '测试时间', '失败原因']
2019-01-17 15:23:42,056 - INFO - ['用例编号', '接口名称', '接口路径', '预期结果', '实际结果', '测试判定', '测试时间', '失败原因']
2019-01-17 15:23:42,057 - INFO - [{'id': 1, 'name': '测试', 'host': '/s5/login.mobile', 'except': {'err_code': '10001', 'err_msg': '您的手机号未绑定钱咖帐号'}, 'fact': '{\n  "err_code": 10001,\n  "err_msg": "您的手机号未绑定钱咖帐号",\n  "messages": [],\n  "payload": {}\n}', 'ispass': 'fail', 'time': '2019/01/17 15:23:42', 'reason': '网络连接错误或其他错误，接口返回200'}]
2019-01-17 15:23:42,057 - INFO - [{'id': 1, 'name': '测试', 'host': '/s5/login.mobile', 'except': {'err_code': '10001', 'err_msg': '您的手机号未绑定钱咖帐号'}, 'fact': '{\n  "err_code": 10001,\n  "err_msg": "您的手机号未绑定钱咖帐号",\n  "messages": [],\n  "payload": {}\n}', 'ispass': 'fail', 'time': '2019/01/17 15:23:42', 'reason': '网络连接错误或其他错误，接口返回200'}]
2019-01-17 15:23:42,057 - INFO - [{'id': 1, 'name': '测试', 'host': '/s5/login.mobile', 'except': {'err_code': '10001', 'err_msg': '您的手机号未绑定钱咖帐号'}, 'fact': '{\n  "err_code": 10001,\n  "err_msg": "您的手机号未绑定钱咖帐号",\n  "messages": [],\n  "payload": {}\n}', 'ispass': 'fail', 'time': '2019/01/17 15:23:42', 'reason': '网络连接错误或其他错误，接口返回200'}]
2019-01-17 15:23:42,058 - INFO - 正在写入用例执行情况
2019-01-17 15:23:42,058 - INFO - 正在写入用例执行情况
2019-01-17 15:23:42,058 - INFO - 正在写入用例执行情况
2019-01-17 15:24:29,517 - INFO - 获取用例完毕，共获取用例1条
2019-01-17 15:24:29,517 - INFO - 获取用例完毕，共获取用例1条
2019-01-17 15:24:29,654 - INFO - ['用例编号', '接口名称', '接口路径', '预期结果', '实际结果', '测试判定', '测试时间', '失败原因']
2019-01-17 15:24:29,654 - INFO - ['用例编号', '接口名称', '接口路径', '预期结果', '实际结果', '测试判定', '测试时间', '失败原因']
2019-01-17 15:24:29,654 - INFO - ['用例编号', '接口名称', '接口路径', '预期结果', '实际结果', '测试判定', '测试时间', '失败原因']
2019-01-17 15:24:29,655 - INFO - [{'id': 1, 'name': '测试', 'host': '/s5/login.mobile', 'except': {'err_code': '10001', 'err_msg': '您的手机号未绑定钱咖帐号'}, 'fact': 'sss', 'ispass': 'fail', 'time': '2019/01/17 15:24:29', 'reason': '网络连接错误或其他错误，接口返回200'}]
2019-01-17 15:24:29,655 - INFO - [{'id': 1, 'name': '测试', 'host': '/s5/login.mobile', 'except': {'err_code': '10001', 'err_msg': '您的手机号未绑定钱咖帐号'}, 'fact': 'sss', 'ispass': 'fail', 'time': '2019/01/17 15:24:29', 'reason': '网络连接错误或其他错误，接口返回200'}]
2019-01-17 15:24:29,655 - INFO - [{'id': 1, 'name': '测试', 'host': '/s5/login.mobile', 'except': {'err_code': '10001', 'err_msg': '您的手机号未绑定钱咖帐号'}, 'fact': 'sss', 'ispass': 'fail', 'time': '2019/01/17 15:24:29', 'reason': '网络连接错误或其他错误，接口返回200'}]
2019-01-17 15:24:29,659 - INFO - 正在写入用例执行情况
2019-01-17 15:24:29,659 - INFO - 正在写入用例执行情况
2019-01-17 15:24:29,659 - INFO - 正在写入用例执行情况
2019-01-17 15:24:34,163 - INFO - 获取用例完毕，共获取用例1条
2019-01-17 15:24:34,163 - INFO - 获取用例完毕，共获取用例1条
2019-01-17 15:24:34,289 - INFO - ['用例编号', '接口名称', '接口路径', '预期结果', '实际结果', '测试判定', '测试时间', '失败原因']
2019-01-17 15:24:34,289 - INFO - ['用例编号', '接口名称', '接口路径', '预期结果', '实际结果', '测试判定', '测试时间', '失败原因']
2019-01-17 15:24:34,289 - INFO - ['用例编号', '接口名称', '接口路径', '预期结果', '实际结果', '测试判定', '测试时间', '失败原因']
2019-01-17 15:24:34,290 - INFO - [{'id': 1, 'name': '测试', 'host': '/s5/login.mobile', 'except': {'err_code': '10001', 'err_msg': '您的手机号未绑定钱咖帐号'}, 'fact': 'sss', 'ispass': 'fail', 'time': '2019/01/17 15:24:34', 'reason': '网络连接错误或其他错误，接口返回200'}]
2019-01-17 15:24:34,290 - INFO - [{'id': 1, 'name': '测试', 'host': '/s5/login.mobile', 'except': {'err_code': '10001', 'err_msg': '您的手机号未绑定钱咖帐号'}, 'fact': 'sss', 'ispass': 'fail', 'time': '2019/01/17 15:24:34', 'reason': '网络连接错误或其他错误，接口返回200'}]
2019-01-17 15:24:34,290 - INFO - [{'id': 1, 'name': '测试', 'host': '/s5/login.mobile', 'except': {'err_code': '10001', 'err_msg': '您的手机号未绑定钱咖帐号'}, 'fact': 'sss', 'ispass': 'fail', 'time': '2019/01/17 15:24:34', 'reason': '网络连接错误或其他错误，接口返回200'}]
2019-01-17 15:24:34,292 - INFO - 正在写入用例执行情况
2019-01-17 15:24:34,292 - INFO - 正在写入用例执行情况
2019-01-17 15:24:34,292 - INFO - 正在写入用例执行情况
2019-01-17 15:25:28,135 - INFO - 获取用例完毕，共获取用例1条
2019-01-17 15:25:28,135 - INFO - 获取用例完毕，共获取用例1条
2019-01-17 15:25:28,252 - INFO - ['用例编号', '接口名称', '接口路径', '预期结果', '实际结果', '测试判定', '测试时间', '失败原因']
2019-01-17 15:25:28,252 - INFO - ['用例编号', '接口名称', '接口路径', '预期结果', '实际结果', '测试判定', '测试时间', '失败原因']
2019-01-17 15:25:28,252 - INFO - ['用例编号', '接口名称', '接口路径', '预期结果', '实际结果', '测试判定', '测试时间', '失败原因']
2019-01-17 15:25:28,253 - INFO - 正在写入用例执行情况
2019-01-17 15:25:28,253 - INFO - 正在写入用例执行情况
2019-01-17 15:25:28,253 - INFO - 正在写入用例执行情况
2019-01-17 15:26:05,052 - INFO - ['用例编号', '接口名称', '接口路径', '预期结果', '实际结果', '测试判定', '测试时间', '失败原因']
2019-01-17 15:26:05,053 - INFO - 正在写入用例执行情况
2019-01-17 15:26:45,099 - INFO - 获取用例完毕，共获取用例1条
2019-01-17 15:26:45,099 - INFO - 获取用例完毕，共获取用例1条
2019-01-17 15:26:45,241 - INFO - ['用例编号', '接口名称', '接口路径', '预期结果', '实际结果', '测试判定', '测试时间', '失败原因']
2019-01-17 15:26:45,241 - INFO - ['用例编号', '接口名称', '接口路径', '预期结果', '实际结果', '测试判定', '测试时间', '失败原因']
2019-01-17 15:26:45,241 - INFO - ['用例编号', '接口名称', '接口路径', '预期结果', '实际结果', '测试判定', '测试时间', '失败原因']
2019-01-17 15:26:45,246 - INFO - 正在写入用例执行情况
2019-01-17 15:26:45,246 - INFO - 正在写入用例执行情况
2019-01-17 15:26:45,246 - INFO - 正在写入用例执行情况
2019-01-17 15:27:27,549 - INFO - ['用例编号', '接口名称', '接口路径', '预期结果', '实际结果', '测试判定', '测试时间', '失败原因']
2019-01-17 15:27:27,550 - INFO - 正在写入用例执行情况
2019-01-17 15:27:58,302 - INFO - 获取用例完毕，共获取用例1条
2019-01-17 15:27:58,302 - INFO - 获取用例完毕，共获取用例1条
2019-01-17 15:27:58,451 - INFO - ['用例编号', '接口名称', '接口路径', '预期结果', '实际结果', '测试判定', '测试时间', '失败原因']
2019-01-17 15:27:58,451 - INFO - ['用例编号', '接口名称', '接口路径', '预期结果', '实际结果', '测试判定', '测试时间', '失败原因']
2019-01-17 15:27:58,451 - INFO - ['用例编号', '接口名称', '接口路径', '预期结果', '实际结果', '测试判定', '测试时间', '失败原因']
2019-01-17 15:27:58,452 - INFO - 正在写入用例执行情况
2019-01-17 15:27:58,452 - INFO - 正在写入用例执行情况
2019-01-17 15:27:58,452 - INFO - 正在写入用例执行情况
2019-01-17 15:28:41,125 - INFO - 获取用例完毕，共获取用例1条
2019-01-17 15:28:41,125 - INFO - 获取用例完毕，共获取用例1条
2019-01-17 15:28:41,201 - INFO - ['用例编号', '接口名称', '接口路径', '预期结果', '实际结果', '测试判定', '测试时间', '失败原因']
2019-01-17 15:28:41,201 - INFO - ['用例编号', '接口名称', '接口路径', '预期结果', '实际结果', '测试判定', '测试时间', '失败原因']
2019-01-17 15:28:41,201 - INFO - ['用例编号', '接口名称', '接口路径', '预期结果', '实际结果', '测试判定', '测试时间', '失败原因']
2019-01-17 15:28:41,202 - INFO - 正在写入用例执行情况
2019-01-17 15:28:41,202 - INFO - 正在写入用例执行情况
2019-01-17 15:28:41,202 - INFO - 正在写入用例执行情况
2019-01-17 15:28:44,145 - INFO - ['用例编号', '接口名称', '接口路径', '预期结果', '实际结果', '测试判定', '测试时间', '失败原因']
2019-01-17 15:28:44,146 - INFO - 正在写入用例执行情况
2019-01-17 15:29:33,694 - INFO - 获取用例完毕，共获取用例1条
2019-01-17 15:29:33,694 - INFO - 获取用例完毕，共获取用例1条
2019-01-17 15:29:33,771 - INFO - ['用例编号', '接口名称', '接口路径', '预期结果', '实际结果', '测试判定', '测试时间', '失败原因']
2019-01-17 15:29:33,771 - INFO - ['用例编号', '接口名称', '接口路径', '预期结果', '实际结果', '测试判定', '测试时间', '失败原因']
2019-01-17 15:29:33,771 - INFO - ['用例编号', '接口名称', '接口路径', '预期结果', '实际结果', '测试判定', '测试时间', '失败原因']
2019-01-17 15:29:33,772 - INFO - 正在写入用例执行情况
2019-01-17 15:29:33,772 - INFO - 正在写入用例执行情况
2019-01-17 15:29:33,772 - INFO - 正在写入用例执行情况
2019-01-17 15:29:49,741 - INFO - 获取用例完毕，共获取用例1条
2019-01-17 15:29:49,741 - INFO - 获取用例完毕，共获取用例1条
2019-01-17 15:30:06,275 - INFO - 获取用例完毕，共获取用例1条
2019-01-17 15:30:06,275 - INFO - 获取用例完毕，共获取用例1条
2019-01-17 15:30:06,379 - INFO - ['用例编号', '接口名称', '接口路径', '预期结果', '实际结果', '测试判定', '测试时间', '失败原因']
2019-01-17 15:30:06,379 - INFO - ['用例编号', '接口名称', '接口路径', '预期结果', '实际结果', '测试判定', '测试时间', '失败原因']
2019-01-17 15:30:06,379 - INFO - ['用例编号', '接口名称', '接口路径', '预期结果', '实际结果', '测试判定', '测试时间', '失败原因']
2019-01-17 15:30:06,380 - INFO - 正在写入用例执行情况
2019-01-17 15:30:06,380 - INFO - 正在写入用例执行情况
2019-01-17 15:30:06,380 - INFO - 正在写入用例执行情况
2019-01-17 15:30:23,439 - INFO - 获取用例完毕，共获取用例1条
2019-01-17 15:30:23,439 - INFO - 获取用例完毕，共获取用例1条
2019-01-17 15:30:23,523 - INFO - ['用例编号', '接口名称', '接口路径', '预期结果', '实际结果', '测试判定', '测试时间', '失败原因']
2019-01-17 15:30:23,523 - INFO - ['用例编号', '接口名称', '接口路径', '预期结果', '实际结果', '测试判定', '测试时间', '失败原因']
2019-01-17 15:30:23,523 - INFO - ['用例编号', '接口名称', '接口路径', '预期结果', '实际结果', '测试判定', '测试时间', '失败原因']
2019-01-17 15:30:23,524 - INFO - 正在写入用例执行情况
2019-01-17 15:30:23,524 - INFO - 正在写入用例执行情况
2019-01-17 15:30:23,524 - INFO - 正在写入用例执行情况
2019-01-17 15:31:45,400 - INFO - 获取用例完毕，共获取用例1条
2019-01-17 15:31:45,400 - INFO - 获取用例完毕，共获取用例1条
2019-01-17 15:31:45,484 - INFO - ['用例编号', '接口名称', '接口路径', '预期结果', '实际结果', '测试判定', '测试时间', '失败原因']
2019-01-17 15:31:45,484 - INFO - ['用例编号', '接口名称', '接口路径', '预期结果', '实际结果', '测试判定', '测试时间', '失败原因']
2019-01-17 15:31:45,484 - INFO - ['用例编号', '接口名称', '接口路径', '预期结果', '实际结果', '测试判定', '测试时间', '失败原因']
2019-01-17 15:31:45,485 - INFO - 正在写入用例执行情况
2019-01-17 15:31:45,485 - INFO - 正在写入用例执行情况
2019-01-17 15:31:45,485 - INFO - 正在写入用例执行情况
2019-01-17 15:32:35,377 - INFO - 获取用例完毕，共获取用例1条
2019-01-17 15:32:35,377 - INFO - 获取用例完毕，共获取用例1条
2019-01-17 15:32:35,491 - INFO - ['用例编号', '接口名称', '接口路径', '预期结果', '实际结果', '测试判定', '测试时间', '失败原因']
2019-01-17 15:32:35,491 - INFO - ['用例编号', '接口名称', '接口路径', '预期结果', '实际结果', '测试判定', '测试时间', '失败原因']
2019-01-17 15:32:35,491 - INFO - ['用例编号', '接口名称', '接口路径', '预期结果', '实际结果', '测试判定', '测试时间', '失败原因']
2019-01-17 15:32:35,492 - INFO - 正在写入用例执行情况
2019-01-17 15:32:35,492 - INFO - 正在写入用例执行情况
2019-01-17 15:32:35,492 - INFO - 正在写入用例执行情况
2019-01-17 15:32:57,977 - INFO - 获取用例完毕，共获取用例1条
2019-01-17 15:32:57,977 - INFO - 获取用例完毕，共获取用例1条
2019-01-17 15:32:58,069 - INFO - ['用例编号', '接口名称', '接口路径', '预期结果', '实际结果', '测试判定', '测试时间', '失败原因']
2019-01-17 15:32:58,069 - INFO - ['用例编号', '接口名称', '接口路径', '预期结果', '实际结果', '测试判定', '测试时间', '失败原因']
2019-01-17 15:32:58,069 - INFO - ['用例编号', '接口名称', '接口路径', '预期结果', '实际结果', '测试判定', '测试时间', '失败原因']
2019-01-17 15:32:58,069 - INFO - 正在写入用例执行情况
2019-01-17 15:32:58,069 - INFO - 正在写入用例执行情况
2019-01-17 15:32:58,069 - INFO - 正在写入用例执行情况
2019-01-17 15:34:16,554 - INFO - 获取用例完毕，共获取用例1条
2019-01-17 15:34:16,554 - INFO - 获取用例完毕，共获取用例1条
2019-01-17 15:34:16,650 - INFO - ['用例编号', '接口名称', '接口路径', '预期结果', '实际结果', '测试判定', '测试时间', '失败原因']
2019-01-17 15:34:16,650 - INFO - ['用例编号', '接口名称', '接口路径', '预期结果', '实际结果', '测试判定', '测试时间', '失败原因']
2019-01-17 15:34:16,650 - INFO - ['用例编号', '接口名称', '接口路径', '预期结果', '实际结果', '测试判定', '测试时间', '失败原因']
2019-01-17 15:34:16,654 - INFO - 正在写入用例执行情况
2019-01-17 15:34:16,654 - INFO - 正在写入用例执行情况
2019-01-17 15:34:16,654 - INFO - 正在写入用例执行情况
2019-01-17 15:34:43,850 - INFO - 获取用例完毕，共获取用例1条
2019-01-17 15:34:43,850 - INFO - 获取用例完毕，共获取用例1条
2019-01-17 15:34:43,935 - INFO - ['用例编号', '接口名称', '接口路径', '预期结果', '实际结果', '测试判定', '测试时间', '失败原因']
2019-01-17 15:34:43,935 - INFO - ['用例编号', '接口名称', '接口路径', '预期结果', '实际结果', '测试判定', '测试时间', '失败原因']
2019-01-17 15:34:43,935 - INFO - ['用例编号', '接口名称', '接口路径', '预期结果', '实际结果', '测试判定', '测试时间', '失败原因']
2019-01-17 15:34:43,936 - INFO - 正在写入用例执行情况
2019-01-17 15:34:43,936 - INFO - 正在写入用例执行情况
2019-01-17 15:34:43,936 - INFO - 正在写入用例执行情况
2019-01-17 15:34:53,430 - INFO - 获取用例完毕，共获取用例1条
2019-01-17 15:34:53,430 - INFO - 获取用例完毕，共获取用例1条
2019-01-17 15:34:53,506 - INFO - ['用例编号', '接口名称', '接口路径', '预期结果', '实际结果', '测试判定', '测试时间', '失败原因']
2019-01-17 15:34:53,506 - INFO - ['用例编号', '接口名称', '接口路径', '预期结果', '实际结果', '测试判定', '测试时间', '失败原因']
2019-01-17 15:34:53,506 - INFO - ['用例编号', '接口名称', '接口路径', '预期结果', '实际结果', '测试判定', '测试时间', '失败原因']
2019-01-17 15:34:53,507 - INFO - 正在写入用例执行情况
2019-01-17 15:34:53,507 - INFO - 正在写入用例执行情况
2019-01-17 15:34:53,507 - INFO - 正在写入用例执行情况
2019-01-17 15:35:23,805 - INFO - 获取用例完毕，共获取用例1条
2019-01-17 15:35:23,805 - INFO - 获取用例完毕，共获取用例1条
2019-01-17 15:35:23,921 - INFO - ['用例编号', '接口名称', '接口路径', '预期结果', '实际结果', '测试判定', '测试时间', '失败原因']
2019-01-17 15:35:23,921 - INFO - ['用例编号', '接口名称', '接口路径', '预期结果', '实际结果', '测试判定', '测试时间', '失败原因']
2019-01-17 15:35:23,921 - INFO - ['用例编号', '接口名称', '接口路径', '预期结果', '实际结果', '测试判定', '测试时间', '失败原因']
2019-01-17 15:35:23,927 - INFO - 正在写入用例执行情况
2019-01-17 15:35:23,927 - INFO - 正在写入用例执行情况
2019-01-17 15:35:23,927 - INFO - 正在写入用例执行情况
2019-01-17 15:35:24,951 - INFO - 获取用例完毕，共获取用例1条
2019-01-17 15:35:24,951 - INFO - 获取用例完毕，共获取用例1条
2019-01-17 15:35:25,048 - INFO - ['用例编号', '接口名称', '接口路径', '预期结果', '实际结果', '测试判定', '测试时间', '失败原因']
2019-01-17 15:35:25,048 - INFO - ['用例编号', '接口名称', '接口路径', '预期结果', '实际结果', '测试判定', '测试时间', '失败原因']
2019-01-17 15:35:25,048 - INFO - ['用例编号', '接口名称', '接口路径', '预期结果', '实际结果', '测试判定', '测试时间', '失败原因']
2019-01-17 15:35:25,051 - INFO - 正在写入用例执行情况
2019-01-17 15:35:25,051 - INFO - 正在写入用例执行情况
2019-01-17 15:35:25,051 - INFO - 正在写入用例执行情况
2019-01-17 15:36:20,958 - INFO - 获取用例完毕，共获取用例1条
2019-01-17 15:36:20,958 - INFO - 获取用例完毕，共获取用例1条
2019-01-17 15:36:21,046 - INFO - ['用例编号', '接口名称', '接口路径', '预期结果', '实际结果', '测试判定', '测试时间', '失败原因']
2019-01-17 15:36:21,046 - INFO - ['用例编号', '接口名称', '接口路径', '预期结果', '实际结果', '测试判定', '测试时间', '失败原因']
2019-01-17 15:36:21,046 - INFO - ['用例编号', '接口名称', '接口路径', '预期结果', '实际结果', '测试判定', '测试时间', '失败原因']
2019-01-17 15:36:21,047 - INFO - 正在写入用例执行情况
2019-01-17 15:36:21,047 - INFO - 正在写入用例执行情况
2019-01-17 15:36:21,047 - INFO - 正在写入用例执行情况
2019-01-17 15:36:49,341 - INFO - 获取用例完毕，共获取用例1条
2019-01-17 15:36:49,341 - INFO - 获取用例完毕，共获取用例1条
2019-01-17 15:36:49,442 - INFO - ['用例编号', '接口名称', '接口路径', '预期结果', '实际结果', '测试判定', '测试时间', '失败原因']
2019-01-17 15:36:49,442 - INFO - ['用例编号', '接口名称', '接口路径', '预期结果', '实际结果', '测试判定', '测试时间', '失败原因']
2019-01-17 15:36:49,442 - INFO - ['用例编号', '接口名称', '接口路径', '预期结果', '实际结果', '测试判定', '测试时间', '失败原因']
2019-01-17 15:36:49,443 - INFO - 正在写入用例执行情况
2019-01-17 15:36:49,443 - INFO - 正在写入用例执行情况
2019-01-17 15:36:49,443 - INFO - 正在写入用例执行情况
2019-01-17 15:37:26,891 - INFO - 获取用例完毕，共获取用例1条
2019-01-17 15:37:26,891 - INFO - 获取用例完毕，共获取用例1条
2019-01-17 15:37:26,971 - INFO - ['用例编号', '接口名称', '接口路径', '预期结果', '实际结果', '测试判定', '测试时间', '失败原因']
2019-01-17 15:37:26,971 - INFO - ['用例编号', '接口名称', '接口路径', '预期结果', '实际结果', '测试判定', '测试时间', '失败原因']
2019-01-17 15:37:26,971 - INFO - ['用例编号', '接口名称', '接口路径', '预期结果', '实际结果', '测试判定', '测试时间', '失败原因']
2019-01-17 15:37:26,972 - INFO - 正在写入用例执行情况
2019-01-17 15:37:26,972 - INFO - 正在写入用例执行情况
2019-01-17 15:37:26,972 - INFO - 正在写入用例执行情况
2019-01-17 15:39:10,657 - INFO - 获取用例完毕，共获取用例1条
2019-01-17 15:39:10,657 - INFO - 获取用例完毕，共获取用例1条
2019-01-17 15:39:10,742 - INFO - ['用例编号', '接口名称', '接口路径', '预期结果', '实际结果', '测试判定', '测试时间', '失败原因']
2019-01-17 15:39:10,742 - INFO - ['用例编号', '接口名称', '接口路径', '预期结果', '实际结果', '测试判定', '测试时间', '失败原因']
2019-01-17 15:39:10,742 - INFO - ['用例编号', '接口名称', '接口路径', '预期结果', '实际结果', '测试判定', '测试时间', '失败原因']
2019-01-17 15:39:10,743 - INFO - 正在写入用例执行情况
2019-01-17 15:39:10,743 - INFO - 正在写入用例执行情况
2019-01-17 15:39:10,743 - INFO - 正在写入用例执行情况
2019-01-17 15:40:09,009 - INFO - 获取用例完毕，共获取用例3条
2019-01-17 15:40:09,009 - INFO - 获取用例完毕，共获取用例3条
2019-01-17 15:40:09,258 - INFO - ['用例编号', '接口名称', '接口路径', '预期结果', '实际结果', '测试判定', '测试时间', '失败原因']
2019-01-17 15:40:09,258 - INFO - ['用例编号', '接口名称', '接口路径', '预期结果', '实际结果', '测试判定', '测试时间', '失败原因']
2019-01-17 15:40:09,258 - INFO - ['用例编号', '接口名称', '接口路径', '预期结果', '实际结果', '测试判定', '测试时间', '失败原因']
2019-01-17 15:40:09,260 - INFO - 正在写入用例执行情况
2019-01-17 15:40:09,260 - INFO - 正在写入用例执行情况
2019-01-17 15:40:09,260 - INFO - 正在写入用例执行情况
2019-01-17 15:41:36,219 - INFO - 获取用例完毕，共获取用例3条
2019-01-17 15:41:36,219 - INFO - 获取用例完毕，共获取用例3条
2019-01-17 15:41:36,526 - INFO - ['用例编号', '接口名称', '接口路径', '预期结果', '实际结果', '测试判定', '测试时间', '失败原因']
2019-01-17 15:41:36,526 - INFO - ['用例编号', '接口名称', '接口路径', '预期结果', '实际结果', '测试判定', '测试时间', '失败原因']
2019-01-17 15:41:36,526 - INFO - ['用例编号', '接口名称', '接口路径', '预期结果', '实际结果', '测试判定', '测试时间', '失败原因']
2019-01-17 15:41:36,528 - INFO - 正在写入用例执行情况
2019-01-17 15:41:36,528 - INFO - 正在写入用例执行情况
2019-01-17 15:41:36,528 - INFO - 正在写入用例执行情况
2019-01-17 15:44:56,959 - INFO - 获取用例完毕，共获取用例3条
2019-01-17 15:44:56,959 - INFO - 获取用例完毕，共获取用例3条
2019-01-17 15:44:57,276 - INFO - ['用例编号', '接口名称', '接口路径', '预期结果', '实际结果', '测试判定', '测试时间', '失败原因']
2019-01-17 15:44:57,276 - INFO - ['用例编号', '接口名称', '接口路径', '预期结果', '实际结果', '测试判定', '测试时间', '失败原因']
2019-01-17 15:44:57,276 - INFO - ['用例编号', '接口名称', '接口路径', '预期结果', '实际结果', '测试判定', '测试时间', '失败原因']
2019-01-17 15:44:57,280 - INFO - 正在写入用例执行情况
2019-01-17 15:44:57,280 - INFO - 正在写入用例执行情况
2019-01-17 15:44:57,280 - INFO - 正在写入用例执行情况
2019-01-17 15:45:05,108 - INFO - 获取用例完毕，共获取用例3条
2019-01-17 15:45:05,108 - INFO - 获取用例完毕，共获取用例3条
2019-01-17 15:45:05,428 - INFO - ['用例编号', '接口名称', '接口路径', '预期结果', '实际结果', '测试判定', '测试时间', '失败原因']
2019-01-17 15:45:05,428 - INFO - ['用例编号', '接口名称', '接口路径', '预期结果', '实际结果', '测试判定', '测试时间', '失败原因']
2019-01-17 15:45:05,428 - INFO - ['用例编号', '接口名称', '接口路径', '预期结果', '实际结果', '测试判定', '测试时间', '失败原因']
2019-01-17 15:45:05,429 - INFO - 正在写入用例执行情况
2019-01-17 15:45:05,429 - INFO - 正在写入用例执行情况
2019-01-17 15:45:05,429 - INFO - 正在写入用例执行情况
2019-01-17 15:46:53,637 - INFO - 获取用例完毕，共获取用例3条
2019-01-17 15:46:53,637 - INFO - 获取用例完毕，共获取用例3条
2019-01-17 15:49:07,825 - INFO - 获取用例完毕，共获取用例3条
2019-01-17 15:49:07,825 - INFO - 获取用例完毕，共获取用例3条
2019-01-17 15:49:08,087 - INFO - ['用例编号', '接口名称', '接口路径', '预期结果', '实际结果', '测试判定', '测试时间', '失败原因']
2019-01-17 15:49:08,087 - INFO - ['用例编号', '接口名称', '接口路径', '预期结果', '实际结果', '测试判定', '测试时间', '失败原因']
2019-01-17 15:49:08,087 - INFO - ['用例编号', '接口名称', '接口路径', '预期结果', '实际结果', '测试判定', '测试时间', '失败原因']
2019-01-17 15:49:08,089 - INFO - 正在写入用例执行情况
2019-01-17 15:49:08,089 - INFO - 正在写入用例执行情况
2019-01-17 15:49:08,089 - INFO - 正在写入用例执行情况
2019-01-17 15:50:14,336 - INFO - 获取用例完毕，共获取用例3条
2019-01-17 15:50:14,336 - INFO - 获取用例完毕，共获取用例3条
2019-01-17 15:50:14,608 - INFO - ['用例编号', '接口名称', '接口路径', '预期结果', '实际结果', '测试判定', '测试时间', '失败原因']
2019-01-17 15:50:14,608 - INFO - ['用例编号', '接口名称', '接口路径', '预期结果', '实际结果', '测试判定', '测试时间', '失败原因']
2019-01-17 15:50:14,608 - INFO - ['用例编号', '接口名称', '接口路径', '预期结果', '实际结果', '测试判定', '测试时间', '失败原因']
2019-01-17 15:50:14,612 - INFO - 正在写入用例执行情况
2019-01-17 15:50:14,612 - INFO - 正在写入用例执行情况
2019-01-17 15:50:14,612 - INFO - 正在写入用例执行情况
2019-01-17 15:50:21,797 - INFO - 获取用例完毕，共获取用例3条
2019-01-17 15:50:21,797 - INFO - 获取用例完毕，共获取用例3条
2019-01-17 15:50:22,097 - INFO - ['用例编号', '接口名称', '接口路径', '预期结果', '实际结果', '测试判定', '测试时间', '失败原因']
2019-01-17 15:50:22,097 - INFO - ['用例编号', '接口名称', '接口路径', '预期结果', '实际结果', '测试判定', '测试时间', '失败原因']
2019-01-17 15:50:22,097 - INFO - ['用例编号', '接口名称', '接口路径', '预期结果', '实际结果', '测试判定', '测试时间', '失败原因']
2019-01-17 15:50:22,101 - INFO - 正在写入用例执行情况
2019-01-17 15:50:22,101 - INFO - 正在写入用例执行情况
2019-01-17 15:50:22,101 - INFO - 正在写入用例执行情况
2019-01-17 15:50:52,363 - INFO - 获取用例完毕，共获取用例3条
2019-01-17 15:50:52,363 - INFO - 获取用例完毕，共获取用例3条
2019-01-17 15:50:52,714 - INFO - ['用例编号', '接口名称', '接口路径', '预期结果', '实际结果', '测试判定', '测试时间', '失败原因']
2019-01-17 15:50:52,714 - INFO - ['用例编号', '接口名称', '接口路径', '预期结果', '实际结果', '测试判定', '测试时间', '失败原因']
2019-01-17 15:50:52,714 - INFO - ['用例编号', '接口名称', '接口路径', '预期结果', '实际结果', '测试判定', '测试时间', '失败原因']
2019-01-17 15:50:52,718 - INFO - 正在写入用例执行情况
2019-01-17 15:50:52,718 - INFO - 正在写入用例执行情况
2019-01-17 15:50:52,718 - INFO - 正在写入用例执行情况
2019-01-17 15:50:57,058 - INFO - 获取用例完毕，共获取用例3条
2019-01-17 15:50:57,058 - INFO - 获取用例完毕，共获取用例3条
2019-01-17 15:50:57,396 - INFO - ['用例编号', '接口名称', '接口路径', '预期结果', '实际结果', '测试判定', '测试时间', '失败原因']
2019-01-17 15:50:57,396 - INFO - ['用例编号', '接口名称', '接口路径', '预期结果', '实际结果', '测试判定', '测试时间', '失败原因']
2019-01-17 15:50:57,396 - INFO - ['用例编号', '接口名称', '接口路径', '预期结果', '实际结果', '测试判定', '测试时间', '失败原因']
2019-01-17 15:50:57,399 - INFO - 正在写入用例执行情况
2019-01-17 15:50:57,399 - INFO - 正在写入用例执行情况
2019-01-17 15:50:57,399 - INFO - 正在写入用例执行情况
2019-01-17 15:51:21,906 - INFO - 获取用例完毕，共获取用例3条
2019-01-17 15:51:21,906 - INFO - 获取用例完毕，共获取用例3条
2019-01-17 15:51:22,185 - INFO - ['用例编号', '接口名称', '接口路径', '预期结果', '实际结果', '测试判定', '测试时间', '失败原因']
2019-01-17 15:51:22,185 - INFO - ['用例编号', '接口名称', '接口路径', '预期结果', '实际结果', '测试判定', '测试时间', '失败原因']
2019-01-17 15:51:22,185 - INFO - ['用例编号', '接口名称', '接口路径', '预期结果', '实际结果', '测试判定', '测试时间', '失败原因']
2019-01-17 15:51:22,186 - INFO - 正在写入用例执行情况
2019-01-17 15:51:22,186 - INFO - 正在写入用例执行情况
2019-01-17 15:51:22,186 - INFO - 正在写入用例执行情况
2019-01-17 15:51:48,994 - INFO - 获取用例完毕，共获取用例3条
2019-01-17 15:51:48,994 - INFO - 获取用例完毕，共获取用例3条
2019-01-17 15:51:49,298 - INFO - ['用例编号', '接口名称', '接口路径', '预期结果', '实际结果', '测试判定', '测试时间', '失败原因']
2019-01-17 15:51:49,298 - INFO - ['用例编号', '接口名称', '接口路径', '预期结果', '实际结果', '测试判定', '测试时间', '失败原因']
2019-01-17 15:51:49,298 - INFO - ['用例编号', '接口名称', '接口路径', '预期结果', '实际结果', '测试判定', '测试时间', '失败原因']
2019-01-17 15:51:49,300 - INFO - 正在写入用例执行情况
2019-01-17 15:51:49,300 - INFO - 正在写入用例执行情况
2019-01-17 15:51:49,300 - INFO - 正在写入用例执行情况
2019-01-17 15:52:01,163 - INFO - 获取用例完毕，共获取用例3条
2019-01-17 15:52:01,163 - INFO - 获取用例完毕，共获取用例3条
2019-01-17 15:52:01,429 - INFO - ['用例编号', '接口名称', '接口路径', '预期结果', '实际结果', '测试判定', '测试时间', '失败原因']
2019-01-17 15:52:01,429 - INFO - ['用例编号', '接口名称', '接口路径', '预期结果', '实际结果', '测试判定', '测试时间', '失败原因']
2019-01-17 15:52:01,429 - INFO - ['用例编号', '接口名称', '接口路径', '预期结果', '实际结果', '测试判定', '测试时间', '失败原因']
2019-01-17 15:52:01,434 - INFO - 正在写入用例执行情况
2019-01-17 15:52:01,434 - INFO - 正在写入用例执行情况
2019-01-17 15:52:01,434 - INFO - 正在写入用例执行情况
2019-01-17 15:52:32,279 - INFO - 获取用例完毕，共获取用例3条
2019-01-17 15:52:32,279 - INFO - 获取用例完毕，共获取用例3条
2019-01-17 15:52:32,536 - INFO - ['用例编号', '接口名称', '接口路径', '预期结果', '实际结果', '测试判定', '测试时间', '失败原因']
2019-01-17 15:52:32,536 - INFO - ['用例编号', '接口名称', '接口路径', '预期结果', '实际结果', '测试判定', '测试时间', '失败原因']
2019-01-17 15:52:32,536 - INFO - ['用例编号', '接口名称', '接口路径', '预期结果', '实际结果', '测试判定', '测试时间', '失败原因']
2019-01-17 15:52:32,538 - INFO - 正在写入用例执行情况
2019-01-17 15:52:32,538 - INFO - 正在写入用例执行情况
2019-01-17 15:52:32,538 - INFO - 正在写入用例执行情况
2019-01-17 15:53:45,915 - INFO - 获取用例完毕，共获取用例3条
2019-01-17 15:53:45,915 - INFO - 获取用例完毕，共获取用例3条
2019-01-17 15:53:46,208 - INFO - ['用例编号', '接口名称', '接口路径', '预期结果', '实际结果', '测试判定', '测试时间', '失败原因']
2019-01-17 15:53:46,208 - INFO - ['用例编号', '接口名称', '接口路径', '预期结果', '实际结果', '测试判定', '测试时间', '失败原因']
2019-01-17 15:53:46,208 - INFO - ['用例编号', '接口名称', '接口路径', '预期结果', '实际结果', '测试判定', '测试时间', '失败原因']
2019-01-17 15:53:46,210 - INFO - 正在写入用例执行情况
2019-01-17 15:53:46,210 - INFO - 正在写入用例执行情况
2019-01-17 15:53:46,210 - INFO - 正在写入用例执行情况
2019-01-17 15:57:12,774 - INFO - 获取用例完毕，共获取用例3条
2019-01-17 15:57:12,774 - INFO - 获取用例完毕，共获取用例3条
2019-01-17 15:57:13,228 - INFO - ['用例编号', '接口名称', '接口路径', '预期结果', '实际结果', '测试判定', '测试时间', '失败原因']
2019-01-17 15:57:13,228 - INFO - ['用例编号', '接口名称', '接口路径', '预期结果', '实际结果', '测试判定', '测试时间', '失败原因']
2019-01-17 15:57:13,228 - INFO - ['用例编号', '接口名称', '接口路径', '预期结果', '实际结果', '测试判定', '测试时间', '失败原因']
2019-01-17 15:57:13,230 - INFO - 正在写入用例执行情况
2019-01-17 15:57:13,230 - INFO - 正在写入用例执行情况
2019-01-17 15:57:13,230 - INFO - 正在写入用例执行情况
2019-01-17 16:05:33,676 - INFO - 获取用例完毕，共获取用例3条
2019-01-17 16:05:33,676 - INFO - 获取用例完毕，共获取用例3条
2019-01-17 16:05:34,130 - INFO - ['用例编号', '接口名称', '接口路径', '预期结果', '实际结果', '测试判定', '测试时间', '失败原因']
2019-01-17 16:05:34,130 - INFO - ['用例编号', '接口名称', '接口路径', '预期结果', '实际结果', '测试判定', '测试时间', '失败原因']
2019-01-17 16:05:34,130 - INFO - ['用例编号', '接口名称', '接口路径', '预期结果', '实际结果', '测试判定', '测试时间', '失败原因']
2019-01-17 16:05:34,134 - INFO - 正在写入用例执行情况
2019-01-17 16:05:34,134 - INFO - 正在写入用例执行情况
2019-01-17 16:05:34,134 - INFO - 正在写入用例执行情况
2019-01-17 16:07:29,699 - INFO - 获取用例完毕，共获取用例3条
2019-01-17 16:07:29,699 - INFO - 获取用例完毕，共获取用例3条
2019-01-17 16:07:30,164 - INFO - ['用例编号', '接口名称', '接口路径', '预期结果', '实际结果', '测试判定', '测试时间', '失败原因']
2019-01-17 16:07:30,164 - INFO - ['用例编号', '接口名称', '接口路径', '预期结果', '实际结果', '测试判定', '测试时间', '失败原因']
2019-01-17 16:07:30,164 - INFO - ['用例编号', '接口名称', '接口路径', '预期结果', '实际结果', '测试判定', '测试时间', '失败原因']
2019-01-17 16:07:30,167 - INFO - 正在写入用例执行情况
2019-01-17 16:07:30,167 - INFO - 正在写入用例执行情况
2019-01-17 16:07:30,167 - INFO - 正在写入用例执行情况
2019-01-17 16:09:48,320 - INFO - 获取用例完毕，共获取用例3条
2019-01-17 16:09:48,320 - INFO - 获取用例完毕，共获取用例3条
2019-01-17 16:09:48,776 - INFO - ['用例编号', '接口名称', '接口路径', '预期结果', '实际结果', '测试判定', '测试时间', '失败原因']
2019-01-17 16:09:48,776 - INFO - ['用例编号', '接口名称', '接口路径', '预期结果', '实际结果', '测试判定', '测试时间', '失败原因']
2019-01-17 16:09:48,776 - INFO - ['用例编号', '接口名称', '接口路径', '预期结果', '实际结果', '测试判定', '测试时间', '失败原因']
2019-01-17 16:09:48,780 - INFO - 正在写入用例执行情况
2019-01-17 16:09:48,780 - INFO - 正在写入用例执行情况
2019-01-17 16:09:48,780 - INFO - 正在写入用例执行情况
2019-01-17 16:12:05,683 - INFO - 获取用例完毕，共获取用例3条
2019-01-17 16:12:05,683 - INFO - 获取用例完毕，共获取用例3条
2019-01-17 16:12:06,158 - INFO - ['用例编号', '接口名称', '接口路径', '预期结果', '实际结果', '测试判定', '测试时间', '失败原因']
2019-01-17 16:12:06,158 - INFO - ['用例编号', '接口名称', '接口路径', '预期结果', '实际结果', '测试判定', '测试时间', '失败原因']
2019-01-17 16:12:06,158 - INFO - ['用例编号', '接口名称', '接口路径', '预期结果', '实际结果', '测试判定', '测试时间', '失败原因']
2019-01-17 16:12:06,162 - INFO - 正在写入用例执行情况
2019-01-17 16:12:06,162 - INFO - 正在写入用例执行情况
2019-01-17 16:12:06,162 - INFO - 正在写入用例执行情况
2019-01-17 16:12:28,015 - INFO - 获取用例完毕，共获取用例4条
2019-01-17 16:12:28,015 - INFO - 获取用例完毕，共获取用例4条
2019-01-17 16:13:30,961 - INFO - 获取用例完毕，共获取用例4条
2019-01-17 16:13:30,961 - INFO - 获取用例完毕，共获取用例4条
2019-01-17 16:13:49,778 - INFO - 获取用例完毕，共获取用例4条
2019-01-17 16:13:49,778 - INFO - 获取用例完毕，共获取用例4条
2019-01-17 16:14:25,259 - INFO - 获取用例完毕，共获取用例4条
2019-01-17 16:14:25,259 - INFO - 获取用例完毕，共获取用例4条
2019-01-17 16:15:17,067 - INFO - 获取用例完毕，共获取用例4条
2019-01-17 16:15:17,067 - INFO - 获取用例完毕，共获取用例4条
2019-01-17 16:15:17,606 - INFO - ['用例编号', '接口名称', '接口路径', '预期结果', '实际结果', '测试判定', '测试时间', '失败原因']
2019-01-17 16:15:17,606 - INFO - ['用例编号', '接口名称', '接口路径', '预期结果', '实际结果', '测试判定', '测试时间', '失败原因']
2019-01-17 16:15:17,606 - INFO - ['用例编号', '接口名称', '接口路径', '预期结果', '实际结果', '测试判定', '测试时间', '失败原因']
2019-01-17 16:15:17,609 - INFO - 正在写入用例执行情况
2019-01-17 16:15:17,609 - INFO - 正在写入用例执行情况
2019-01-17 16:15:17,609 - INFO - 正在写入用例执行情况
2019-01-17 16:16:50,418 - INFO - 获取用例完毕，共获取用例4条
2019-01-17 16:16:50,418 - INFO - 获取用例完毕，共获取用例4条
2019-01-17 16:16:51,028 - INFO - ['用例编号', '接口名称', '接口路径', '预期结果', '实际结果', '测试判定', '测试时间', '失败原因']
2019-01-17 16:16:51,028 - INFO - ['用例编号', '接口名称', '接口路径', '预期结果', '实际结果', '测试判定', '测试时间', '失败原因']
2019-01-17 16:16:51,028 - INFO - ['用例编号', '接口名称', '接口路径', '预期结果', '实际结果', '测试判定', '测试时间', '失败原因']
2019-01-17 16:16:51,032 - INFO - 正在写入用例执行情况
2019-01-17 16:16:51,032 - INFO - 正在写入用例执行情况
2019-01-17 16:16:51,032 - INFO - 正在写入用例执行情况
2019-01-17 16:17:31,838 - INFO - 获取用例完毕，共获取用例4条
2019-01-17 16:17:31,838 - INFO - 获取用例完毕，共获取用例4条
2019-01-17 16:17:32,380 - INFO - ['用例编号', '接口名称', '接口路径', '预期结果', '实际结果', '测试判定', '测试时间', '失败原因']
2019-01-17 16:17:32,380 - INFO - ['用例编号', '接口名称', '接口路径', '预期结果', '实际结果', '测试判定', '测试时间', '失败原因']
2019-01-17 16:17:32,380 - INFO - ['用例编号', '接口名称', '接口路径', '预期结果', '实际结果', '测试判定', '测试时间', '失败原因']
2019-01-17 16:17:32,382 - INFO - 正在写入用例执行情况
2019-01-17 16:17:32,382 - INFO - 正在写入用例执行情况
2019-01-17 16:17:32,382 - INFO - 正在写入用例执行情况
2019-01-17 16:18:49,670 - INFO - 获取用例完毕，共获取用例4条
2019-01-17 16:18:49,670 - INFO - 获取用例完毕，共获取用例4条
2019-01-17 16:18:50,153 - INFO - ['用例编号', '接口名称', '接口路径', '预期结果', '实际结果', '测试判定', '测试时间', '失败原因']
2019-01-17 16:18:50,153 - INFO - ['用例编号', '接口名称', '接口路径', '预期结果', '实际结果', '测试判定', '测试时间', '失败原因']
2019-01-17 16:18:50,153 - INFO - ['用例编号', '接口名称', '接口路径', '预期结果', '实际结果', '测试判定', '测试时间', '失败原因']
2019-01-17 16:18:50,156 - INFO - 正在写入用例执行情况
2019-01-17 16:18:50,156 - INFO - 正在写入用例执行情况
2019-01-17 16:18:50,156 - INFO - 正在写入用例执行情况
2019-01-17 16:20:34,676 - INFO - 获取用例完毕，共获取用例3条
2019-01-17 16:20:34,676 - INFO - 获取用例完毕，共获取用例3条
2019-01-17 16:20:35,089 - INFO - ['用例编号', '接口名称', '接口路径', '预期结果', '实际结果', '测试判定', '测试时间', '失败原因']
2019-01-17 16:20:35,089 - INFO - ['用例编号', '接口名称', '接口路径', '预期结果', '实际结果', '测试判定', '测试时间', '失败原因']
2019-01-17 16:20:35,089 - INFO - ['用例编号', '接口名称', '接口路径', '预期结果', '实际结果', '测试判定', '测试时间', '失败原因']
2019-01-17 16:20:35,091 - INFO - 正在写入用例执行情况
2019-01-17 16:20:35,091 - INFO - 正在写入用例执行情况
2019-01-17 16:20:35,091 - INFO - 正在写入用例执行情况
2019-01-17 16:22:22,911 - INFO - 获取用例完毕，共获取用例3条
2019-01-17 16:22:46,932 - INFO - 获取用例完毕，共获取用例3条
2019-01-17 16:23:22,185 - INFO - 获取用例完毕，共获取用例3条
2019-01-17 16:27:01,250 - INFO - 获取用例完毕，共获取用例3条
2019-01-17 16:27:05,895 - INFO - 获取用例完毕，共获取用例3条
2019-01-17 16:27:05,895 - INFO - 获取用例完毕，共获取用例3条
2019-01-17 16:27:06,314 - INFO - ['用例编号', '接口名称', '接口路径', '预期结果', '实际结果', '测试判定', '测试时间', '失败原因']
2019-01-17 16:27:06,314 - INFO - ['用例编号', '接口名称', '接口路径', '预期结果', '实际结果', '测试判定', '测试时间', '失败原因']
2019-01-17 16:27:06,314 - INFO - ['用例编号', '接口名称', '接口路径', '预期结果', '实际结果', '测试判定', '测试时间', '失败原因']
2019-01-17 16:27:06,318 - INFO - 正在写入用例执行情况
2019-01-17 16:27:06,318 - INFO - 正在写入用例执行情况
2019-01-17 16:27:06,318 - INFO - 正在写入用例执行情况
2019-01-17 16:42:44,045 - INFO - 获取用例完毕，共获取用例3条
2019-01-17 16:42:44,045 - INFO - 获取用例完毕，共获取用例3条
2019-01-17 16:42:44,472 - INFO - ['用例编号', '接口名称', '接口路径', '预期结果', '实际结果', '测试判定', '测试时间', '失败原因']
2019-01-17 16:42:44,472 - INFO - ['用例编号', '接口名称', '接口路径', '预期结果', '实际结果', '测试判定', '测试时间', '失败原因']
2019-01-17 16:42:44,472 - INFO - ['用例编号', '接口名称', '接口路径', '预期结果', '实际结果', '测试判定', '测试时间', '失败原因']
2019-01-17 16:42:44,475 - INFO - 正在写入用例执行情况
2019-01-17 16:42:44,475 - INFO - 正在写入用例执行情况
2019-01-17 16:42:44,475 - INFO - 正在写入用例执行情况
2019-01-17 16:47:07,582 - INFO - 获取用例完毕，共获取用例3条
2019-01-17 16:47:37,672 - INFO - 获取用例完毕，共获取用例3条
2019-01-17 16:51:16,714 - INFO - 获取用例完毕，共获取用例3条
2019-01-17 16:56:32,152 - INFO - 获取用例完毕，共获取用例2条
2019-01-17 16:57:14,927 - INFO - 获取用例完毕，共获取用例5条
2019-01-17 16:57:14,927 - INFO - 获取用例完毕，共获取用例5条
2019-01-17 16:57:26,556 - INFO - 获取用例完毕，共获取用例4条
2019-01-17 16:57:26,556 - INFO - 获取用例完毕，共获取用例4条
2019-01-17 16:58:53,926 - INFO - 获取用例完毕，共获取用例4条
2019-01-17 16:58:53,926 - INFO - 获取用例完毕，共获取用例4条
2019-01-17 17:01:27,692 - INFO - 获取用例完毕，共获取用例1条
2019-01-17 17:01:27,692 - INFO - 获取用例完毕，共获取用例1条
2019-01-17 17:01:27,830 - INFO - ['用例编号', '接口名称', '接口路径', '预期结果', '实际结果', '测试判定', '测试时间', '失败原因']
2019-01-17 17:01:27,830 - INFO - ['用例编号', '接口名称', '接口路径', '预期结果', '实际结果', '测试判定', '测试时间', '失败原因']
2019-01-17 17:01:27,830 - INFO - ['用例编号', '接口名称', '接口路径', '预期结果', '实际结果', '测试判定', '测试时间', '失败原因']
2019-01-17 17:01:27,834 - INFO - 正在写入用例执行情况
2019-01-17 17:01:27,834 - INFO - 正在写入用例执行情况
2019-01-17 17:01:27,834 - INFO - 正在写入用例执行情况
2019-01-17 17:01:43,668 - INFO - 获取用例完毕，共获取用例2条
2019-01-17 17:01:43,668 - INFO - 获取用例完毕，共获取用例2条
2019-01-17 17:01:43,944 - INFO - ['用例编号', '接口名称', '接口路径', '预期结果', '实际结果', '测试判定', '测试时间', '失败原因']
2019-01-17 17:01:43,944 - INFO - ['用例编号', '接口名称', '接口路径', '预期结果', '实际结果', '测试判定', '测试时间', '失败原因']
2019-01-17 17:01:43,944 - INFO - ['用例编号', '接口名称', '接口路径', '预期结果', '实际结果', '测试判定', '测试时间', '失败原因']
2019-01-17 17:01:43,948 - INFO - 正在写入用例执行情况
2019-01-17 17:01:43,948 - INFO - 正在写入用例执行情况
2019-01-17 17:01:43,948 - INFO - 正在写入用例执行情况
2019-01-17 17:01:51,248 - INFO - 获取用例完毕，共获取用例3条
2019-01-17 17:01:51,248 - INFO - 获取用例完毕，共获取用例3条
2019-01-17 17:01:51,761 - INFO - ['用例编号', '接口名称', '接口路径', '预期结果', '实际结果', '测试判定', '测试时间', '失败原因']
2019-01-17 17:01:51,761 - INFO - ['用例编号', '接口名称', '接口路径', '预期结果', '实际结果', '测试判定', '测试时间', '失败原因']
2019-01-17 17:01:51,761 - INFO - ['用例编号', '接口名称', '接口路径', '预期结果', '实际结果', '测试判定', '测试时间', '失败原因']
2019-01-17 17:01:51,765 - INFO - 正在写入用例执行情况
2019-01-17 17:01:51,765 - INFO - 正在写入用例执行情况
2019-01-17 17:01:51,765 - INFO - 正在写入用例执行情况
2019-01-17 17:02:00,054 - INFO - 获取用例完毕，共获取用例4条
2019-01-17 17:02:00,054 - INFO - 获取用例完毕，共获取用例4条
2019-01-17 17:02:06,485 - INFO - 获取用例完毕，共获取用例4条
2019-01-17 17:02:06,485 - INFO - 获取用例完毕，共获取用例4条
2019-01-17 17:02:07,138 - INFO - ['用例编号', '接口名称', '接口路径', '预期结果', '实际结果', '测试判定', '测试时间', '失败原因']
2019-01-17 17:02:07,138 - INFO - ['用例编号', '接口名称', '接口路径', '预期结果', '实际结果', '测试判定', '测试时间', '失败原因']
2019-01-17 17:02:07,138 - INFO - ['用例编号', '接口名称', '接口路径', '预期结果', '实际结果', '测试判定', '测试时间', '失败原因']
2019-01-17 17:02:07,142 - INFO - 正在写入用例执行情况
2019-01-17 17:02:07,142 - INFO - 正在写入用例执行情况
2019-01-17 17:02:07,142 - INFO - 正在写入用例执行情况
2019-01-17 17:03:19,212 - INFO - 获取用例完毕，共获取用例5条
2019-01-17 17:03:19,212 - INFO - 获取用例完毕，共获取用例5条
2019-01-17 17:04:51,651 - INFO - 获取用例完毕，共获取用例5条
2019-01-17 17:04:51,651 - INFO - 获取用例完毕，共获取用例5条
2019-01-17 17:07:12,864 - INFO - 获取用例完毕，共获取用例5条
2019-01-17 17:07:12,864 - INFO - 获取用例完毕，共获取用例5条
2019-01-17 17:12:14,926 - INFO - 获取用例完毕，共获取用例5条
2019-01-17 17:12:14,926 - INFO - 获取用例完毕，共获取用例5条
2019-01-17 17:12:15,634 - INFO - ['用例编号', '接口名称', '接口路径', '预期结果', '实际结果', '测试判定', '测试时间', '失败原因']
2019-01-17 17:12:15,634 - INFO - ['用例编号', '接口名称', '接口路径', '预期结果', '实际结果', '测试判定', '测试时间', '失败原因']
2019-01-17 17:12:15,634 - INFO - ['用例编号', '接口名称', '接口路径', '预期结果', '实际结果', '测试判定', '测试时间', '失败原因']
2019-01-17 17:12:15,635 - INFO - 正在写入用例执行情况
2019-01-17 17:12:15,635 - INFO - 正在写入用例执行情况
2019-01-17 17:12:15,635 - INFO - 正在写入用例执行情况
2019-01-17 17:15:53,200 - INFO - 用例路径路径：E:\project\ApiTest\cases\exmple.xlsx
2019-01-17 17:15:53,200 - INFO - 用例路径路径：E:\project\ApiTest\cases\exmple.xlsx
2019-01-17 17:15:53,201 - INFO - 获取用例完毕，共获取用例5条
2019-01-17 17:15:53,201 - INFO - 获取用例完毕，共获取用例5条
2019-01-17 17:15:53,201 - INFO - 获取用例完毕，共获取用例5条
2019-01-17 17:15:54,319 - INFO - ['用例编号', '接口名称', '接口路径', '预期结果', '实际结果', '测试判定', '测试时间', '失败原因']
2019-01-17 17:15:54,319 - INFO - ['用例编号', '接口名称', '接口路径', '预期结果', '实际结果', '测试判定', '测试时间', '失败原因']
2019-01-17 17:15:54,319 - INFO - ['用例编号', '接口名称', '接口路径', '预期结果', '实际结果', '测试判定', '测试时间', '失败原因']
2019-01-17 17:15:54,319 - INFO - ['用例编号', '接口名称', '接口路径', '预期结果', '实际结果', '测试判定', '测试时间', '失败原因']
2019-01-17 17:15:54,322 - INFO - 正在写入用例执行情况
2019-01-17 17:15:54,322 - INFO - 正在写入用例执行情况
2019-01-17 17:15:54,322 - INFO - 正在写入用例执行情况
2019-01-17 17:15:54,322 - INFO - 正在写入用例执行情况
2019-01-17 17:17:13,745 - INFO - ces
2019-01-17 17:17:27,171 - INFO - 用例路径：E:\project\ApiTest\cases\exmple.xlsx
2019-01-17 17:17:27,171 - INFO - 用例路径：E:\project\ApiTest\cases\exmple.xlsx
2019-01-17 17:17:27,171 - INFO - 获取用例完毕，共获取用例5条
2019-01-17 17:17:27,171 - INFO - 获取用例完毕，共获取用例5条
2019-01-17 17:17:27,171 - INFO - 获取用例完毕，共获取用例5条
2019-01-17 17:17:28,086 - INFO - ['用例编号', '接口名称', '接口路径', '预期结果', '实际结果', '测试判定', '测试时间', '失败原因']
2019-01-17 17:17:28,086 - INFO - ['用例编号', '接口名称', '接口路径', '预期结果', '实际结果', '测试判定', '测试时间', '失败原因']
2019-01-17 17:17:28,086 - INFO - ['用例编号', '接口名称', '接口路径', '预期结果', '实际结果', '测试判定', '测试时间', '失败原因']
2019-01-17 17:17:28,086 - INFO - ['用例编号', '接口名称', '接口路径', '预期结果', '实际结果', '测试判定', '测试时间', '失败原因']
2019-01-17 17:17:28,090 - INFO - 正在写入用例执行情况
2019-01-17 17:17:28,090 - INFO - 正在写入用例执行情况
2019-01-17 17:17:28,090 - INFO - 正在写入用例执行情况
2019-01-17 17:17:28,090 - INFO - 正在写入用例执行情况
2019-01-17 17:19:21,703 - INFO - 初始化成功
2019-01-17 17:19:39,684 - INFO - 用例路径：E:\project\ApiTest\cases\exmple.xlsx
2019-01-17 17:19:39,684 - INFO - 用例路径：E:\project\ApiTest\cases\exmple.xlsx
2019-01-17 17:19:39,684 - INFO - 获取用例完毕，共获取用例5条
2019-01-17 17:19:39,684 - INFO - 获取用例完毕，共获取用例5条
2019-01-17 17:19:39,684 - INFO - 获取用例完毕，共获取用例5条
2019-01-17 17:19:40,740 - INFO - ['用例编号', '接口名称', '接口路径', '预期结果', '实际结果', '测试判定', '测试时间', '失败原因']
2019-01-17 17:19:40,740 - INFO - ['用例编号', '接口名称', '接口路径', '预期结果', '实际结果', '测试判定', '测试时间', '失败原因']
2019-01-17 17:19:40,740 - INFO - ['用例编号', '接口名称', '接口路径', '预期结果', '实际结果', '测试判定', '测试时间', '失败原因']
2019-01-17 17:19:40,740 - INFO - ['用例编号', '接口名称', '接口路径', '预期结果', '实际结果', '测试判定', '测试时间', '失败原因']
2019-01-17 17:19:40,743 - INFO - 正在写入用例执行情况
2019-01-17 17:19:40,743 - INFO - 正在写入用例执行情况
2019-01-17 17:19:40,743 - INFO - 正在写入用例执行情况
2019-01-17 17:19:40,743 - INFO - 正在写入用例执行情况
2019-01-17 17:21:10,185 - INFO - 用例路径：E:\project\ApiTest\cases\exmple.xlsx
2019-01-17 17:21:10,185 - INFO - 用例路径：E:\project\ApiTest\cases\exmple.xlsx
2019-01-17 17:21:10,185 - INFO - 获取用例完毕，共获取用例5条
2019-01-17 17:21:10,185 - INFO - 获取用例完毕，共获取用例5条
2019-01-17 17:21:10,185 - INFO - 获取用例完毕，共获取用例5条
2019-01-17 17:21:11,040 - INFO - ['用例编号', '接口名称', '接口路径', '预期结果', '实际结果', '测试判定', '测试时间', '失败原因']
2019-01-17 17:21:11,040 - INFO - ['用例编号', '接口名称', '接口路径', '预期结果', '实际结果', '测试判定', '测试时间', '失败原因']
2019-01-17 17:21:11,040 - INFO - ['用例编号', '接口名称', '接口路径', '预期结果', '实际结果', '测试判定', '测试时间', '失败原因']
2019-01-17 17:21:11,040 - INFO - ['用例编号', '接口名称', '接口路径', '预期结果', '实际结果', '测试判定', '测试时间', '失败原因']
2019-01-17 17:21:11,044 - INFO - 正在写入用例执行情况
2019-01-17 17:21:11,044 - INFO - 正在写入用例执行情况
2019-01-17 17:21:11,044 - INFO - 正在写入用例执行情况
2019-01-17 17:21:11,044 - INFO - 正在写入用例执行情况
2019-01-17 17:22:33,442 - INFO - 用例路径：E:\project\ApiTest\cases\exmple.xlsx
2019-01-17 17:22:33,442 - INFO - 用例路径：E:\project\ApiTest\cases\exmple.xlsx
2019-01-17 17:22:33,442 - INFO - 用例路径：E:\project\ApiTest\cases\exmple.xlsx
2019-01-17 17:22:33,442 - INFO - 获取用例完毕，共获取用例5条
2019-01-17 17:22:33,442 - INFO - 获取用例完毕，共获取用例5条
2019-01-17 17:22:33,442 - INFO - 获取用例完毕，共获取用例5条
2019-01-17 17:22:34,267 - INFO - ['用例编号', '接口名称', '接口路径', '预期结果', '实际结果', '测试判定', '测试时间', '失败原因']
2019-01-17 17:22:34,267 - INFO - ['用例编号', '接口名称', '接口路径', '预期结果', '实际结果', '测试判定', '测试时间', '失败原因']
2019-01-17 17:22:34,267 - INFO - ['用例编号', '接口名称', '接口路径', '预期结果', '实际结果', '测试判定', '测试时间', '失败原因']
2019-01-17 17:22:34,267 - INFO - ['用例编号', '接口名称', '接口路径', '预期结果', '实际结果', '测试判定', '测试时间', '失败原因']
2019-01-17 17:22:34,271 - INFO - 正在写入用例执行情况
2019-01-17 17:22:34,271 - INFO - 正在写入用例执行情况
2019-01-17 17:22:34,271 - INFO - 正在写入用例执行情况
2019-01-17 17:22:34,271 - INFO - 正在写入用例执行情况
2019-01-17 17:23:38,082 - INFO - 用例路径：E:\project\ApiTest\cases\exmple.xlsx
2019-01-17 17:23:38,082 - INFO - 用例路径：E:\project\ApiTest\cases\exmple.xlsx
2019-01-17 17:23:38,082 - INFO - 用例路径：E:\project\ApiTest\cases\exmple.xlsx
2019-01-17 17:23:38,082 - INFO - 获取用例完毕，共获取用例5条
2019-01-17 17:23:38,082 - INFO - 获取用例完毕，共获取用例5条
2019-01-17 17:23:38,082 - INFO - 获取用例完毕，共获取用例5条
2019-01-17 17:23:38,760 - INFO - ['用例编号', '接口名称', '接口路径', '预期结果', '实际结果', '测试判定', '测试时间', '失败原因']
2019-01-17 17:23:38,760 - INFO - ['用例编号', '接口名称', '接口路径', '预期结果', '实际结果', '测试判定', '测试时间', '失败原因']
2019-01-17 17:23:38,760 - INFO - ['用例编号', '接口名称', '接口路径', '预期结果', '实际结果', '测试判定', '测试时间', '失败原因']
2019-01-17 17:23:38,760 - INFO - ['用例编号', '接口名称', '接口路径', '预期结果', '实际结果', '测试判定', '测试时间', '失败原因']
2019-01-17 17:23:38,764 - INFO - 正在写入用例执行情况
2019-01-17 17:23:38,764 - INFO - 正在写入用例执行情况
2019-01-17 17:23:38,764 - INFO - 正在写入用例执行情况
2019-01-17 17:23:38,764 - INFO - 正在写入用例执行情况
2019-01-17 17:24:16,978 - INFO - 用例路径：E:\project\ApiTest\cases\exmple.xlsx
2019-01-17 17:24:16,978 - INFO - 用例路径：E:\project\ApiTest\cases\exmple.xlsx
2019-01-17 17:24:16,978 - INFO - 用例路径：E:\project\ApiTest\cases\exmple.xlsx
2019-01-17 17:24:16,978 - INFO - 获取用例完毕，共获取用例5条
2019-01-17 17:24:16,978 - INFO - 获取用例完毕，共获取用例5条
2019-01-17 17:24:16,978 - INFO - 获取用例完毕，共获取用例5条
2019-01-17 17:24:37,678 - INFO - 用例路径：E:\project\ApiTest\cases\exmple.xlsx
2019-01-17 17:24:37,678 - INFO - 用例路径：E:\project\ApiTest\cases\exmple.xlsx
2019-01-17 17:24:37,678 - INFO - 用例路径：E:\project\ApiTest\cases\exmple.xlsx
2019-01-17 17:24:37,678 - INFO - 获取用例完毕，共获取用例4条
2019-01-17 17:24:37,678 - INFO - 获取用例完毕，共获取用例4条
2019-01-17 17:24:37,678 - INFO - 获取用例完毕，共获取用例4条
2019-01-17 17:24:38,414 - INFO - ['用例编号', '接口名称', '接口路径', '预期结果', '实际结果', '测试判定', '测试时间', '失败原因']
2019-01-17 17:24:38,414 - INFO - ['用例编号', '接口名称', '接口路径', '预期结果', '实际结果', '测试判定', '测试时间', '失败原因']
2019-01-17 17:24:38,414 - INFO - ['用例编号', '接口名称', '接口路径', '预期结果', '实际结果', '测试判定', '测试时间', '失败原因']
2019-01-17 17:24:38,414 - INFO - ['用例编号', '接口名称', '接口路径', '预期结果', '实际结果', '测试判定', '测试时间', '失败原因']
2019-01-17 17:24:38,417 - INFO - 正在写入用例执行情况
2019-01-17 17:24:38,417 - INFO - 正在写入用例执行情况
2019-01-17 17:24:38,417 - INFO - 正在写入用例执行情况
2019-01-17 17:24:38,417 - INFO - 正在写入用例执行情况
2019-01-17 17:24:52,709 - INFO - 用例路径：E:\project\ApiTest\cases\exmple.xlsx
2019-01-17 17:24:52,709 - INFO - 用例路径：E:\project\ApiTest\cases\exmple.xlsx
2019-01-17 17:24:52,709 - INFO - 用例路径：E:\project\ApiTest\cases\exmple.xlsx
2019-01-17 17:24:52,709 - INFO - 获取用例完毕，共获取用例3条
2019-01-17 17:24:52,709 - INFO - 获取用例完毕，共获取用例3条
2019-01-17 17:24:52,709 - INFO - 获取用例完毕，共获取用例3条
2019-01-17 17:24:53,147 - INFO - ['用例编号', '接口名称', '接口路径', '预期结果', '实际结果', '测试判定', '测试时间', '失败原因']
2019-01-17 17:24:53,147 - INFO - ['用例编号', '接口名称', '接口路径', '预期结果', '实际结果', '测试判定', '测试时间', '失败原因']
2019-01-17 17:24:53,147 - INFO - ['用例编号', '接口名称', '接口路径', '预期结果', '实际结果', '测试判定', '测试时间', '失败原因']
2019-01-17 17:24:53,147 - INFO - ['用例编号', '接口名称', '接口路径', '预期结果', '实际结果', '测试判定', '测试时间', '失败原因']
2019-01-17 17:24:53,151 - INFO - 正在写入用例执行情况
2019-01-17 17:24:53,151 - INFO - 正在写入用例执行情况
2019-01-17 17:24:53,151 - INFO - 正在写入用例执行情况
2019-01-17 17:24:53,151 - INFO - 正在写入用例执行情况
2019-01-17 17:26:45,169 - INFO - 用例路径：E:\project\ApiTest\cases\exmple.xlsx
2019-01-17 17:26:45,169 - INFO - 用例路径：E:\project\ApiTest\cases\exmple.xlsx
2019-01-17 17:26:45,169 - INFO - 用例路径：E:\project\ApiTest\cases\exmple.xlsx
2019-01-17 17:26:45,169 - INFO - 获取用例完毕，共获取用例3条
2019-01-17 17:26:45,169 - INFO - 获取用例完毕，共获取用例3条
2019-01-17 17:26:45,169 - INFO - 获取用例完毕，共获取用例3条
2019-01-17 17:26:45,662 - INFO - 正在写入用例执行情况
2019-01-17 17:26:45,662 - INFO - 正在写入用例执行情况
2019-01-17 17:26:45,662 - INFO - 正在写入用例执行情况
2019-01-17 17:26:45,662 - INFO - 正在写入用例执行情况
2019-01-17 18:09:06,905 - INFO - 用例路径：E:\project\ApiTest\cases\exmple.xlsx
2019-01-17 18:09:06,905 - INFO - 用例路径：E:\project\ApiTest\cases\exmple.xlsx
2019-01-17 18:09:06,905 - INFO - 用例路径：E:\project\ApiTest\cases\exmple.xlsx
2019-01-17 18:09:06,905 - INFO - 获取用例完毕，共获取用例3条
2019-01-17 18:09:06,905 - INFO - 获取用例完毕，共获取用例3条
2019-01-17 18:09:06,905 - INFO - 获取用例完毕，共获取用例3条
2019-01-17 18:09:07,686 - INFO - 正在写入用例执行情况
2019-01-17 18:09:07,686 - INFO - 正在写入用例执行情况
2019-01-17 18:09:07,686 - INFO - 正在写入用例执行情况
2019-01-17 18:09:07,686 - INFO - 正在写入用例执行情况
