2019-01-16 10:27:16,627 - __main__ - INFO - hello
2019-01-16 10:29:15,642 - (filename)s - INFO - hello
2019-01-16 10:29:26,529 - log.py - INFO - hello
2019-01-16 10:30:35,390 - log.py:35 - INFO - hello
2019-01-16 10:31:17,086 - log.py:36 - INFO - hello
2019-01-16 10:34:12,156 - log.py:37 - INFO - 获取用例完毕，共获取用例5条
2019-01-16 10:35:19,069  - INFO - 获取用例完毕，共获取用例5条
2019-01-16 13:11:48,962 - INFO - ['用例编号', '接口名称', '预期结果', '实际结果', '测试判定', '测试时间']
2019-01-16 13:11:57,728 - INFO - ['用例编号', '接口名称', '预期结果', '实际结果', '测试判定', '测试时间']
2019-01-16 13:14:30,909 - INFO - ['用例编号', '接口名称', '预期结果', '实际结果', '测试判定', '测试时间']
2019-01-16 13:38:41,921 - INFO - ['用例编号', '接口名称', '预期结果', '实际结果', '测试判定', '测试时间']
2019-01-16 13:38:41,921 - INFO - 正在写入用例执行情况
2019-01-16 13:38:41,921 - INFO - 写入第1测试用例执行情况
2019-01-16 13:38:41,922 - INFO - 写入第7测试用例执行情况
2019-01-16 13:38:41,922 - INFO - 写入第13测试用例执行情况
2019-01-16 13:38:41,922 - INFO - 写入第19测试用例执行情况
2019-01-16 13:38:41,922 - INFO - 写入第25测试用例执行情况
2019-01-16 13:38:41,922 - INFO - 写入第31测试用例执行情况
2019-01-16 13:50:47,055 - INFO - ['用例编号', '接口名称', '预期结果', '实际结果', '测试判定', '测试时间']
2019-01-16 13:50:47,055 - INFO - 正在写入用例执行情况
2019-01-16 13:50:47,055 - INFO - 写入第1测试用例执行情况
2019-01-16 13:51:04,383 - INFO - ['用例编号', '接口名称', '预期结果', '实际结果', '测试判定', '测试时间']
2019-01-16 13:51:04,384 - INFO - 正在写入用例执行情况
2019-01-16 13:51:04,384 - INFO - 写入第1测试用例执行情况
2019-01-16 13:51:14,834 - INFO - ['用例编号', '接口名称', '预期结果', '实际结果', '测试判定', '测试时间']
2019-01-16 13:51:14,836 - INFO - 正在写入用例执行情况
2019-01-16 13:51:14,836 - INFO - 写入第1测试用例执行情况
2019-01-16 13:53:54,372 - INFO - ['用例编号', '接口名称', '预期结果', '实际结果', '测试判定', '测试时间']
2019-01-16 13:53:54,373 - INFO - 正在写入用例执行情况
2019-01-16 13:57:06,642 - INFO - ['用例编号', '接口名称', '预期结果', '实际结果', '测试判定', '测试时间']
2019-01-16 13:57:06,643 - INFO - 正在写入用例执行情况
2019-01-16 13:57:38,165 - INFO - ['用例编号', '接口名称', '预期结果', '实际结果', '测试判定', '测试时间']
2019-01-16 13:57:38,166 - INFO - 正在写入用例执行情况
2019-01-16 14:00:40,064 - INFO - ['用例编号', '接口名称', '预期结果', '实际结果', '测试判定', '测试时间']
2019-01-16 14:00:40,065 - INFO - 正在写入用例执行情况
2019-01-16 14:01:06,423 - INFO - ['用例编号', '接口名称', '预期结果', '实际结果', '测试判定', '测试时间']
2019-01-16 14:01:45,538 - INFO - ['用例编号', '接口名称', '预期结果', '实际结果', '测试判定', '测试时间']
2019-01-16 14:01:53,326 - INFO - ['用例编号', '接口名称', '预期结果', '实际结果', '测试判定', '测试时间']
2019-01-16 14:01:53,327 - INFO - 正在写入用例执行情况
2019-01-16 14:03:01,045 - INFO - ['用例编号', '接口名称', '预期结果', '实际结果', '测试判定', '测试时间']
2019-01-16 14:03:01,046 - INFO - 正在写入用例执行情况
2019-01-16 14:04:01,402 - INFO - ['用例编号', '接口名称', '预期结果', '实际结果', '测试判定', '测试时间']
2019-01-16 14:04:01,402 - INFO - 正在写入用例执行情况
2019-01-16 14:05:25,890 - INFO - ['用例编号', '接口名称', '预期结果', '实际结果', '测试判定', '测试时间']
2019-01-16 14:05:25,890 - INFO - 正在写入用例执行情况
2019-01-16 14:05:38,654 - INFO - ['用例编号', '接口名称', '预期结果', '实际结果', '测试判定', '测试时间']
2019-01-16 14:05:38,655 - INFO - 正在写入用例执行情况
2019-01-16 14:06:29,643 - INFO - ['用例编号', '接口名称', '预期结果', '实际结果', '测试判定', '测试时间']
2019-01-16 14:06:29,644 - INFO - 正在写入用例执行情况
2019-01-16 14:06:29,644 - INFO - ['a', 'b', 'c', 'd', 'e', 'f']
2019-01-16 14:06:29,644 - INFO - ['1', '2', '3', '4', '5', '6']
2019-01-16 14:06:29,645 - INFO - ['h', 'i', 'aj', 'j', 'g', 'g']
2019-01-16 14:06:29,645 - INFO - ['dfg', 'rt', '43', 'fg', 'gfg', 'nmh']
2019-01-16 14:06:29,645 - INFO - ['gh', 'jf', 'jf', 'bnh', 'dda', 'ergh']
2019-01-16 14:06:29,646 - INFO - ['s', '2', '3', '4', '5', '1']
2019-01-16 14:06:56,665 - INFO - ['用例编号', '接口名称', '预期结果', '实际结果', '测试判定', '测试时间']
2019-01-16 14:06:56,665 - INFO - 正在写入用例执行情况
2019-01-16 14:06:56,665 - INFO - ['a', 'b', 'c', 'd', 'e', 'f']
2019-01-16 14:07:02,809 - INFO - ['用例编号', '接口名称', '预期结果', '实际结果', '测试判定', '测试时间']
2019-01-16 14:07:02,809 - INFO - 正在写入用例执行情况
2019-01-16 14:07:02,809 - INFO - ['a', 'b', 'c', 'd', 'e', 'f']
2019-01-16 14:07:02,809 - INFO - 0
2019-01-16 14:07:02,809 - INFO - 1
2019-01-16 14:07:02,810 - INFO - 2
2019-01-16 14:07:02,810 - INFO - 3
2019-01-16 14:07:02,810 - INFO - 4
2019-01-16 14:07:02,810 - INFO - 5
2019-01-16 14:07:02,810 - INFO - 0
2019-01-16 14:07:02,810 - INFO - 1
2019-01-16 14:07:02,810 - INFO - 2
2019-01-16 14:07:02,810 - INFO - 3
2019-01-16 14:07:02,810 - INFO - 4
2019-01-16 14:07:02,810 - INFO - 5
2019-01-16 14:07:02,810 - INFO - 0
2019-01-16 14:07:02,810 - INFO - 1
2019-01-16 14:07:02,811 - INFO - 2
2019-01-16 14:07:02,811 - INFO - 3
2019-01-16 14:07:02,811 - INFO - 4
2019-01-16 14:07:02,811 - INFO - 5
2019-01-16 14:07:02,811 - INFO - 0
2019-01-16 14:07:02,811 - INFO - 1
2019-01-16 14:07:02,811 - INFO - 2
2019-01-16 14:07:02,811 - INFO - 3
2019-01-16 14:07:02,811 - INFO - 4
2019-01-16 14:07:02,811 - INFO - 5
2019-01-16 14:07:02,811 - INFO - 0
2019-01-16 14:07:02,811 - INFO - 1
2019-01-16 14:07:02,812 - INFO - 2
2019-01-16 14:07:02,812 - INFO - 3
2019-01-16 14:07:02,812 - INFO - 4
2019-01-16 14:07:02,812 - INFO - 5
2019-01-16 14:07:02,812 - INFO - 0
2019-01-16 14:07:02,812 - INFO - 1
2019-01-16 14:07:02,812 - INFO - 2
2019-01-16 14:07:02,812 - INFO - 3
2019-01-16 14:07:02,812 - INFO - 4
2019-01-16 14:07:02,812 - INFO - 5
2019-01-16 14:07:02,812 - INFO - ['1', '2', '3', '4', '5', '6']
2019-01-16 14:07:02,812 - INFO - 0
2019-01-16 14:07:02,812 - INFO - 1
2019-01-16 14:07:02,813 - INFO - 2
2019-01-16 14:07:02,813 - INFO - 3
2019-01-16 14:07:02,813 - INFO - 4
2019-01-16 14:07:02,813 - INFO - 5
2019-01-16 14:07:02,813 - INFO - 0
2019-01-16 14:07:02,813 - INFO - 1
2019-01-16 14:07:02,813 - INFO - 2
2019-01-16 14:07:02,813 - INFO - 3
2019-01-16 14:07:02,813 - INFO - 4
2019-01-16 14:07:02,813 - INFO - 5
2019-01-16 14:07:02,813 - INFO - 0
2019-01-16 14:07:02,813 - INFO - 1
2019-01-16 14:07:02,813 - INFO - 2
2019-01-16 14:07:02,814 - INFO - 3
2019-01-16 14:07:02,814 - INFO - 4
2019-01-16 14:07:02,814 - INFO - 5
2019-01-16 14:07:02,814 - INFO - 0
2019-01-16 14:07:02,814 - INFO - 1
2019-01-16 14:07:02,814 - INFO - 2
2019-01-16 14:07:02,814 - INFO - 3
2019-01-16 14:07:02,814 - INFO - 4
2019-01-16 14:07:02,814 - INFO - 5
2019-01-16 14:07:02,814 - INFO - 0
2019-01-16 14:07:02,814 - INFO - 1
2019-01-16 14:07:02,814 - INFO - 2
2019-01-16 14:07:02,814 - INFO - 3
2019-01-16 14:07:02,814 - INFO - 4
2019-01-16 14:07:02,815 - INFO - 5
2019-01-16 14:07:02,815 - INFO - 0
2019-01-16 14:07:02,815 - INFO - 1
2019-01-16 14:07:02,815 - INFO - 2
2019-01-16 14:07:02,815 - INFO - 3
2019-01-16 14:07:02,815 - INFO - 4
2019-01-16 14:07:02,815 - INFO - 5
2019-01-16 14:07:02,815 - INFO - ['h', 'i', 'aj', 'j', 'g', 'g']
2019-01-16 14:07:02,815 - INFO - 0
2019-01-16 14:07:02,815 - INFO - 1
2019-01-16 14:07:02,815 - INFO - 2
2019-01-16 14:07:02,815 - INFO - 3
2019-01-16 14:07:02,815 - INFO - 4
2019-01-16 14:07:02,816 - INFO - 5
2019-01-16 14:07:02,816 - INFO - 0
2019-01-16 14:07:02,816 - INFO - 1
2019-01-16 14:07:02,816 - INFO - 2
2019-01-16 14:07:02,816 - INFO - 3
2019-01-16 14:07:02,816 - INFO - 4
2019-01-16 14:07:02,816 - INFO - 5
2019-01-16 14:07:02,816 - INFO - 0
2019-01-16 14:07:02,816 - INFO - 1
2019-01-16 14:07:02,816 - INFO - 2
2019-01-16 14:07:02,816 - INFO - 3
2019-01-16 14:07:02,816 - INFO - 4
2019-01-16 14:07:02,816 - INFO - 5
2019-01-16 14:07:02,817 - INFO - 0
2019-01-16 14:07:02,817 - INFO - 1
2019-01-16 14:07:02,817 - INFO - 2
2019-01-16 14:07:02,817 - INFO - 3
2019-01-16 14:07:02,817 - INFO - 4
2019-01-16 14:07:02,817 - INFO - 5
2019-01-16 14:07:02,817 - INFO - 0
2019-01-16 14:07:02,817 - INFO - 1
2019-01-16 14:07:02,817 - INFO - 2
2019-01-16 14:07:02,817 - INFO - 3
2019-01-16 14:07:02,817 - INFO - 4
2019-01-16 14:07:02,817 - INFO - 5
2019-01-16 14:07:02,817 - INFO - 0
2019-01-16 14:07:02,818 - INFO - 1
2019-01-16 14:07:02,818 - INFO - 2
2019-01-16 14:07:02,818 - INFO - 3
2019-01-16 14:07:02,818 - INFO - 4
2019-01-16 14:07:02,818 - INFO - 5
2019-01-16 14:07:02,818 - INFO - ['dfg', 'rt', '43', 'fg', 'gfg', 'nmh']
2019-01-16 14:07:02,818 - INFO - 0
2019-01-16 14:07:02,818 - INFO - 1
2019-01-16 14:07:02,818 - INFO - 2
2019-01-16 14:07:02,818 - INFO - 3
2019-01-16 14:07:02,818 - INFO - 4
2019-01-16 14:07:02,818 - INFO - 5
2019-01-16 14:07:02,818 - INFO - 0
2019-01-16 14:07:02,819 - INFO - 1
2019-01-16 14:07:02,819 - INFO - 2
2019-01-16 14:07:02,819 - INFO - 3
2019-01-16 14:07:02,819 - INFO - 4
2019-01-16 14:07:02,819 - INFO - 5
2019-01-16 14:07:02,819 - INFO - 0
2019-01-16 14:07:02,819 - INFO - 1
2019-01-16 14:07:02,819 - INFO - 2
2019-01-16 14:07:02,819 - INFO - 3
2019-01-16 14:07:02,819 - INFO - 4
2019-01-16 14:07:02,819 - INFO - 5
2019-01-16 14:07:02,819 - INFO - 0
2019-01-16 14:07:02,820 - INFO - 1
2019-01-16 14:07:02,820 - INFO - 2
2019-01-16 14:07:02,820 - INFO - 3
2019-01-16 14:07:02,820 - INFO - 4
2019-01-16 14:07:02,820 - INFO - 5
2019-01-16 14:07:02,820 - INFO - 0
2019-01-16 14:07:02,820 - INFO - 1
2019-01-16 14:07:02,820 - INFO - 2
2019-01-16 14:07:02,820 - INFO - 3
2019-01-16 14:07:02,820 - INFO - 4
2019-01-16 14:07:02,820 - INFO - 5
2019-01-16 14:07:02,820 - INFO - 0
2019-01-16 14:07:02,820 - INFO - 1
2019-01-16 14:07:02,821 - INFO - 2
2019-01-16 14:07:02,821 - INFO - 3
2019-01-16 14:07:02,821 - INFO - 4
2019-01-16 14:07:02,821 - INFO - 5
2019-01-16 14:07:02,821 - INFO - ['gh', 'jf', 'jf', 'bnh', 'dda', 'ergh']
2019-01-16 14:07:02,821 - INFO - 0
2019-01-16 14:07:02,821 - INFO - 1
2019-01-16 14:07:02,821 - INFO - 2
2019-01-16 14:07:02,821 - INFO - 3
2019-01-16 14:07:02,821 - INFO - 4
2019-01-16 14:07:02,821 - INFO - 5
2019-01-16 14:07:02,821 - INFO - 0
2019-01-16 14:07:02,821 - INFO - 1
2019-01-16 14:07:02,821 - INFO - 2
2019-01-16 14:07:02,822 - INFO - 3
2019-01-16 14:07:02,822 - INFO - 4
2019-01-16 14:07:02,822 - INFO - 5
2019-01-16 14:07:02,822 - INFO - 0
2019-01-16 14:07:02,822 - INFO - 1
2019-01-16 14:07:02,822 - INFO - 2
2019-01-16 14:07:02,822 - INFO - 3
2019-01-16 14:07:02,822 - INFO - 4
2019-01-16 14:07:02,822 - INFO - 5
2019-01-16 14:07:02,822 - INFO - 0
2019-01-16 14:07:02,822 - INFO - 1
2019-01-16 14:07:02,823 - INFO - 2
2019-01-16 14:07:02,823 - INFO - 3
2019-01-16 14:07:02,823 - INFO - 4
2019-01-16 14:07:02,823 - INFO - 5
2019-01-16 14:07:02,823 - INFO - 0
2019-01-16 14:07:02,823 - INFO - 1
2019-01-16 14:07:02,823 - INFO - 2
2019-01-16 14:07:02,823 - INFO - 3
2019-01-16 14:07:02,823 - INFO - 4
2019-01-16 14:07:02,823 - INFO - 5
2019-01-16 14:07:02,823 - INFO - 0
2019-01-16 14:07:02,824 - INFO - 1
2019-01-16 14:07:02,824 - INFO - 2
2019-01-16 14:07:02,824 - INFO - 3
2019-01-16 14:07:02,824 - INFO - 4
2019-01-16 14:07:02,824 - INFO - 5
2019-01-16 14:07:02,824 - INFO - ['s', '2', '3', '4', '5', '1']
2019-01-16 14:07:02,824 - INFO - 0
2019-01-16 14:07:02,824 - INFO - 1
2019-01-16 14:07:02,824 - INFO - 2
2019-01-16 14:07:02,824 - INFO - 3
2019-01-16 14:07:02,824 - INFO - 4
2019-01-16 14:07:02,824 - INFO - 5
2019-01-16 14:07:02,824 - INFO - 0
2019-01-16 14:07:02,824 - INFO - 1
2019-01-16 14:07:02,825 - INFO - 2
2019-01-16 14:07:02,825 - INFO - 3
2019-01-16 14:07:02,825 - INFO - 4
2019-01-16 14:07:02,825 - INFO - 5
2019-01-16 14:07:02,825 - INFO - 0
2019-01-16 14:07:02,825 - INFO - 1
2019-01-16 14:07:02,825 - INFO - 2
2019-01-16 14:07:02,825 - INFO - 3
2019-01-16 14:07:02,825 - INFO - 4
2019-01-16 14:07:02,825 - INFO - 5
2019-01-16 14:07:02,825 - INFO - 0
2019-01-16 14:07:02,825 - INFO - 1
2019-01-16 14:07:02,825 - INFO - 2
2019-01-16 14:07:02,826 - INFO - 3
2019-01-16 14:07:02,826 - INFO - 4
2019-01-16 14:07:02,826 - INFO - 5
2019-01-16 14:07:02,826 - INFO - 0
2019-01-16 14:07:02,826 - INFO - 1
2019-01-16 14:07:02,826 - INFO - 2
2019-01-16 14:07:02,826 - INFO - 3
2019-01-16 14:07:02,826 - INFO - 4
2019-01-16 14:07:02,826 - INFO - 5
2019-01-16 14:07:02,826 - INFO - 0
2019-01-16 14:07:02,826 - INFO - 1
2019-01-16 14:07:02,826 - INFO - 2
2019-01-16 14:07:02,826 - INFO - 3
2019-01-16 14:07:02,827 - INFO - 4
2019-01-16 14:07:02,827 - INFO - 5
2019-01-16 14:07:51,096 - INFO - ['用例编号', '接口名称', '预期结果', '实际结果', '测试判定', '测试时间']
2019-01-16 14:07:51,097 - INFO - 正在写入用例执行情况
2019-01-16 14:07:51,097 - INFO - ['a', 'b', 'c', 'd', 'e', 'f']
2019-01-16 14:07:51,097 - INFO - 0
2019-01-16 14:07:51,097 - INFO - 1
2019-01-16 14:07:51,097 - INFO - 2
2019-01-16 14:07:51,097 - INFO - 3
2019-01-16 14:07:51,098 - INFO - 4
2019-01-16 14:07:51,098 - INFO - 5
2019-01-16 14:07:51,098 - INFO - 0
2019-01-16 14:07:51,098 - INFO - 1
2019-01-16 14:07:51,098 - INFO - 2
2019-01-16 14:07:51,098 - INFO - 3
2019-01-16 14:07:51,098 - INFO - 4
2019-01-16 14:07:51,098 - INFO - 5
2019-01-16 14:07:51,098 - INFO - 0
2019-01-16 14:07:51,098 - INFO - 1
2019-01-16 14:07:51,098 - INFO - 2
2019-01-16 14:07:51,099 - INFO - 3
2019-01-16 14:07:51,099 - INFO - 4
2019-01-16 14:07:51,099 - INFO - 5
2019-01-16 14:07:51,099 - INFO - 0
2019-01-16 14:07:51,099 - INFO - 1
2019-01-16 14:07:51,099 - INFO - 2
2019-01-16 14:07:51,099 - INFO - 3
2019-01-16 14:07:51,099 - INFO - 4
2019-01-16 14:07:51,099 - INFO - 5
2019-01-16 14:07:51,099 - INFO - 0
2019-01-16 14:07:51,099 - INFO - 1
2019-01-16 14:07:51,099 - INFO - 2
2019-01-16 14:07:51,099 - INFO - 3
2019-01-16 14:07:51,099 - INFO - 4
2019-01-16 14:07:51,100 - INFO - 5
2019-01-16 14:07:51,100 - INFO - 0
2019-01-16 14:07:51,100 - INFO - 1
2019-01-16 14:07:51,100 - INFO - 2
2019-01-16 14:07:51,100 - INFO - 3
2019-01-16 14:07:51,100 - INFO - 4
2019-01-16 14:07:51,100 - INFO - 5
2019-01-16 14:07:51,100 - INFO - ['1', '2', '3', '4', '5', '6']
2019-01-16 14:07:51,100 - INFO - 0
2019-01-16 14:07:51,100 - INFO - 1
2019-01-16 14:07:51,100 - INFO - 2
2019-01-16 14:07:51,100 - INFO - 3
2019-01-16 14:07:51,100 - INFO - 4
2019-01-16 14:07:51,101 - INFO - 5
2019-01-16 14:07:51,101 - INFO - 0
2019-01-16 14:07:51,101 - INFO - 1
2019-01-16 14:07:51,101 - INFO - 2
2019-01-16 14:07:51,101 - INFO - 3
2019-01-16 14:07:51,101 - INFO - 4
2019-01-16 14:07:51,101 - INFO - 5
2019-01-16 14:07:51,101 - INFO - 0
2019-01-16 14:07:51,101 - INFO - 1
2019-01-16 14:07:51,101 - INFO - 2
2019-01-16 14:07:51,101 - INFO - 3
2019-01-16 14:07:51,102 - INFO - 4
2019-01-16 14:07:51,102 - INFO - 5
2019-01-16 14:07:51,102 - INFO - 0
2019-01-16 14:07:51,102 - INFO - 1
2019-01-16 14:07:51,102 - INFO - 2
2019-01-16 14:07:51,102 - INFO - 3
2019-01-16 14:07:51,102 - INFO - 4
2019-01-16 14:07:51,102 - INFO - 5
2019-01-16 14:07:51,102 - INFO - 0
2019-01-16 14:07:51,102 - INFO - 1
2019-01-16 14:07:51,102 - INFO - 2
2019-01-16 14:07:51,103 - INFO - 3
2019-01-16 14:07:51,103 - INFO - 4
2019-01-16 14:07:51,103 - INFO - 5
2019-01-16 14:07:51,103 - INFO - 0
2019-01-16 14:07:51,103 - INFO - 1
2019-01-16 14:07:51,103 - INFO - 2
2019-01-16 14:07:51,103 - INFO - 3
2019-01-16 14:07:51,103 - INFO - 4
2019-01-16 14:07:51,103 - INFO - 5
2019-01-16 14:07:51,103 - INFO - ['h', 'i', 'aj', 'j', 'g', 'g']
2019-01-16 14:07:51,103 - INFO - 0
2019-01-16 14:07:51,103 - INFO - 1
2019-01-16 14:07:51,103 - INFO - 2
2019-01-16 14:07:51,104 - INFO - 3
2019-01-16 14:07:51,104 - INFO - 4
2019-01-16 14:07:51,104 - INFO - 5
2019-01-16 14:07:51,104 - INFO - 0
2019-01-16 14:07:51,104 - INFO - 1
2019-01-16 14:07:51,104 - INFO - 2
2019-01-16 14:07:51,104 - INFO - 3
2019-01-16 14:07:51,104 - INFO - 4
2019-01-16 14:07:51,104 - INFO - 5
2019-01-16 14:07:51,104 - INFO - 0
2019-01-16 14:07:51,104 - INFO - 1
2019-01-16 14:07:51,104 - INFO - 2
2019-01-16 14:07:51,105 - INFO - 3
2019-01-16 14:07:51,105 - INFO - 4
2019-01-16 14:07:51,105 - INFO - 5
2019-01-16 14:07:51,105 - INFO - 0
2019-01-16 14:07:51,105 - INFO - 1
2019-01-16 14:07:51,105 - INFO - 2
2019-01-16 14:07:51,105 - INFO - 3
2019-01-16 14:07:51,105 - INFO - 4
2019-01-16 14:07:51,105 - INFO - 5
2019-01-16 14:07:51,105 - INFO - 0
2019-01-16 14:07:51,105 - INFO - 1
2019-01-16 14:07:51,105 - INFO - 2
2019-01-16 14:07:51,106 - INFO - 3
2019-01-16 14:07:51,106 - INFO - 4
2019-01-16 14:07:51,106 - INFO - 5
2019-01-16 14:07:51,106 - INFO - 0
2019-01-16 14:07:51,106 - INFO - 1
2019-01-16 14:07:51,106 - INFO - 2
2019-01-16 14:07:51,106 - INFO - 3
2019-01-16 14:07:51,106 - INFO - 4
2019-01-16 14:07:51,106 - INFO - 5
2019-01-16 14:07:51,106 - INFO - ['dfg', 'rt', '43', 'fg', 'gfg', 'nmh']
2019-01-16 14:07:51,106 - INFO - 0
2019-01-16 14:07:51,106 - INFO - 1
2019-01-16 14:07:51,106 - INFO - 2
2019-01-16 14:07:51,107 - INFO - 3
2019-01-16 14:07:51,107 - INFO - 4
2019-01-16 14:07:51,107 - INFO - 5
2019-01-16 14:07:51,107 - INFO - 0
2019-01-16 14:07:51,107 - INFO - 1
2019-01-16 14:07:51,107 - INFO - 2
2019-01-16 14:07:51,107 - INFO - 3
2019-01-16 14:07:51,107 - INFO - 4
2019-01-16 14:07:51,107 - INFO - 5
2019-01-16 14:07:51,107 - INFO - 0
2019-01-16 14:07:51,107 - INFO - 1
2019-01-16 14:07:51,107 - INFO - 2
2019-01-16 14:07:51,107 - INFO - 3
2019-01-16 14:07:51,108 - INFO - 4
2019-01-16 14:07:51,108 - INFO - 5
2019-01-16 14:07:51,108 - INFO - 0
2019-01-16 14:07:51,108 - INFO - 1
2019-01-16 14:07:51,108 - INFO - 2
2019-01-16 14:07:51,108 - INFO - 3
2019-01-16 14:07:51,108 - INFO - 4
2019-01-16 14:07:51,108 - INFO - 5
2019-01-16 14:07:51,108 - INFO - 0
2019-01-16 14:07:51,108 - INFO - 1
2019-01-16 14:07:51,108 - INFO - 2
2019-01-16 14:07:51,109 - INFO - 3
2019-01-16 14:07:51,109 - INFO - 4
2019-01-16 14:07:51,109 - INFO - 5
2019-01-16 14:07:51,109 - INFO - 0
2019-01-16 14:07:51,109 - INFO - 1
2019-01-16 14:07:51,109 - INFO - 2
2019-01-16 14:07:51,109 - INFO - 3
2019-01-16 14:07:51,109 - INFO - 4
2019-01-16 14:07:51,109 - INFO - 5
2019-01-16 14:07:51,109 - INFO - ['gh', 'jf', 'jf', 'bnh', 'dda', 'ergh']
2019-01-16 14:07:51,109 - INFO - 0
2019-01-16 14:07:51,109 - INFO - 1
2019-01-16 14:07:51,109 - INFO - 2
2019-01-16 14:07:51,110 - INFO - 3
2019-01-16 14:07:51,110 - INFO - 4
2019-01-16 14:07:51,110 - INFO - 5
2019-01-16 14:07:51,110 - INFO - 0
2019-01-16 14:07:51,110 - INFO - 1
2019-01-16 14:07:51,110 - INFO - 2
2019-01-16 14:07:51,110 - INFO - 3
2019-01-16 14:07:51,110 - INFO - 4
2019-01-16 14:07:51,110 - INFO - 5
2019-01-16 14:07:51,110 - INFO - 0
2019-01-16 14:07:51,110 - INFO - 1
2019-01-16 14:07:51,110 - INFO - 2
2019-01-16 14:07:51,110 - INFO - 3
2019-01-16 14:07:51,110 - INFO - 4
2019-01-16 14:07:51,111 - INFO - 5
2019-01-16 14:07:51,111 - INFO - 0
2019-01-16 14:07:51,111 - INFO - 1
2019-01-16 14:07:51,111 - INFO - 2
2019-01-16 14:07:51,111 - INFO - 3
2019-01-16 14:07:51,111 - INFO - 4
2019-01-16 14:07:51,111 - INFO - 5
2019-01-16 14:07:51,111 - INFO - 0
2019-01-16 14:07:51,111 - INFO - 1
2019-01-16 14:07:51,111 - INFO - 2
2019-01-16 14:07:51,111 - INFO - 3
2019-01-16 14:07:51,111 - INFO - 4
2019-01-16 14:07:51,112 - INFO - 5
2019-01-16 14:07:51,112 - INFO - 0
2019-01-16 14:07:51,112 - INFO - 1
2019-01-16 14:07:51,112 - INFO - 2
2019-01-16 14:07:51,112 - INFO - 3
2019-01-16 14:07:51,112 - INFO - 4
2019-01-16 14:07:51,112 - INFO - 5
2019-01-16 14:07:51,112 - INFO - ['s', '2', '3', '4', '5', '1']
2019-01-16 14:07:51,112 - INFO - 0
2019-01-16 14:07:51,112 - INFO - 1
2019-01-16 14:07:51,112 - INFO - 2
2019-01-16 14:07:51,112 - INFO - 3
2019-01-16 14:07:51,112 - INFO - 4
2019-01-16 14:07:51,113 - INFO - 5
2019-01-16 14:07:51,113 - INFO - 0
2019-01-16 14:07:51,113 - INFO - 1
2019-01-16 14:07:51,113 - INFO - 2
2019-01-16 14:07:51,113 - INFO - 3
2019-01-16 14:07:51,113 - INFO - 4
2019-01-16 14:07:51,113 - INFO - 5
2019-01-16 14:07:51,113 - INFO - 0
2019-01-16 14:07:51,113 - INFO - 1
2019-01-16 14:07:51,113 - INFO - 2
2019-01-16 14:07:51,113 - INFO - 3
2019-01-16 14:07:51,113 - INFO - 4
2019-01-16 14:07:51,113 - INFO - 5
2019-01-16 14:07:51,113 - INFO - 0
2019-01-16 14:07:51,114 - INFO - 1
2019-01-16 14:07:51,114 - INFO - 2
2019-01-16 14:07:51,114 - INFO - 3
2019-01-16 14:07:51,114 - INFO - 4
2019-01-16 14:07:51,114 - INFO - 5
2019-01-16 14:07:51,114 - INFO - 0
2019-01-16 14:07:51,114 - INFO - 1
2019-01-16 14:07:51,114 - INFO - 2
2019-01-16 14:07:51,114 - INFO - 3
2019-01-16 14:07:51,114 - INFO - 4
2019-01-16 14:07:51,114 - INFO - 5
2019-01-16 14:07:51,114 - INFO - 0
2019-01-16 14:07:51,114 - INFO - 1
2019-01-16 14:07:51,115 - INFO - 2
2019-01-16 14:07:51,115 - INFO - 3
2019-01-16 14:07:51,115 - INFO - 4
2019-01-16 14:07:51,115 - INFO - 5
2019-01-16 14:08:33,885 - INFO - ['用例编号', '接口名称', '预期结果', '实际结果', '测试判定', '测试时间']
2019-01-16 14:08:33,885 - INFO - 正在写入用例执行情况
2019-01-16 14:08:33,885 - INFO - ['a', 'b', 'c', 'd', 'e', 'f']
2019-01-16 14:08:33,886 - INFO - 0
2019-01-16 14:08:33,886 - INFO - 1
2019-01-16 14:08:33,886 - INFO - 2
2019-01-16 14:08:33,886 - INFO - 3
2019-01-16 14:08:33,886 - INFO - 4
2019-01-16 14:08:33,886 - INFO - 5
2019-01-16 14:08:33,886 - INFO - 0
2019-01-16 14:08:33,886 - INFO - 1
2019-01-16 14:08:33,886 - INFO - 2
2019-01-16 14:08:33,886 - INFO - 3
2019-01-16 14:08:33,886 - INFO - 4
2019-01-16 14:08:33,886 - INFO - 5
2019-01-16 14:08:33,886 - INFO - 0
2019-01-16 14:08:33,887 - INFO - 1
2019-01-16 14:08:33,887 - INFO - 2
2019-01-16 14:08:33,887 - INFO - 3
2019-01-16 14:08:33,887 - INFO - 4
2019-01-16 14:08:33,887 - INFO - 5
2019-01-16 14:08:33,887 - INFO - 0
2019-01-16 14:08:33,887 - INFO - 1
2019-01-16 14:08:33,887 - INFO - 2
2019-01-16 14:08:33,887 - INFO - 3
2019-01-16 14:08:33,887 - INFO - 4
2019-01-16 14:08:33,887 - INFO - 5
2019-01-16 14:08:33,887 - INFO - 0
2019-01-16 14:08:33,887 - INFO - 1
2019-01-16 14:08:33,888 - INFO - 2
2019-01-16 14:08:33,888 - INFO - 3
2019-01-16 14:08:33,888 - INFO - 4
2019-01-16 14:08:33,888 - INFO - 5
2019-01-16 14:08:33,888 - INFO - 0
2019-01-16 14:08:33,888 - INFO - 1
2019-01-16 14:08:33,888 - INFO - 2
2019-01-16 14:08:33,888 - INFO - 3
2019-01-16 14:08:33,888 - INFO - 4
2019-01-16 14:08:33,888 - INFO - 5
2019-01-16 14:08:33,888 - INFO - ['1', '2', '3', '4', '5', '6']
2019-01-16 14:08:33,888 - INFO - 0
2019-01-16 14:08:33,888 - INFO - 1
2019-01-16 14:08:33,889 - INFO - 2
2019-01-16 14:08:33,889 - INFO - 3
2019-01-16 14:08:33,889 - INFO - 4
2019-01-16 14:08:33,889 - INFO - 5
2019-01-16 14:08:33,889 - INFO - 0
2019-01-16 14:08:33,889 - INFO - 1
2019-01-16 14:08:33,889 - INFO - 2
2019-01-16 14:08:33,889 - INFO - 3
2019-01-16 14:08:33,889 - INFO - 4
2019-01-16 14:08:33,889 - INFO - 5
2019-01-16 14:08:33,889 - INFO - 0
2019-01-16 14:08:33,889 - INFO - 1
2019-01-16 14:08:33,889 - INFO - 2
2019-01-16 14:08:33,890 - INFO - 3
2019-01-16 14:08:33,890 - INFO - 4
2019-01-16 14:08:33,890 - INFO - 5
2019-01-16 14:08:33,890 - INFO - 0
2019-01-16 14:08:33,890 - INFO - 1
2019-01-16 14:08:33,890 - INFO - 2
2019-01-16 14:08:33,890 - INFO - 3
2019-01-16 14:08:33,890 - INFO - 4
2019-01-16 14:08:33,890 - INFO - 5
2019-01-16 14:08:33,890 - INFO - 0
2019-01-16 14:08:33,890 - INFO - 1
2019-01-16 14:08:33,890 - INFO - 2
2019-01-16 14:08:33,890 - INFO - 3
2019-01-16 14:08:33,891 - INFO - 4
2019-01-16 14:08:33,891 - INFO - 5
2019-01-16 14:08:33,891 - INFO - 0
2019-01-16 14:08:33,891 - INFO - 1
2019-01-16 14:08:33,891 - INFO - 2
2019-01-16 14:08:33,891 - INFO - 3
2019-01-16 14:08:33,891 - INFO - 4
2019-01-16 14:08:33,891 - INFO - 5
2019-01-16 14:08:33,891 - INFO - ['h', 'i', 'aj', 'j', 'g', 'g']
2019-01-16 14:08:33,891 - INFO - 0
2019-01-16 14:08:33,891 - INFO - 1
2019-01-16 14:08:33,891 - INFO - 2
2019-01-16 14:08:33,891 - INFO - 3
2019-01-16 14:08:33,892 - INFO - 4
2019-01-16 14:08:33,892 - INFO - 5
2019-01-16 14:08:33,892 - INFO - 0
2019-01-16 14:08:33,892 - INFO - 1
2019-01-16 14:08:33,892 - INFO - 2
2019-01-16 14:08:33,892 - INFO - 3
2019-01-16 14:08:33,892 - INFO - 4
2019-01-16 14:08:33,892 - INFO - 5
2019-01-16 14:08:33,892 - INFO - 0
2019-01-16 14:08:33,892 - INFO - 1
2019-01-16 14:08:33,892 - INFO - 2
2019-01-16 14:08:33,892 - INFO - 3
2019-01-16 14:08:33,892 - INFO - 4
2019-01-16 14:08:33,893 - INFO - 5
2019-01-16 14:08:33,893 - INFO - 0
2019-01-16 14:08:33,893 - INFO - 1
2019-01-16 14:08:33,893 - INFO - 2
2019-01-16 14:08:33,893 - INFO - 3
2019-01-16 14:08:33,893 - INFO - 4
2019-01-16 14:08:33,893 - INFO - 5
2019-01-16 14:08:33,893 - INFO - 0
2019-01-16 14:08:33,893 - INFO - 1
2019-01-16 14:08:33,893 - INFO - 2
2019-01-16 14:08:33,893 - INFO - 3
2019-01-16 14:08:33,893 - INFO - 4
2019-01-16 14:08:33,893 - INFO - 5
2019-01-16 14:08:33,894 - INFO - 0
2019-01-16 14:08:33,894 - INFO - 1
2019-01-16 14:08:33,894 - INFO - 2
2019-01-16 14:08:33,894 - INFO - 3
2019-01-16 14:08:33,894 - INFO - 4
2019-01-16 14:08:33,894 - INFO - 5
2019-01-16 14:08:33,894 - INFO - ['dfg', 'rt', '43', 'fg', 'gfg', 'nmh']
2019-01-16 14:08:33,894 - INFO - 0
2019-01-16 14:08:33,894 - INFO - 1
2019-01-16 14:08:33,894 - INFO - 2
2019-01-16 14:08:33,894 - INFO - 3
2019-01-16 14:08:33,894 - INFO - 4
2019-01-16 14:08:33,894 - INFO - 5
2019-01-16 14:08:33,894 - INFO - 0
2019-01-16 14:08:33,895 - INFO - 1
2019-01-16 14:08:33,895 - INFO - 2
2019-01-16 14:08:33,895 - INFO - 3
2019-01-16 14:08:33,895 - INFO - 4
2019-01-16 14:08:33,895 - INFO - 5
2019-01-16 14:08:33,895 - INFO - 0
2019-01-16 14:08:33,895 - INFO - 1
2019-01-16 14:08:33,895 - INFO - 2
2019-01-16 14:08:33,895 - INFO - 3
2019-01-16 14:08:33,895 - INFO - 4
2019-01-16 14:08:33,895 - INFO - 5
2019-01-16 14:08:33,895 - INFO - 0
2019-01-16 14:08:33,895 - INFO - 1
2019-01-16 14:08:33,896 - INFO - 2
2019-01-16 14:08:33,896 - INFO - 3
2019-01-16 14:08:33,896 - INFO - 4
2019-01-16 14:08:33,896 - INFO - 5
2019-01-16 14:08:33,896 - INFO - 0
2019-01-16 14:08:33,896 - INFO - 1
2019-01-16 14:08:33,896 - INFO - 2
2019-01-16 14:08:33,896 - INFO - 3
2019-01-16 14:08:33,896 - INFO - 4
2019-01-16 14:08:33,896 - INFO - 5
2019-01-16 14:08:33,896 - INFO - 0
2019-01-16 14:08:33,896 - INFO - 1
2019-01-16 14:08:33,896 - INFO - 2
2019-01-16 14:08:33,896 - INFO - 3
2019-01-16 14:08:33,897 - INFO - 4
2019-01-16 14:08:33,897 - INFO - 5
2019-01-16 14:08:33,897 - INFO - ['gh', 'jf', 'jf', 'bnh', 'dda', 'ergh']
2019-01-16 14:08:33,897 - INFO - 0
2019-01-16 14:08:33,897 - INFO - 1
2019-01-16 14:08:33,897 - INFO - 2
2019-01-16 14:08:33,897 - INFO - 3
2019-01-16 14:08:33,897 - INFO - 4
2019-01-16 14:08:33,897 - INFO - 5
2019-01-16 14:08:33,897 - INFO - 0
2019-01-16 14:08:33,897 - INFO - 1
2019-01-16 14:08:33,897 - INFO - 2
2019-01-16 14:08:33,897 - INFO - 3
2019-01-16 14:08:33,898 - INFO - 4
2019-01-16 14:08:33,898 - INFO - 5
2019-01-16 14:08:33,898 - INFO - 0
2019-01-16 14:08:33,898 - INFO - 1
2019-01-16 14:08:33,898 - INFO - 2
2019-01-16 14:08:33,898 - INFO - 3
2019-01-16 14:08:33,898 - INFO - 4
2019-01-16 14:08:33,898 - INFO - 5
2019-01-16 14:08:33,898 - INFO - 0
2019-01-16 14:08:33,898 - INFO - 1
2019-01-16 14:08:33,898 - INFO - 2
2019-01-16 14:08:33,898 - INFO - 3
2019-01-16 14:08:33,898 - INFO - 4
2019-01-16 14:08:33,898 - INFO - 5
2019-01-16 14:08:33,899 - INFO - 0
2019-01-16 14:08:33,899 - INFO - 1
2019-01-16 14:08:33,899 - INFO - 2
2019-01-16 14:08:33,899 - INFO - 3
2019-01-16 14:08:33,899 - INFO - 4
2019-01-16 14:08:33,899 - INFO - 5
2019-01-16 14:08:33,899 - INFO - 0
2019-01-16 14:08:33,899 - INFO - 1
2019-01-16 14:08:33,899 - INFO - 2
2019-01-16 14:08:33,899 - INFO - 3
2019-01-16 14:08:33,899 - INFO - 4
2019-01-16 14:08:33,899 - INFO - 5
2019-01-16 14:08:33,899 - INFO - ['s', '2', '3', '4', '5', '1']
2019-01-16 14:08:33,900 - INFO - 0
2019-01-16 14:08:33,900 - INFO - 1
2019-01-16 14:08:33,900 - INFO - 2
2019-01-16 14:08:33,900 - INFO - 3
2019-01-16 14:08:33,900 - INFO - 4
2019-01-16 14:08:33,900 - INFO - 5
2019-01-16 14:08:33,900 - INFO - 0
2019-01-16 14:08:33,900 - INFO - 1
2019-01-16 14:08:33,900 - INFO - 2
2019-01-16 14:08:33,900 - INFO - 3
2019-01-16 14:08:33,900 - INFO - 4
2019-01-16 14:08:33,900 - INFO - 5
2019-01-16 14:08:33,901 - INFO - 0
2019-01-16 14:08:33,901 - INFO - 1
2019-01-16 14:08:33,901 - INFO - 2
2019-01-16 14:08:33,901 - INFO - 3
2019-01-16 14:08:33,901 - INFO - 4
2019-01-16 14:08:33,901 - INFO - 5
2019-01-16 14:08:33,901 - INFO - 0
2019-01-16 14:08:33,901 - INFO - 1
2019-01-16 14:08:33,901 - INFO - 2
2019-01-16 14:08:33,901 - INFO - 3
2019-01-16 14:08:33,901 - INFO - 4
2019-01-16 14:08:33,901 - INFO - 5
2019-01-16 14:08:33,902 - INFO - 0
2019-01-16 14:08:33,902 - INFO - 1
2019-01-16 14:08:33,902 - INFO - 2
2019-01-16 14:08:33,902 - INFO - 3
2019-01-16 14:08:33,902 - INFO - 4
2019-01-16 14:08:33,902 - INFO - 5
2019-01-16 14:08:33,902 - INFO - 0
2019-01-16 14:08:33,902 - INFO - 1
2019-01-16 14:08:33,902 - INFO - 2
2019-01-16 14:08:33,902 - INFO - 3
2019-01-16 14:08:33,902 - INFO - 4
2019-01-16 14:08:33,902 - INFO - 5
2019-01-16 14:12:33,576 - INFO - ['用例编号', '接口名称', '预期结果', '实际结果', '测试判定', '测试时间']
2019-01-16 14:12:33,576 - INFO - 正在写入用例执行情况
2019-01-16 14:12:33,576 - INFO - ['a', 'b', 'c', 'd', 'e', 'f']
2019-01-16 14:12:33,576 - INFO - ['1', '2', '3', '4', '5', '6']
2019-01-16 14:12:33,576 - INFO - ['h', 'i', 'aj', 'j', 'g', 'g']
2019-01-16 14:12:33,577 - INFO - ['dfg', 'rt', '43', 'fg', 'gfg', 'nmh']
2019-01-16 14:12:33,577 - INFO - ['gh', 'jf', 'jf', 'bnh', 'dda', 'ergh']
2019-01-16 14:12:33,577 - INFO - ['s', '2', '3', '4', '5', '1']
2019-01-16 14:12:38,638 - INFO - ['用例编号', '接口名称', '预期结果', '实际结果', '测试判定', '测试时间']
2019-01-16 14:12:38,639 - INFO - 正在写入用例执行情况
2019-01-16 14:12:38,639 - INFO - ['a', 'b', 'c', 'd', 'e', 'f']
2019-01-16 14:12:38,639 - INFO - ['1', '2', '3', '4', '5', '6']
2019-01-16 14:12:38,639 - INFO - ['h', 'i', 'aj', 'j', 'g', 'g']
2019-01-16 14:12:38,639 - INFO - ['dfg', 'rt', '43', 'fg', 'gfg', 'nmh']
2019-01-16 14:12:38,639 - INFO - ['gh', 'jf', 'jf', 'bnh', 'dda', 'ergh']
2019-01-16 14:12:38,639 - INFO - ['s', '2', '3', '4', '5', '1']
2019-01-16 14:13:16,910 - INFO - ['用例编号', '接口名称', '预期结果', '实际结果', '测试判定', '测试时间']
2019-01-16 14:13:16,911 - INFO - 正在写入用例执行情况
2019-01-16 14:13:16,911 - INFO - ['a', 'b', 'c', 'd', 'e', 'f']
2019-01-16 14:13:16,911 - INFO - ['1', '2', '3', '4', '5', '6']
2019-01-16 14:13:16,911 - INFO - ['h', 'i', 'aj', 'j', 'g', 'g']
2019-01-16 14:13:16,911 - INFO - ['dfg', 'rt', '43', 'fg', 'gfg', 'nmh']
2019-01-16 14:13:16,911 - INFO - ['gh', 'jf', 'jf', 'bnh', 'dda', 'ergh']
2019-01-16 14:13:16,911 - INFO - ['s', '2', '3', '4', '5', '1']
2019-01-16 14:13:49,070 - INFO - ['用例编号', '接口名称', '预期结果', '实际结果', '测试判定', '测试时间']
2019-01-16 14:13:49,070 - INFO - 正在写入用例执行情况
2019-01-16 14:15:06,884 - INFO - ['用例编号', '接口名称', '预期结果', '实际结果', '测试判定', '测试时间']
2019-01-16 14:15:06,884 - INFO - 正在写入用例执行情况
2019-01-16 14:19:30,413 - INFO - ['用例编号', '接口名称', '预期结果', '实际结果', '测试判定', '测试时间']
2019-01-16 14:19:30,413 - INFO - 正在写入用例执行情况
2019-01-16 14:19:46,688 - INFO - ['用例编号', '接口名称', '预期结果', '实际结果', '测试判定', '测试时间']
2019-01-16 14:19:46,688 - INFO - 正在写入用例执行情况
2019-01-16 14:24:27,846 - INFO - ['用例编号', '接口名称', '预期结果', '实际结果', '测试判定', '测试时间']
2019-01-16 14:24:27,846 - INFO - 正在写入用例执行情况
2019-01-16 14:44:11,618 - INFO - 获取用例完毕，共获取用例5条
2019-01-16 14:46:28,770 - INFO - 获取用例完毕，共获取用例5条
2019-01-16 14:46:32,897 - INFO - 获取用例完毕，共获取用例5条
2019-01-16 14:46:32,897 - INFO - 获取用例完毕，共获取用例5条
2019-01-16 14:46:41,507 - INFO - 获取用例完毕，共获取用例5条
2019-01-16 14:46:41,507 - INFO - 获取用例完毕，共获取用例5条
2019-01-16 14:46:56,748 - INFO - 获取用例完毕，共获取用例5条
2019-01-16 14:47:09,809 - INFO - 获取用例完毕，共获取用例5条
2019-01-16 14:47:09,809 - INFO - 获取用例完毕，共获取用例5条
2019-01-16 14:47:37,525 - INFO - 获取用例完毕，共获取用例5条
2019-01-16 14:47:37,525 - INFO - 获取用例完毕，共获取用例5条
2019-01-16 14:47:37,525 - INFO - 正在执行第1条用例
2019-01-16 14:47:37,525 - INFO - 正在执行第1条用例
2019-01-16 14:47:37,525 - INFO - API地址：http://www.baidu.com/
2019-01-16 14:47:37,525 - INFO - API地址：http://www.baidu.com/
2019-01-16 14:47:37,525 - INFO - 正在执行第1条用例
2019-01-16 14:47:37,525 - INFO - 正在执行第1条用例
2019-01-16 14:47:37,525 - INFO - API地址：http://www.baidu.com/
2019-01-16 14:47:37,525 - INFO - API地址：http://www.baidu.com/
2019-01-16 14:47:37,525 - INFO - 正在执行第1条用例
2019-01-16 14:47:37,525 - INFO - 正在执行第1条用例
2019-01-16 14:47:37,526 - INFO - API地址：http://www.baidu.com/
2019-01-16 14:47:37,526 - INFO - API地址：http://www.baidu.com/
2019-01-16 14:47:37,526 - INFO - 正在执行第1条用例
2019-01-16 14:47:37,526 - INFO - 正在执行第1条用例
2019-01-16 14:47:37,526 - INFO - API地址：http://www.baidu.com/
2019-01-16 14:47:37,526 - INFO - API地址：http://www.baidu.com/
2019-01-16 14:47:37,526 - INFO - 正在执行第1条用例
2019-01-16 14:47:37,526 - INFO - 正在执行第1条用例
2019-01-16 14:47:37,526 - INFO - API地址：http://www.baidu.com/
2019-01-16 14:47:37,526 - INFO - API地址：http://www.baidu.com/
2019-01-16 15:10:29,770 - INFO - 获取用例完毕，共获取用例2条
2019-01-16 15:10:29,770 - INFO - 获取用例完毕，共获取用例2条
2019-01-16 15:10:29,770 - INFO - 正在执行第1条用例
2019-01-16 15:10:29,770 - INFO - 正在执行第1条用例
2019-01-16 15:10:29,770 - INFO - API地址：http://www.baidu.com/
2019-01-16 15:10:29,770 - INFO - API地址：http://www.baidu.com/
2019-01-16 15:10:52,307 - INFO - 获取用例完毕，共获取用例2条
2019-01-16 15:10:52,307 - INFO - 获取用例完毕，共获取用例2条
2019-01-16 15:10:52,307 - INFO - 正在执行第1条用例
2019-01-16 15:10:52,307 - INFO - 正在执行第1条用例
2019-01-16 15:10:52,307 - INFO - API地址：http://www.baidu.com/
2019-01-16 15:10:52,307 - INFO - API地址：http://www.baidu.com/
2019-01-16 15:11:13,455 - INFO - 获取用例完毕，共获取用例2条
2019-01-16 15:11:13,455 - INFO - 获取用例完毕，共获取用例2条
2019-01-16 15:11:13,455 - INFO - 正在执行第1条用例
2019-01-16 15:11:13,455 - INFO - 正在执行第1条用例
2019-01-16 15:11:13,455 - INFO - API地址：http://www.baidu.com/
2019-01-16 15:11:13,455 - INFO - API地址：http://www.baidu.com/
2019-01-16 15:11:13,455 - INFO - 没有get这种请求方式,请修改用例
2019-01-16 15:11:13,455 - INFO - 没有get这种请求方式,请修改用例
2019-01-16 15:12:07,739 - INFO - 获取用例完毕，共获取用例2条
2019-01-16 15:12:07,739 - INFO - 获取用例完毕，共获取用例2条
2019-01-16 15:12:07,739 - INFO - 正在执行第1条用例
2019-01-16 15:12:07,739 - INFO - 正在执行第1条用例
2019-01-16 15:12:07,739 - INFO - API地址：http://www.baidu.com/
2019-01-16 15:12:07,739 - INFO - API地址：http://www.baidu.com/
2019-01-16 15:12:07,739 - INFO - 没有get这种请求方式,请修改用例
2019-01-16 15:12:07,739 - INFO - 没有get这种请求方式,请修改用例
2019-01-16 15:12:32,311 - INFO - 获取用例完毕，共获取用例2条
2019-01-16 15:12:32,311 - INFO - 获取用例完毕，共获取用例2条
2019-01-16 15:12:32,311 - INFO - 正在执行第1条用例
2019-01-16 15:12:32,311 - INFO - 正在执行第1条用例
2019-01-16 15:12:32,311 - INFO - API地址：http://www.baidu.com/
2019-01-16 15:12:32,311 - INFO - API地址：http://www.baidu.com/
2019-01-16 15:12:52,122 - INFO - 获取用例完毕，共获取用例2条
2019-01-16 15:12:52,122 - INFO - 获取用例完毕，共获取用例2条
2019-01-16 15:12:52,122 - INFO - 正在执行第1条用例
2019-01-16 15:12:52,122 - INFO - 正在执行第1条用例
2019-01-16 15:12:52,122 - INFO - API地址：http://www.baidu.com/
2019-01-16 15:12:52,122 - INFO - API地址：http://www.baidu.com/
2019-01-16 15:13:40,484 - INFO - 获取用例完毕，共获取用例2条
2019-01-16 15:13:40,484 - INFO - 获取用例完毕，共获取用例2条
2019-01-16 15:13:40,484 - INFO - 正在执行第1条用例
2019-01-16 15:13:40,484 - INFO - 正在执行第1条用例
2019-01-16 15:13:40,485 - INFO - API地址：http://www.baidu.com/
2019-01-16 15:13:40,485 - INFO - API地址：http://www.baidu.com/
2019-01-16 15:13:40,567 - INFO - 正在执行第2条用例
2019-01-16 15:13:40,567 - INFO - 正在执行第2条用例
2019-01-16 15:13:40,567 - INFO - API地址：http://www.baidu.com/
2019-01-16 15:13:40,567 - INFO - API地址：http://www.baidu.com/
2019-01-16 15:13:40,567 - INFO - 没有put这种请求方式,请修改用例
2019-01-16 15:13:40,567 - INFO - 没有put这种请求方式,请修改用例
2019-01-16 15:14:03,944 - INFO - 获取用例完毕，共获取用例2条
2019-01-16 15:14:03,944 - INFO - 获取用例完毕，共获取用例2条
2019-01-16 15:14:03,945 - INFO - 正在执行第1条用例
2019-01-16 15:14:03,945 - INFO - 正在执行第1条用例
2019-01-16 15:14:03,945 - INFO - API地址：http://www.baidu.com/
2019-01-16 15:14:03,945 - INFO - API地址：http://www.baidu.com/
2019-01-16 15:14:03,945 - INFO - 没有put这种请求方式,请修改用例
2019-01-16 15:14:03,945 - INFO - 没有put这种请求方式,请修改用例
2019-01-16 15:14:31,594 - INFO - 获取用例完毕，共获取用例2条
2019-01-16 15:14:31,594 - INFO - 获取用例完毕，共获取用例2条
2019-01-16 15:14:31,594 - INFO - 正在执行第1条用例
2019-01-16 15:14:31,594 - INFO - 正在执行第1条用例
2019-01-16 15:14:31,594 - INFO - API地址：http://www.baidu.com/
2019-01-16 15:14:31,594 - INFO - API地址：http://www.baidu.com/
2019-01-16 15:14:31,594 - INFO - 没有put这种请求方式,请修改用例
2019-01-16 15:14:31,594 - INFO - 没有put这种请求方式,请修改用例
2019-01-16 15:14:57,864 - INFO - 获取用例完毕，共获取用例2条
2019-01-16 15:14:57,864 - INFO - 获取用例完毕，共获取用例2条
2019-01-16 15:14:57,864 - INFO - 正在执行第1条用例
2019-01-16 15:14:57,864 - INFO - 正在执行第1条用例
2019-01-16 15:14:57,865 - INFO - API地址：http://www.baidu.com/
2019-01-16 15:14:57,865 - INFO - API地址：http://www.baidu.com/
2019-01-16 15:14:57,865 - INFO - 没有put这种请求方式,请修改用例
2019-01-16 15:14:57,865 - INFO - 没有put这种请求方式,请修改用例
2019-01-16 15:14:57,865 - INFO - 正在执行第2条用例
2019-01-16 15:14:57,865 - INFO - 正在执行第2条用例
2019-01-16 15:14:57,865 - INFO - API地址：http://www.baidu.com/
2019-01-16 15:14:57,865 - INFO - API地址：http://www.baidu.com/
2019-01-16 15:16:07,945 - INFO - 获取用例完毕，共获取用例2条
2019-01-16 15:16:07,945 - INFO - 获取用例完毕，共获取用例2条
2019-01-16 15:16:07,945 - INFO - 正在执行第1条用例
2019-01-16 15:16:07,945 - INFO - 正在执行第1条用例
2019-01-16 15:16:07,945 - INFO - API地址：http://www.baidu.com/
2019-01-16 15:16:07,945 - INFO - API地址：http://www.baidu.com/
2019-01-16 15:16:07,945 - INFO - 没有put这种请求方式,请修改用例
2019-01-16 15:16:07,945 - INFO - 没有put这种请求方式,请修改用例
2019-01-16 15:16:07,945 - INFO - 正在执行第2条用例
2019-01-16 15:16:07,945 - INFO - 正在执行第2条用例
2019-01-16 15:16:07,946 - INFO - API地址：http://www.baidu.com/
2019-01-16 15:16:07,946 - INFO - API地址：http://www.baidu.com/
2019-01-16 15:19:11,717 - INFO - 获取用例完毕，共获取用例2条
2019-01-16 15:19:11,717 - INFO - 获取用例完毕，共获取用例2条
2019-01-16 15:19:11,717 - INFO - 正在执行第1条用例
2019-01-16 15:19:11,717 - INFO - 正在执行第1条用例
2019-01-16 15:19:11,717 - INFO - API地址：http://www.baidu.com/
2019-01-16 15:19:11,717 - INFO - API地址：http://www.baidu.com/
2019-01-16 15:19:11,717 - INFO - 没有put这种请求方式,请修改用例
2019-01-16 15:19:11,717 - INFO - 没有put这种请求方式,请修改用例
2019-01-16 15:19:11,717 - INFO - 正在执行第2条用例
2019-01-16 15:19:11,717 - INFO - 正在执行第2条用例
2019-01-16 15:19:11,717 - INFO - API地址：http://www.baidu.com/
2019-01-16 15:19:11,717 - INFO - API地址：http://www.baidu.com/
2019-01-16 15:20:26,305 - INFO - 获取用例完毕，共获取用例2条
2019-01-16 15:20:26,305 - INFO - 获取用例完毕，共获取用例2条
2019-01-16 15:20:26,305 - INFO - 正在执行第1条用例
2019-01-16 15:20:26,305 - INFO - 正在执行第1条用例
2019-01-16 15:20:26,305 - INFO - API地址：http://www.baidu.com/
2019-01-16 15:20:26,305 - INFO - API地址：http://www.baidu.com/
2019-01-16 15:20:26,305 - INFO - 没有put这种请求方式,请修改用例
2019-01-16 15:20:26,305 - INFO - 没有put这种请求方式,请修改用例
2019-01-16 15:20:26,305 - INFO - 正在执行第2条用例
2019-01-16 15:20:26,305 - INFO - 正在执行第2条用例
2019-01-16 15:20:26,305 - INFO - API地址：http://www.baidu.com/
2019-01-16 15:20:26,305 - INFO - API地址：http://www.baidu.com/
2019-01-16 15:20:35,404 - INFO - 获取用例完毕，共获取用例2条
2019-01-16 15:20:35,404 - INFO - 获取用例完毕，共获取用例2条
2019-01-16 15:20:35,404 - INFO - 正在执行第1条用例
2019-01-16 15:20:35,404 - INFO - 正在执行第1条用例
2019-01-16 15:20:35,404 - INFO - API地址：http://www.baidu.com/
2019-01-16 15:20:35,404 - INFO - API地址：http://www.baidu.com/
2019-01-16 15:20:35,404 - INFO - 没有put这种请求方式,请修改用例
2019-01-16 15:20:35,404 - INFO - 没有put这种请求方式,请修改用例
2019-01-16 15:20:35,405 - INFO - 正在执行第2条用例
2019-01-16 15:20:35,405 - INFO - 正在执行第2条用例
2019-01-16 15:20:35,405 - INFO - API地址：http://www.baidu.com/
2019-01-16 15:20:35,405 - INFO - API地址：http://www.baidu.com/
2019-01-16 15:20:43,262 - INFO - 获取用例完毕，共获取用例2条
2019-01-16 15:20:43,262 - INFO - 获取用例完毕，共获取用例2条
2019-01-16 15:20:43,262 - INFO - 正在执行第1条用例
2019-01-16 15:20:43,262 - INFO - 正在执行第1条用例
2019-01-16 15:20:43,262 - INFO - API地址：http://www.baidu.com/
2019-01-16 15:20:43,262 - INFO - API地址：http://www.baidu.com/
2019-01-16 15:20:43,262 - INFO - 没有put这种请求方式,请修改用例
2019-01-16 15:20:43,262 - INFO - 没有put这种请求方式,请修改用例
2019-01-16 15:20:43,262 - INFO - 正在执行第2条用例
2019-01-16 15:20:43,262 - INFO - 正在执行第2条用例
2019-01-16 15:20:43,262 - INFO - API地址：http://www.baidu.com/
2019-01-16 15:20:43,262 - INFO - API地址：http://www.baidu.com/
2019-01-16 15:22:22,251 - INFO - 获取用例完毕，共获取用例2条
2019-01-16 15:22:22,251 - INFO - 获取用例完毕，共获取用例2条
2019-01-16 15:22:22,252 - INFO - 正在执行第1条用例
2019-01-16 15:22:22,252 - INFO - 正在执行第1条用例
2019-01-16 15:22:22,252 - INFO - API地址：http://www.baidu.com/
2019-01-16 15:22:22,252 - INFO - API地址：http://www.baidu.com/
2019-01-16 15:22:22,252 - INFO - 没有put这种请求方式,请修改用例
2019-01-16 15:22:22,252 - INFO - 没有put这种请求方式,请修改用例
2019-01-16 15:22:22,252 - INFO - 正在执行第2条用例
2019-01-16 15:22:22,252 - INFO - 正在执行第2条用例
2019-01-16 15:22:22,252 - INFO - API地址：http://www.baidu.com/
2019-01-16 15:22:22,252 - INFO - API地址：http://www.baidu.com/
2019-01-16 15:23:37,571 - INFO - 获取用例完毕，共获取用例2条
2019-01-16 15:23:37,571 - INFO - 获取用例完毕，共获取用例2条
2019-01-16 15:23:37,572 - INFO - 正在执行第1条用例
2019-01-16 15:23:37,572 - INFO - 正在执行第1条用例
2019-01-16 15:23:37,572 - INFO - API地址：http://www.baidu.com/
2019-01-16 15:23:37,572 - INFO - API地址：http://www.baidu.com/
2019-01-16 15:23:37,572 - INFO - 没有put这种请求方式,请修改用例
2019-01-16 15:23:37,572 - INFO - 没有put这种请求方式,请修改用例
2019-01-16 15:23:37,572 - INFO - 正在执行第2条用例
2019-01-16 15:23:37,572 - INFO - 正在执行第2条用例
2019-01-16 15:23:37,572 - INFO - API地址：http://www.baidu.com/
2019-01-16 15:23:37,572 - INFO - API地址：http://www.baidu.com/
2019-01-16 15:25:11,796 - INFO - 获取用例完毕，共获取用例3条
2019-01-16 15:25:11,796 - INFO - 获取用例完毕，共获取用例3条
2019-01-16 15:25:11,796 - INFO - 正在执行第1条用例
2019-01-16 15:25:11,796 - INFO - 正在执行第1条用例
2019-01-16 15:25:11,796 - INFO - API地址：http://www.baidu.com/
2019-01-16 15:25:11,796 - INFO - API地址：http://www.baidu.com/
2019-01-16 15:25:11,796 - INFO - 没有put这种请求方式,请修改用例
2019-01-16 15:25:11,796 - INFO - 没有put这种请求方式,请修改用例
2019-01-16 15:25:11,796 - INFO - 正在执行第2条用例
2019-01-16 15:25:11,796 - INFO - 正在执行第2条用例
2019-01-16 15:25:11,797 - INFO - API地址：http://www.baidu.com/
2019-01-16 15:25:11,797 - INFO - API地址：http://www.baidu.com/
2019-01-16 15:25:11,834 - INFO - 正在执行第3条用例
2019-01-16 15:25:11,834 - INFO - 正在执行第3条用例
2019-01-16 15:25:11,834 - INFO - API地址：http://www.baidu.com/
2019-01-16 15:25:11,834 - INFO - API地址：http://www.baidu.com/
2019-01-16 15:25:21,603 - INFO - 获取用例完毕，共获取用例3条
2019-01-16 15:25:21,603 - INFO - 获取用例完毕，共获取用例3条
2019-01-16 15:25:21,604 - INFO - 正在执行第1条用例
2019-01-16 15:25:21,604 - INFO - 正在执行第1条用例
2019-01-16 15:25:21,604 - INFO - API地址：http://www.baidu.com/
2019-01-16 15:25:21,604 - INFO - API地址：http://www.baidu.com/
2019-01-16 15:25:21,604 - INFO - 没有put这种请求方式,请修改用例
2019-01-16 15:25:21,604 - INFO - 没有put这种请求方式,请修改用例
2019-01-16 15:25:21,604 - INFO - 正在执行第2条用例
2019-01-16 15:25:21,604 - INFO - 正在执行第2条用例
2019-01-16 15:25:21,604 - INFO - API地址：http://www.baidu.com/
2019-01-16 15:25:21,604 - INFO - API地址：http://www.baidu.com/
2019-01-16 15:25:21,647 - INFO - 正在执行第3条用例
2019-01-16 15:25:21,647 - INFO - 正在执行第3条用例
2019-01-16 15:25:21,648 - INFO - API地址：http://www.baidu.com/
2019-01-16 15:25:21,648 - INFO - API地址：http://www.baidu.com/
2019-01-16 15:25:39,975 - INFO - 获取用例完毕，共获取用例3条
2019-01-16 15:25:39,975 - INFO - 获取用例完毕，共获取用例3条
2019-01-16 15:25:39,975 - INFO - 正在执行第1条用例
2019-01-16 15:25:39,975 - INFO - 正在执行第1条用例
2019-01-16 15:25:39,976 - INFO - API地址：http://www.baidu.com/
2019-01-16 15:25:39,976 - INFO - API地址：http://www.baidu.com/
2019-01-16 15:25:39,976 - INFO - 没有put这种请求方式,请修改用例
2019-01-16 15:25:39,976 - INFO - 没有put这种请求方式,请修改用例
2019-01-16 15:25:39,976 - INFO - 正在执行第2条用例
2019-01-16 15:25:39,976 - INFO - 正在执行第2条用例
2019-01-16 15:25:39,976 - INFO - API地址：http://www.baidu.com/
2019-01-16 15:25:39,976 - INFO - API地址：http://www.baidu.com/
2019-01-16 15:26:08,439 - INFO - 获取用例完毕，共获取用例3条
2019-01-16 15:26:08,439 - INFO - 获取用例完毕，共获取用例3条
2019-01-16 15:26:08,439 - INFO - 正在执行第1条用例
2019-01-16 15:26:08,439 - INFO - 正在执行第1条用例
2019-01-16 15:26:08,439 - INFO - API地址：http://www.baidu.com/
2019-01-16 15:26:08,439 - INFO - API地址：http://www.baidu.com/
2019-01-16 15:26:08,439 - INFO - 没有put这种请求方式,请修改用例
2019-01-16 15:26:08,439 - INFO - 没有put这种请求方式,请修改用例
2019-01-16 15:26:08,439 - INFO - 正在执行第2条用例
2019-01-16 15:26:08,439 - INFO - 正在执行第2条用例
2019-01-16 15:26:08,439 - INFO - API地址：http://www.baidu.com/
2019-01-16 15:26:08,439 - INFO - API地址：http://www.baidu.com/
2019-01-16 15:26:08,476 - INFO - 正在执行第3条用例
2019-01-16 15:26:08,476 - INFO - 正在执行第3条用例
2019-01-16 15:26:08,477 - INFO - API地址：http://www.baidu.com/
2019-01-16 15:26:08,477 - INFO - API地址：http://www.baidu.com/
2019-01-16 15:27:00,858 - INFO - 获取用例完毕，共获取用例3条
2019-01-16 15:27:17,631 - INFO - 获取用例完毕，共获取用例3条
2019-01-16 15:39:17,085 - INFO - ['用例编号', '接口名称', '接口路径，预期结果', '实际结果', '测试判定', '测试时间']
2019-01-16 15:39:17,085 - INFO - 正在写入用例执行情况
2019-01-16 15:42:11,313 - INFO - ['用例编号', '接口名称', '接口路径', '预期结果', '实际结果', '测试判定', '测试时间']
2019-01-16 15:42:11,314 - INFO - 正在写入用例执行情况
2019-01-16 15:52:24,824 - INFO - ['用例编号', '接口名称', '接口路径', '预期结果', '实际结果', '测试判定', '测试时间']
2019-01-16 15:55:17,484 - INFO - ['用例编号', '接口名称', '接口路径', '预期结果', '实际结果', '测试判定', '测试时间']
2019-01-16 15:55:17,485 - INFO - 正在写入用例执行情况
2019-01-16 15:59:36,851 - INFO - 获取用例完毕，共获取用例3条
2019-01-16 15:59:36,851 - INFO - 获取用例完毕，共获取用例3条
2019-01-16 15:59:36,852 - INFO - 正在执行第1条用例
2019-01-16 15:59:36,852 - INFO - 正在执行第1条用例
2019-01-16 15:59:36,852 - INFO - API地址：http://www.baidu.com/
2019-01-16 15:59:36,852 - INFO - API地址：http://www.baidu.com/
2019-01-16 15:59:36,852 - INFO - 没有put这种请求方式,请修改用例
2019-01-16 15:59:36,852 - INFO - 没有put这种请求方式,请修改用例
2019-01-16 15:59:36,852 - INFO - 正在执行第2条用例
2019-01-16 15:59:36,852 - INFO - 正在执行第2条用例
2019-01-16 15:59:36,852 - INFO - API地址：http://www.baidu.com/
2019-01-16 15:59:36,852 - INFO - API地址：http://www.baidu.com/
2019-01-16 15:59:36,898 - INFO - 正在执行第3条用例
2019-01-16 15:59:36,898 - INFO - 正在执行第3条用例
2019-01-16 15:59:36,898 - INFO - API地址：http://www.baidu.com/
2019-01-16 15:59:36,898 - INFO - API地址：http://www.baidu.com/
2019-01-16 16:01:08,154 - INFO - 获取用例完毕，共获取用例3条
2019-01-16 16:01:08,154 - INFO - 获取用例完毕，共获取用例3条
2019-01-16 16:01:08,154 - INFO - 正在执行第1条用例
2019-01-16 16:01:08,154 - INFO - 正在执行第1条用例
2019-01-16 16:01:08,155 - INFO - API地址：http://www.baidu.com/
2019-01-16 16:01:08,155 - INFO - API地址：http://www.baidu.com/
2019-01-16 16:01:08,155 - INFO - 没有put这种请求方式,请修改用例
2019-01-16 16:01:08,155 - INFO - 没有put这种请求方式,请修改用例
2019-01-16 16:01:08,155 - INFO - 正在执行第2条用例
2019-01-16 16:01:08,155 - INFO - 正在执行第2条用例
2019-01-16 16:01:08,155 - INFO - API地址：http://www.baidu.com/
2019-01-16 16:01:08,155 - INFO - API地址：http://www.baidu.com/
2019-01-16 16:01:08,194 - INFO - 正在执行第3条用例
2019-01-16 16:01:08,194 - INFO - 正在执行第3条用例
2019-01-16 16:01:08,194 - INFO - API地址：http://www.baidu.com/
2019-01-16 16:01:08,194 - INFO - API地址：http://www.baidu.com/
2019-01-16 16:01:08,233 - INFO - ['用例编号', '接口名称', '接口路径', '预期结果', '实际结果', '测试判定', '测试时间']
2019-01-16 16:01:08,233 - INFO - ['用例编号', '接口名称', '接口路径', '预期结果', '实际结果', '测试判定', '测试时间']
2019-01-16 16:01:08,233 - INFO - ['用例编号', '接口名称', '接口路径', '预期结果', '实际结果', '测试判定', '测试时间']
2019-01-16 16:01:08,234 - INFO - 正在写入用例执行情况
2019-01-16 16:01:08,234 - INFO - 正在写入用例执行情况
2019-01-16 16:01:08,234 - INFO - 正在写入用例执行情况
2019-01-16 16:01:27,152 - INFO - 获取用例完毕，共获取用例3条
2019-01-16 16:01:27,152 - INFO - 获取用例完毕，共获取用例3条
2019-01-16 16:01:27,153 - INFO - 正在执行第1条用例
2019-01-16 16:01:27,153 - INFO - 正在执行第1条用例
2019-01-16 16:01:27,153 - INFO - API地址：http://www.baidu.com/
2019-01-16 16:01:27,153 - INFO - API地址：http://www.baidu.com/
2019-01-16 16:01:27,153 - INFO - 没有put这种请求方式,请修改用例
2019-01-16 16:01:27,153 - INFO - 没有put这种请求方式,请修改用例
2019-01-16 16:01:27,153 - INFO - 正在执行第2条用例
2019-01-16 16:01:27,153 - INFO - 正在执行第2条用例
2019-01-16 16:01:27,153 - INFO - API地址：http://www.baidu.com/
2019-01-16 16:01:27,153 - INFO - API地址：http://www.baidu.com/
2019-01-16 16:01:27,191 - INFO - 正在执行第3条用例
2019-01-16 16:01:27,191 - INFO - 正在执行第3条用例
2019-01-16 16:01:27,192 - INFO - API地址：http://www.baidu.com/
2019-01-16 16:01:27,192 - INFO - API地址：http://www.baidu.com/
2019-01-16 16:02:09,497 - INFO - 获取用例完毕，共获取用例3条
2019-01-16 16:02:09,497 - INFO - 获取用例完毕，共获取用例3条
2019-01-16 16:02:09,497 - INFO - 正在执行第1条用例
2019-01-16 16:02:09,497 - INFO - 正在执行第1条用例
2019-01-16 16:02:09,497 - INFO - API地址：http://www.baidu.com/
2019-01-16 16:02:09,497 - INFO - API地址：http://www.baidu.com/
2019-01-16 16:02:09,498 - INFO - 没有put这种请求方式,请修改用例
2019-01-16 16:02:09,498 - INFO - 没有put这种请求方式,请修改用例
2019-01-16 16:02:09,498 - INFO - 正在执行第2条用例
2019-01-16 16:02:09,498 - INFO - 正在执行第2条用例
2019-01-16 16:02:09,498 - INFO - API地址：http://www.baidu.com/
2019-01-16 16:02:09,498 - INFO - API地址：http://www.baidu.com/
2019-01-16 16:02:09,536 - INFO - 正在执行第3条用例
2019-01-16 16:02:09,536 - INFO - 正在执行第3条用例
2019-01-16 16:02:09,536 - INFO - API地址：http://www.baidu.com/
2019-01-16 16:02:09,536 - INFO - API地址：http://www.baidu.com/
2019-01-16 16:02:09,575 - INFO - ['用例编号', '接口名称', '接口路径', '预期结果', '实际结果', '测试判定', '测试时间']
2019-01-16 16:02:09,575 - INFO - ['用例编号', '接口名称', '接口路径', '预期结果', '实际结果', '测试判定', '测试时间']
2019-01-16 16:02:09,575 - INFO - ['用例编号', '接口名称', '接口路径', '预期结果', '实际结果', '测试判定', '测试时间']
2019-01-16 16:02:09,575 - INFO - 正在写入用例执行情况
2019-01-16 16:02:09,575 - INFO - 正在写入用例执行情况
2019-01-16 16:02:09,575 - INFO - 正在写入用例执行情况
2019-01-16 16:05:36,323 - INFO - 获取用例完毕，共获取用例3条
2019-01-16 16:05:36,323 - INFO - 获取用例完毕，共获取用例3条
2019-01-16 16:05:36,323 - INFO - 正在执行第1条用例
2019-01-16 16:05:36,323 - INFO - 正在执行第1条用例
2019-01-16 16:05:36,324 - INFO - API地址：http://www.baidu.com/
2019-01-16 16:05:36,324 - INFO - API地址：http://www.baidu.com/
2019-01-16 16:05:36,324 - INFO - 没有put这种请求方式,请修改用例
2019-01-16 16:05:36,324 - INFO - 没有put这种请求方式,请修改用例
2019-01-16 16:05:36,324 - INFO - 正在执行第2条用例
2019-01-16 16:05:36,324 - INFO - 正在执行第2条用例
2019-01-16 16:05:36,324 - INFO - API地址：http://www.baidu.com/
2019-01-16 16:05:36,324 - INFO - API地址：http://www.baidu.com/
2019-01-16 16:05:36,432 - INFO - 正在执行第3条用例
2019-01-16 16:05:36,432 - INFO - 正在执行第3条用例
2019-01-16 16:05:36,433 - INFO - API地址：http://www.baidu.com/
2019-01-16 16:05:36,433 - INFO - API地址：http://www.baidu.com/
2019-01-16 16:05:36,514 - INFO - ['用例编号', '接口名称', '接口路径', '预期结果', '实际结果', '测试判定', '测试时间']
2019-01-16 16:05:36,514 - INFO - ['用例编号', '接口名称', '接口路径', '预期结果', '实际结果', '测试判定', '测试时间']
2019-01-16 16:05:36,514 - INFO - ['用例编号', '接口名称', '接口路径', '预期结果', '实际结果', '测试判定', '测试时间']
2019-01-16 16:05:36,516 - INFO - 正在写入用例执行情况
2019-01-16 16:05:36,516 - INFO - 正在写入用例执行情况
2019-01-16 16:05:36,516 - INFO - 正在写入用例执行情况
2019-01-16 16:05:42,463 - INFO - 获取用例完毕，共获取用例3条
2019-01-16 16:05:42,463 - INFO - 获取用例完毕，共获取用例3条
2019-01-16 16:05:42,463 - INFO - 正在执行第1条用例
2019-01-16 16:05:42,463 - INFO - 正在执行第1条用例
2019-01-16 16:05:42,463 - INFO - API地址：http://www.baidu.com/
2019-01-16 16:05:42,463 - INFO - API地址：http://www.baidu.com/
2019-01-16 16:05:42,463 - INFO - 没有put这种请求方式,请修改用例
2019-01-16 16:05:42,463 - INFO - 没有put这种请求方式,请修改用例
2019-01-16 16:05:42,463 - INFO - 正在执行第2条用例
2019-01-16 16:05:42,463 - INFO - 正在执行第2条用例
2019-01-16 16:05:42,464 - INFO - API地址：http://www.baidu.com/
2019-01-16 16:05:42,464 - INFO - API地址：http://www.baidu.com/
2019-01-16 16:05:42,523 - INFO - 正在执行第3条用例
2019-01-16 16:05:42,523 - INFO - 正在执行第3条用例
2019-01-16 16:05:42,524 - INFO - API地址：http://www.baidu.com/
2019-01-16 16:05:42,524 - INFO - API地址：http://www.baidu.com/
2019-01-16 16:05:42,576 - INFO - ['用例编号', '接口名称', '接口路径', '预期结果', '实际结果', '测试判定', '测试时间']
2019-01-16 16:05:42,576 - INFO - ['用例编号', '接口名称', '接口路径', '预期结果', '实际结果', '测试判定', '测试时间']
2019-01-16 16:05:42,576 - INFO - ['用例编号', '接口名称', '接口路径', '预期结果', '实际结果', '测试判定', '测试时间']
2019-01-16 16:05:42,578 - INFO - 正在写入用例执行情况
2019-01-16 16:05:42,578 - INFO - 正在写入用例执行情况
2019-01-16 16:05:42,578 - INFO - 正在写入用例执行情况
2019-01-16 16:08:14,623 - INFO - 获取用例完毕，共获取用例3条
2019-01-16 16:08:14,623 - INFO - 获取用例完毕，共获取用例3条
2019-01-16 16:08:14,623 - INFO - 正在执行第1条用例
2019-01-16 16:08:14,623 - INFO - 正在执行第1条用例
2019-01-16 16:08:14,623 - INFO - API地址：http://www.baidu.com/
2019-01-16 16:08:14,623 - INFO - API地址：http://www.baidu.com/
2019-01-16 16:08:14,623 - INFO - 没有put这种请求方式,请修改用例
2019-01-16 16:08:14,623 - INFO - 没有put这种请求方式,请修改用例
2019-01-16 16:08:14,623 - INFO - 正在执行第2条用例
2019-01-16 16:08:14,623 - INFO - 正在执行第2条用例
2019-01-16 16:08:14,623 - INFO - API地址：http://www.baidu.com/
2019-01-16 16:08:14,623 - INFO - API地址：http://www.baidu.com/
2019-01-16 16:08:14,667 - INFO - 正在执行第3条用例
2019-01-16 16:08:14,667 - INFO - 正在执行第3条用例
2019-01-16 16:08:14,668 - INFO - API地址：http://www.baidu.com/
2019-01-16 16:08:14,668 - INFO - API地址：http://www.baidu.com/
2019-01-16 16:08:14,735 - INFO - ['用例编号', '接口名称', '接口路径', '预期结果', '实际结果', '测试判定', '测试时间']
2019-01-16 16:08:14,735 - INFO - ['用例编号', '接口名称', '接口路径', '预期结果', '实际结果', '测试判定', '测试时间']
2019-01-16 16:08:14,735 - INFO - ['用例编号', '接口名称', '接口路径', '预期结果', '实际结果', '测试判定', '测试时间']
2019-01-16 16:08:14,736 - INFO - 正在写入用例执行情况
2019-01-16 16:08:14,736 - INFO - 正在写入用例执行情况
2019-01-16 16:08:14,736 - INFO - 正在写入用例执行情况
2019-01-16 16:08:18,921 - INFO - 获取用例完毕，共获取用例3条
2019-01-16 16:08:18,921 - INFO - 获取用例完毕，共获取用例3条
2019-01-16 16:08:18,922 - INFO - 正在执行第1条用例
2019-01-16 16:08:18,922 - INFO - 正在执行第1条用例
2019-01-16 16:08:18,922 - INFO - API地址：http://www.baidu.com/
2019-01-16 16:08:18,922 - INFO - API地址：http://www.baidu.com/
2019-01-16 16:08:18,922 - INFO - 没有put这种请求方式,请修改用例
2019-01-16 16:08:18,922 - INFO - 没有put这种请求方式,请修改用例
2019-01-16 16:08:18,922 - INFO - 正在执行第2条用例
2019-01-16 16:08:18,922 - INFO - 正在执行第2条用例
2019-01-16 16:08:18,922 - INFO - API地址：http://www.baidu.com/
2019-01-16 16:08:18,922 - INFO - API地址：http://www.baidu.com/
2019-01-16 16:08:18,960 - INFO - 正在执行第3条用例
2019-01-16 16:08:18,960 - INFO - 正在执行第3条用例
2019-01-16 16:08:18,960 - INFO - API地址：http://www.baidu.com/
2019-01-16 16:08:18,960 - INFO - API地址：http://www.baidu.com/
2019-01-16 16:08:19,003 - INFO - ['用例编号', '接口名称', '接口路径', '预期结果', '实际结果', '测试判定', '测试时间']
2019-01-16 16:08:19,003 - INFO - ['用例编号', '接口名称', '接口路径', '预期结果', '实际结果', '测试判定', '测试时间']
2019-01-16 16:08:19,003 - INFO - ['用例编号', '接口名称', '接口路径', '预期结果', '实际结果', '测试判定', '测试时间']
2019-01-16 16:08:19,004 - INFO - 正在写入用例执行情况
2019-01-16 16:08:19,004 - INFO - 正在写入用例执行情况
2019-01-16 16:08:19,004 - INFO - 正在写入用例执行情况
2019-01-16 16:09:13,469 - INFO - 获取用例完毕，共获取用例3条
2019-01-16 16:09:13,469 - INFO - 获取用例完毕，共获取用例3条
2019-01-16 16:09:13,470 - INFO - 正在执行第1条用例
2019-01-16 16:09:13,470 - INFO - 正在执行第1条用例
2019-01-16 16:09:13,470 - INFO - API地址：http://www.baidu.com/
2019-01-16 16:09:13,470 - INFO - API地址：http://www.baidu.com/
2019-01-16 16:09:13,470 - INFO - 没有put这种请求方式,请修改用例
2019-01-16 16:09:13,470 - INFO - 没有put这种请求方式,请修改用例
2019-01-16 16:09:13,470 - INFO - 正在执行第2条用例
2019-01-16 16:09:13,470 - INFO - 正在执行第2条用例
2019-01-16 16:09:13,470 - INFO - API地址：http://www.baidu.com/
2019-01-16 16:09:13,470 - INFO - API地址：http://www.baidu.com/
2019-01-16 16:09:13,514 - INFO - 正在执行第3条用例
2019-01-16 16:09:13,514 - INFO - 正在执行第3条用例
2019-01-16 16:09:13,514 - INFO - API地址：http://www.baidu.com/
2019-01-16 16:09:13,514 - INFO - API地址：http://www.baidu.com/
2019-01-16 16:09:13,557 - INFO - ['用例编号', '接口名称', '接口路径', '预期结果', '实际结果', '测试判定', '测试时间']
2019-01-16 16:09:13,557 - INFO - ['用例编号', '接口名称', '接口路径', '预期结果', '实际结果', '测试判定', '测试时间']
2019-01-16 16:09:13,557 - INFO - ['用例编号', '接口名称', '接口路径', '预期结果', '实际结果', '测试判定', '测试时间']
2019-01-16 16:09:13,558 - INFO - 正在写入用例执行情况
2019-01-16 16:09:13,558 - INFO - 正在写入用例执行情况
2019-01-16 16:09:13,558 - INFO - 正在写入用例执行情况
2019-01-16 16:18:26,216 - INFO - ['用例编号', '接口名称', '接口路径', '预期结果', '实际结果', '测试判定', '测试时间', '失败原因']
2019-01-16 16:18:26,216 - INFO - 正在写入用例执行情况
2019-01-16 16:20:05,421 - INFO - 获取用例完毕，共获取用例3条
2019-01-16 16:20:05,421 - INFO - 获取用例完毕，共获取用例3条
2019-01-16 16:20:05,421 - INFO - 正在执行第1条用例
2019-01-16 16:20:05,421 - INFO - 正在执行第1条用例
2019-01-16 16:20:05,422 - INFO - API地址：http://www.baidu.com/
2019-01-16 16:20:05,422 - INFO - API地址：http://www.baidu.com/
2019-01-16 16:20:05,422 - INFO - 没有put这种请求方式,请修改用例
2019-01-16 16:20:05,422 - INFO - 没有put这种请求方式,请修改用例
2019-01-16 16:20:05,422 - INFO - 正在执行第2条用例
2019-01-16 16:20:05,422 - INFO - 正在执行第2条用例
2019-01-16 16:20:05,422 - INFO - API地址：http://www.baidu.com/
2019-01-16 16:20:05,422 - INFO - API地址：http://www.baidu.com/
2019-01-16 16:20:05,467 - INFO - 正在执行第3条用例
2019-01-16 16:20:05,467 - INFO - 正在执行第3条用例
2019-01-16 16:20:05,467 - INFO - API地址：http://www.baidu.com/
2019-01-16 16:20:05,467 - INFO - API地址：http://www.baidu.com/
2019-01-16 16:20:05,518 - INFO - ['用例编号', '接口名称', '接口路径', '预期结果', '实际结果', '测试判定', '测试时间', '失败原因']
2019-01-16 16:20:05,518 - INFO - ['用例编号', '接口名称', '接口路径', '预期结果', '实际结果', '测试判定', '测试时间', '失败原因']
2019-01-16 16:20:05,518 - INFO - ['用例编号', '接口名称', '接口路径', '预期结果', '实际结果', '测试判定', '测试时间', '失败原因']
2019-01-16 16:20:05,520 - INFO - 正在写入用例执行情况
2019-01-16 16:20:05,520 - INFO - 正在写入用例执行情况
2019-01-16 16:20:05,520 - INFO - 正在写入用例执行情况
2019-01-16 16:21:40,884 - INFO - 获取用例完毕，共获取用例3条
2019-01-16 16:21:40,884 - INFO - 获取用例完毕，共获取用例3条
2019-01-16 16:21:40,884 - INFO - 正在执行第1条用例
2019-01-16 16:21:40,884 - INFO - 正在执行第1条用例
2019-01-16 16:21:40,884 - INFO - API地址：http://www.baidu.com/
2019-01-16 16:21:40,884 - INFO - API地址：http://www.baidu.com/
2019-01-16 16:21:40,884 - INFO - 没有put这种请求方式,请修改用例
2019-01-16 16:21:40,884 - INFO - 没有put这种请求方式,请修改用例
2019-01-16 16:21:40,884 - INFO - 正在执行第2条用例
2019-01-16 16:21:40,884 - INFO - 正在执行第2条用例
2019-01-16 16:21:40,884 - INFO - API地址：http://www.baidu.com/
2019-01-16 16:21:40,884 - INFO - API地址：http://www.baidu.com/
2019-01-16 16:21:40,924 - INFO - 正在执行第3条用例
2019-01-16 16:21:40,924 - INFO - 正在执行第3条用例
2019-01-16 16:21:40,925 - INFO - API地址：http://www.baidu.com/
2019-01-16 16:21:40,925 - INFO - API地址：http://www.baidu.com/
2019-01-16 16:21:40,965 - INFO - ['用例编号', '接口名称', '接口路径', '预期结果', '实际结果', '测试判定', '测试时间', '失败原因']
2019-01-16 16:21:40,965 - INFO - ['用例编号', '接口名称', '接口路径', '预期结果', '实际结果', '测试判定', '测试时间', '失败原因']
2019-01-16 16:21:40,965 - INFO - ['用例编号', '接口名称', '接口路径', '预期结果', '实际结果', '测试判定', '测试时间', '失败原因']
2019-01-16 16:21:40,966 - INFO - 正在写入用例执行情况
2019-01-16 16:21:40,966 - INFO - 正在写入用例执行情况
2019-01-16 16:21:40,966 - INFO - 正在写入用例执行情况
2019-01-16 16:24:46,610 - INFO - 获取用例完毕，共获取用例3条
2019-01-16 16:24:46,610 - INFO - 获取用例完毕，共获取用例3条
2019-01-16 16:24:46,610 - INFO - 正在执行第1条用例
2019-01-16 16:24:46,610 - INFO - 正在执行第1条用例
2019-01-16 16:24:46,611 - INFO - API地址：http://www.baidu.com/
2019-01-16 16:24:46,611 - INFO - API地址：http://www.baidu.com/
2019-01-16 16:24:46,611 - INFO - 没有put这种请求方式,请修改用例
2019-01-16 16:24:46,611 - INFO - 没有put这种请求方式,请修改用例
2019-01-16 16:24:46,611 - INFO - 正在执行第2条用例
2019-01-16 16:24:46,611 - INFO - 正在执行第2条用例
2019-01-16 16:24:46,612 - INFO - API地址：http://www.baidu.com/
2019-01-16 16:24:46,612 - INFO - API地址：http://www.baidu.com/
2019-01-16 16:24:46,657 - INFO - 正在执行第3条用例
2019-01-16 16:24:46,657 - INFO - 正在执行第3条用例
2019-01-16 16:24:46,657 - INFO - API地址：http://www.baidu.com/
2019-01-16 16:24:46,657 - INFO - API地址：http://www.baidu.com/
2019-01-16 16:24:46,694 - INFO - ['用例编号', '接口名称', '接口路径', '预期结果', '实际结果', '测试判定', '测试时间', '失败原因']
2019-01-16 16:24:46,694 - INFO - ['用例编号', '接口名称', '接口路径', '预期结果', '实际结果', '测试判定', '测试时间', '失败原因']
2019-01-16 16:24:46,694 - INFO - ['用例编号', '接口名称', '接口路径', '预期结果', '实际结果', '测试判定', '测试时间', '失败原因']
2019-01-16 16:24:46,695 - INFO - 正在写入用例执行情况
2019-01-16 16:24:46,695 - INFO - 正在写入用例执行情况
2019-01-16 16:24:46,695 - INFO - 正在写入用例执行情况
2019-01-16 16:26:02,211 - INFO - 获取用例完毕，共获取用例3条
2019-01-16 16:26:02,211 - INFO - 获取用例完毕，共获取用例3条
2019-01-16 16:26:02,211 - INFO - 正在执行第1条用例
2019-01-16 16:26:02,211 - INFO - 正在执行第1条用例
2019-01-16 16:26:02,211 - INFO - API地址：http://www.baidu.com/
2019-01-16 16:26:02,211 - INFO - API地址：http://www.baidu.com/
2019-01-16 16:26:02,211 - INFO - 没有put这种请求方式,请修改用例
2019-01-16 16:26:02,211 - INFO - 没有put这种请求方式,请修改用例
2019-01-16 16:26:02,211 - INFO - 正在执行第2条用例
2019-01-16 16:26:02,211 - INFO - 正在执行第2条用例
2019-01-16 16:26:02,211 - INFO - API地址：http://www.baidu.com/
2019-01-16 16:26:02,211 - INFO - API地址：http://www.baidu.com/
2019-01-16 16:26:02,268 - INFO - 正在执行第3条用例
2019-01-16 16:26:02,268 - INFO - 正在执行第3条用例
2019-01-16 16:26:02,268 - INFO - API地址：http://www.baidu.com/
2019-01-16 16:26:02,268 - INFO - API地址：http://www.baidu.com/
2019-01-16 16:26:02,304 - INFO - ['用例编号', '接口名称', '接口路径', '预期结果', '实际结果', '测试判定', '测试时间', '失败原因']
2019-01-16 16:26:02,304 - INFO - ['用例编号', '接口名称', '接口路径', '预期结果', '实际结果', '测试判定', '测试时间', '失败原因']
2019-01-16 16:26:02,304 - INFO - ['用例编号', '接口名称', '接口路径', '预期结果', '实际结果', '测试判定', '测试时间', '失败原因']
2019-01-16 16:26:02,306 - INFO - 正在写入用例执行情况
2019-01-16 16:26:02,306 - INFO - 正在写入用例执行情况
2019-01-16 16:26:02,306 - INFO - 正在写入用例执行情况
2019-01-16 16:29:14,626 - INFO - 获取用例完毕，共获取用例3条
2019-01-16 16:29:14,626 - INFO - 获取用例完毕，共获取用例3条
2019-01-16 16:29:14,626 - INFO - 正在执行第1条用例
2019-01-16 16:29:14,626 - INFO - 正在执行第1条用例
2019-01-16 16:29:14,626 - INFO - API地址：http://www.baidu.com/
2019-01-16 16:29:14,626 - INFO - API地址：http://www.baidu.com/
2019-01-16 16:29:14,626 - INFO - 没有put这种请求方式,请修改用例
2019-01-16 16:29:14,626 - INFO - 没有put这种请求方式,请修改用例
2019-01-16 16:29:14,626 - INFO - 正在执行第2条用例
2019-01-16 16:29:14,626 - INFO - 正在执行第2条用例
2019-01-16 16:29:14,626 - INFO - API地址：http://www.baidu.com/
2019-01-16 16:29:14,626 - INFO - API地址：http://www.baidu.com/
2019-01-16 16:29:14,666 - INFO - 正在执行第3条用例
2019-01-16 16:29:14,666 - INFO - 正在执行第3条用例
2019-01-16 16:29:14,666 - INFO - API地址：http://www.baidu.com/
2019-01-16 16:29:14,666 - INFO - API地址：http://www.baidu.com/
2019-01-16 16:29:14,700 - INFO - ['用例编号', '接口名称', '接口路径', '预期结果', '实际结果', '测试判定', '测试时间', '失败原因']
2019-01-16 16:29:14,700 - INFO - ['用例编号', '接口名称', '接口路径', '预期结果', '实际结果', '测试判定', '测试时间', '失败原因']
2019-01-16 16:29:14,700 - INFO - ['用例编号', '接口名称', '接口路径', '预期结果', '实际结果', '测试判定', '测试时间', '失败原因']
2019-01-16 16:29:14,701 - INFO - 正在写入用例执行情况
2019-01-16 16:29:14,701 - INFO - 正在写入用例执行情况
2019-01-16 16:29:14,701 - INFO - 正在写入用例执行情况
2019-01-16 16:29:38,972 - INFO - 获取用例完毕，共获取用例3条
2019-01-16 16:29:38,972 - INFO - 获取用例完毕，共获取用例3条
2019-01-16 16:29:38,972 - INFO - 正在执行第1条用例
2019-01-16 16:29:38,972 - INFO - 正在执行第1条用例
2019-01-16 16:29:38,972 - INFO - API地址：http://www.baidu.com/
2019-01-16 16:29:38,972 - INFO - API地址：http://www.baidu.com/
2019-01-16 16:29:38,972 - INFO - 没有put这种请求方式,请修改用例
2019-01-16 16:29:38,972 - INFO - 没有put这种请求方式,请修改用例
2019-01-16 16:29:38,972 - INFO - 正在执行第2条用例
2019-01-16 16:29:38,972 - INFO - 正在执行第2条用例
2019-01-16 16:29:38,972 - INFO - API地址：http://www.baidu.com/
2019-01-16 16:29:38,972 - INFO - API地址：http://www.baidu.com/
2019-01-16 16:29:39,012 - INFO - 正在执行第3条用例
2019-01-16 16:29:39,012 - INFO - 正在执行第3条用例
2019-01-16 16:29:39,013 - INFO - API地址：http://www.baidu.com/
2019-01-16 16:29:39,013 - INFO - API地址：http://www.baidu.com/
2019-01-16 16:29:39,049 - INFO - ['用例编号', '接口名称', '接口路径', '预期结果', '实际结果', '测试判定', '测试时间', '失败原因']
2019-01-16 16:29:39,049 - INFO - ['用例编号', '接口名称', '接口路径', '预期结果', '实际结果', '测试判定', '测试时间', '失败原因']
2019-01-16 16:29:39,049 - INFO - ['用例编号', '接口名称', '接口路径', '预期结果', '实际结果', '测试判定', '测试时间', '失败原因']
2019-01-16 16:29:39,050 - INFO - 正在写入用例执行情况
2019-01-16 16:29:39,050 - INFO - 正在写入用例执行情况
2019-01-16 16:29:39,050 - INFO - 正在写入用例执行情况
2019-01-16 16:30:55,074 - INFO - 获取用例完毕，共获取用例3条
2019-01-16 16:30:55,074 - INFO - 获取用例完毕，共获取用例3条
2019-01-16 16:30:55,075 - INFO - 正在执行第1条用例
2019-01-16 16:30:55,075 - INFO - 正在执行第1条用例
2019-01-16 16:30:55,075 - INFO - API地址：http://www.baidu.com/
2019-01-16 16:30:55,075 - INFO - API地址：http://www.baidu.com/
2019-01-16 16:30:55,075 - INFO - 没有put这种请求方式,请修改用例
2019-01-16 16:30:55,075 - INFO - 没有put这种请求方式,请修改用例
2019-01-16 16:30:55,075 - INFO - 正在执行第2条用例
2019-01-16 16:30:55,075 - INFO - 正在执行第2条用例
2019-01-16 16:30:55,075 - INFO - API地址：http://www.baidu.com/
2019-01-16 16:30:55,075 - INFO - API地址：http://www.baidu.com/
2019-01-16 16:30:55,113 - INFO - 正在执行第3条用例
2019-01-16 16:30:55,113 - INFO - 正在执行第3条用例
2019-01-16 16:30:55,114 - INFO - API地址：http://www.baidu.com/
2019-01-16 16:30:55,114 - INFO - API地址：http://www.baidu.com/
2019-01-16 16:30:55,153 - INFO - ['用例编号', '接口名称', '接口路径', '预期结果', '实际结果', '测试判定', '测试时间', '失败原因']
2019-01-16 16:30:55,153 - INFO - ['用例编号', '接口名称', '接口路径', '预期结果', '实际结果', '测试判定', '测试时间', '失败原因']
2019-01-16 16:30:55,153 - INFO - ['用例编号', '接口名称', '接口路径', '预期结果', '实际结果', '测试判定', '测试时间', '失败原因']
2019-01-16 16:30:55,154 - INFO - 正在写入用例执行情况
2019-01-16 16:30:55,154 - INFO - 正在写入用例执行情况
2019-01-16 16:30:55,154 - INFO - 正在写入用例执行情况
2019-01-16 16:32:02,390 - INFO - 获取用例完毕，共获取用例3条
2019-01-16 16:32:02,390 - INFO - 获取用例完毕，共获取用例3条
2019-01-16 16:32:02,390 - INFO - 正在执行第1条用例
2019-01-16 16:32:02,390 - INFO - 正在执行第1条用例
2019-01-16 16:32:02,390 - INFO - API地址：http://www.baidu.com/
2019-01-16 16:32:02,390 - INFO - API地址：http://www.baidu.com/
2019-01-16 16:32:02,390 - INFO - 没有put这种请求方式,请修改用例
2019-01-16 16:32:02,390 - INFO - 没有put这种请求方式,请修改用例
2019-01-16 16:32:02,390 - INFO - 正在执行第2条用例
2019-01-16 16:32:02,390 - INFO - 正在执行第2条用例
2019-01-16 16:32:02,390 - INFO - API地址：http://www.baidu.com/
2019-01-16 16:32:02,390 - INFO - API地址：http://www.baidu.com/
2019-01-16 16:32:02,435 - INFO - 正在执行第3条用例
2019-01-16 16:32:02,435 - INFO - 正在执行第3条用例
2019-01-16 16:32:02,435 - INFO - API地址：http://www.baidu.com/
2019-01-16 16:32:02,435 - INFO - API地址：http://www.baidu.com/
2019-01-16 16:32:02,476 - INFO - ['用例编号', '接口名称', '接口路径', '预期结果', '实际结果', '测试判定', '测试时间', '失败原因']
2019-01-16 16:32:02,476 - INFO - ['用例编号', '接口名称', '接口路径', '预期结果', '实际结果', '测试判定', '测试时间', '失败原因']
2019-01-16 16:32:02,476 - INFO - ['用例编号', '接口名称', '接口路径', '预期结果', '实际结果', '测试判定', '测试时间', '失败原因']
2019-01-16 16:32:02,477 - INFO - 正在写入用例执行情况
2019-01-16 16:32:02,477 - INFO - 正在写入用例执行情况
2019-01-16 16:32:02,477 - INFO - 正在写入用例执行情况
2019-01-16 16:32:42,196 - INFO - 获取用例完毕，共获取用例3条
2019-01-16 16:32:42,196 - INFO - 获取用例完毕，共获取用例3条
2019-01-16 16:32:42,196 - INFO - 正在执行第1条用例
2019-01-16 16:32:42,196 - INFO - 正在执行第1条用例
2019-01-16 16:32:42,196 - INFO - API地址：http://www.baidu.com/
2019-01-16 16:32:42,196 - INFO - API地址：http://www.baidu.com/
2019-01-16 16:32:42,196 - INFO - 没有put这种请求方式,请修改用例
2019-01-16 16:32:42,196 - INFO - 没有put这种请求方式,请修改用例
2019-01-16 16:32:42,196 - INFO - 正在执行第2条用例
2019-01-16 16:32:42,196 - INFO - 正在执行第2条用例
2019-01-16 16:32:42,196 - INFO - API地址：http://www.baidu.com/
2019-01-16 16:32:42,196 - INFO - API地址：http://www.baidu.com/
2019-01-16 16:32:42,237 - INFO - 正在执行第3条用例
2019-01-16 16:32:42,237 - INFO - 正在执行第3条用例
2019-01-16 16:32:42,237 - INFO - API地址：http://www.baidu.com/
2019-01-16 16:32:42,237 - INFO - API地址：http://www.baidu.com/
2019-01-16 16:32:42,273 - INFO - ['用例编号', '接口名称', '接口路径', '预期结果', '实际结果', '测试判定', '测试时间', '失败原因']
2019-01-16 16:32:42,273 - INFO - ['用例编号', '接口名称', '接口路径', '预期结果', '实际结果', '测试判定', '测试时间', '失败原因']
2019-01-16 16:32:42,273 - INFO - ['用例编号', '接口名称', '接口路径', '预期结果', '实际结果', '测试判定', '测试时间', '失败原因']
2019-01-16 16:32:42,274 - INFO - 正在写入用例执行情况
2019-01-16 16:32:42,274 - INFO - 正在写入用例执行情况
2019-01-16 16:32:42,274 - INFO - 正在写入用例执行情况
2019-01-16 16:36:02,071 - INFO - 获取用例完毕，共获取用例3条
2019-01-16 16:36:02,071 - INFO - 获取用例完毕，共获取用例3条
2019-01-16 16:36:02,071 - INFO - 正在执行第1条用例
2019-01-16 16:36:02,071 - INFO - 正在执行第1条用例
2019-01-16 16:36:02,071 - INFO - API地址：http://www.baidu.com/
2019-01-16 16:36:02,071 - INFO - API地址：http://www.baidu.com/
2019-01-16 16:36:02,071 - INFO - 没有put这种请求方式,请修改用例
2019-01-16 16:36:02,071 - INFO - 没有put这种请求方式,请修改用例
2019-01-16 16:36:02,072 - INFO - 正在执行第2条用例
2019-01-16 16:36:02,072 - INFO - 正在执行第2条用例
2019-01-16 16:36:02,072 - INFO - API地址：http://www.baidu.com/
2019-01-16 16:36:02,072 - INFO - API地址：http://www.baidu.com/
2019-01-16 16:36:02,111 - INFO - 正在执行第3条用例
2019-01-16 16:36:02,111 - INFO - 正在执行第3条用例
2019-01-16 16:36:02,111 - INFO - API地址：http://www.baidu.com/
2019-01-16 16:36:02,111 - INFO - API地址：http://www.baidu.com/
2019-01-16 16:36:02,159 - INFO - ['用例编号', '接口名称', '接口路径', '预期结果', '实际结果', '测试判定', '测试时间', '失败原因']
2019-01-16 16:36:02,159 - INFO - ['用例编号', '接口名称', '接口路径', '预期结果', '实际结果', '测试判定', '测试时间', '失败原因']
2019-01-16 16:36:02,159 - INFO - ['用例编号', '接口名称', '接口路径', '预期结果', '实际结果', '测试判定', '测试时间', '失败原因']
2019-01-16 16:36:02,161 - INFO - 正在写入用例执行情况
2019-01-16 16:36:02,161 - INFO - 正在写入用例执行情况
2019-01-16 16:36:02,161 - INFO - 正在写入用例执行情况
2019-01-16 16:37:15,746 - INFO - 获取用例完毕，共获取用例3条
2019-01-16 16:37:15,746 - INFO - 获取用例完毕，共获取用例3条
2019-01-16 16:37:15,746 - INFO - 正在执行第1条用例
2019-01-16 16:37:15,746 - INFO - 正在执行第1条用例
2019-01-16 16:37:15,746 - INFO - API地址：http://www.baidu.com/
2019-01-16 16:37:15,746 - INFO - API地址：http://www.baidu.com/
2019-01-16 16:37:15,746 - INFO - 没有put这种请求方式,请修改用例
2019-01-16 16:37:15,746 - INFO - 没有put这种请求方式,请修改用例
2019-01-16 16:37:15,747 - INFO - 正在执行第2条用例
2019-01-16 16:37:15,747 - INFO - 正在执行第2条用例
2019-01-16 16:37:15,747 - INFO - API地址：http://www.baidu.com/
2019-01-16 16:37:15,747 - INFO - API地址：http://www.baidu.com/
2019-01-16 16:37:15,820 - INFO - 正在执行第3条用例
2019-01-16 16:37:15,820 - INFO - 正在执行第3条用例
2019-01-16 16:37:15,820 - INFO - API地址：http://www.baidu.com/
2019-01-16 16:37:15,820 - INFO - API地址：http://www.baidu.com/
2019-01-16 16:37:15,894 - INFO - ['用例编号', '接口名称', '接口路径', '预期结果', '实际结果', '测试判定', '测试时间', '失败原因']
2019-01-16 16:37:15,894 - INFO - ['用例编号', '接口名称', '接口路径', '预期结果', '实际结果', '测试判定', '测试时间', '失败原因']
2019-01-16 16:37:15,894 - INFO - ['用例编号', '接口名称', '接口路径', '预期结果', '实际结果', '测试判定', '测试时间', '失败原因']
2019-01-16 16:37:15,899 - INFO - 正在写入用例执行情况
2019-01-16 16:37:15,899 - INFO - 正在写入用例执行情况
2019-01-16 16:37:15,899 - INFO - 正在写入用例执行情况
2019-01-16 16:39:16,651 - INFO - 获取用例完毕，共获取用例3条
2019-01-16 16:39:16,651 - INFO - 获取用例完毕，共获取用例3条
2019-01-16 16:39:16,651 - INFO - 正在执行第1条用例
2019-01-16 16:39:16,651 - INFO - 正在执行第1条用例
2019-01-16 16:39:16,651 - INFO - API地址：http://www.baidu.com/
2019-01-16 16:39:16,651 - INFO - API地址：http://www.baidu.com/
2019-01-16 16:39:16,651 - INFO - 没有put这种请求方式,请修改用例
2019-01-16 16:39:16,651 - INFO - 没有put这种请求方式,请修改用例
2019-01-16 16:39:16,651 - INFO - 正在执行第2条用例
2019-01-16 16:39:16,651 - INFO - 正在执行第2条用例
2019-01-16 16:39:16,651 - INFO - API地址：http://www.baidu.com/
2019-01-16 16:39:16,651 - INFO - API地址：http://www.baidu.com/
2019-01-16 16:39:16,689 - INFO - 正在执行第3条用例
2019-01-16 16:39:16,689 - INFO - 正在执行第3条用例
2019-01-16 16:39:16,689 - INFO - API地址：http://www.baidu.com/
2019-01-16 16:39:16,689 - INFO - API地址：http://www.baidu.com/
2019-01-16 16:39:16,730 - INFO - ['用例编号', '接口名称', '接口路径', '预期结果', '实际结果', '测试判定', '测试时间', '失败原因']
2019-01-16 16:39:16,730 - INFO - ['用例编号', '接口名称', '接口路径', '预期结果', '实际结果', '测试判定', '测试时间', '失败原因']
2019-01-16 16:39:16,730 - INFO - ['用例编号', '接口名称', '接口路径', '预期结果', '实际结果', '测试判定', '测试时间', '失败原因']
2019-01-16 16:39:16,731 - INFO - 正在写入用例执行情况
2019-01-16 16:39:16,731 - INFO - 正在写入用例执行情况
2019-01-16 16:39:16,731 - INFO - 正在写入用例执行情况
2019-01-16 16:39:21,803 - INFO - 获取用例完毕，共获取用例3条
2019-01-16 16:39:21,803 - INFO - 获取用例完毕，共获取用例3条
2019-01-16 16:39:21,803 - INFO - 正在执行第1条用例
2019-01-16 16:39:21,803 - INFO - 正在执行第1条用例
2019-01-16 16:39:21,804 - INFO - API地址：http://www.baidu.com/
2019-01-16 16:39:21,804 - INFO - API地址：http://www.baidu.com/
2019-01-16 16:39:21,804 - INFO - 没有put这种请求方式,请修改用例
2019-01-16 16:39:21,804 - INFO - 没有put这种请求方式,请修改用例
2019-01-16 16:39:21,804 - INFO - 正在执行第2条用例
2019-01-16 16:39:21,804 - INFO - 正在执行第2条用例
2019-01-16 16:39:21,804 - INFO - API地址：http://www.baidu.com/
2019-01-16 16:39:21,804 - INFO - API地址：http://www.baidu.com/
2019-01-16 16:39:21,842 - INFO - 正在执行第3条用例
2019-01-16 16:39:21,842 - INFO - 正在执行第3条用例
2019-01-16 16:39:21,842 - INFO - API地址：http://www.baidu.com/
2019-01-16 16:39:21,842 - INFO - API地址：http://www.baidu.com/
2019-01-16 16:39:21,883 - INFO - ['用例编号', '接口名称', '接口路径', '预期结果', '实际结果', '测试判定', '测试时间', '失败原因']
2019-01-16 16:39:21,883 - INFO - ['用例编号', '接口名称', '接口路径', '预期结果', '实际结果', '测试判定', '测试时间', '失败原因']
2019-01-16 16:39:21,883 - INFO - ['用例编号', '接口名称', '接口路径', '预期结果', '实际结果', '测试判定', '测试时间', '失败原因']
2019-01-16 16:39:21,884 - INFO - 正在写入用例执行情况
2019-01-16 16:39:21,884 - INFO - 正在写入用例执行情况
2019-01-16 16:39:21,884 - INFO - 正在写入用例执行情况
2019-01-16 16:39:33,789 - INFO - 获取用例完毕，共获取用例3条
2019-01-16 16:39:33,789 - INFO - 获取用例完毕，共获取用例3条
2019-01-16 16:39:33,789 - INFO - 正在执行第1条用例
2019-01-16 16:39:33,789 - INFO - 正在执行第1条用例
2019-01-16 16:39:33,789 - INFO - API地址：http://www.baidu.com/
2019-01-16 16:39:33,789 - INFO - API地址：http://www.baidu.com/
2019-01-16 16:39:33,789 - INFO - 没有put这种请求方式,请修改用例
2019-01-16 16:39:33,789 - INFO - 没有put这种请求方式,请修改用例
2019-01-16 16:39:33,789 - INFO - 正在执行第2条用例
2019-01-16 16:39:33,789 - INFO - 正在执行第2条用例
2019-01-16 16:39:33,789 - INFO - API地址：http://www.baidu.com/
2019-01-16 16:39:33,789 - INFO - API地址：http://www.baidu.com/
2019-01-16 16:39:33,827 - INFO - 正在执行第3条用例
2019-01-16 16:39:33,827 - INFO - 正在执行第3条用例
2019-01-16 16:39:33,827 - INFO - API地址：http://www.baidu.com/
2019-01-16 16:39:33,827 - INFO - API地址：http://www.baidu.com/
2019-01-16 16:39:33,861 - INFO - ['用例编号', '接口名称', '接口路径', '预期结果', '实际结果', '测试判定', '测试时间', '失败原因']
2019-01-16 16:39:33,861 - INFO - ['用例编号', '接口名称', '接口路径', '预期结果', '实际结果', '测试判定', '测试时间', '失败原因']
2019-01-16 16:39:33,861 - INFO - ['用例编号', '接口名称', '接口路径', '预期结果', '实际结果', '测试判定', '测试时间', '失败原因']
2019-01-16 16:39:33,862 - INFO - 正在写入用例执行情况
2019-01-16 16:39:33,862 - INFO - 正在写入用例执行情况
2019-01-16 16:39:33,862 - INFO - 正在写入用例执行情况
2019-01-16 16:39:47,188 - INFO - 获取用例完毕，共获取用例3条
2019-01-16 16:39:47,188 - INFO - 获取用例完毕，共获取用例3条
2019-01-16 16:39:47,188 - INFO - 正在执行第1条用例
2019-01-16 16:39:47,188 - INFO - 正在执行第1条用例
2019-01-16 16:39:47,188 - INFO - API地址：http://www.baidu.com/
2019-01-16 16:39:47,188 - INFO - API地址：http://www.baidu.com/
2019-01-16 16:39:47,188 - INFO - 没有put这种请求方式,请修改用例
2019-01-16 16:39:47,188 - INFO - 没有put这种请求方式,请修改用例
2019-01-16 16:39:47,188 - INFO - 正在执行第2条用例
2019-01-16 16:39:47,188 - INFO - 正在执行第2条用例
2019-01-16 16:39:47,188 - INFO - API地址：http://www.baidu.com/
2019-01-16 16:39:47,188 - INFO - API地址：http://www.baidu.com/
2019-01-16 16:39:47,229 - INFO - 正在执行第3条用例
2019-01-16 16:39:47,229 - INFO - 正在执行第3条用例
2019-01-16 16:39:47,229 - INFO - API地址：http://www.baidu.com/
2019-01-16 16:39:47,229 - INFO - API地址：http://www.baidu.com/
2019-01-16 16:39:47,268 - INFO - ['用例编号', '接口名称', '接口路径', '预期结果', '实际结果', '测试判定', '测试时间', '失败原因']
2019-01-16 16:39:47,268 - INFO - ['用例编号', '接口名称', '接口路径', '预期结果', '实际结果', '测试判定', '测试时间', '失败原因']
2019-01-16 16:39:47,268 - INFO - ['用例编号', '接口名称', '接口路径', '预期结果', '实际结果', '测试判定', '测试时间', '失败原因']
2019-01-16 16:39:47,269 - INFO - 正在写入用例执行情况
2019-01-16 16:39:47,269 - INFO - 正在写入用例执行情况
2019-01-16 16:39:47,269 - INFO - 正在写入用例执行情况
2019-01-16 16:45:09,601 - INFO - 获取用例完毕，共获取用例3条
2019-01-16 16:45:09,601 - INFO - 获取用例完毕，共获取用例3条
2019-01-16 16:45:09,601 - INFO - 正在执行第1条用例
2019-01-16 16:45:09,601 - INFO - 正在执行第1条用例
2019-01-16 16:45:09,601 - INFO - API地址：http://www.baidu.com/
2019-01-16 16:45:09,601 - INFO - API地址：http://www.baidu.com/
2019-01-16 16:45:09,601 - INFO - 没有put这种请求方式,请修改用例
2019-01-16 16:45:09,601 - INFO - 没有put这种请求方式,请修改用例
2019-01-16 16:45:09,601 - INFO - 正在执行第2条用例
2019-01-16 16:45:09,601 - INFO - 正在执行第2条用例
2019-01-16 16:45:09,601 - INFO - API地址：http://www.baidu.com/
2019-01-16 16:45:09,601 - INFO - API地址：http://www.baidu.com/
2019-01-16 16:45:09,644 - INFO - 正在执行第3条用例
2019-01-16 16:45:09,644 - INFO - 正在执行第3条用例
2019-01-16 16:45:09,644 - INFO - API地址：http://www.baidu.com/
2019-01-16 16:45:09,644 - INFO - API地址：http://www.baidu.com/
2019-01-16 16:45:09,684 - INFO - ['用例编号', '接口名称', '接口路径', '预期结果', '实际结果', '测试判定', '测试时间', '失败原因']
2019-01-16 16:45:09,684 - INFO - ['用例编号', '接口名称', '接口路径', '预期结果', '实际结果', '测试判定', '测试时间', '失败原因']
2019-01-16 16:45:09,684 - INFO - ['用例编号', '接口名称', '接口路径', '预期结果', '实际结果', '测试判定', '测试时间', '失败原因']
2019-01-16 16:45:09,686 - INFO - 正在写入用例执行情况
2019-01-16 16:45:09,686 - INFO - 正在写入用例执行情况
2019-01-16 16:45:09,686 - INFO - 正在写入用例执行情况
2019-01-16 17:07:22,455 - INFO - 获取用例完毕，共获取用例3条
2019-01-16 17:07:22,455 - INFO - 获取用例完毕，共获取用例3条
2019-01-16 17:07:22,455 - INFO - 正在执行第1条用例
2019-01-16 17:07:22,455 - INFO - 正在执行第1条用例
2019-01-16 17:07:22,455 - INFO - API地址：fp01.ops.gaoshou.me/
2019-01-16 17:07:22,455 - INFO - API地址：fp01.ops.gaoshou.me/
2019-01-16 17:07:22,455 - INFO - 没有put这种请求方式,请修改用例
2019-01-16 17:07:22,455 - INFO - 没有put这种请求方式,请修改用例
2019-01-16 17:07:22,455 - INFO - 正在执行第2条用例
2019-01-16 17:07:22,455 - INFO - 正在执行第2条用例
2019-01-16 17:07:22,455 - INFO - API地址：fp01.ops.gaoshou.me/
2019-01-16 17:07:22,455 - INFO - API地址：fp01.ops.gaoshou.me/
