2019-01-22 09:19:15,472 - INFO - 用例路径：E:\project\ApiTest\cases\exmple.xlsx
2019-01-22 09:19:15,472 - INFO - 用例路径：E:\project\ApiTest\cases\exmple.xlsx
2019-01-22 09:19:15,472 - INFO - 用例路径：E:\project\ApiTest\cases\exmple.xlsx
2019-01-22 09:19:15,472 - INFO - 用例路径：E:\project\ApiTest\cases\exmple.xlsx
2019-01-22 09:19:15,472 - INFO - 用例路径：E:\project\ApiTest\cases\exmple.xlsx
2019-01-22 09:19:15,473 - INFO - 获取用例完毕，共获取用例4条
2019-01-22 09:19:15,473 - INFO - 获取用例完毕，共获取用例4条
2019-01-22 09:19:15,473 - INFO - 获取用例完毕，共获取用例4条
2019-01-22 09:19:15,473 - INFO - 获取用例完毕，共获取用例4条
2019-01-22 09:19:15,473 - INFO - 获取用例完毕，共获取用例4条
2019-01-22 09:19:15,952 - INFO - 正在写入用例执行情况
2019-01-22 09:19:15,952 - INFO - 正在写入用例执行情况
2019-01-22 09:19:15,952 - INFO - 正在写入用例执行情况
2019-01-22 09:19:15,952 - INFO - 正在写入用例执行情况
2019-01-22 09:19:15,952 - INFO - 正在写入用例执行情况
2019-01-22 09:19:15,952 - INFO - 正在写入用例执行情况
2019-01-22 09:29:26,702 - INFO - 用例路径：E:\project\ApiTest\cases\exmple.xlsx
2019-01-22 09:29:26,702 - INFO - 用例路径：E:\project\ApiTest\cases\exmple.xlsx
2019-01-22 09:29:26,702 - INFO - 用例路径：E:\project\ApiTest\cases\exmple.xlsx
2019-01-22 09:29:26,702 - INFO - 用例路径：E:\project\ApiTest\cases\exmple.xlsx
2019-01-22 09:29:26,702 - INFO - 用例路径：E:\project\ApiTest\cases\exmple.xlsx
2019-01-22 09:29:26,702 - INFO - 获取用例完毕，共获取用例4条
2019-01-22 09:29:26,702 - INFO - 获取用例完毕，共获取用例4条
2019-01-22 09:29:26,702 - INFO - 获取用例完毕，共获取用例4条
2019-01-22 09:29:26,702 - INFO - 获取用例完毕，共获取用例4条
2019-01-22 09:29:26,702 - INFO - 获取用例完毕，共获取用例4条
2019-01-22 09:29:27,236 - INFO - 正在写入用例执行情况
2019-01-22 09:29:27,236 - INFO - 正在写入用例执行情况
2019-01-22 09:29:27,236 - INFO - 正在写入用例执行情况
2019-01-22 09:29:27,236 - INFO - 正在写入用例执行情况
2019-01-22 09:29:27,236 - INFO - 正在写入用例执行情况
2019-01-22 09:29:27,236 - INFO - 正在写入用例执行情况
2019-01-22 11:20:12,355 - INFO - 用例路径：E:\project\ApiTest\cases\exmple.xlsx
2019-01-22 11:20:12,355 - INFO - 用例路径：E:\project\ApiTest\cases\exmple.xlsx
2019-01-22 11:20:12,355 - INFO - 用例路径：E:\project\ApiTest\cases\exmple.xlsx
2019-01-22 11:20:12,355 - INFO - 用例路径：E:\project\ApiTest\cases\exmple.xlsx
2019-01-22 11:20:12,355 - INFO - 用例路径：E:\project\ApiTest\cases\exmple.xlsx
2019-01-22 11:20:12,356 - INFO - 获取用例完毕，共获取用例4条
2019-01-22 11:20:12,356 - INFO - 获取用例完毕，共获取用例4条
2019-01-22 11:20:12,356 - INFO - 获取用例完毕，共获取用例4条
2019-01-22 11:20:12,356 - INFO - 获取用例完毕，共获取用例4条
2019-01-22 11:20:12,356 - INFO - 获取用例完毕，共获取用例4条
2019-01-22 11:20:12,838 - INFO - 正在写入用例执行情况
2019-01-22 11:20:12,838 - INFO - 正在写入用例执行情况
2019-01-22 11:20:12,838 - INFO - 正在写入用例执行情况
2019-01-22 11:20:12,838 - INFO - 正在写入用例执行情况
2019-01-22 11:20:12,838 - INFO - 正在写入用例执行情况
2019-01-22 11:20:12,838 - INFO - 正在写入用例执行情况
2019-01-22 11:20:43,340 - INFO - 用例路径：E:\project\ApiTest\cases\exmple.xlsx
2019-01-22 11:20:43,340 - INFO - 用例路径：E:\project\ApiTest\cases\exmple.xlsx
2019-01-22 11:20:43,340 - INFO - 用例路径：E:\project\ApiTest\cases\exmple.xlsx
2019-01-22 11:20:43,340 - INFO - 用例路径：E:\project\ApiTest\cases\exmple.xlsx
2019-01-22 11:20:43,340 - INFO - 用例路径：E:\project\ApiTest\cases\exmple.xlsx
2019-01-22 11:20:43,340 - INFO - 获取用例完毕，共获取用例4条
2019-01-22 11:20:43,340 - INFO - 获取用例完毕，共获取用例4条
2019-01-22 11:20:43,340 - INFO - 获取用例完毕，共获取用例4条
2019-01-22 11:20:43,340 - INFO - 获取用例完毕，共获取用例4条
2019-01-22 11:20:43,340 - INFO - 获取用例完毕，共获取用例4条
2019-01-22 11:20:43,757 - INFO - 正在写入用例执行情况
2019-01-22 11:20:43,757 - INFO - 正在写入用例执行情况
2019-01-22 11:20:43,757 - INFO - 正在写入用例执行情况
2019-01-22 11:20:43,757 - INFO - 正在写入用例执行情况
2019-01-22 11:20:43,757 - INFO - 正在写入用例执行情况
2019-01-22 11:20:43,757 - INFO - 正在写入用例执行情况
2019-01-22 11:23:00,686 - INFO - 用例路径：E:\project\ApiTest\cases\exmple.xlsx
2019-01-22 11:23:00,686 - INFO - 用例路径：E:\project\ApiTest\cases\exmple.xlsx
2019-01-22 11:23:00,686 - INFO - 用例路径：E:\project\ApiTest\cases\exmple.xlsx
2019-01-22 11:23:00,686 - INFO - 用例路径：E:\project\ApiTest\cases\exmple.xlsx
2019-01-22 11:23:00,686 - INFO - 用例路径：E:\project\ApiTest\cases\exmple.xlsx
2019-01-22 11:23:00,687 - INFO - 获取用例完毕，共获取用例4条
2019-01-22 11:23:00,687 - INFO - 获取用例完毕，共获取用例4条
2019-01-22 11:23:00,687 - INFO - 获取用例完毕，共获取用例4条
2019-01-22 11:23:00,687 - INFO - 获取用例完毕，共获取用例4条
2019-01-22 11:23:00,687 - INFO - 获取用例完毕，共获取用例4条
2019-01-22 11:24:02,528 - INFO - 用例路径：E:\project\ApiTest\cases\exmple.xlsx
2019-01-22 11:24:02,528 - INFO - 用例路径：E:\project\ApiTest\cases\exmple.xlsx
2019-01-22 11:24:02,528 - INFO - 用例路径：E:\project\ApiTest\cases\exmple.xlsx
2019-01-22 11:24:02,528 - INFO - 用例路径：E:\project\ApiTest\cases\exmple.xlsx
2019-01-22 11:24:02,528 - INFO - 用例路径：E:\project\ApiTest\cases\exmple.xlsx
2019-01-22 11:24:02,528 - INFO - 获取用例完毕，共获取用例4条
2019-01-22 11:24:02,528 - INFO - 获取用例完毕，共获取用例4条
2019-01-22 11:24:02,528 - INFO - 获取用例完毕，共获取用例4条
2019-01-22 11:24:02,528 - INFO - 获取用例完毕，共获取用例4条
2019-01-22 11:24:02,528 - INFO - 获取用例完毕，共获取用例4条
2019-01-22 11:24:03,015 - INFO - 正在写入用例执行情况
2019-01-22 11:24:03,015 - INFO - 正在写入用例执行情况
2019-01-22 11:24:03,015 - INFO - 正在写入用例执行情况
2019-01-22 11:24:03,015 - INFO - 正在写入用例执行情况
2019-01-22 11:24:03,015 - INFO - 正在写入用例执行情况
2019-01-22 11:24:03,015 - INFO - 正在写入用例执行情况
2019-01-22 11:36:58,330 - INFO - 用例路径：E:\project\ApiTest\cases\exmple.xlsx
2019-01-22 11:36:58,330 - INFO - 用例路径：E:\project\ApiTest\cases\exmple.xlsx
2019-01-22 11:36:58,330 - INFO - 用例路径：E:\project\ApiTest\cases\exmple.xlsx
2019-01-22 11:36:58,330 - INFO - 用例路径：E:\project\ApiTest\cases\exmple.xlsx
2019-01-22 11:36:58,330 - INFO - 用例路径：E:\project\ApiTest\cases\exmple.xlsx
2019-01-22 11:36:58,331 - INFO - 获取用例完毕，共获取用例4条
2019-01-22 11:36:58,331 - INFO - 获取用例完毕，共获取用例4条
2019-01-22 11:36:58,331 - INFO - 获取用例完毕，共获取用例4条
2019-01-22 11:36:58,331 - INFO - 获取用例完毕，共获取用例4条
2019-01-22 11:36:58,331 - INFO - 获取用例完毕，共获取用例4条
2019-01-22 11:36:58,973 - INFO - 正在写入用例执行情况
2019-01-22 11:36:58,973 - INFO - 正在写入用例执行情况
2019-01-22 11:36:58,973 - INFO - 正在写入用例执行情况
2019-01-22 11:36:58,973 - INFO - 正在写入用例执行情况
2019-01-22 11:36:58,973 - INFO - 正在写入用例执行情况
2019-01-22 11:36:58,973 - INFO - 正在写入用例执行情况
2019-01-22 11:37:49,963 - INFO - 用例路径：E:\project\ApiTest\cases\exmple.xlsx
2019-01-22 11:37:49,963 - INFO - 用例路径：E:\project\ApiTest\cases\exmple.xlsx
2019-01-22 11:37:49,963 - INFO - 用例路径：E:\project\ApiTest\cases\exmple.xlsx
2019-01-22 11:37:49,963 - INFO - 用例路径：E:\project\ApiTest\cases\exmple.xlsx
2019-01-22 11:37:49,963 - INFO - 用例路径：E:\project\ApiTest\cases\exmple.xlsx
2019-01-22 11:37:49,963 - INFO - 获取用例完毕，共获取用例4条
2019-01-22 11:37:49,963 - INFO - 获取用例完毕，共获取用例4条
2019-01-22 11:37:49,963 - INFO - 获取用例完毕，共获取用例4条
2019-01-22 11:37:49,963 - INFO - 获取用例完毕，共获取用例4条
2019-01-22 11:37:49,963 - INFO - 获取用例完毕，共获取用例4条
2019-01-22 11:37:50,572 - INFO - 正在写入用例执行情况
2019-01-22 11:37:50,572 - INFO - 正在写入用例执行情况
2019-01-22 11:37:50,572 - INFO - 正在写入用例执行情况
2019-01-22 11:37:50,572 - INFO - 正在写入用例执行情况
2019-01-22 11:37:50,572 - INFO - 正在写入用例执行情况
2019-01-22 11:37:50,572 - INFO - 正在写入用例执行情况
2019-01-22 11:38:10,785 - INFO - 用例路径：E:\project\ApiTest\cases\exmple.xlsx
2019-01-22 11:38:10,785 - INFO - 用例路径：E:\project\ApiTest\cases\exmple.xlsx
2019-01-22 11:38:10,785 - INFO - 用例路径：E:\project\ApiTest\cases\exmple.xlsx
2019-01-22 11:38:10,785 - INFO - 用例路径：E:\project\ApiTest\cases\exmple.xlsx
2019-01-22 11:38:10,785 - INFO - 用例路径：E:\project\ApiTest\cases\exmple.xlsx
2019-01-22 11:38:10,785 - INFO - 获取用例完毕，共获取用例4条
2019-01-22 11:38:10,785 - INFO - 获取用例完毕，共获取用例4条
2019-01-22 11:38:10,785 - INFO - 获取用例完毕，共获取用例4条
2019-01-22 11:38:10,785 - INFO - 获取用例完毕，共获取用例4条
2019-01-22 11:38:10,785 - INFO - 获取用例完毕，共获取用例4条
2019-01-22 11:38:11,264 - INFO - 正在写入用例执行情况
2019-01-22 11:38:11,264 - INFO - 正在写入用例执行情况
2019-01-22 11:38:11,264 - INFO - 正在写入用例执行情况
2019-01-22 11:38:11,264 - INFO - 正在写入用例执行情况
2019-01-22 11:38:11,264 - INFO - 正在写入用例执行情况
2019-01-22 11:38:11,264 - INFO - 正在写入用例执行情况
2019-01-22 11:38:20,552 - INFO - 用例路径：E:\project\ApiTest\cases\exmple.xlsx
2019-01-22 11:38:20,552 - INFO - 用例路径：E:\project\ApiTest\cases\exmple.xlsx
2019-01-22 11:38:20,552 - INFO - 用例路径：E:\project\ApiTest\cases\exmple.xlsx
2019-01-22 11:38:20,552 - INFO - 用例路径：E:\project\ApiTest\cases\exmple.xlsx
2019-01-22 11:38:20,552 - INFO - 用例路径：E:\project\ApiTest\cases\exmple.xlsx
2019-01-22 11:38:20,552 - INFO - 获取用例完毕，共获取用例4条
2019-01-22 11:38:20,552 - INFO - 获取用例完毕，共获取用例4条
2019-01-22 11:38:20,552 - INFO - 获取用例完毕，共获取用例4条
2019-01-22 11:38:20,552 - INFO - 获取用例完毕，共获取用例4条
2019-01-22 11:38:20,552 - INFO - 获取用例完毕，共获取用例4条
2019-01-22 11:38:21,061 - INFO - 正在写入用例执行情况
2019-01-22 11:38:21,061 - INFO - 正在写入用例执行情况
2019-01-22 11:38:21,061 - INFO - 正在写入用例执行情况
2019-01-22 11:38:21,061 - INFO - 正在写入用例执行情况
2019-01-22 11:38:21,061 - INFO - 正在写入用例执行情况
2019-01-22 11:38:21,061 - INFO - 正在写入用例执行情况
2019-01-22 11:39:18,917 - INFO - 用例路径：E:\project\ApiTest\cases\exmple.xlsx
2019-01-22 11:39:18,917 - INFO - 用例路径：E:\project\ApiTest\cases\exmple.xlsx
2019-01-22 11:39:18,917 - INFO - 用例路径：E:\project\ApiTest\cases\exmple.xlsx
2019-01-22 11:39:18,917 - INFO - 用例路径：E:\project\ApiTest\cases\exmple.xlsx
2019-01-22 11:39:18,917 - INFO - 用例路径：E:\project\ApiTest\cases\exmple.xlsx
2019-01-22 11:39:18,917 - INFO - 获取用例完毕，共获取用例4条
2019-01-22 11:39:18,917 - INFO - 获取用例完毕，共获取用例4条
2019-01-22 11:39:18,917 - INFO - 获取用例完毕，共获取用例4条
2019-01-22 11:39:18,917 - INFO - 获取用例完毕，共获取用例4条
2019-01-22 11:39:18,917 - INFO - 获取用例完毕，共获取用例4条
2019-01-22 11:39:19,524 - INFO - 正在写入用例执行情况
2019-01-22 11:39:19,524 - INFO - 正在写入用例执行情况
2019-01-22 11:39:19,524 - INFO - 正在写入用例执行情况
2019-01-22 11:39:19,524 - INFO - 正在写入用例执行情况
2019-01-22 11:39:19,524 - INFO - 正在写入用例执行情况
2019-01-22 11:39:19,524 - INFO - 正在写入用例执行情况
2019-01-22 11:42:13,822 - INFO - 用例路径：E:\project\ApiTest\cases\exmple.xlsx
2019-01-22 11:42:13,822 - INFO - 用例路径：E:\project\ApiTest\cases\exmple.xlsx
2019-01-22 11:42:13,822 - INFO - 用例路径：E:\project\ApiTest\cases\exmple.xlsx
2019-01-22 11:42:13,822 - INFO - 用例路径：E:\project\ApiTest\cases\exmple.xlsx
2019-01-22 11:42:13,822 - INFO - 用例路径：E:\project\ApiTest\cases\exmple.xlsx
2019-01-22 11:42:13,823 - INFO - 获取用例完毕，共获取用例4条
2019-01-22 11:42:13,823 - INFO - 获取用例完毕，共获取用例4条
2019-01-22 11:42:13,823 - INFO - 获取用例完毕，共获取用例4条
2019-01-22 11:42:13,823 - INFO - 获取用例完毕，共获取用例4条
2019-01-22 11:42:13,823 - INFO - 获取用例完毕，共获取用例4条
2019-01-22 11:42:14,301 - INFO - 正在写入用例执行情况
2019-01-22 11:42:14,301 - INFO - 正在写入用例执行情况
2019-01-22 11:42:14,301 - INFO - 正在写入用例执行情况
2019-01-22 11:42:14,301 - INFO - 正在写入用例执行情况
2019-01-22 11:42:14,301 - INFO - 正在写入用例执行情况
2019-01-22 11:42:14,301 - INFO - 正在写入用例执行情况
2019-01-22 11:42:20,765 - INFO - 用例路径：E:\project\ApiTest\cases\exmple.xlsx
2019-01-22 11:42:20,765 - INFO - 用例路径：E:\project\ApiTest\cases\exmple.xlsx
2019-01-22 11:42:20,765 - INFO - 用例路径：E:\project\ApiTest\cases\exmple.xlsx
2019-01-22 11:42:20,765 - INFO - 用例路径：E:\project\ApiTest\cases\exmple.xlsx
2019-01-22 11:42:20,765 - INFO - 用例路径：E:\project\ApiTest\cases\exmple.xlsx
2019-01-22 11:42:20,765 - INFO - 获取用例完毕，共获取用例4条
2019-01-22 11:42:20,765 - INFO - 获取用例完毕，共获取用例4条
2019-01-22 11:42:20,765 - INFO - 获取用例完毕，共获取用例4条
2019-01-22 11:42:20,765 - INFO - 获取用例完毕，共获取用例4条
2019-01-22 11:42:20,765 - INFO - 获取用例完毕，共获取用例4条
2019-01-22 11:42:21,336 - INFO - 正在写入用例执行情况
2019-01-22 11:42:21,336 - INFO - 正在写入用例执行情况
2019-01-22 11:42:21,336 - INFO - 正在写入用例执行情况
2019-01-22 11:42:21,336 - INFO - 正在写入用例执行情况
2019-01-22 11:42:21,336 - INFO - 正在写入用例执行情况
2019-01-22 11:42:21,336 - INFO - 正在写入用例执行情况
2019-01-22 11:42:37,059 - INFO - 用例路径：E:\project\ApiTest\cases\exmple.xlsx
2019-01-22 11:42:37,059 - INFO - 用例路径：E:\project\ApiTest\cases\exmple.xlsx
2019-01-22 11:42:37,059 - INFO - 用例路径：E:\project\ApiTest\cases\exmple.xlsx
2019-01-22 11:42:37,059 - INFO - 用例路径：E:\project\ApiTest\cases\exmple.xlsx
2019-01-22 11:42:37,059 - INFO - 用例路径：E:\project\ApiTest\cases\exmple.xlsx
2019-01-22 11:42:37,059 - INFO - 获取用例完毕，共获取用例4条
2019-01-22 11:42:37,059 - INFO - 获取用例完毕，共获取用例4条
2019-01-22 11:42:37,059 - INFO - 获取用例完毕，共获取用例4条
2019-01-22 11:42:37,059 - INFO - 获取用例完毕，共获取用例4条
2019-01-22 11:42:37,059 - INFO - 获取用例完毕，共获取用例4条
2019-01-22 11:42:37,677 - INFO - 正在写入用例执行情况
2019-01-22 11:42:37,677 - INFO - 正在写入用例执行情况
2019-01-22 11:42:37,677 - INFO - 正在写入用例执行情况
2019-01-22 11:42:37,677 - INFO - 正在写入用例执行情况
2019-01-22 11:42:37,677 - INFO - 正在写入用例执行情况
2019-01-22 11:42:37,677 - INFO - 正在写入用例执行情况
2019-01-22 11:44:56,045 - INFO - 用例路径：E:\project\ApiTest\cases\exmple.xlsx
2019-01-22 11:44:56,045 - INFO - 用例路径：E:\project\ApiTest\cases\exmple.xlsx
2019-01-22 11:44:56,045 - INFO - 用例路径：E:\project\ApiTest\cases\exmple.xlsx
2019-01-22 11:44:56,045 - INFO - 用例路径：E:\project\ApiTest\cases\exmple.xlsx
2019-01-22 11:44:56,045 - INFO - 用例路径：E:\project\ApiTest\cases\exmple.xlsx
2019-01-22 11:44:56,046 - INFO - 获取用例完毕，共获取用例2条
2019-01-22 11:44:56,046 - INFO - 获取用例完毕，共获取用例2条
2019-01-22 11:44:56,046 - INFO - 获取用例完毕，共获取用例2条
2019-01-22 11:44:56,046 - INFO - 获取用例完毕，共获取用例2条
2019-01-22 11:44:56,046 - INFO - 获取用例完毕，共获取用例2条
2019-01-22 11:44:56,433 - INFO - 正在写入用例执行情况
2019-01-22 11:44:56,433 - INFO - 正在写入用例执行情况
2019-01-22 11:44:56,433 - INFO - 正在写入用例执行情况
2019-01-22 11:44:56,433 - INFO - 正在写入用例执行情况
2019-01-22 11:44:56,433 - INFO - 正在写入用例执行情况
2019-01-22 11:44:56,433 - INFO - 正在写入用例执行情况
2019-01-22 11:46:03,707 - INFO - 用例路径：E:\project\ApiTest\cases\exmple.xlsx
2019-01-22 11:46:03,707 - INFO - 用例路径：E:\project\ApiTest\cases\exmple.xlsx
2019-01-22 11:46:03,707 - INFO - 用例路径：E:\project\ApiTest\cases\exmple.xlsx
2019-01-22 11:46:03,707 - INFO - 用例路径：E:\project\ApiTest\cases\exmple.xlsx
2019-01-22 11:46:03,707 - INFO - 用例路径：E:\project\ApiTest\cases\exmple.xlsx
2019-01-22 11:46:03,707 - INFO - 获取用例完毕，共获取用例2条
2019-01-22 11:46:03,707 - INFO - 获取用例完毕，共获取用例2条
2019-01-22 11:46:03,707 - INFO - 获取用例完毕，共获取用例2条
2019-01-22 11:46:03,707 - INFO - 获取用例完毕，共获取用例2条
2019-01-22 11:46:03,707 - INFO - 获取用例完毕，共获取用例2条
2019-01-22 11:46:04,050 - INFO - 正在写入用例执行情况
2019-01-22 11:46:04,050 - INFO - 正在写入用例执行情况
2019-01-22 11:46:04,050 - INFO - 正在写入用例执行情况
2019-01-22 11:46:04,050 - INFO - 正在写入用例执行情况
2019-01-22 11:46:04,050 - INFO - 正在写入用例执行情况
2019-01-22 11:46:04,050 - INFO - 正在写入用例执行情况
2019-01-22 11:46:15,580 - INFO - 用例路径：E:\project\ApiTest\cases\exmple.xlsx
2019-01-22 11:46:15,580 - INFO - 用例路径：E:\project\ApiTest\cases\exmple.xlsx
2019-01-22 11:46:15,580 - INFO - 用例路径：E:\project\ApiTest\cases\exmple.xlsx
2019-01-22 11:46:15,580 - INFO - 用例路径：E:\project\ApiTest\cases\exmple.xlsx
2019-01-22 11:46:15,580 - INFO - 用例路径：E:\project\ApiTest\cases\exmple.xlsx
2019-01-22 11:46:15,580 - INFO - 获取用例完毕，共获取用例2条
2019-01-22 11:46:15,580 - INFO - 获取用例完毕，共获取用例2条
2019-01-22 11:46:15,580 - INFO - 获取用例完毕，共获取用例2条
2019-01-22 11:46:15,580 - INFO - 获取用例完毕，共获取用例2条
2019-01-22 11:46:15,580 - INFO - 获取用例完毕，共获取用例2条
2019-01-22 11:46:15,753 - INFO - 正在写入用例执行情况
2019-01-22 11:46:15,753 - INFO - 正在写入用例执行情况
2019-01-22 11:46:15,753 - INFO - 正在写入用例执行情况
2019-01-22 11:46:15,753 - INFO - 正在写入用例执行情况
2019-01-22 11:46:15,753 - INFO - 正在写入用例执行情况
2019-01-22 11:46:15,753 - INFO - 正在写入用例执行情况
2019-01-22 11:46:45,448 - INFO - 用例路径：E:\project\ApiTest\cases\exmple.xlsx
2019-01-22 11:46:45,448 - INFO - 用例路径：E:\project\ApiTest\cases\exmple.xlsx
2019-01-22 11:46:45,448 - INFO - 用例路径：E:\project\ApiTest\cases\exmple.xlsx
2019-01-22 11:46:45,448 - INFO - 用例路径：E:\project\ApiTest\cases\exmple.xlsx
2019-01-22 11:46:45,448 - INFO - 用例路径：E:\project\ApiTest\cases\exmple.xlsx
2019-01-22 11:46:45,448 - INFO - 获取用例完毕，共获取用例2条
2019-01-22 11:46:45,448 - INFO - 获取用例完毕，共获取用例2条
2019-01-22 11:46:45,448 - INFO - 获取用例完毕，共获取用例2条
2019-01-22 11:46:45,448 - INFO - 获取用例完毕，共获取用例2条
2019-01-22 11:46:45,448 - INFO - 获取用例完毕，共获取用例2条
2019-01-22 11:46:45,642 - INFO - 正在写入用例执行情况
2019-01-22 11:46:45,642 - INFO - 正在写入用例执行情况
2019-01-22 11:46:45,642 - INFO - 正在写入用例执行情况
2019-01-22 11:46:45,642 - INFO - 正在写入用例执行情况
2019-01-22 11:46:45,642 - INFO - 正在写入用例执行情况
2019-01-22 11:46:45,642 - INFO - 正在写入用例执行情况
2019-01-22 11:47:24,327 - INFO - 用例路径：E:\project\ApiTest\cases\exmple.xlsx
2019-01-22 11:47:24,327 - INFO - 用例路径：E:\project\ApiTest\cases\exmple.xlsx
2019-01-22 11:47:24,327 - INFO - 用例路径：E:\project\ApiTest\cases\exmple.xlsx
2019-01-22 11:47:24,327 - INFO - 用例路径：E:\project\ApiTest\cases\exmple.xlsx
2019-01-22 11:47:24,327 - INFO - 用例路径：E:\project\ApiTest\cases\exmple.xlsx
2019-01-22 11:47:24,327 - INFO - 获取用例完毕，共获取用例2条
2019-01-22 11:47:24,327 - INFO - 获取用例完毕，共获取用例2条
2019-01-22 11:47:24,327 - INFO - 获取用例完毕，共获取用例2条
2019-01-22 11:47:24,327 - INFO - 获取用例完毕，共获取用例2条
2019-01-22 11:47:24,327 - INFO - 获取用例完毕，共获取用例2条
2019-01-22 11:47:25,095 - INFO - 正在写入用例执行情况
2019-01-22 11:47:25,095 - INFO - 正在写入用例执行情况
2019-01-22 11:47:25,095 - INFO - 正在写入用例执行情况
2019-01-22 11:47:25,095 - INFO - 正在写入用例执行情况
2019-01-22 11:47:25,095 - INFO - 正在写入用例执行情况
2019-01-22 11:47:25,095 - INFO - 正在写入用例执行情况
2019-01-22 11:59:40,989 - INFO - 用例路径：E:\project\ApiTest\cases\exmple.xlsx
2019-01-22 11:59:40,989 - INFO - 用例路径：E:\project\ApiTest\cases\exmple.xlsx
2019-01-22 11:59:40,989 - INFO - 用例路径：E:\project\ApiTest\cases\exmple.xlsx
2019-01-22 11:59:40,989 - INFO - 用例路径：E:\project\ApiTest\cases\exmple.xlsx
2019-01-22 11:59:40,989 - INFO - 用例路径：E:\project\ApiTest\cases\exmple.xlsx
2019-01-22 11:59:40,989 - INFO - 获取用例完毕，共获取用例2条
2019-01-22 11:59:40,989 - INFO - 获取用例完毕，共获取用例2条
2019-01-22 11:59:40,989 - INFO - 获取用例完毕，共获取用例2条
2019-01-22 11:59:40,989 - INFO - 获取用例完毕，共获取用例2条
2019-01-22 11:59:40,989 - INFO - 获取用例完毕，共获取用例2条
2019-01-22 11:59:41,223 - INFO - 正在写入用例执行情况
2019-01-22 11:59:41,223 - INFO - 正在写入用例执行情况
2019-01-22 11:59:41,223 - INFO - 正在写入用例执行情况
2019-01-22 11:59:41,223 - INFO - 正在写入用例执行情况
2019-01-22 11:59:41,223 - INFO - 正在写入用例执行情况
2019-01-22 11:59:41,223 - INFO - 正在写入用例执行情况
2019-01-22 12:28:14,673 - INFO - 用例路径：E:\project\ApiTest\cases\exmple.xlsx
2019-01-22 12:28:14,673 - INFO - 用例路径：E:\project\ApiTest\cases\exmple.xlsx
2019-01-22 12:28:14,673 - INFO - 用例路径：E:\project\ApiTest\cases\exmple.xlsx
2019-01-22 12:28:14,673 - INFO - 用例路径：E:\project\ApiTest\cases\exmple.xlsx
2019-01-22 12:28:14,673 - INFO - 用例路径：E:\project\ApiTest\cases\exmple.xlsx
2019-01-22 12:28:14,673 - INFO - 获取用例完毕，共获取用例2条
2019-01-22 12:28:14,673 - INFO - 获取用例完毕，共获取用例2条
2019-01-22 12:28:14,673 - INFO - 获取用例完毕，共获取用例2条
2019-01-22 12:28:14,673 - INFO - 获取用例完毕，共获取用例2条
2019-01-22 12:28:14,673 - INFO - 获取用例完毕，共获取用例2条
2019-01-22 12:28:14,971 - INFO - 正在写入用例执行情况
2019-01-22 12:28:14,971 - INFO - 正在写入用例执行情况
2019-01-22 12:28:14,971 - INFO - 正在写入用例执行情况
2019-01-22 12:28:14,971 - INFO - 正在写入用例执行情况
2019-01-22 12:28:14,971 - INFO - 正在写入用例执行情况
2019-01-22 12:28:14,971 - INFO - 正在写入用例执行情况
2019-01-22 13:46:03,998 - INFO - 用例路径：E:\project\ApiTest\cases\exmple.xlsx
2019-01-22 13:46:03,998 - INFO - 用例路径：E:\project\ApiTest\cases\exmple.xlsx
2019-01-22 13:46:03,998 - INFO - 用例路径：E:\project\ApiTest\cases\exmple.xlsx
2019-01-22 13:46:03,998 - INFO - 用例路径：E:\project\ApiTest\cases\exmple.xlsx
2019-01-22 13:46:03,998 - INFO - 用例路径：E:\project\ApiTest\cases\exmple.xlsx
2019-01-22 13:46:03,999 - INFO - 获取用例完毕，共获取用例2条
2019-01-22 13:46:03,999 - INFO - 获取用例完毕，共获取用例2条
2019-01-22 13:46:03,999 - INFO - 获取用例完毕，共获取用例2条
2019-01-22 13:46:03,999 - INFO - 获取用例完毕，共获取用例2条
2019-01-22 13:46:03,999 - INFO - 获取用例完毕，共获取用例2条
2019-01-22 13:46:04,132 - INFO - sql语句错误---->select relatedApi from apiInfo where apiId=(None,)
2019-01-22 13:46:04,132 - INFO - sql语句错误---->select relatedApi from apiInfo where apiId=(None,)
2019-01-22 13:46:04,132 - INFO - sql语句错误---->select relatedApi from apiInfo where apiId=(None,)
2019-01-22 13:46:04,132 - INFO - sql语句错误---->select relatedApi from apiInfo where apiId=(None,)
2019-01-22 13:46:04,132 - INFO - sql语句错误---->select relatedApi from apiInfo where apiId=(None,)
2019-01-22 13:46:04,141 - INFO - 正在写入用例执行情况
2019-01-22 13:46:04,141 - INFO - 正在写入用例执行情况
2019-01-22 13:46:04,141 - INFO - 正在写入用例执行情况
2019-01-22 13:46:04,141 - INFO - 正在写入用例执行情况
2019-01-22 13:46:04,141 - INFO - 正在写入用例执行情况
2019-01-22 13:46:04,141 - INFO - 正在写入用例执行情况
2019-01-22 13:47:04,748 - INFO - 用例路径：E:\project\ApiTest\cases\exmple.xlsx
2019-01-22 13:47:04,748 - INFO - 用例路径：E:\project\ApiTest\cases\exmple.xlsx
2019-01-22 13:47:04,748 - INFO - 用例路径：E:\project\ApiTest\cases\exmple.xlsx
2019-01-22 13:47:04,748 - INFO - 用例路径：E:\project\ApiTest\cases\exmple.xlsx
2019-01-22 13:47:04,748 - INFO - 用例路径：E:\project\ApiTest\cases\exmple.xlsx
2019-01-22 13:47:04,748 - INFO - 获取用例完毕，共获取用例2条
2019-01-22 13:47:04,748 - INFO - 获取用例完毕，共获取用例2条
2019-01-22 13:47:04,748 - INFO - 获取用例完毕，共获取用例2条
2019-01-22 13:47:04,748 - INFO - 获取用例完毕，共获取用例2条
2019-01-22 13:47:04,748 - INFO - 获取用例完毕，共获取用例2条
2019-01-22 13:47:04,889 - INFO - sql语句错误---->select relatedApi from apiInfo where apiId=(None,)
2019-01-22 13:47:04,889 - INFO - sql语句错误---->select relatedApi from apiInfo where apiId=(None,)
2019-01-22 13:47:04,889 - INFO - sql语句错误---->select relatedApi from apiInfo where apiId=(None,)
2019-01-22 13:47:04,889 - INFO - sql语句错误---->select relatedApi from apiInfo where apiId=(None,)
2019-01-22 13:47:04,889 - INFO - sql语句错误---->select relatedApi from apiInfo where apiId=(None,)
2019-01-22 13:47:04,892 - INFO - 正在写入用例执行情况
2019-01-22 13:47:04,892 - INFO - 正在写入用例执行情况
2019-01-22 13:47:04,892 - INFO - 正在写入用例执行情况
2019-01-22 13:47:04,892 - INFO - 正在写入用例执行情况
2019-01-22 13:47:04,892 - INFO - 正在写入用例执行情况
2019-01-22 13:47:04,892 - INFO - 正在写入用例执行情况
2019-01-22 13:48:53,689 - INFO - 用例路径：E:\project\ApiTest\cases\exmple.xlsx
2019-01-22 13:48:53,689 - INFO - 用例路径：E:\project\ApiTest\cases\exmple.xlsx
2019-01-22 13:48:53,689 - INFO - 用例路径：E:\project\ApiTest\cases\exmple.xlsx
2019-01-22 13:48:53,689 - INFO - 获取用例完毕，共获取用例2条
2019-01-22 13:48:53,689 - INFO - 获取用例完毕，共获取用例2条
2019-01-22 13:48:53,689 - INFO - 获取用例完毕，共获取用例2条
2019-01-22 14:19:56,627 - INFO - 用例路径：E:\project\ApiTest\cases\exmple.xlsx
2019-01-22 14:19:56,627 - INFO - 用例路径：E:\project\ApiTest\cases\exmple.xlsx
2019-01-22 14:19:56,627 - INFO - 用例路径：E:\project\ApiTest\cases\exmple.xlsx
2019-01-22 14:19:56,627 - INFO - 用例路径：E:\project\ApiTest\cases\exmple.xlsx
2019-01-22 14:19:56,627 - INFO - 用例路径：E:\project\ApiTest\cases\exmple.xlsx
2019-01-22 14:19:56,628 - INFO - 获取用例完毕，共获取用例2条
2019-01-22 14:19:56,628 - INFO - 获取用例完毕，共获取用例2条
2019-01-22 14:19:56,628 - INFO - 获取用例完毕，共获取用例2条
2019-01-22 14:19:56,628 - INFO - 获取用例完毕，共获取用例2条
2019-01-22 14:19:56,628 - INFO - 获取用例完毕，共获取用例2条
2019-01-22 14:19:56,788 - INFO - sql语句错误---->select relatedApi from apiInfo where apiId={'relatedApi': None}
2019-01-22 14:19:56,788 - INFO - sql语句错误---->select relatedApi from apiInfo where apiId={'relatedApi': None}
2019-01-22 14:19:56,788 - INFO - sql语句错误---->select relatedApi from apiInfo where apiId={'relatedApi': None}
2019-01-22 14:19:56,788 - INFO - sql语句错误---->select relatedApi from apiInfo where apiId={'relatedApi': None}
2019-01-22 14:19:56,788 - INFO - sql语句错误---->select relatedApi from apiInfo where apiId={'relatedApi': None}
2019-01-22 14:19:56,799 - INFO - 正在写入用例执行情况
2019-01-22 14:19:56,799 - INFO - 正在写入用例执行情况
2019-01-22 14:19:56,799 - INFO - 正在写入用例执行情况
2019-01-22 14:19:56,799 - INFO - 正在写入用例执行情况
2019-01-22 14:19:56,799 - INFO - 正在写入用例执行情况
2019-01-22 14:19:56,799 - INFO - 正在写入用例执行情况
2019-01-22 14:20:25,504 - INFO - 用例路径：E:\project\ApiTest\cases\exmple.xlsx
2019-01-22 14:20:25,504 - INFO - 用例路径：E:\project\ApiTest\cases\exmple.xlsx
2019-01-22 14:20:25,504 - INFO - 用例路径：E:\project\ApiTest\cases\exmple.xlsx
2019-01-22 14:20:25,504 - INFO - 用例路径：E:\project\ApiTest\cases\exmple.xlsx
2019-01-22 14:20:25,504 - INFO - 用例路径：E:\project\ApiTest\cases\exmple.xlsx
2019-01-22 14:20:25,505 - INFO - 获取用例完毕，共获取用例2条
2019-01-22 14:20:25,505 - INFO - 获取用例完毕，共获取用例2条
2019-01-22 14:20:25,505 - INFO - 获取用例完毕，共获取用例2条
2019-01-22 14:20:25,505 - INFO - 获取用例完毕，共获取用例2条
2019-01-22 14:20:25,505 - INFO - 获取用例完毕，共获取用例2条
2019-01-22 14:20:25,620 - INFO - 正在写入用例执行情况
2019-01-22 14:20:25,620 - INFO - 正在写入用例执行情况
2019-01-22 14:20:25,620 - INFO - 正在写入用例执行情况
2019-01-22 14:20:25,620 - INFO - 正在写入用例执行情况
2019-01-22 14:20:25,620 - INFO - 正在写入用例执行情况
2019-01-22 14:20:25,620 - INFO - 正在写入用例执行情况
2019-01-22 14:21:23,722 - INFO - 用例路径：E:\project\ApiTest\cases\exmple.xlsx
2019-01-22 14:21:23,722 - INFO - 用例路径：E:\project\ApiTest\cases\exmple.xlsx
2019-01-22 14:21:23,722 - INFO - 用例路径：E:\project\ApiTest\cases\exmple.xlsx
2019-01-22 14:21:23,722 - INFO - 用例路径：E:\project\ApiTest\cases\exmple.xlsx
2019-01-22 14:21:23,722 - INFO - 用例路径：E:\project\ApiTest\cases\exmple.xlsx
2019-01-22 14:21:23,723 - INFO - 获取用例完毕，共获取用例3条
2019-01-22 14:21:23,723 - INFO - 获取用例完毕，共获取用例3条
2019-01-22 14:21:23,723 - INFO - 获取用例完毕，共获取用例3条
2019-01-22 14:21:23,723 - INFO - 获取用例完毕，共获取用例3条
2019-01-22 14:21:23,723 - INFO - 获取用例完毕，共获取用例3条
2019-01-22 14:21:24,067 - INFO - 正在写入用例执行情况
2019-01-22 14:21:24,067 - INFO - 正在写入用例执行情况
2019-01-22 14:21:24,067 - INFO - 正在写入用例执行情况
2019-01-22 14:21:24,067 - INFO - 正在写入用例执行情况
2019-01-22 14:21:24,067 - INFO - 正在写入用例执行情况
2019-01-22 14:21:24,067 - INFO - 正在写入用例执行情况
2019-01-22 14:22:00,662 - INFO - 用例路径：E:\project\ApiTest\cases\exmple.xlsx
2019-01-22 14:22:00,662 - INFO - 用例路径：E:\project\ApiTest\cases\exmple.xlsx
2019-01-22 14:22:00,662 - INFO - 用例路径：E:\project\ApiTest\cases\exmple.xlsx
2019-01-22 14:22:00,662 - INFO - 用例路径：E:\project\ApiTest\cases\exmple.xlsx
2019-01-22 14:22:00,662 - INFO - 用例路径：E:\project\ApiTest\cases\exmple.xlsx
2019-01-22 14:22:00,663 - INFO - 获取用例完毕，共获取用例3条
2019-01-22 14:22:00,663 - INFO - 获取用例完毕，共获取用例3条
2019-01-22 14:22:00,663 - INFO - 获取用例完毕，共获取用例3条
2019-01-22 14:22:00,663 - INFO - 获取用例完毕，共获取用例3条
2019-01-22 14:22:00,663 - INFO - 获取用例完毕，共获取用例3条
2019-01-22 14:22:00,811 - INFO - 正在写入用例执行情况
2019-01-22 14:22:00,811 - INFO - 正在写入用例执行情况
2019-01-22 14:22:00,811 - INFO - 正在写入用例执行情况
2019-01-22 14:22:00,811 - INFO - 正在写入用例执行情况
2019-01-22 14:22:00,811 - INFO - 正在写入用例执行情况
2019-01-22 14:22:00,811 - INFO - 正在写入用例执行情况
2019-01-22 14:22:21,369 - INFO - 用例路径：E:\project\ApiTest\cases\exmple.xlsx
2019-01-22 14:22:21,369 - INFO - 用例路径：E:\project\ApiTest\cases\exmple.xlsx
2019-01-22 14:22:21,369 - INFO - 用例路径：E:\project\ApiTest\cases\exmple.xlsx
2019-01-22 14:22:21,369 - INFO - 用例路径：E:\project\ApiTest\cases\exmple.xlsx
2019-01-22 14:22:21,369 - INFO - 用例路径：E:\project\ApiTest\cases\exmple.xlsx
2019-01-22 14:22:21,369 - INFO - 获取用例完毕，共获取用例3条
2019-01-22 14:22:21,369 - INFO - 获取用例完毕，共获取用例3条
2019-01-22 14:22:21,369 - INFO - 获取用例完毕，共获取用例3条
2019-01-22 14:22:21,369 - INFO - 获取用例完毕，共获取用例3条
2019-01-22 14:22:21,369 - INFO - 获取用例完毕，共获取用例3条
2019-01-22 14:22:21,493 - INFO - 正在写入用例执行情况
2019-01-22 14:22:21,493 - INFO - 正在写入用例执行情况
2019-01-22 14:22:21,493 - INFO - 正在写入用例执行情况
2019-01-22 14:22:21,493 - INFO - 正在写入用例执行情况
2019-01-22 14:22:21,493 - INFO - 正在写入用例执行情况
2019-01-22 14:22:21,493 - INFO - 正在写入用例执行情况
2019-01-22 14:27:56,730 - INFO - 用例路径：E:\project\ApiTest\cases\exmple.xlsx
2019-01-22 14:27:56,730 - INFO - 用例路径：E:\project\ApiTest\cases\exmple.xlsx
2019-01-22 14:27:56,730 - INFO - 用例路径：E:\project\ApiTest\cases\exmple.xlsx
2019-01-22 14:27:56,730 - INFO - 用例路径：E:\project\ApiTest\cases\exmple.xlsx
2019-01-22 14:27:56,730 - INFO - 用例路径：E:\project\ApiTest\cases\exmple.xlsx
2019-01-22 14:27:56,730 - INFO - 获取用例完毕，共获取用例3条
2019-01-22 14:27:56,730 - INFO - 获取用例完毕，共获取用例3条
2019-01-22 14:27:56,730 - INFO - 获取用例完毕，共获取用例3条
2019-01-22 14:27:56,730 - INFO - 获取用例完毕，共获取用例3条
2019-01-22 14:27:56,730 - INFO - 获取用例完毕，共获取用例3条
2019-01-22 14:28:08,625 - INFO - 用例路径：E:\project\ApiTest\cases\exmple.xlsx
2019-01-22 14:28:08,625 - INFO - 用例路径：E:\project\ApiTest\cases\exmple.xlsx
2019-01-22 14:28:08,625 - INFO - 用例路径：E:\project\ApiTest\cases\exmple.xlsx
2019-01-22 14:28:08,625 - INFO - 用例路径：E:\project\ApiTest\cases\exmple.xlsx
2019-01-22 14:28:08,625 - INFO - 用例路径：E:\project\ApiTest\cases\exmple.xlsx
2019-01-22 14:28:08,626 - INFO - 获取用例完毕，共获取用例3条
2019-01-22 14:28:08,626 - INFO - 获取用例完毕，共获取用例3条
2019-01-22 14:28:08,626 - INFO - 获取用例完毕，共获取用例3条
2019-01-22 14:28:08,626 - INFO - 获取用例完毕，共获取用例3条
2019-01-22 14:28:08,626 - INFO - 获取用例完毕，共获取用例3条
2019-01-22 14:28:08,633 - INFO - 没有post这种请求方式,请修改用例
2019-01-22 14:28:08,633 - INFO - 没有post这种请求方式,请修改用例
2019-01-22 14:28:08,633 - INFO - 没有post这种请求方式,请修改用例
2019-01-22 14:28:08,633 - INFO - 没有post这种请求方式,请修改用例
2019-01-22 14:28:08,633 - INFO - 没有post这种请求方式,请修改用例
2019-01-22 14:28:08,635 - INFO - 正在写入用例执行情况
2019-01-22 14:28:08,635 - INFO - 正在写入用例执行情况
2019-01-22 14:28:08,635 - INFO - 正在写入用例执行情况
2019-01-22 14:28:08,635 - INFO - 正在写入用例执行情况
2019-01-22 14:28:08,635 - INFO - 正在写入用例执行情况
2019-01-22 14:28:08,635 - INFO - 正在写入用例执行情况
2019-01-22 14:30:12,217 - INFO - 用例路径：E:\project\ApiTest\cases\exmple.xlsx
2019-01-22 14:30:12,217 - INFO - 用例路径：E:\project\ApiTest\cases\exmple.xlsx
2019-01-22 14:30:12,217 - INFO - 用例路径：E:\project\ApiTest\cases\exmple.xlsx
2019-01-22 14:30:12,217 - INFO - 用例路径：E:\project\ApiTest\cases\exmple.xlsx
2019-01-22 14:30:12,217 - INFO - 用例路径：E:\project\ApiTest\cases\exmple.xlsx
2019-01-22 14:30:12,217 - INFO - 获取用例完毕，共获取用例2条
2019-01-22 14:30:12,217 - INFO - 获取用例完毕，共获取用例2条
2019-01-22 14:30:12,217 - INFO - 获取用例完毕，共获取用例2条
2019-01-22 14:30:12,217 - INFO - 获取用例完毕，共获取用例2条
2019-01-22 14:30:12,217 - INFO - 获取用例完毕，共获取用例2条
2019-01-22 14:30:12,219 - INFO - 没有post这种请求方式,请修改用例
2019-01-22 14:30:12,219 - INFO - 没有post这种请求方式,请修改用例
2019-01-22 14:30:12,219 - INFO - 没有post这种请求方式,请修改用例
2019-01-22 14:30:12,219 - INFO - 没有post这种请求方式,请修改用例
2019-01-22 14:30:12,219 - INFO - 没有post这种请求方式,请修改用例
2019-01-22 14:30:12,350 - INFO - 正在写入用例执行情况
2019-01-22 14:30:12,350 - INFO - 正在写入用例执行情况
2019-01-22 14:30:12,350 - INFO - 正在写入用例执行情况
2019-01-22 14:30:12,350 - INFO - 正在写入用例执行情况
2019-01-22 14:30:12,350 - INFO - 正在写入用例执行情况
2019-01-22 14:30:12,350 - INFO - 正在写入用例执行情况
2019-01-22 14:31:12,466 - INFO - 用例路径：E:\project\ApiTest\cases\exmple.xlsx
2019-01-22 14:31:12,466 - INFO - 用例路径：E:\project\ApiTest\cases\exmple.xlsx
2019-01-22 14:31:12,466 - INFO - 用例路径：E:\project\ApiTest\cases\exmple.xlsx
2019-01-22 14:31:12,466 - INFO - 用例路径：E:\project\ApiTest\cases\exmple.xlsx
2019-01-22 14:31:12,466 - INFO - 用例路径：E:\project\ApiTest\cases\exmple.xlsx
2019-01-22 14:31:12,467 - INFO - 获取用例完毕，共获取用例2条
2019-01-22 14:31:12,467 - INFO - 获取用例完毕，共获取用例2条
2019-01-22 14:31:12,467 - INFO - 获取用例完毕，共获取用例2条
2019-01-22 14:31:12,467 - INFO - 获取用例完毕，共获取用例2条
2019-01-22 14:31:12,467 - INFO - 获取用例完毕，共获取用例2条
2019-01-22 14:31:12,468 - INFO - 没有post这种请求方式,请修改用例
2019-01-22 14:31:12,468 - INFO - 没有post这种请求方式,请修改用例
2019-01-22 14:31:12,468 - INFO - 没有post这种请求方式,请修改用例
2019-01-22 14:31:12,468 - INFO - 没有post这种请求方式,请修改用例
2019-01-22 14:31:12,468 - INFO - 没有post这种请求方式,请修改用例
2019-01-22 14:31:12,591 - INFO - 正在写入用例执行情况
2019-01-22 14:31:12,591 - INFO - 正在写入用例执行情况
2019-01-22 14:31:12,591 - INFO - 正在写入用例执行情况
2019-01-22 14:31:12,591 - INFO - 正在写入用例执行情况
2019-01-22 14:31:12,591 - INFO - 正在写入用例执行情况
2019-01-22 14:31:12,591 - INFO - 正在写入用例执行情况
2019-01-22 14:34:15,281 - INFO - 用例路径：E:\project\ApiTest\cases\exmple.xlsx
2019-01-22 14:34:15,281 - INFO - 用例路径：E:\project\ApiTest\cases\exmple.xlsx
2019-01-22 14:34:15,281 - INFO - 用例路径：E:\project\ApiTest\cases\exmple.xlsx
2019-01-22 14:34:15,281 - INFO - 用例路径：E:\project\ApiTest\cases\exmple.xlsx
2019-01-22 14:34:15,281 - INFO - 用例路径：E:\project\ApiTest\cases\exmple.xlsx
2019-01-22 14:34:15,281 - INFO - 获取用例完毕，共获取用例2条
2019-01-22 14:34:15,281 - INFO - 获取用例完毕，共获取用例2条
2019-01-22 14:34:15,281 - INFO - 获取用例完毕，共获取用例2条
2019-01-22 14:34:15,281 - INFO - 获取用例完毕，共获取用例2条
2019-01-22 14:34:15,281 - INFO - 获取用例完毕，共获取用例2条
2019-01-22 14:34:15,283 - INFO - 没有post这种请求方式,请修改用例
2019-01-22 14:34:15,283 - INFO - 没有post这种请求方式,请修改用例
2019-01-22 14:34:15,283 - INFO - 没有post这种请求方式,请修改用例
2019-01-22 14:34:15,283 - INFO - 没有post这种请求方式,请修改用例
2019-01-22 14:34:15,283 - INFO - 没有post这种请求方式,请修改用例
2019-01-22 14:34:15,288 - INFO - 正在写入用例执行情况
2019-01-22 14:34:15,288 - INFO - 正在写入用例执行情况
2019-01-22 14:34:15,288 - INFO - 正在写入用例执行情况
2019-01-22 14:34:15,288 - INFO - 正在写入用例执行情况
2019-01-22 14:34:15,288 - INFO - 正在写入用例执行情况
2019-01-22 14:34:15,288 - INFO - 正在写入用例执行情况
2019-01-22 14:34:32,732 - INFO - 用例路径：E:\project\ApiTest\cases\exmple.xlsx
2019-01-22 14:34:32,732 - INFO - 用例路径：E:\project\ApiTest\cases\exmple.xlsx
2019-01-22 14:34:32,732 - INFO - 用例路径：E:\project\ApiTest\cases\exmple.xlsx
2019-01-22 14:34:32,732 - INFO - 用例路径：E:\project\ApiTest\cases\exmple.xlsx
2019-01-22 14:34:32,732 - INFO - 用例路径：E:\project\ApiTest\cases\exmple.xlsx
2019-01-22 14:34:32,732 - INFO - 获取用例完毕，共获取用例2条
2019-01-22 14:34:32,732 - INFO - 获取用例完毕，共获取用例2条
2019-01-22 14:34:32,732 - INFO - 获取用例完毕，共获取用例2条
2019-01-22 14:34:32,732 - INFO - 获取用例完毕，共获取用例2条
2019-01-22 14:34:32,732 - INFO - 获取用例完毕，共获取用例2条
2019-01-22 14:34:32,734 - INFO - 没有post这种请求方式,请修改用例
2019-01-22 14:34:32,734 - INFO - 没有post这种请求方式,请修改用例
2019-01-22 14:34:32,734 - INFO - 没有post这种请求方式,请修改用例
2019-01-22 14:34:32,734 - INFO - 没有post这种请求方式,请修改用例
2019-01-22 14:34:32,734 - INFO - 没有post这种请求方式,请修改用例
2019-01-22 14:34:32,844 - INFO - 正在写入用例执行情况
2019-01-22 14:34:32,844 - INFO - 正在写入用例执行情况
2019-01-22 14:34:32,844 - INFO - 正在写入用例执行情况
2019-01-22 14:34:32,844 - INFO - 正在写入用例执行情况
2019-01-22 14:34:32,844 - INFO - 正在写入用例执行情况
2019-01-22 14:34:32,844 - INFO - 正在写入用例执行情况
2019-01-22 14:35:03,748 - INFO - 用例路径：E:\project\ApiTest\cases\exmple.xlsx
2019-01-22 14:35:03,748 - INFO - 用例路径：E:\project\ApiTest\cases\exmple.xlsx
2019-01-22 14:35:03,748 - INFO - 用例路径：E:\project\ApiTest\cases\exmple.xlsx
2019-01-22 14:35:03,748 - INFO - 用例路径：E:\project\ApiTest\cases\exmple.xlsx
2019-01-22 14:35:03,748 - INFO - 用例路径：E:\project\ApiTest\cases\exmple.xlsx
2019-01-22 14:35:03,748 - INFO - 获取用例完毕，共获取用例2条
2019-01-22 14:35:03,748 - INFO - 获取用例完毕，共获取用例2条
2019-01-22 14:35:03,748 - INFO - 获取用例完毕，共获取用例2条
2019-01-22 14:35:03,748 - INFO - 获取用例完毕，共获取用例2条
2019-01-22 14:35:03,748 - INFO - 获取用例完毕，共获取用例2条
2019-01-22 14:35:03,931 - INFO - 正在写入用例执行情况
2019-01-22 14:35:03,931 - INFO - 正在写入用例执行情况
2019-01-22 14:35:03,931 - INFO - 正在写入用例执行情况
2019-01-22 14:35:03,931 - INFO - 正在写入用例执行情况
2019-01-22 14:35:03,931 - INFO - 正在写入用例执行情况
2019-01-22 14:35:03,931 - INFO - 正在写入用例执行情况
2019-01-22 14:35:21,066 - INFO - 用例路径：E:\project\ApiTest\cases\exmple.xlsx
2019-01-22 14:35:21,066 - INFO - 用例路径：E:\project\ApiTest\cases\exmple.xlsx
2019-01-22 14:35:21,066 - INFO - 用例路径：E:\project\ApiTest\cases\exmple.xlsx
2019-01-22 14:35:21,066 - INFO - 用例路径：E:\project\ApiTest\cases\exmple.xlsx
2019-01-22 14:35:21,066 - INFO - 用例路径：E:\project\ApiTest\cases\exmple.xlsx
2019-01-22 14:35:21,066 - INFO - 获取用例完毕，共获取用例2条
2019-01-22 14:35:21,066 - INFO - 获取用例完毕，共获取用例2条
2019-01-22 14:35:21,066 - INFO - 获取用例完毕，共获取用例2条
2019-01-22 14:35:21,066 - INFO - 获取用例完毕，共获取用例2条
2019-01-22 14:35:21,066 - INFO - 获取用例完毕，共获取用例2条
2019-01-22 14:35:21,352 - INFO - 正在写入用例执行情况
2019-01-22 14:35:21,352 - INFO - 正在写入用例执行情况
2019-01-22 14:35:21,352 - INFO - 正在写入用例执行情况
2019-01-22 14:35:21,352 - INFO - 正在写入用例执行情况
2019-01-22 14:35:21,352 - INFO - 正在写入用例执行情况
2019-01-22 14:35:21,352 - INFO - 正在写入用例执行情况
2019-01-22 14:36:43,436 - INFO - 用例路径：E:\project\ApiTest\cases\exmple.xlsx
2019-01-22 14:36:43,436 - INFO - 用例路径：E:\project\ApiTest\cases\exmple.xlsx
2019-01-22 14:36:43,436 - INFO - 用例路径：E:\project\ApiTest\cases\exmple.xlsx
2019-01-22 14:36:43,436 - INFO - 用例路径：E:\project\ApiTest\cases\exmple.xlsx
2019-01-22 14:36:43,436 - INFO - 用例路径：E:\project\ApiTest\cases\exmple.xlsx
2019-01-22 14:36:43,437 - INFO - 获取用例完毕，共获取用例2条
2019-01-22 14:36:43,437 - INFO - 获取用例完毕，共获取用例2条
2019-01-22 14:36:43,437 - INFO - 获取用例完毕，共获取用例2条
2019-01-22 14:36:43,437 - INFO - 获取用例完毕，共获取用例2条
2019-01-22 14:36:43,437 - INFO - 获取用例完毕，共获取用例2条
2019-01-22 14:36:43,687 - INFO - 正在写入用例执行情况
2019-01-22 14:36:43,687 - INFO - 正在写入用例执行情况
2019-01-22 14:36:43,687 - INFO - 正在写入用例执行情况
2019-01-22 14:36:43,687 - INFO - 正在写入用例执行情况
2019-01-22 14:36:43,687 - INFO - 正在写入用例执行情况
2019-01-22 14:36:43,687 - INFO - 正在写入用例执行情况
2019-01-22 14:37:40,508 - INFO - 用例路径：E:\project\ApiTest\cases\exmple.xlsx
2019-01-22 14:37:40,508 - INFO - 用例路径：E:\project\ApiTest\cases\exmple.xlsx
2019-01-22 14:37:40,508 - INFO - 用例路径：E:\project\ApiTest\cases\exmple.xlsx
2019-01-22 14:37:40,508 - INFO - 用例路径：E:\project\ApiTest\cases\exmple.xlsx
2019-01-22 14:37:40,508 - INFO - 用例路径：E:\project\ApiTest\cases\exmple.xlsx
2019-01-22 14:37:40,508 - INFO - 获取用例完毕，共获取用例2条
2019-01-22 14:37:40,508 - INFO - 获取用例完毕，共获取用例2条
2019-01-22 14:37:40,508 - INFO - 获取用例完毕，共获取用例2条
2019-01-22 14:37:40,508 - INFO - 获取用例完毕，共获取用例2条
2019-01-22 14:37:40,508 - INFO - 获取用例完毕，共获取用例2条
2019-01-22 14:37:40,697 - INFO - 正在写入用例执行情况
2019-01-22 14:37:40,697 - INFO - 正在写入用例执行情况
2019-01-22 14:37:40,697 - INFO - 正在写入用例执行情况
2019-01-22 14:37:40,697 - INFO - 正在写入用例执行情况
2019-01-22 14:37:40,697 - INFO - 正在写入用例执行情况
2019-01-22 14:37:40,697 - INFO - 正在写入用例执行情况
2019-01-22 14:38:11,691 - INFO - 用例路径：E:\project\ApiTest\cases\exmple.xlsx
2019-01-22 14:38:11,691 - INFO - 用例路径：E:\project\ApiTest\cases\exmple.xlsx
2019-01-22 14:38:11,691 - INFO - 用例路径：E:\project\ApiTest\cases\exmple.xlsx
2019-01-22 14:38:11,691 - INFO - 用例路径：E:\project\ApiTest\cases\exmple.xlsx
2019-01-22 14:38:11,691 - INFO - 用例路径：E:\project\ApiTest\cases\exmple.xlsx
2019-01-22 14:38:11,691 - INFO - 获取用例完毕，共获取用例2条
2019-01-22 14:38:11,691 - INFO - 获取用例完毕，共获取用例2条
2019-01-22 14:38:11,691 - INFO - 获取用例完毕，共获取用例2条
2019-01-22 14:38:11,691 - INFO - 获取用例完毕，共获取用例2条
2019-01-22 14:38:11,691 - INFO - 获取用例完毕，共获取用例2条
2019-01-22 14:38:12,211 - INFO - 正在写入用例执行情况
2019-01-22 14:38:12,211 - INFO - 正在写入用例执行情况
2019-01-22 14:38:12,211 - INFO - 正在写入用例执行情况
2019-01-22 14:38:12,211 - INFO - 正在写入用例执行情况
2019-01-22 14:38:12,211 - INFO - 正在写入用例执行情况
2019-01-22 14:38:12,211 - INFO - 正在写入用例执行情况
2019-01-22 14:39:36,319 - INFO - 用例路径：E:\project\ApiTest\cases\exmple.xlsx
2019-01-22 14:39:36,319 - INFO - 用例路径：E:\project\ApiTest\cases\exmple.xlsx
2019-01-22 14:39:36,319 - INFO - 用例路径：E:\project\ApiTest\cases\exmple.xlsx
2019-01-22 14:39:36,319 - INFO - 用例路径：E:\project\ApiTest\cases\exmple.xlsx
2019-01-22 14:39:36,319 - INFO - 用例路径：E:\project\ApiTest\cases\exmple.xlsx
2019-01-22 14:39:36,320 - INFO - 获取用例完毕，共获取用例2条
2019-01-22 14:39:36,320 - INFO - 获取用例完毕，共获取用例2条
2019-01-22 14:39:36,320 - INFO - 获取用例完毕，共获取用例2条
2019-01-22 14:39:36,320 - INFO - 获取用例完毕，共获取用例2条
2019-01-22 14:39:36,320 - INFO - 获取用例完毕，共获取用例2条
2019-01-22 14:39:36,530 - INFO - 正在写入用例执行情况
2019-01-22 14:39:36,530 - INFO - 正在写入用例执行情况
2019-01-22 14:39:36,530 - INFO - 正在写入用例执行情况
2019-01-22 14:39:36,530 - INFO - 正在写入用例执行情况
2019-01-22 14:39:36,530 - INFO - 正在写入用例执行情况
2019-01-22 14:39:36,530 - INFO - 正在写入用例执行情况
2019-01-22 14:40:49,809 - INFO - 用例路径：E:\project\ApiTest\cases\exmple.xlsx
2019-01-22 14:40:49,809 - INFO - 用例路径：E:\project\ApiTest\cases\exmple.xlsx
2019-01-22 14:40:49,809 - INFO - 用例路径：E:\project\ApiTest\cases\exmple.xlsx
2019-01-22 14:40:49,809 - INFO - 用例路径：E:\project\ApiTest\cases\exmple.xlsx
2019-01-22 14:40:49,809 - INFO - 用例路径：E:\project\ApiTest\cases\exmple.xlsx
2019-01-22 14:40:49,809 - INFO - 获取用例完毕，共获取用例2条
2019-01-22 14:40:49,809 - INFO - 获取用例完毕，共获取用例2条
2019-01-22 14:40:49,809 - INFO - 获取用例完毕，共获取用例2条
2019-01-22 14:40:49,809 - INFO - 获取用例完毕，共获取用例2条
2019-01-22 14:40:49,809 - INFO - 获取用例完毕，共获取用例2条
2019-01-22 14:40:49,971 - INFO - 正在写入用例执行情况
2019-01-22 14:40:49,971 - INFO - 正在写入用例执行情况
2019-01-22 14:40:49,971 - INFO - 正在写入用例执行情况
2019-01-22 14:40:49,971 - INFO - 正在写入用例执行情况
2019-01-22 14:40:49,971 - INFO - 正在写入用例执行情况
2019-01-22 14:40:49,971 - INFO - 正在写入用例执行情况
2019-01-22 14:42:00,680 - INFO - 用例路径：E:\project\ApiTest\cases\exmple.xlsx
2019-01-22 14:42:00,680 - INFO - 用例路径：E:\project\ApiTest\cases\exmple.xlsx
2019-01-22 14:42:00,680 - INFO - 用例路径：E:\project\ApiTest\cases\exmple.xlsx
2019-01-22 14:42:00,680 - INFO - 用例路径：E:\project\ApiTest\cases\exmple.xlsx
2019-01-22 14:42:00,680 - INFO - 用例路径：E:\project\ApiTest\cases\exmple.xlsx
2019-01-22 14:42:00,680 - INFO - 获取用例完毕，共获取用例2条
2019-01-22 14:42:00,680 - INFO - 获取用例完毕，共获取用例2条
2019-01-22 14:42:00,680 - INFO - 获取用例完毕，共获取用例2条
2019-01-22 14:42:00,680 - INFO - 获取用例完毕，共获取用例2条
2019-01-22 14:42:00,680 - INFO - 获取用例完毕，共获取用例2条
2019-01-22 14:42:00,898 - INFO - 正在写入用例执行情况
2019-01-22 14:42:00,898 - INFO - 正在写入用例执行情况
2019-01-22 14:42:00,898 - INFO - 正在写入用例执行情况
2019-01-22 14:42:00,898 - INFO - 正在写入用例执行情况
2019-01-22 14:42:00,898 - INFO - 正在写入用例执行情况
2019-01-22 14:42:00,898 - INFO - 正在写入用例执行情况
2019-01-22 14:42:43,607 - INFO - 用例路径：E:\project\ApiTest\cases\exmple.xlsx
2019-01-22 14:42:43,607 - INFO - 用例路径：E:\project\ApiTest\cases\exmple.xlsx
2019-01-22 14:42:43,607 - INFO - 用例路径：E:\project\ApiTest\cases\exmple.xlsx
2019-01-22 14:42:43,607 - INFO - 用例路径：E:\project\ApiTest\cases\exmple.xlsx
2019-01-22 14:42:43,607 - INFO - 用例路径：E:\project\ApiTest\cases\exmple.xlsx
2019-01-22 14:42:43,607 - INFO - 获取用例完毕，共获取用例2条
2019-01-22 14:42:43,607 - INFO - 获取用例完毕，共获取用例2条
2019-01-22 14:42:43,607 - INFO - 获取用例完毕，共获取用例2条
2019-01-22 14:42:43,607 - INFO - 获取用例完毕，共获取用例2条
2019-01-22 14:42:43,607 - INFO - 获取用例完毕，共获取用例2条
2019-01-22 14:42:43,813 - INFO - 正在写入用例执行情况
2019-01-22 14:42:43,813 - INFO - 正在写入用例执行情况
2019-01-22 14:42:43,813 - INFO - 正在写入用例执行情况
2019-01-22 14:42:43,813 - INFO - 正在写入用例执行情况
2019-01-22 14:42:43,813 - INFO - 正在写入用例执行情况
2019-01-22 14:42:43,813 - INFO - 正在写入用例执行情况
2019-01-22 14:43:04,857 - INFO - 用例路径：E:\project\ApiTest\cases\exmple.xlsx
2019-01-22 14:43:04,857 - INFO - 用例路径：E:\project\ApiTest\cases\exmple.xlsx
2019-01-22 14:43:04,857 - INFO - 用例路径：E:\project\ApiTest\cases\exmple.xlsx
2019-01-22 14:43:04,857 - INFO - 用例路径：E:\project\ApiTest\cases\exmple.xlsx
2019-01-22 14:43:04,857 - INFO - 用例路径：E:\project\ApiTest\cases\exmple.xlsx
2019-01-22 14:43:04,857 - INFO - 获取用例完毕，共获取用例2条
2019-01-22 14:43:04,857 - INFO - 获取用例完毕，共获取用例2条
2019-01-22 14:43:04,857 - INFO - 获取用例完毕，共获取用例2条
2019-01-22 14:43:04,857 - INFO - 获取用例完毕，共获取用例2条
2019-01-22 14:43:04,857 - INFO - 获取用例完毕，共获取用例2条
2019-01-22 14:43:05,045 - INFO - 正在写入用例执行情况
2019-01-22 14:43:05,045 - INFO - 正在写入用例执行情况
2019-01-22 14:43:05,045 - INFO - 正在写入用例执行情况
2019-01-22 14:43:05,045 - INFO - 正在写入用例执行情况
2019-01-22 14:43:05,045 - INFO - 正在写入用例执行情况
2019-01-22 14:43:05,045 - INFO - 正在写入用例执行情况
2019-01-22 14:43:27,124 - INFO - 用例路径：E:\project\ApiTest\cases\exmple.xlsx
2019-01-22 14:43:27,124 - INFO - 用例路径：E:\project\ApiTest\cases\exmple.xlsx
2019-01-22 14:43:27,124 - INFO - 用例路径：E:\project\ApiTest\cases\exmple.xlsx
2019-01-22 14:43:27,124 - INFO - 用例路径：E:\project\ApiTest\cases\exmple.xlsx
2019-01-22 14:43:27,124 - INFO - 用例路径：E:\project\ApiTest\cases\exmple.xlsx
2019-01-22 14:43:27,125 - INFO - 获取用例完毕，共获取用例2条
2019-01-22 14:43:27,125 - INFO - 获取用例完毕，共获取用例2条
2019-01-22 14:43:27,125 - INFO - 获取用例完毕，共获取用例2条
2019-01-22 14:43:27,125 - INFO - 获取用例完毕，共获取用例2条
2019-01-22 14:43:27,125 - INFO - 获取用例完毕，共获取用例2条
2019-01-22 14:43:27,475 - INFO - 正在写入用例执行情况
2019-01-22 14:43:27,475 - INFO - 正在写入用例执行情况
2019-01-22 14:43:27,475 - INFO - 正在写入用例执行情况
2019-01-22 14:43:27,475 - INFO - 正在写入用例执行情况
2019-01-22 14:43:27,475 - INFO - 正在写入用例执行情况
2019-01-22 14:43:27,475 - INFO - 正在写入用例执行情况
2019-01-22 14:43:41,700 - INFO - 用例路径：E:\project\ApiTest\cases\exmple.xlsx
2019-01-22 14:43:41,700 - INFO - 用例路径：E:\project\ApiTest\cases\exmple.xlsx
2019-01-22 14:43:41,700 - INFO - 用例路径：E:\project\ApiTest\cases\exmple.xlsx
2019-01-22 14:43:41,700 - INFO - 用例路径：E:\project\ApiTest\cases\exmple.xlsx
2019-01-22 14:43:41,700 - INFO - 用例路径：E:\project\ApiTest\cases\exmple.xlsx
2019-01-22 14:43:41,701 - INFO - 获取用例完毕，共获取用例2条
2019-01-22 14:43:41,701 - INFO - 获取用例完毕，共获取用例2条
2019-01-22 14:43:41,701 - INFO - 获取用例完毕，共获取用例2条
2019-01-22 14:43:41,701 - INFO - 获取用例完毕，共获取用例2条
2019-01-22 14:43:41,701 - INFO - 获取用例完毕，共获取用例2条
2019-01-22 14:43:42,295 - INFO - 正在写入用例执行情况
2019-01-22 14:43:42,295 - INFO - 正在写入用例执行情况
2019-01-22 14:43:42,295 - INFO - 正在写入用例执行情况
2019-01-22 14:43:42,295 - INFO - 正在写入用例执行情况
2019-01-22 14:43:42,295 - INFO - 正在写入用例执行情况
2019-01-22 14:43:42,295 - INFO - 正在写入用例执行情况
2019-01-22 14:44:09,805 - INFO - 用例路径：E:\project\ApiTest\cases\exmple.xlsx
2019-01-22 14:44:09,805 - INFO - 用例路径：E:\project\ApiTest\cases\exmple.xlsx
2019-01-22 14:44:09,805 - INFO - 用例路径：E:\project\ApiTest\cases\exmple.xlsx
2019-01-22 14:44:09,805 - INFO - 用例路径：E:\project\ApiTest\cases\exmple.xlsx
2019-01-22 14:44:09,805 - INFO - 用例路径：E:\project\ApiTest\cases\exmple.xlsx
2019-01-22 14:44:09,805 - INFO - 获取用例完毕，共获取用例2条
2019-01-22 14:44:09,805 - INFO - 获取用例完毕，共获取用例2条
2019-01-22 14:44:09,805 - INFO - 获取用例完毕，共获取用例2条
2019-01-22 14:44:09,805 - INFO - 获取用例完毕，共获取用例2条
2019-01-22 14:44:09,805 - INFO - 获取用例完毕，共获取用例2条
2019-01-22 14:44:10,143 - INFO - 正在写入用例执行情况
2019-01-22 14:44:10,143 - INFO - 正在写入用例执行情况
2019-01-22 14:44:10,143 - INFO - 正在写入用例执行情况
2019-01-22 14:44:10,143 - INFO - 正在写入用例执行情况
2019-01-22 14:44:10,143 - INFO - 正在写入用例执行情况
2019-01-22 14:44:10,143 - INFO - 正在写入用例执行情况
2019-01-22 14:46:57,400 - INFO - 用例路径：E:\project\ApiTest\cases\exmple.xlsx
2019-01-22 14:46:57,400 - INFO - 用例路径：E:\project\ApiTest\cases\exmple.xlsx
2019-01-22 14:46:57,400 - INFO - 用例路径：E:\project\ApiTest\cases\exmple.xlsx
2019-01-22 14:46:57,400 - INFO - 用例路径：E:\project\ApiTest\cases\exmple.xlsx
2019-01-22 14:46:57,400 - INFO - 用例路径：E:\project\ApiTest\cases\exmple.xlsx
2019-01-22 14:46:57,400 - INFO - 获取用例完毕，共获取用例2条
2019-01-22 14:46:57,400 - INFO - 获取用例完毕，共获取用例2条
2019-01-22 14:46:57,400 - INFO - 获取用例完毕，共获取用例2条
2019-01-22 14:46:57,400 - INFO - 获取用例完毕，共获取用例2条
2019-01-22 14:46:57,400 - INFO - 获取用例完毕，共获取用例2条
2019-01-22 14:46:57,706 - INFO - 正在写入用例执行情况
2019-01-22 14:46:57,706 - INFO - 正在写入用例执行情况
2019-01-22 14:46:57,706 - INFO - 正在写入用例执行情况
2019-01-22 14:46:57,706 - INFO - 正在写入用例执行情况
2019-01-22 14:46:57,706 - INFO - 正在写入用例执行情况
2019-01-22 14:46:57,706 - INFO - 正在写入用例执行情况
2019-01-22 14:48:20,918 - INFO - 用例路径：E:\project\ApiTest\cases\exmple.xlsx
2019-01-22 14:48:20,918 - INFO - 用例路径：E:\project\ApiTest\cases\exmple.xlsx
2019-01-22 14:48:20,918 - INFO - 用例路径：E:\project\ApiTest\cases\exmple.xlsx
2019-01-22 14:48:20,918 - INFO - 用例路径：E:\project\ApiTest\cases\exmple.xlsx
2019-01-22 14:48:20,918 - INFO - 用例路径：E:\project\ApiTest\cases\exmple.xlsx
2019-01-22 14:48:20,918 - INFO - 获取用例完毕，共获取用例2条
2019-01-22 14:48:20,918 - INFO - 获取用例完毕，共获取用例2条
2019-01-22 14:48:20,918 - INFO - 获取用例完毕，共获取用例2条
2019-01-22 14:48:20,918 - INFO - 获取用例完毕，共获取用例2条
2019-01-22 14:48:20,918 - INFO - 获取用例完毕，共获取用例2条
2019-01-22 14:48:21,335 - INFO - 正在写入用例执行情况
2019-01-22 14:48:21,335 - INFO - 正在写入用例执行情况
2019-01-22 14:48:21,335 - INFO - 正在写入用例执行情况
2019-01-22 14:48:21,335 - INFO - 正在写入用例执行情况
2019-01-22 14:48:21,335 - INFO - 正在写入用例执行情况
2019-01-22 14:48:21,335 - INFO - 正在写入用例执行情况
2019-01-22 14:48:53,291 - INFO - 用例路径：E:\project\ApiTest\cases\exmple.xlsx
2019-01-22 14:48:53,291 - INFO - 用例路径：E:\project\ApiTest\cases\exmple.xlsx
2019-01-22 14:48:53,291 - INFO - 用例路径：E:\project\ApiTest\cases\exmple.xlsx
2019-01-22 14:48:53,291 - INFO - 用例路径：E:\project\ApiTest\cases\exmple.xlsx
2019-01-22 14:48:53,291 - INFO - 用例路径：E:\project\ApiTest\cases\exmple.xlsx
2019-01-22 14:48:53,291 - INFO - 获取用例完毕，共获取用例2条
2019-01-22 14:48:53,291 - INFO - 获取用例完毕，共获取用例2条
2019-01-22 14:48:53,291 - INFO - 获取用例完毕，共获取用例2条
2019-01-22 14:48:53,291 - INFO - 获取用例完毕，共获取用例2条
2019-01-22 14:48:53,291 - INFO - 获取用例完毕，共获取用例2条
2019-01-22 14:48:54,116 - INFO - 正在写入用例执行情况
2019-01-22 14:48:54,116 - INFO - 正在写入用例执行情况
2019-01-22 14:48:54,116 - INFO - 正在写入用例执行情况
2019-01-22 14:48:54,116 - INFO - 正在写入用例执行情况
2019-01-22 14:48:54,116 - INFO - 正在写入用例执行情况
2019-01-22 14:48:54,116 - INFO - 正在写入用例执行情况
2019-01-22 15:13:52,684 - INFO - 用例路径：E:\project\ApiTest\cases\exmple.xlsx
2019-01-22 15:13:52,684 - INFO - 用例路径：E:\project\ApiTest\cases\exmple.xlsx
2019-01-22 15:13:52,684 - INFO - 用例路径：E:\project\ApiTest\cases\exmple.xlsx
2019-01-22 15:13:52,684 - INFO - 用例路径：E:\project\ApiTest\cases\exmple.xlsx
2019-01-22 15:13:52,684 - INFO - 用例路径：E:\project\ApiTest\cases\exmple.xlsx
2019-01-22 15:13:52,685 - INFO - 获取用例完毕，共获取用例2条
2019-01-22 15:13:52,685 - INFO - 获取用例完毕，共获取用例2条
2019-01-22 15:13:52,685 - INFO - 获取用例完毕，共获取用例2条
2019-01-22 15:13:52,685 - INFO - 获取用例完毕，共获取用例2条
2019-01-22 15:13:52,685 - INFO - 获取用例完毕，共获取用例2条
2019-01-22 15:14:52,460 - INFO - 用例路径：E:\project\ApiTest\cases\exmple.xlsx
2019-01-22 15:14:52,460 - INFO - 用例路径：E:\project\ApiTest\cases\exmple.xlsx
2019-01-22 15:14:52,460 - INFO - 用例路径：E:\project\ApiTest\cases\exmple.xlsx
2019-01-22 15:14:52,460 - INFO - 用例路径：E:\project\ApiTest\cases\exmple.xlsx
2019-01-22 15:14:52,460 - INFO - 用例路径：E:\project\ApiTest\cases\exmple.xlsx
2019-01-22 15:14:52,461 - INFO - 获取用例完毕，共获取用例2条
2019-01-22 15:14:52,461 - INFO - 获取用例完毕，共获取用例2条
2019-01-22 15:14:52,461 - INFO - 获取用例完毕，共获取用例2条
2019-01-22 15:14:52,461 - INFO - 获取用例完毕，共获取用例2条
2019-01-22 15:14:52,461 - INFO - 获取用例完毕，共获取用例2条
2019-01-22 15:14:52,707 - INFO - 正在写入用例执行情况
2019-01-22 15:14:52,707 - INFO - 正在写入用例执行情况
2019-01-22 15:14:52,707 - INFO - 正在写入用例执行情况
2019-01-22 15:14:52,707 - INFO - 正在写入用例执行情况
2019-01-22 15:14:52,707 - INFO - 正在写入用例执行情况
2019-01-22 15:14:52,707 - INFO - 正在写入用例执行情况
